Started on:   Fr 28. Feb 07:55:31 CET 2014
Expected end: Fr 28. Feb 07:56:31 CET 2014
Restoring backed up mysql data
STOPPING DATABASE: /home/htmsql/develop/mysql/mysql-5.6.10-alpha/install/bin/mysqladmin --no-defaults -u root shutdown
/home/htmsql/develop/mysql/mysql-5.6.10-alpha/install/bin/mysqladmin: connect to server at 'localhost' failed
error: 'Can't connect to local MySQL server through socket '/tmp/mysql.sock' (2)'
Check that mysqld is running and that the socket: '/tmp/mysql.sock' exists!
Data restored
STARTING DATABASE: /home/htmsql/develop/mysql/mysql-5.6.10-alpha/install/bin/mysqld --no-defaults 		--max_connections=1000 		--performance_schema=OFF 		--table_open_cache_instances=32 		--query_cache_type=0 		--query_cache_size=0 		--innodb_buffer_pool_size=2684354560 		--innodb_log_file_size=268435456 		--innodb_log_buffer_size=16777216 		--innodb_flush_method=fsync 		--innodb_flush_log_at_trx_commit=2
2014-02-28 07:55:54 0 [Warning] TIMESTAMP with implicit DEFAULT value is deprecated. Please use --explicit_defaults_for_timestamp server option (see documentation for more details).
2014-02-28 07:55:54 0 [Warning] Changed limits: max_open_files: 4096  max_connections: 1000  table_cache: 1543
2014-02-28 07:55:54 23717 [Note] Plugin 'FEDERATED' is disabled.
2014-02-28 07:55:54 23717 [Note] InnoDB: The InnoDB memory heap is disabled
2014-02-28 07:55:54 23717 [Note] InnoDB: Mutexes and rw_locks use GCC atomic builtins
2014-02-28 07:55:54 23717 [Note] InnoDB: Compressed tables use zlib 1.2.3
2014-02-28 07:55:54 23717 [Note] InnoDB: CPU does not support crc32 instructions
2014-02-28 07:55:54 23717 [Note] InnoDB: Initializing buffer pool, size = 2.5G
2014-02-28 07:55:54 23717 [Note] InnoDB: Completed initialization of buffer pool
2014-02-28 07:55:54 23717 [Note] InnoDB: Highest supported file format is Barracuda.
2014-02-28 07:55:55 23717 [Note] InnoDB: 128 rollback segment(s) are active.
2014-02-28 07:55:55 23717 [Note] InnoDB: Waiting for purge to start
2014-02-28 07:55:55 23717 [Note] InnoDB: 1.2.10 started; log sequence number 17719764156
2014-02-28 07:55:55 23717 [Note] Server hostname (bind-address): '*'; port: 3306
2014-02-28 07:55:55 23717 [Note] IPv6 is available.
2014-02-28 07:55:55 23717 [Note]   - '::' resolves to '::';
2014-02-28 07:55:55 23717 [Note] Server socket created on IP: '::'.
2014-02-28 07:55:55 23717 [Note] Event Scheduler: Loaded 0 events
2014-02-28 07:55:55 23717 [Note] /home/htmsql/develop/mysql/mysql-5.6.10-alpha/install/bin/mysqld: ready for connections.
Version: '5.6.10'  socket: '/tmp/mysql.sock'  port: 3306  Source distribution
output: /home/htmsql/develop/mysql/report-alpha/231-20140228_0755-c_4-w_4
RUNNING TEST: ./dbt2-run-workload 		-a mysql 		-c 4 		-d 60 		-w 4 		-o /home/htmsql/develop/mysql/report-alpha/231-20140228_0755-c_4-w_4
Sleeping for 30 sec before profiling
MySQL pid file '/home/htmsql/develop/mysql/mysql-5.6.10-alpha/deskkemper05.pid' does not exist.
MySQL was not stopped, if it was running.
DBT-2 test for mysql started...

DATABASE SYSTEM: localhost
DATABASE NAME: dbt2
DATABASE SOCKET: /tmp/mysql.sock
DATABASE PORT: 3306
DATABASE CONNECTIONS: 4
TERMINAL THREADS: 40
TERMINALS PER WAREHOUSE: 10
WAREHOUSES PER THREAD/CLIENT PAIR: 4
SCALE FACTOR (WAREHOUSES): 4
DURATION OF TEST (in sec): 60
1 client stared every 1000 millisecond(s)

waiting for server
Stage 1. Starting up client...
./dbt2-client -t /tmp/mysql.sock -l 3306 -d dbt2 -u root -h localhost -f -c 4 -s 1000 -p 30000 -o /home/htmsql/develop/mysql/report-alpha/231-20140228_0755-c_4-w_4/client/deskkemper05.1
Sleeping 5 seconds
collecting database statistics...
./dbt2-run-workload: line 650: ./vacuumdb: No such file or directory

Stage 2. Starting up driver...
1000 threads started per millisecond
estimated rampup time: Sleeping 50 seconds
./run_dbt2_suite.sh: line 281: [: too many arguments
PROFILING PERF STAT EVENTS: perf stat 			perf stat -e '{r04C8,r01C8,r02C8,r80C8,r40C8,r08C8,r20C8,r10C8}' 			-p 23717 			&>/home/htmsql/develop/mysql/report-alpha/231-20140228_0755-c_4-w_4/perf.stat.events
estimated rampup time has elapsed
estimated steady state time: Sleeping 60 seconds

Stage 3. Processing of results...
Killing client...
./dbt2-run-workload: line 680: 23855 Terminated              ./dbt2-driver ${DRIVER_COMMAND_ARGS} > ${DRIVER_OUTPUT_DIR}/`hostname`/driver-${SEG}.out 2>&1
./dbt2-run-workload: line 605: 23813 Terminated              ./dbt2-client ${CLIENT_COMMAND_ARGS} -p ${PORT} -o ${CDIR} > ${CLIENT_OUTPUT_DIR}/`hostname`/client-${SEG}.out 2>&1
MySQL pid file '/home/htmsql/develop/mysql/mysql-5.6.10-alpha/deskkemper05.pid' does not exist.
MySQL was not stopped, if it was running.
Test completed.
Results are in: /home/htmsql/develop/mysql/report-alpha/231-20140228_0755-c_4-w_4

                         Response Time (s)
 Transaction      %    Average :    90th %        Total        Rollbacks      %     Ser. Retries      %
------------  -----  ---------------------  -----------  ---------------  -----  ---------------  -----
    Delivery   3.01      0.068 :     0.080            5                0   0.00                0   0.00
   New Order  18.07      0.013 :     0.024           30                0   0.00                0   0.00
Order Status  39.76      0.003 :     0.005           66                0   0.00                0   0.00
     Payment   6.63      0.003 :     0.005           11                0   0.00                0   0.00
 Stock Level  29.52      0.005 :     0.012           49                0   0.00                0   0.00
Credit Check   3.01      0.000 :     0.001            5                0   0.00                0   0.00
------------  -----  ---------------------  -----------  ---------------  -----

26.09 new-order transactions per minute (NOTPM)
144.35 total transactions per minute (TTPM)
1.1 minute duration
0 total unknown errors
0.6 second(s) ramping up
------------  -----  ---------------------  -----------  ---------------  -----  ---------------  -----
Profiling stopped
ANALYZING RESULTS: Generating report: python ../../dbttools/bin/dbt2-generate-report 		--dbms mysql 		--i /home/htmsql/develop/mysql/report-alpha/231-20140228_0755-c_4-w_4
Output flag not set - setting output=input
Generating mpstat, iostat, and vmstat charts for driver systems...
Moving on to database system stats...
Generating transaction distribution charts...
Generating mpstat charts...
Generating iostat charts...
Generating vmstat charts...
Generating transaction rate charts...
Generating database statistics charts...
STOPPING DATABASE: /home/htmsql/develop/mysql/mysql-5.6.10-alpha/install/bin/mysqladmin --no-defaults -u root shutdown
2014-02-28 07:58:20 23717 [Note] /home/htmsql/develop/mysql/mysql-5.6.10-alpha/install/bin/mysqld: Normal shutdown

2014-02-28 07:58:20 23717 [Note] Giving 0 client threads a chance to die gracefully
2014-02-28 07:58:20 23717 [Note] Event Scheduler: Purging the queue. 0 events
2014-02-28 07:58:20 23717 [Note] Shutting down slave threads
2014-02-28 07:58:20 23717 [Note] Forcefully disconnecting 0 remaining clients
2014-02-28 07:58:20 23717 [Note] Binlog end
2014-02-28 07:58:20 23717 [Note] Shutting down plugin 'partition'
2014-02-28 07:58:20 23717 [Note] Shutting down plugin 'PERFORMANCE_SCHEMA'
2014-02-28 07:58:20 23717 [Note] Shutting down plugin 'ARCHIVE'
2014-02-28 07:58:20 23717 [Note] Shutting down plugin 'BLACKHOLE'
2014-02-28 07:58:20 23717 [Note] Shutting down plugin 'INNODB_SYS_DATAFILES'
2014-02-28 07:58:20 23717 [Note] Shutting down plugin 'INNODB_SYS_TABLESPACES'
2014-02-28 07:58:20 23717 [Note] Shutting down plugin 'INNODB_SYS_FOREIGN_COLS'
2014-02-28 07:58:20 23717 [Note] Shutting down plugin 'INNODB_SYS_FOREIGN'
2014-02-28 07:58:20 23717 [Note] Shutting down plugin 'INNODB_SYS_FIELDS'
2014-02-28 07:58:20 23717 [Note] Shutting down plugin 'INNODB_SYS_COLUMNS'
2014-02-28 07:58:20 23717 [Note] Shutting down plugin 'INNODB_SYS_INDEXES'
2014-02-28 07:58:20 23717 [Note] Shutting down plugin 'INNODB_SYS_TABLESTATS'
2014-02-28 07:58:20 23717 [Note] Shutting down plugin 'INNODB_SYS_TABLES'
2014-02-28 07:58:20 23717 [Note] Shutting down plugin 'INNODB_FT_INDEX_TABLE'
2014-02-28 07:58:20 23717 [Note] Shutting down plugin 'INNODB_FT_INDEX_CACHE'
2014-02-28 07:58:20 23717 [Note] Shutting down plugin 'INNODB_FT_CONFIG'
2014-02-28 07:58:20 23717 [Note] Shutting down plugin 'INNODB_FT_BEING_DELETED'
2014-02-28 07:58:20 23717 [Note] Shutting down plugin 'INNODB_FT_DELETED'
2014-02-28 07:58:20 23717 [Note] Shutting down plugin 'INNODB_FT_INSERTED'
2014-02-28 07:58:20 23717 [Note] Shutting down plugin 'INNODB_FT_DEFAULT_STOPWORD'
2014-02-28 07:58:20 23717 [Note] Shutting down plugin 'INNODB_METRICS'
2014-02-28 07:58:20 23717 [Note] Shutting down plugin 'INNODB_BUFFER_POOL_STATS'
2014-02-28 07:58:20 23717 [Note] Shutting down plugin 'INNODB_BUFFER_PAGE_LRU'
2014-02-28 07:58:20 23717 [Note] Shutting down plugin 'INNODB_BUFFER_PAGE'
2014-02-28 07:58:20 23717 [Note] Shutting down plugin 'INNODB_CMP_PER_INDEX_RESET'
2014-02-28 07:58:20 23717 [Note] Shutting down plugin 'INNODB_CMP_PER_INDEX'
2014-02-28 07:58:20 23717 [Note] Shutting down plugin 'INNODB_CMPMEM_RESET'
2014-02-28 07:58:20 23717 [Note] Shutting down plugin 'INNODB_CMPMEM'
2014-02-28 07:58:20 23717 [Note] Shutting down plugin 'INNODB_CMP_RESET'
2014-02-28 07:58:20 23717 [Note] Shutting down plugin 'INNODB_CMP'
2014-02-28 07:58:20 23717 [Note] Shutting down plugin 'INNODB_LOCK_WAITS'
2014-02-28 07:58:20 23717 [Note] Shutting down plugin 'INNODB_LOCKS'
2014-02-28 07:58:20 23717 [Note] Shutting down plugin 'INNODB_TRX'
2014-02-28 07:58:20 23717 [Note] Shutting down plugin 'InnoDB'
2014-02-28 07:58:20 23717 [Note] InnoDB: FTS optimize thread exiting.
2014-02-28 07:58:20 23717 [Note] InnoDB: Starting shutdown...
2014-02-28 07:58:22 23717 [Note] InnoDB: Shutdown completed; log sequence number 17721608389
2014-02-28 07:58:22 23717 [Note] Shutting down plugin 'MRG_MYISAM'
2014-02-28 07:58:22 23717 [Note] Shutting down plugin 'CSV'
2014-02-28 07:58:22 23717 [Note] Shutting down plugin 'MyISAM'
2014-02-28 07:58:22 23717 [Note] Shutting down plugin 'MEMORY'
2014-02-28 07:58:22 23717 [Note] Shutting down plugin 'sha256_password'
2014-02-28 07:58:22 23717 [Note] Shutting down plugin 'mysql_old_password'
2014-02-28 07:58:22 23717 [Note] Shutting down plugin 'mysql_native_password'
2014-02-28 07:58:22 23717 [Note] Shutting down plugin 'binlog'
2014-02-28 07:58:22 23717 [Note] /home/htmsql/develop/mysql/mysql-5.6.10-alpha/install/bin/mysqld: Shutdown complete

