Thu Feb 20 01:55:54 2014
Microseconds : 192334
tid:569915136 client_interface.c:30
cannot receive interaction data
Thu Feb 20 01:55:54 2014
Microseconds : 196015
tid:414201600 client_interface.c:30
cannot receive interaction data
Thu Feb 20 01:55:54 2014
Microseconds : 200004
tid:225101568 client_interface.c:30
cannot receive interaction data
Thu Feb 20 01:55:54 2014
Microseconds : 212906
tid:287684352 client_interface.c:33
socket closed on _receive
Thu Feb 20 01:55:54 2014
Microseconds : 226492
tid:295388928 client_interface.c:33
socket closed on _receive
Thu Feb 20 01:55:54 2014
Microseconds : 280759
tid:413796096 client_interface.c:33
socket closed on _receive
Thu Feb 20 01:55:54 2014
Microseconds : 284331
tid:341210880 client_interface.c:33
socket closed on _receive
Thu Feb 20 01:55:54 2014
Microseconds : 287969
tid:241186560 client_interface.c:33
socket closed on _receive
Thu Feb 20 01:55:54 2014
Microseconds : 295012
tid:543962880 client_interface.c:33
socket closed on _receive
Thu Feb 20 01:55:54 2014
Microseconds : 297366
tid:302282496 client_interface.c:33
socket closed on _receive
Thu Feb 20 01:55:54 2014
Microseconds : 299189
tid:425015040 client_interface.c:33
socket closed on _receive
Thu Feb 20 01:55:54 2014
Microseconds : 304767
tid:325666560 client_interface.c:33
socket closed on _receive
Thu Feb 20 01:55:54 2014
Microseconds : 305818
tid:372705024 client_interface.c:33
socket closed on _receive
Thu Feb 20 01:55:54 2014
Microseconds : 335000
tid:250242816 client_interface.c:33
socket closed on _receive
Thu Feb 20 01:55:54 2014
Microseconds : 355882
tid:441911040 client_interface.c:33
socket closed on _receive
Thu Feb 20 01:55:54 2014
Microseconds : 361253
tid:340670208 client_interface.c:33
socket closed on _receive
Thu Feb 20 01:55:54 2014
Microseconds : 371480
tid:395818752 client_interface.c:33
socket closed on _receive
Thu Feb 20 01:55:54 2014
Microseconds : 397911
tid:595461888 client_interface.c:33
socket closed on _receive
Thu Feb 20 01:55:54 2014
Microseconds : 399557
tid:575592192 client_interface.c:33
socket closed on _receive
Thu Feb 20 01:55:54 2014
Microseconds : 413871
tid:528418560 client_interface.c:33
socket closed on _receive
Thu Feb 20 01:55:54 2014
Microseconds : 458519
tid:390952704 client_interface.c:33
socket closed on _receive
Thu Feb 20 01:55:54 2014
Microseconds : 463433
tid:355538688 client_interface.c:33
socket closed on _receive
Thu Feb 20 01:55:54 2014
Microseconds : 486516
tid:435287808 client_interface.c:33
socket closed on _receive
Thu Feb 20 01:55:54 2014
Microseconds : 549103
tid:568428288 client_interface.c:33
socket closed on _receive
Thu Feb 20 01:55:54 2014
Microseconds : 569446
tid:424474368 client_interface.c:33
socket closed on _receive
Thu Feb 20 01:55:54 2014
Microseconds : 577426
tid:360945408 client_interface.c:33
socket closed on _receive
Thu Feb 20 01:55:54 2014
Microseconds : 585442
tid:367568640 client_interface.c:33
socket closed on _receive
Thu Feb 20 01:55:54 2014
Microseconds : 614987
tid:253486848 client_interface.c:33
socket closed on _receive
Thu Feb 20 01:55:54 2014
Microseconds : 634186
tid:412309248 client_interface.c:33
socket closed on _receive
Thu Feb 20 01:55:54 2014
Microseconds : 674455
tid:397035264 client_interface.c:33
socket closed on _receive
Thu Feb 20 01:55:54 2014
Microseconds : 693181
tid:-1607792896 client_interface.c:33
socket closed on _receive
Thu Feb 20 01:55:54 2014
Microseconds : 713860
tid:476649216 client_interface.c:33
socket closed on _receive
Thu Feb 20 01:55:54 2014
Microseconds : 738057
tid:246322944 client_interface.c:33
socket closed on _receive
Thu Feb 20 01:55:54 2014
Microseconds : 743039
tid:348239616 client_interface.c:33
socket closed on _receive
Thu Feb 20 01:55:54 2014
Microseconds : 774045
tid:-1603873024 client_interface.c:33
socket closed on _receive
Thu Feb 20 01:55:54 2014
Microseconds : 789233
tid:583026432 client_interface.c:33
socket closed on _receive
Thu Feb 20 01:55:54 2014
Microseconds : 803972
tid:366487296 client_interface.c:33
socket closed on _receive
Thu Feb 20 01:55:54 2014
Microseconds : 850613
tid:274302720 client_interface.c:33
socket closed on _receive
Thu Feb 20 01:55:54 2014
Microseconds : 863336
tid:490841856 client_interface.c:33
socket closed on _receive
Thu Feb 20 01:55:54 2014
Microseconds : 864259
tid:600463104 client_interface.c:33
socket closed on _receive
Thu Feb 20 01:55:54 2014
Microseconds : 881588
tid:512874240 client_interface.c:33
socket closed on _receive
Thu Feb 20 01:55:54 2014
Microseconds : 885023
tid:485705472 client_interface.c:33
socket closed on _receive
Thu Feb 20 01:55:54 2014
Microseconds : 910945
tid:-1609550080 client_interface.c:33
socket closed on _receive
Thu Feb 20 01:55:54 2014
Microseconds : 918886
tid:225236736 client_interface.c:33
socket closed on _receive
Thu Feb 20 01:55:54 2014
Microseconds : 920103
tid:575727360 client_interface.c:33
socket closed on _receive
Thu Feb 20 01:55:54 2014
Microseconds : 936885
tid:493139712 client_interface.c:33
socket closed on _receive
Thu Feb 20 01:55:54 2014
Microseconds : 961292
tid:417040128 client_interface.c:33
socket closed on _receive
Thu Feb 20 01:55:54 2014
Microseconds : 968294
tid:272410368 client_interface.c:33
socket closed on _receive
Thu Feb 20 01:55:54 2014
Microseconds : 973776
tid:451372800 client_interface.c:33
socket closed on _receive
Thu Feb 20 01:55:55 2014
Microseconds : 5458
tid:387032832 client_interface.c:33
socket closed on _receive
Thu Feb 20 01:55:55 2014
Microseconds : 48970
tid:402171648 client_interface.c:33
socket closed on _receive
Thu Feb 20 01:55:55 2014
Microseconds : 116204
tid:287414016 client_interface.c:33
socket closed on _receive
Thu Feb 20 01:55:55 2014
Microseconds : 117518
tid:217937664 client_interface.c:33
socket closed on _receive
Thu Feb 20 01:55:55 2014
Microseconds : 129407
tid:509900544 client_interface.c:33
socket closed on _receive
Thu Feb 20 01:55:55 2014
Microseconds : 139475
tid:346076928 client_interface.c:33
socket closed on _receive
Thu Feb 20 01:55:55 2014
Microseconds : 146366
tid:448128768 client_interface.c:33
socket closed on _receive
Thu Feb 20 01:55:55 2014
Microseconds : 181566
tid:417715968 client_interface.c:33
socket closed on _receive
Thu Feb 20 01:55:55 2014
Microseconds : 187200
tid:436369152 client_interface.c:33
socket closed on _receive
Thu Feb 20 01:55:55 2014
Microseconds : 204742
tid:347698944 client_interface.c:33
socket closed on _receive
Thu Feb 20 01:55:55 2014
Microseconds : 215490
tid:312014592 client_interface.c:33
socket closed on _receive
Thu Feb 20 01:55:55 2014
Microseconds : 231958
tid:264165120 client_interface.c:33
socket closed on _receive
Thu Feb 20 01:55:55 2014
Microseconds : 263826
tid:273897216 client_interface.c:33
socket closed on _receive
Thu Feb 20 01:55:55 2014
Microseconds : 264024
tid:592893696 client_interface.c:33
socket closed on _receive
Thu Feb 20 01:55:55 2014
Microseconds : 265303
tid:285386496 client_interface.c:33
socket closed on _receive
Thu Feb 20 01:55:55 2014
Microseconds : 269320
tid:239564544 client_interface.c:33
socket closed on _receive
Thu Feb 20 01:55:55 2014
Microseconds : 275200
tid:456238848 client_interface.c:33
socket closed on _receive
Thu Feb 20 01:55:55 2014
Microseconds : 299004
tid:245106432 client_interface.c:33
socket closed on _receive
Thu Feb 20 01:55:55 2014
Microseconds : 310732
tid:404604672 client_interface.c:33
socket closed on _receive
Thu Feb 20 01:55:55 2014
Microseconds : 346045
tid:336615168 client_interface.c:33
socket closed on _receive
Thu Feb 20 01:55:55 2014
Microseconds : 371305
tid:599111424 client_interface.c:33
socket closed on _receive
Thu Feb 20 01:55:55 2014
Microseconds : 405593
tid:244430592 client_interface.c:33
socket closed on _receive
Thu Feb 20 01:55:55 2014
Microseconds : 416578
tid:578430720 client_interface.c:33
socket closed on _receive
Thu Feb 20 01:55:55 2014
Microseconds : 436702
tid:577079040 client_interface.c:33
socket closed on _receive
Thu Feb 20 01:55:55 2014
Microseconds : 442136
tid:440289024 client_interface.c:33
socket closed on _receive
Thu Feb 20 01:55:55 2014
Microseconds : 471407
tid:584378112 client_interface.c:33
socket closed on _receive
Thu Feb 20 01:55:55 2014
Microseconds : 498323
tid:245511936 client_interface.c:33
socket closed on _receive
Thu Feb 20 01:55:55 2014
Microseconds : 503959
tid:382166784 client_interface.c:33
socket closed on _receive
Thu Feb 20 01:55:55 2014
Microseconds : 506425
tid:514225920 client_interface.c:33
socket closed on _receive
Thu Feb 20 01:55:55 2014
Microseconds : 510009
tid:341886720 client_interface.c:33
socket closed on _receive
Thu Feb 20 01:55:55 2014
Microseconds : 511870
tid:508819200 client_interface.c:33
socket closed on _receive
Thu Feb 20 01:55:55 2014
Microseconds : 519064
tid:561669888 client_interface.c:33
socket closed on _receive
Thu Feb 20 01:55:55 2014
Microseconds : 549274
tid:252405504 client_interface.c:33
socket closed on _receive
Thu Feb 20 01:55:55 2014
Microseconds : 556811
tid:579241728 client_interface.c:33
socket closed on _receive
Thu Feb 20 01:55:55 2014
Microseconds : 566704
tid:231048960 client_interface.c:33
socket closed on _receive
Thu Feb 20 01:55:55 2014
Microseconds : 594484
tid:422717184 client_interface.c:33
socket closed on _receive
Thu Feb 20 01:55:55 2014
Microseconds : 601700
tid:471242496 client_interface.c:33
socket closed on _receive
Thu Feb 20 01:55:55 2014
Microseconds : 653739
tid:520173312 client_interface.c:33
socket closed on _receive
Thu Feb 20 01:55:55 2014
Microseconds : 687610
tid:255514368 client_interface.c:33
socket closed on _receive
Thu Feb 20 01:55:55 2014
Microseconds : 697682
tid:579917568 client_interface.c:33
socket closed on _receive
Thu Feb 20 01:55:55 2014
Microseconds : 697714
tid:320259840 client_interface.c:33
socket closed on _receive
Thu Feb 20 01:55:55 2014
Microseconds : 725664
tid:469755648 client_interface.c:33
socket closed on _receive
Thu Feb 20 01:55:55 2014
Microseconds : 759873
tid:381626112 client_interface.c:33
socket closed on _receive
Thu Feb 20 01:55:55 2014
Microseconds : 764822
tid:601814784 client_interface.c:33
socket closed on _receive
Thu Feb 20 01:55:55 2014
Microseconds : 796756
tid:397846272 client_interface.c:33
socket closed on _receive
Thu Feb 20 01:55:55 2014
Microseconds : 817751
tid:-1602656512 client_interface.c:33
socket closed on _receive
Thu Feb 20 01:55:55 2014
Microseconds : 826636
tid:219019008 client_interface.c:33
socket closed on _receive
Thu Feb 20 01:55:55 2014
Microseconds : 884466
tid:529229568 client_interface.c:33
socket closed on _receive
Thu Feb 20 01:55:55 2014
Microseconds : 885897
tid:232400640 client_interface.c:33
socket closed on _receive
Thu Feb 20 01:55:55 2014
Microseconds : 887644
tid:563156736 client_interface.c:33
socket closed on _receive
Thu Feb 20 01:55:55 2014
Microseconds : 955654
tid:356620032 client_interface.c:33
socket closed on _receive
Thu Feb 20 01:55:55 2014
Microseconds : 958214
tid:474892032 client_interface.c:33
socket closed on _receive
Thu Feb 20 01:55:55 2014
Microseconds : 991566
tid:532203264 client_interface.c:33
socket closed on _receive
Thu Feb 20 01:55:55 2014
Microseconds : 996635
tid:406361856 client_interface.c:33
socket closed on _receive
Thu Feb 20 01:55:56 2014
Microseconds : 26345
tid:440559360 client_interface.c:33
socket closed on _receive
Thu Feb 20 01:55:56 2014
Microseconds : 29217
tid:363378432 client_interface.c:33
socket closed on _receive
Thu Feb 20 01:55:56 2014
Microseconds : 32114
tid:374327040 client_interface.c:33
socket closed on _receive
Thu Feb 20 01:55:56 2014
Microseconds : 71015
tid:460699392 client_interface.c:33
socket closed on _receive
Thu Feb 20 01:55:56 2014
Microseconds : 83322
tid:435017472 client_interface.c:33
socket closed on _receive
Thu Feb 20 01:55:56 2014
Microseconds : 85058
tid:262407936 client_interface.c:33
socket closed on _receive
Thu Feb 20 01:55:56 2014
Microseconds : 88084
tid:568293120 client_interface.c:33
socket closed on _receive
Thu Feb 20 01:55:56 2014
Microseconds : 109385
tid:597624576 client_interface.c:33
socket closed on _receive
Thu Feb 20 01:55:56 2014
Microseconds : 123488
tid:523011840 client_interface.c:33
socket closed on _receive
Thu Feb 20 01:55:56 2014
Microseconds : 128040
tid:396494592 client_interface.c:33
socket closed on _receive
Thu Feb 20 01:55:56 2014
Microseconds : 154563
tid:529364736 client_interface.c:33
socket closed on _receive
Thu Feb 20 01:55:56 2014
Microseconds : 163765
tid:290793216 client_interface.c:33
socket closed on _receive
Thu Feb 20 01:55:56 2014
Microseconds : 178941
tid:535041792 client_interface.c:33
socket closed on _receive
Thu Feb 20 01:55:56 2014
Microseconds : 182044
tid:236996352 client_interface.c:33
socket closed on _receive
Thu Feb 20 01:55:56 2014
Microseconds : 189103
tid:503412480 client_interface.c:33
socket closed on _receive
Thu Feb 20 01:55:56 2014
Microseconds : 204258
tid:600868608 client_interface.c:33
socket closed on _receive
Thu Feb 20 01:55:56 2014
Microseconds : 223902
tid:521119488 client_interface.c:33
socket closed on _receive
Thu Feb 20 01:55:56 2014
Microseconds : 224752
tid:500709120 client_interface.c:33
socket closed on _receive
Thu Feb 20 01:55:56 2014
Microseconds : 235405
tid:258758400 client_interface.c:33
socket closed on _receive
Thu Feb 20 01:55:56 2014
Microseconds : 236678
tid:434611968 client_interface.c:33
socket closed on _receive
Thu Feb 20 01:55:56 2014
Microseconds : 254970
tid:236590848 client_interface.c:33
socket closed on _receive
Thu Feb 20 01:55:56 2014
Microseconds : 307004
tid:248891136 client_interface.c:33
socket closed on _receive
Thu Feb 20 01:55:56 2014
Microseconds : 332254
tid:546395904 client_interface.c:33
socket closed on _receive
Thu Feb 20 01:55:56 2014
Microseconds : 340308
tid:272140032 client_interface.c:33
socket closed on _receive
Thu Feb 20 01:55:56 2014
Microseconds : 344357
tid:336344832 client_interface.c:33
socket closed on _receive
Thu Feb 20 01:55:56 2014
Microseconds : 362369
tid:449074944 client_interface.c:33
socket closed on _receive
Thu Feb 20 01:55:56 2014
Microseconds : 407933
tid:310662912 client_interface.c:33
socket closed on _receive
Thu Feb 20 01:55:56 2014
Microseconds : 432077
tid:560588544 client_interface.c:33
socket closed on _receive
Thu Feb 20 01:55:56 2014
Microseconds : 492456
tid:283088640 client_interface.c:33
socket closed on _receive
Thu Feb 20 01:55:56 2014
Microseconds : 497404
tid:220776192 client_interface.c:33
socket closed on _receive
Thu Feb 20 01:55:56 2014
Microseconds : 524405
tid:292144896 client_interface.c:33
socket closed on _receive
Thu Feb 20 01:55:56 2014
Microseconds : 548776
tid:367433472 client_interface.c:33
socket closed on _receive
Thu Feb 20 01:55:56 2014
Microseconds : 558514
tid:555992832 client_interface.c:33
socket closed on _receive
Thu Feb 20 01:55:56 2014
Microseconds : 563052
tid:550315776 client_interface.c:33
socket closed on _receive
Thu Feb 20 01:55:56 2014
Microseconds : 571525
tid:352159488 client_interface.c:33
socket closed on _receive
Thu Feb 20 01:55:56 2014
Microseconds : 621051
tid:588433152 client_interface.c:33
socket closed on _receive
Thu Feb 20 01:55:56 2014
Microseconds : 662292
tid:218208000 client_interface.c:33
socket closed on _receive
Thu Feb 20 01:55:56 2014
Microseconds : 677811
tid:528553728 client_interface.c:33
socket closed on _receive
Thu Feb 20 01:55:56 2014
Microseconds : 691925
tid:496383744 client_interface.c:33
socket closed on _receive
Thu Feb 20 01:55:56 2014
Microseconds : 716899
tid:249566976 client_interface.c:33
socket closed on _receive
Thu Feb 20 01:55:56 2014
Microseconds : 736787
tid:-1601169664 client_interface.c:33
socket closed on _receive
Thu Feb 20 01:55:56 2014
Microseconds : 756113
tid:498411264 client_interface.c:33
socket closed on _receive
Thu Feb 20 01:55:56 2014
Microseconds : 803566
tid:287549184 client_interface.c:33
socket closed on _receive
Thu Feb 20 01:55:56 2014
Microseconds : 831046
tid:591947520 client_interface.c:33
socket closed on _receive
Thu Feb 20 01:55:56 2014
Microseconds : 835727
tid:404469504 client_interface.c:33
socket closed on _receive
Thu Feb 20 01:55:56 2014
Microseconds : 839884
tid:344725248 client_interface.c:33
socket closed on _receive
Thu Feb 20 01:55:56 2014
Microseconds : 920260
tid:344590080 client_interface.c:33
socket closed on _receive
Thu Feb 20 01:55:56 2014
Microseconds : 920822
tid:401495808 client_interface.c:33
socket closed on _receive
Thu Feb 20 01:55:56 2014
Microseconds : 938859
tid:537880320 client_interface.c:33
socket closed on _receive
Thu Feb 20 01:55:56 2014
Microseconds : 946309
tid:550450944 client_interface.c:33
socket closed on _receive
Thu Feb 20 01:55:56 2014
Microseconds : 962877
tid:513685248 client_interface.c:33
socket closed on _receive
Thu Feb 20 01:55:56 2014
Microseconds : 979682
tid:466781952 client_interface.c:33
socket closed on _receive
Thu Feb 20 01:55:57 2014
Microseconds : 6290
tid:270788352 client_interface.c:33
socket closed on _receive
Thu Feb 20 01:55:57 2014
Microseconds : 12130
tid:415012608 client_interface.c:33
socket closed on _receive
Thu Feb 20 01:55:57 2014
Microseconds : 16283
tid:227534592 client_interface.c:33
socket closed on _receive
Thu Feb 20 01:55:57 2014
Microseconds : 17671
tid:259028736 client_interface.c:33
socket closed on _receive
Thu Feb 20 01:55:57 2014
Microseconds : 20924
tid:-1608603904 client_interface.c:33
socket closed on _receive
Thu Feb 20 01:55:57 2014
Microseconds : 45836
tid:270518016 client_interface.c:33
socket closed on _receive
Thu Feb 20 01:55:57 2014
Microseconds : 60403
tid:457590528 client_interface.c:33
socket closed on _receive
Thu Feb 20 01:55:57 2014
Microseconds : 75858
tid:555316992 client_interface.c:33
socket closed on _receive
Thu Feb 20 01:55:57 2014
Microseconds : 87947
tid:500573952 client_interface.c:33
socket closed on _receive
Thu Feb 20 01:55:57 2014
Microseconds : 106430
tid:328775424 client_interface.c:33
socket closed on _receive
Thu Feb 20 01:55:57 2014
Microseconds : 142594
tid:529499904 client_interface.c:33
socket closed on _receive
Thu Feb 20 01:55:57 2014
Microseconds : 156316
tid:309716736 client_interface.c:33
socket closed on _receive
Thu Feb 20 01:55:57 2014
Microseconds : 165639
tid:537339648 client_interface.c:33
socket closed on _receive
Thu Feb 20 01:55:57 2014
Microseconds : 175392
tid:257812224 client_interface.c:33
socket closed on _receive
Thu Feb 20 01:55:57 2014
Microseconds : 185715
tid:543422208 client_interface.c:33
socket closed on _receive
Thu Feb 20 01:55:57 2014
Microseconds : 214383
tid:506791680 client_interface.c:33
socket closed on _receive
Thu Feb 20 01:55:57 2014
Microseconds : 221808
tid:460293888 client_interface.c:33
socket closed on _receive
Thu Feb 20 01:55:57 2014
Microseconds : 240552
tid:276870912 client_interface.c:33
socket closed on _receive
Thu Feb 20 01:55:57 2014
Microseconds : 241163
tid:262543104 client_interface.c:33
socket closed on _receive
Thu Feb 20 01:55:57 2014
Microseconds : 261438
tid:292820736 client_interface.c:33
socket closed on _receive
Thu Feb 20 01:55:57 2014
Microseconds : 299504
tid:439207680 client_interface.c:33
socket closed on _receive
Thu Feb 20 01:55:57 2014
Microseconds : 317092
tid:337696512 client_interface.c:33
socket closed on _receive
Thu Feb 20 01:55:57 2014
Microseconds : 331468
tid:573159168 client_interface.c:33
socket closed on _receive
Thu Feb 20 01:55:57 2014
Microseconds : 341339
tid:548017920 client_interface.c:33
socket closed on _receive
Thu Feb 20 01:55:57 2014
Microseconds : 381278
tid:337561344 client_interface.c:33
socket closed on _receive
Thu Feb 20 01:55:57 2014
Microseconds : 394995
tid:400144128 client_interface.c:33
socket closed on _receive
Thu Feb 20 01:55:57 2014
Microseconds : 396609
tid:365405952 client_interface.c:33
socket closed on _receive
Thu Feb 20 01:55:57 2014
Microseconds : 399852
tid:503006976 client_interface.c:33
socket closed on _receive
Thu Feb 20 01:55:57 2014
Microseconds : 505738
tid:470972160 client_interface.c:33
socket closed on _receive
Thu Feb 20 01:55:57 2014
Microseconds : 507352
tid:274708224 client_interface.c:33
socket closed on _receive
Thu Feb 20 01:55:57 2014
Microseconds : 518605
tid:417580800 client_interface.c:33
socket closed on _receive
Thu Feb 20 01:55:57 2014
Microseconds : 568176
tid:497194752 client_interface.c:33
socket closed on _receive
Thu Feb 20 01:55:57 2014
Microseconds : 569684
tid:339859200 client_interface.c:33
socket closed on _receive
Thu Feb 20 01:55:57 2014
Microseconds : 570264
tid:525850368 client_interface.c:33
socket closed on _receive
Thu Feb 20 01:55:57 2014
Microseconds : 594320
tid:543827712 client_interface.c:33
socket closed on _receive
Thu Feb 20 01:55:57 2014
Microseconds : 635912
tid:572888832 client_interface.c:33
socket closed on _receive
Thu Feb 20 01:55:57 2014
Microseconds : 652044
tid:464619264 client_interface.c:33
socket closed on _receive
Thu Feb 20 01:55:57 2014
Microseconds : 694879
tid:303634176 client_interface.c:33
socket closed on _receive
Thu Feb 20 01:55:57 2014
Microseconds : 716565
tid:592623360 client_interface.c:33
socket closed on _receive
Thu Feb 20 01:55:57 2014
Microseconds : 723885
tid:414742272 client_interface.c:33
socket closed on _receive
Thu Feb 20 01:55:57 2014
Microseconds : 773436
tid:255244032 client_interface.c:33
socket closed on _receive
Thu Feb 20 01:55:57 2014
Microseconds : 802143
tid:333100800 client_interface.c:33
socket closed on _receive
Thu Feb 20 01:55:57 2014
Microseconds : 810863
tid:420689664 client_interface.c:33
socket closed on _receive
Thu Feb 20 01:55:57 2014
Microseconds : 823342
tid:297821952 client_interface.c:33
socket closed on _receive
Thu Feb 20 01:55:57 2014
Microseconds : 830761
tid:405956352 client_interface.c:33
socket closed on _receive
Thu Feb 20 01:55:57 2014
Microseconds : 841243
tid:-1601304832 client_interface.c:33
socket closed on _receive
Thu Feb 20 01:55:57 2014
Microseconds : 861645
tid:540854016 client_interface.c:33
socket closed on _receive
Thu Feb 20 01:55:57 2014
Microseconds : 865205
tid:422852352 client_interface.c:33
socket closed on _receive
Thu Feb 20 01:55:57 2014
Microseconds : 868671
tid:563562240 client_interface.c:33
socket closed on _receive
Thu Feb 20 01:55:57 2014
Microseconds : 885223
tid:-1604008192 client_interface.c:33
socket closed on _receive
Thu Feb 20 01:55:57 2014
Microseconds : 912816
tid:295794432 client_interface.c:33
socket closed on _receive
Thu Feb 20 01:55:57 2014
Microseconds : 938167
tid:361486080 client_interface.c:33
socket closed on _receive
Thu Feb 20 01:55:57 2014
Microseconds : 943455
tid:219154176 client_interface.c:33
socket closed on _receive
Thu Feb 20 01:55:57 2014
Microseconds : 947927
tid:569509632 client_interface.c:33
socket closed on _receive
Thu Feb 20 01:55:57 2014
Microseconds : 949503
tid:334587648 client_interface.c:33
socket closed on _receive
Thu Feb 20 01:55:57 2014
Microseconds : 955229
tid:240105216 client_interface.c:33
socket closed on _receive
Thu Feb 20 01:55:57 2014
Microseconds : 955505
tid:291063552 client_interface.c:33
socket closed on _receive
Thu Feb 20 01:55:57 2014
Microseconds : 977145
tid:264300288 client_interface.c:33
socket closed on _receive
Thu Feb 20 01:55:57 2014
Microseconds : 981723
tid:320800512 client_interface.c:33
socket closed on _receive
Thu Feb 20 01:55:57 2014
Microseconds : 990148
tid:598705920 client_interface.c:33
socket closed on _receive
Thu Feb 20 01:55:58 2014
Microseconds : 16002
tid:223479552 client_interface.c:33
socket closed on _receive
Thu Feb 20 01:55:58 2014
Microseconds : 64391
tid:293226240 client_interface.c:33
socket closed on _receive
Thu Feb 20 01:55:58 2014
Microseconds : 82036
tid:544368384 client_interface.c:33
socket closed on _receive
Thu Feb 20 01:55:58 2014
Microseconds : 128748
tid:248080128 client_interface.c:33
socket closed on _receive
Thu Feb 20 01:55:58 2014
Microseconds : 130061
tid:477460224 client_interface.c:33
socket closed on _receive
Thu Feb 20 01:55:58 2014
Microseconds : 169069
tid:277141248 client_interface.c:33
socket closed on _receive
Thu Feb 20 01:55:58 2014
Microseconds : 178831
tid:468944640 client_interface.c:33
socket closed on _receive
Thu Feb 20 01:55:58 2014
Microseconds : 219821
tid:516118272 client_interface.c:33
socket closed on _receive
Thu Feb 20 01:55:58 2014
Microseconds : 226223
tid:539637504 client_interface.c:33
socket closed on _receive
Thu Feb 20 01:55:58 2014
Microseconds : 234935
tid:431367936 client_interface.c:33
socket closed on _receive
Thu Feb 20 01:55:58 2014
Microseconds : 236351
tid:358377216 client_interface.c:33
socket closed on _receive
Thu Feb 20 01:55:58 2014
Microseconds : 249954
tid:355673856 client_interface.c:33
socket closed on _receive
Thu Feb 20 01:55:58 2014
Microseconds : 255886
tid:496113408 client_interface.c:33
socket closed on _receive
Thu Feb 20 01:55:58 2014
Microseconds : 295529
tid:452048640 client_interface.c:33
socket closed on _receive
Thu Feb 20 01:55:58 2014
Microseconds : 310509
tid:242403072 client_interface.c:33
socket closed on _receive
Thu Feb 20 01:55:58 2014
Microseconds : 321873
tid:364189440 client_interface.c:33
socket closed on _receive
Thu Feb 20 01:55:58 2014
Microseconds : 366027
tid:363648768 client_interface.c:33
socket closed on _receive
Thu Feb 20 01:55:58 2014
Microseconds : 373415
tid:364324608 client_interface.c:33
socket closed on _receive
Thu Feb 20 01:55:58 2014
Microseconds : 384587
tid:396900096 client_interface.c:33
socket closed on _receive
Thu Feb 20 01:55:58 2014
Microseconds : 436164
tid:241997568 client_interface.c:33
socket closed on _receive
Thu Feb 20 01:55:58 2014
Microseconds : 488498
tid:561805056 client_interface.c:33
socket closed on _receive
Thu Feb 20 01:55:58 2014
Microseconds : 499558
tid:294307584 client_interface.c:33
socket closed on _receive
Thu Feb 20 01:55:58 2014
Microseconds : 515343
tid:558561024 client_interface.c:33
socket closed on _receive
Thu Feb 20 01:55:58 2014
Microseconds : 516794
tid:-1604143360 client_interface.c:33
socket closed on _receive
Thu Feb 20 01:55:58 2014
Microseconds : 546527
tid:430286592 client_interface.c:33
socket closed on _receive
Thu Feb 20 01:55:58 2014
Microseconds : 548968
tid:301065984 client_interface.c:33
socket closed on _receive
Thu Feb 20 01:55:58 2014
Microseconds : 549927
tid:334722816 client_interface.c:33
socket closed on _receive
Thu Feb 20 01:55:58 2014
Microseconds : 550190
tid:282683136 client_interface.c:33
socket closed on _receive
Thu Feb 20 01:55:58 2014
Microseconds : 555237
tid:332965632 client_interface.c:33
socket closed on _receive
Thu Feb 20 01:55:58 2014
Microseconds : 581304
tid:367838976 client_interface.c:33
socket closed on _receive
Thu Feb 20 01:55:58 2014
Microseconds : 590173
tid:458942208 client_interface.c:33
socket closed on _receive
Thu Feb 20 01:55:58 2014
Microseconds : 591390
tid:241321728 client_interface.c:33
socket closed on _receive
Thu Feb 20 01:55:58 2014
Microseconds : 611536
tid:452859648 client_interface.c:33
socket closed on _receive
Thu Feb 20 01:55:58 2014
Microseconds : 679623
tid:357431040 client_interface.c:33
socket closed on _receive
Thu Feb 20 01:55:58 2014
Microseconds : 699479
tid:580052736 client_interface.c:33
socket closed on _receive
Thu Feb 20 01:55:58 2014
Microseconds : 705273
tid:216991488 client_interface.c:33
socket closed on _receive
Thu Feb 20 01:55:58 2014
Microseconds : 706342
tid:304039680 client_interface.c:33
socket closed on _receive
Thu Feb 20 01:55:58 2014
Microseconds : 741238
tid:225507072 client_interface.c:33
socket closed on _receive
Thu Feb 20 01:55:58 2014
Microseconds : 744936
tid:432043776 client_interface.c:33
socket closed on _receive
Thu Feb 20 01:55:58 2014
Microseconds : 762268
tid:235915008 client_interface.c:33
socket closed on _receive
Thu Feb 20 01:55:58 2014
Microseconds : 771267
tid:504493824 client_interface.c:33
socket closed on _receive
Thu Feb 20 01:55:58 2014
Microseconds : 779293
tid:552072960 client_interface.c:33
socket closed on _receive
Thu Feb 20 01:55:58 2014
Microseconds : 820315
tid:241862400 client_interface.c:33
socket closed on _receive
Thu Feb 20 01:55:58 2014
Microseconds : 875375
tid:603842304 client_interface.c:33
socket closed on _receive
Thu Feb 20 01:55:58 2014
Microseconds : 882535
tid:536123136 client_interface.c:33
socket closed on _receive
Thu Feb 20 01:55:58 2014
Microseconds : 888734
tid:555452160 client_interface.c:33
socket closed on _receive
Thu Feb 20 01:55:58 2014
Microseconds : 957225
tid:397575936 client_interface.c:33
socket closed on _receive
Thu Feb 20 01:55:58 2014
Microseconds : 966917
tid:279844608 client_interface.c:33
socket closed on _receive
Thu Feb 20 01:55:58 2014
Microseconds : 991587
tid:264976128 client_interface.c:33
socket closed on _receive
Thu Feb 20 01:55:58 2014
Microseconds : 999584
tid:512333568 client_interface.c:33
socket closed on _receive
Thu Feb 20 01:55:59 2014
Microseconds : 26816
tid:348374784 client_interface.c:33
socket closed on _receive
Thu Feb 20 01:55:59 2014
Microseconds : 34139
tid:488949504 client_interface.c:33
socket closed on _receive
Thu Feb 20 01:55:59 2014
Microseconds : 60228
tid:263354112 client_interface.c:33
socket closed on _receive
Thu Feb 20 01:55:59 2014
Microseconds : 82988
tid:309851904 client_interface.c:33
socket closed on _receive
Thu Feb 20 01:55:59 2014
Microseconds : 99735
tid:253081344 client_interface.c:33
socket closed on _receive
Thu Feb 20 01:55:59 2014
Microseconds : 99735
tid:415282944 client_interface.c:33
socket closed on _receive
Thu Feb 20 01:55:59 2014
Microseconds : 116086
tid:218613504 client_interface.c:33
socket closed on _receive
Thu Feb 20 01:55:59 2014
Microseconds : 168678
tid:267138816 client_interface.c:33
socket closed on _receive
Thu Feb 20 01:55:59 2014
Microseconds : 190746
tid:565860096 client_interface.c:33
socket closed on _receive
Thu Feb 20 01:55:59 2014
Microseconds : 202748
tid:506115840 client_interface.c:33
socket closed on _receive
Thu Feb 20 01:55:59 2014
Microseconds : 209725
tid:-1602521344 client_interface.c:33
socket closed on _receive
Thu Feb 20 01:55:59 2014
Microseconds : 212525
tid:297957120 client_interface.c:33
socket closed on _receive
Thu Feb 20 01:55:59 2014
Microseconds : 213466
tid:583702272 client_interface.c:33
socket closed on _receive
Thu Feb 20 01:55:59 2014
Microseconds : 215101
tid:309581568 client_interface.c:33
socket closed on _receive
Thu Feb 20 01:55:59 2014
Microseconds : 232599
tid:598435584 client_interface.c:33
socket closed on _receive
Thu Feb 20 01:55:59 2014
Microseconds : 247374
tid:510306048 client_interface.c:33
socket closed on _receive
Thu Feb 20 01:55:59 2014
Microseconds : 264051
tid:370272000 client_interface.c:33
socket closed on _receive
Thu Feb 20 01:55:59 2014
Microseconds : 277695
tid:387168000 client_interface.c:33
socket closed on _receive
Thu Feb 20 01:55:59 2014
Microseconds : 283625
tid:221992704 client_interface.c:33
socket closed on _receive
Thu Feb 20 01:55:59 2014
Microseconds : 338405
tid:-1581902080 client_interface.c:33
socket closed on _receive
Thu Feb 20 01:55:59 2014
Microseconds : 348717
tid:514090752 client_interface.c:33
socket closed on _receive
Thu Feb 20 01:55:59 2014
Microseconds : 350078
tid:246052608 client_interface.c:33
socket closed on _receive
Thu Feb 20 01:55:59 2014
Microseconds : 355143
tid:459618048 client_interface.c:33
socket closed on _receive
Thu Feb 20 01:55:59 2014
Microseconds : 367256
tid:585729792 client_interface.c:33
socket closed on _receive
Thu Feb 20 01:55:59 2014
Microseconds : 389654
tid:-1602251008 client_interface.c:33
socket closed on _receive
Thu Feb 20 01:55:59 2014
Microseconds : 399744
tid:297281280 client_interface.c:33
socket closed on _receive
Thu Feb 20 01:55:59 2014
Microseconds : 403075
tid:375543552 client_interface.c:33
socket closed on _receive
Thu Feb 20 01:55:59 2014
Microseconds : 430050
tid:375949056 client_interface.c:33
socket closed on _receive
Thu Feb 20 01:55:59 2014
Microseconds : 434394
tid:580323072 client_interface.c:33
socket closed on _receive
Thu Feb 20 01:55:59 2014
Microseconds : 474448
tid:277817088 client_interface.c:33
socket closed on _receive
Thu Feb 20 01:55:59 2014
Microseconds : 489322
tid:593975040 client_interface.c:33
socket closed on _receive
Thu Feb 20 01:55:59 2014
Microseconds : 491906
tid:486921984 client_interface.c:33
socket closed on _receive
Thu Feb 20 01:55:59 2014
Microseconds : 498996
tid:491788032 client_interface.c:33
socket closed on _receive
Thu Feb 20 01:55:59 2014
Microseconds : 525132
tid:588703488 client_interface.c:33
socket closed on _receive
Thu Feb 20 01:55:59 2014
Microseconds : 533869
tid:365811456 client_interface.c:33
socket closed on _receive
Thu Feb 20 01:55:59 2014
Microseconds : 536095
tid:228075264 client_interface.c:33
socket closed on _receive
Thu Feb 20 01:55:59 2014
Microseconds : 557634
tid:551802624 client_interface.c:33
socket closed on _receive
Thu Feb 20 01:55:59 2014
Microseconds : 583365
tid:456374016 client_interface.c:33
socket closed on _receive
Thu Feb 20 01:55:59 2014
Microseconds : 591542
tid:509495040 client_interface.c:33
socket closed on _receive
Thu Feb 20 01:55:59 2014
Microseconds : 598146
tid:386762496 client_interface.c:33
socket closed on _receive
Thu Feb 20 01:55:59 2014
Microseconds : 612906
tid:510441216 client_interface.c:33
socket closed on _receive
Thu Feb 20 01:55:59 2014
Microseconds : 616794
tid:527472384 client_interface.c:33
socket closed on _receive
Thu Feb 20 01:55:59 2014
Microseconds : 650936
tid:-1610090752 client_interface.c:33
socket closed on _receive
Thu Feb 20 01:55:59 2014
Microseconds : 651717
tid:579647232 client_interface.c:33
socket closed on _receive
Thu Feb 20 01:55:59 2014
Microseconds : 689237
tid:368649984 client_interface.c:33
socket closed on _receive
Thu Feb 20 01:55:59 2014
Microseconds : 699790
tid:539907840 client_interface.c:33
socket closed on _receive
Thu Feb 20 01:55:59 2014
Microseconds : 721799
tid:302552832 client_interface.c:33
socket closed on _receive
Thu Feb 20 01:55:59 2014
Microseconds : 722842
tid:303363840 client_interface.c:33
socket closed on _receive
Thu Feb 20 01:55:59 2014
Microseconds : 741821
tid:291874560 client_interface.c:33
socket closed on _receive
Thu Feb 20 01:55:59 2014
Microseconds : 758117
tid:516658944 client_interface.c:33
socket closed on _receive
Thu Feb 20 01:55:59 2014
Microseconds : 763320
tid:346347264 client_interface.c:33
socket closed on _receive
Thu Feb 20 01:55:59 2014
Microseconds : 764459
tid:290522880 client_interface.c:33
socket closed on _receive
Thu Feb 20 01:55:59 2014
Microseconds : 772015
tid:453265152 client_interface.c:33
socket closed on _receive
Thu Feb 20 01:55:59 2014
Microseconds : 802132
tid:552208128 client_interface.c:33
socket closed on _receive
Thu Feb 20 01:55:59 2014
Microseconds : 840345
tid:382977792 client_interface.c:33
socket closed on _receive
Thu Feb 20 01:55:59 2014
Microseconds : 843576
tid:571942656 client_interface.c:33
socket closed on _receive
Thu Feb 20 01:55:59 2014
Microseconds : 846910
tid:286197504 client_interface.c:33
socket closed on _receive
Thu Feb 20 01:55:59 2014
Microseconds : 864762
tid:315258624 client_interface.c:33
socket closed on _receive
Thu Feb 20 01:55:59 2014
Microseconds : 883667
tid:573699840 client_interface.c:33
socket closed on _receive
Thu Feb 20 01:55:59 2014
Microseconds : 889279
tid:340805376 client_interface.c:33
socket closed on _receive
Thu Feb 20 01:55:59 2014
Microseconds : 890288
tid:416634624 client_interface.c:33
socket closed on _receive
Thu Feb 20 01:55:59 2014
Microseconds : 891625
tid:300930816 client_interface.c:33
socket closed on _receive
Thu Feb 20 01:55:59 2014
Microseconds : 913682
tid:512739072 client_interface.c:33
socket closed on _receive
Thu Feb 20 01:55:59 2014
Microseconds : 916291
tid:572348160 client_interface.c:33
socket closed on _receive
Thu Feb 20 01:55:59 2014
Microseconds : 916620
tid:260785920 client_interface.c:33
socket closed on _receive
Thu Feb 20 01:55:59 2014
Microseconds : 950965
tid:520984320 client_interface.c:33
socket closed on _receive
Thu Feb 20 01:55:59 2014
Microseconds : 953532
tid:390817536 client_interface.c:33
socket closed on _receive
Thu Feb 20 01:55:59 2014
Microseconds : 963636
tid:484488960 client_interface.c:33
socket closed on _receive
Thu Feb 20 01:55:59 2014
Microseconds : 971451
tid:436098816 client_interface.c:33
socket closed on _receive
Thu Feb 20 01:55:59 2014
Microseconds : 988701
tid:487462656 client_interface.c:33
socket closed on _receive
Thu Feb 20 01:55:59 2014
Microseconds : 994439
tid:236185344 client_interface.c:33
socket closed on _receive
Thu Feb 20 01:55:59 2014
Microseconds : 996999
tid:434747136 client_interface.c:33
socket closed on _receive
Thu Feb 20 01:55:59 2014
Microseconds : 999763
tid:536663808 client_interface.c:33
socket closed on _receive
Thu Feb 20 01:56:00 2014
Microseconds : 16648
tid:486651648 client_interface.c:33
socket closed on _receive
Thu Feb 20 01:56:00 2014
Microseconds : 50857
tid:525309696 client_interface.c:33
socket closed on _receive
Thu Feb 20 01:56:00 2014
Microseconds : 68238
tid:311338752 client_interface.c:33
socket closed on _receive
Thu Feb 20 01:56:00 2014
Microseconds : 80945
tid:477054720 client_interface.c:33
socket closed on _receive
Thu Feb 20 01:56:00 2014
Microseconds : 91032
tid:558020352 client_interface.c:33
socket closed on _receive
Thu Feb 20 01:56:00 2014
Microseconds : 104474
tid:567076608 client_interface.c:33
socket closed on _receive
Thu Feb 20 01:56:00 2014
Microseconds : 120610
tid:545314560 client_interface.c:33
socket closed on _receive
Thu Feb 20 01:56:00 2014
Microseconds : 132029
tid:479352576 client_interface.c:33
socket closed on _receive
Thu Feb 20 01:56:00 2014
Microseconds : 133783
tid:473810688 client_interface.c:33
socket closed on _receive
Thu Feb 20 01:56:00 2014
Microseconds : 142178
tid:233211648 client_interface.c:33
socket closed on _receive
Thu Feb 20 01:56:00 2014
Microseconds : 143137
tid:266868480 client_interface.c:33
socket closed on _receive
Thu Feb 20 01:56:00 2014
Microseconds : 143964
tid:282818304 client_interface.c:33
socket closed on _receive
Thu Feb 20 01:56:00 2014
Microseconds : 163889
tid:407848704 client_interface.c:33
socket closed on _receive
Thu Feb 20 01:56:00 2014
Microseconds : 172225
tid:449885952 client_interface.c:33
socket closed on _receive
Thu Feb 20 01:56:00 2014
Microseconds : 175725
tid:284710656 client_interface.c:33
socket closed on _receive
Thu Feb 20 01:56:00 2014
Microseconds : 179712
tid:451507968 client_interface.c:33
socket closed on _receive
Thu Feb 20 01:56:00 2014
Microseconds : 181535
tid:256325376 client_interface.c:33
socket closed on _receive
Thu Feb 20 01:56:00 2014
Microseconds : 192239
tid:473270016 client_interface.c:33
socket closed on _receive
Thu Feb 20 01:56:00 2014
Microseconds : 192531
tid:397711104 client_interface.c:33
socket closed on _receive
Thu Feb 20 01:56:00 2014
Microseconds : 195783
tid:429070080 client_interface.c:33
socket closed on _receive
Thu Feb 20 01:56:00 2014
Microseconds : 201931
tid:569239296 client_interface.c:33
socket closed on _receive
Thu Feb 20 01:56:00 2014
Microseconds : 240216
tid:460834560 client_interface.c:33
socket closed on _receive
Thu Feb 20 01:56:00 2014
Microseconds : 265885
tid:403928832 client_interface.c:33
socket closed on _receive
Thu Feb 20 01:56:00 2014
Microseconds : 288875
tid:320395008 client_interface.c:33
socket closed on _receive
Thu Feb 20 01:56:00 2014
Microseconds : 300146
tid:541529856 client_interface.c:33
socket closed on _receive
Thu Feb 20 01:56:00 2014
Microseconds : 317450
tid:489219840 client_interface.c:33
socket closed on _receive
Thu Feb 20 01:56:00 2014
Microseconds : 332978
tid:224696064 client_interface.c:33
socket closed on _receive
Thu Feb 20 01:56:00 2014
Microseconds : 336761
tid:301606656 client_interface.c:33
socket closed on _receive
Thu Feb 20 01:56:00 2014
Microseconds : 339447
tid:229156608 client_interface.c:33
socket closed on _receive
Thu Feb 20 01:56:00 2014
Microseconds : 358886
tid:279439104 client_interface.c:33
socket closed on _receive
Thu Feb 20 01:56:00 2014
Microseconds : 366760
tid:406767360 client_interface.c:33
socket closed on _receive
Thu Feb 20 01:56:00 2014
Microseconds : 368631
tid:560453376 client_interface.c:33
socket closed on _receive
Thu Feb 20 01:56:00 2014
Microseconds : 375978
tid:221857536 client_interface.c:33
socket closed on _receive
Thu Feb 20 01:56:00 2014
Microseconds : 384272
tid:351213312 client_interface.c:33
socket closed on _receive
Thu Feb 20 01:56:00 2014
Microseconds : 429913
tid:308094720 client_interface.c:33
socket closed on _receive
Thu Feb 20 01:56:00 2014
Microseconds : 437749
tid:562480896 client_interface.c:33
socket closed on _receive
Thu Feb 20 01:56:00 2014
Microseconds : 440310
tid:578836224 client_interface.c:33
socket closed on _receive
Thu Feb 20 01:56:00 2014
Microseconds : 481691
tid:428394240 client_interface.c:33
socket closed on _receive
Thu Feb 20 01:56:00 2014
Microseconds : 486510
tid:556533504 client_interface.c:33
socket closed on _receive
Thu Feb 20 01:56:00 2014
Microseconds : 501776
tid:322152192 client_interface.c:33
socket closed on _receive
Thu Feb 20 01:56:00 2014
Microseconds : 573543
tid:529905408 client_interface.c:33
socket closed on _receive
Thu Feb 20 01:56:00 2014
Microseconds : 573778
tid:558696192 client_interface.c:33
socket closed on _receive
Thu Feb 20 01:56:00 2014
Microseconds : 578002
tid:347563776 client_interface.c:33
socket closed on _receive
Thu Feb 20 01:56:00 2014
Microseconds : 594761
tid:394467072 client_interface.c:33
socket closed on _receive
Thu Feb 20 01:56:00 2014
Microseconds : 606731
tid:259569408 client_interface.c:33
socket closed on _receive
Thu Feb 20 01:56:00 2014
Microseconds : 608741
tid:504764160 client_interface.c:33
socket closed on _receive
Thu Feb 20 01:56:00 2014
Microseconds : 643035
tid:601679616 client_interface.c:33
socket closed on _receive
Thu Feb 20 01:56:00 2014
Microseconds : 658858
tid:482866944 client_interface.c:33
socket closed on _receive
Thu Feb 20 01:56:00 2014
Microseconds : 704461
tid:238888704 client_interface.c:33
socket closed on _receive
Thu Feb 20 01:56:00 2014
Microseconds : 738173
tid:353511168 client_interface.c:33
socket closed on _receive
Thu Feb 20 01:56:00 2014
Microseconds : 742083
tid:247809792 client_interface.c:33
socket closed on _receive
Thu Feb 20 01:56:00 2014
Microseconds : 754976
tid:401901312 client_interface.c:33
socket closed on _receive
Thu Feb 20 01:56:00 2014
Microseconds : 806564
tid:534095616 client_interface.c:33
socket closed on _receive
Thu Feb 20 01:56:00 2014
Microseconds : 827109
tid:259839744 client_interface.c:33
socket closed on _receive
Thu Feb 20 01:56:00 2014
Microseconds : 852422
tid:-1604278528 client_interface.c:33
socket closed on _receive
Thu Feb 20 01:56:00 2014
Microseconds : 863767
tid:524498688 client_interface.c:33
socket closed on _receive
Thu Feb 20 01:56:00 2014
Microseconds : 872021
tid:562075392 client_interface.c:33
socket closed on _receive
Thu Feb 20 01:56:00 2014
Microseconds : 878996
tid:602625792 client_interface.c:33
socket closed on _receive
Thu Feb 20 01:56:00 2014
Microseconds : 896260
tid:342697728 client_interface.c:33
socket closed on _receive
Thu Feb 20 01:56:00 2014
Microseconds : 918376
tid:260515584 client_interface.c:33
socket closed on _receive
Thu Feb 20 01:56:00 2014
Microseconds : 935943
tid:499087104 client_interface.c:33
socket closed on _receive
Thu Feb 20 01:56:00 2014
Microseconds : 936529
tid:365946624 client_interface.c:33
socket closed on _receive
Thu Feb 20 01:56:00 2014
Microseconds : 959747
tid:223209216 client_interface.c:33
socket closed on _receive
Thu Feb 20 01:56:00 2014
Microseconds : 106
tid:415553280 client_interface.c:33
socket closed on _receive
Thu Feb 20 01:56:01 2014
Microseconds : 12337
tid:511657728 client_interface.c:33
socket closed on _receive
Thu Feb 20 01:56:01 2014
Microseconds : 58006
tid:598841088 client_interface.c:33
socket closed on _receive
Thu Feb 20 01:56:01 2014
Microseconds : 88774
tid:388925184 client_interface.c:33
socket closed on _receive
Thu Feb 20 01:56:01 2014
Microseconds : 101273
tid:524093184 client_interface.c:33
socket closed on _receive
Thu Feb 20 01:56:01 2014
Microseconds : 116121
tid:229562112 client_interface.c:33
socket closed on _receive
Thu Feb 20 01:56:01 2014
Microseconds : 136532
tid:456509184 client_interface.c:33
socket closed on _receive
Thu Feb 20 01:56:01 2014
Microseconds : 140991
tid:559236864 client_interface.c:33
socket closed on _receive
Thu Feb 20 01:56:01 2014
Microseconds : 152038
tid:317015808 client_interface.c:33
socket closed on _receive
Thu Feb 20 01:56:01 2014
Microseconds : 155681
tid:351483648 client_interface.c:33
socket closed on _receive
Thu Feb 20 01:56:01 2014
Microseconds : 159242
tid:365676288 client_interface.c:33
socket closed on _receive
Thu Feb 20 01:56:01 2014
Microseconds : 176161
tid:495302400 client_interface.c:33
socket closed on _receive
Thu Feb 20 01:56:01 2014
Microseconds : 188048
tid:430827264 client_interface.c:33
socket closed on _receive
Thu Feb 20 01:56:01 2014
Microseconds : 192043
tid:249161472 client_interface.c:33
socket closed on _receive
Thu Feb 20 01:56:01 2014
Microseconds : 195572
tid:268760832 client_interface.c:33
socket closed on _receive
Thu Feb 20 01:56:01 2014
Microseconds : 195854
tid:310392576 client_interface.c:33
socket closed on _receive
Thu Feb 20 01:56:01 2014
Microseconds : 220636
tid:580863744 client_interface.c:33
socket closed on _receive
Thu Feb 20 01:56:01 2014
Microseconds : 354711
tid:396764928 client_interface.c:33
socket closed on _receive
Thu Feb 20 01:56:01 2014
Microseconds : 357407
tid:338913024 client_interface.c:33
socket closed on _receive
Thu Feb 20 01:56:01 2014
Microseconds : 359473
tid:339048192 client_interface.c:33
socket closed on _receive
Thu Feb 20 01:56:01 2014
Microseconds : 364883
tid:540313344 client_interface.c:33
socket closed on _receive
Thu Feb 20 01:56:01 2014
Microseconds : 382319
tid:404199168 client_interface.c:33
socket closed on _receive
Thu Feb 20 01:56:01 2014
Microseconds : 388947
tid:453129984 client_interface.c:33
socket closed on _receive
Thu Feb 20 01:56:01 2014
Microseconds : 398950
tid:455968512 client_interface.c:33
socket closed on _receive
Thu Feb 20 01:56:01 2014
Microseconds : 402664
tid:413931264 client_interface.c:33
socket closed on _receive
Thu Feb 20 01:56:01 2014
Microseconds : 410866
tid:575457024 client_interface.c:33
socket closed on _receive
Thu Feb 20 01:56:01 2014
Microseconds : 419435
tid:515442432 client_interface.c:33
socket closed on _receive
Thu Feb 20 01:56:01 2014
Microseconds : 423734
tid:277006080 client_interface.c:33
socket closed on _receive
Thu Feb 20 01:56:01 2014
Microseconds : 451425
tid:382572288 client_interface.c:33
socket closed on _receive
Thu Feb 20 01:56:01 2014
Microseconds : 455279
tid:396224256 client_interface.c:33
socket closed on _receive
Thu Feb 20 01:56:01 2014
Microseconds : 461792
tid:521254656 client_interface.c:33
socket closed on _receive
Thu Feb 20 01:56:01 2014
Microseconds : 481963
tid:550586112 client_interface.c:33
socket closed on _receive
Thu Feb 20 01:56:01 2014
Microseconds : 486069
tid:479487744 client_interface.c:33
socket closed on _receive
Thu Feb 20 01:56:01 2014
Microseconds : 486977
tid:278222592 client_interface.c:33
socket closed on _receive
Thu Feb 20 01:56:01 2014
Microseconds : 491782
tid:525174528 client_interface.c:33
socket closed on _receive
Thu Feb 20 01:56:01 2014
Microseconds : 505207
tid:393926400 client_interface.c:33
socket closed on _receive
Thu Feb 20 01:56:01 2014
Microseconds : 520622
tid:335804160 client_interface.c:33
socket closed on _receive
Thu Feb 20 01:56:01 2014
Microseconds : 525877
tid:293902080 client_interface.c:33
socket closed on _receive
Thu Feb 20 01:56:01 2014
Microseconds : 533541
tid:433260288 client_interface.c:33
socket closed on _receive
Thu Feb 20 01:56:01 2014
Microseconds : 548753
tid:-1598195968 client_interface.c:33
socket closed on _receive
Thu Feb 20 01:56:01 2014
Microseconds : 553251
tid:255784704 client_interface.c:33
socket closed on _receive
Thu Feb 20 01:56:01 2014
Microseconds : 604754
tid:481244928 client_interface.c:33
socket closed on _receive
Thu Feb 20 01:56:01 2014
Microseconds : 613340
tid:595597056 client_interface.c:33
socket closed on _receive
Thu Feb 20 01:56:01 2014
Microseconds : 617159
tid:466376448 client_interface.c:33
socket closed on _receive
Thu Feb 20 01:56:01 2014
Microseconds : 673315
tid:269301504 client_interface.c:33
socket closed on _receive
Thu Feb 20 01:56:01 2014
Microseconds : 673383
tid:586135296 client_interface.c:33
socket closed on _receive
Thu Feb 20 01:56:01 2014
Microseconds : 712642
tid:248215296 client_interface.c:33
socket closed on _receive
Thu Feb 20 01:56:01 2014
Microseconds : 757293
tid:524769024 client_interface.c:33
socket closed on _receive
Thu Feb 20 01:56:01 2014
Microseconds : 776783
tid:394196736 client_interface.c:33
socket closed on _receive
Thu Feb 20 01:56:01 2014
Microseconds : 778294
tid:527607552 client_interface.c:33
socket closed on _receive
Thu Feb 20 01:56:01 2014
Microseconds : 785236
tid:547882752 client_interface.c:33
socket closed on _receive
Thu Feb 20 01:56:01 2014
Microseconds : 831783
tid:513009408 client_interface.c:33
socket closed on _receive
Thu Feb 20 01:56:01 2014
Microseconds : 836252
tid:338777856 client_interface.c:33
socket closed on _receive
Thu Feb 20 01:56:01 2014
Microseconds : 836830
tid:547071744 client_interface.c:33
socket closed on _receive
Thu Feb 20 01:56:01 2014
Microseconds : 842255
tid:322422528 client_interface.c:33
socket closed on _receive
Thu Feb 20 01:56:01 2014
Microseconds : 845581
tid:324044544 client_interface.c:33
socket closed on _receive
Thu Feb 20 01:56:01 2014
Microseconds : 849393
tid:324179712 client_interface.c:33
socket closed on _receive
Thu Feb 20 01:56:01 2014
Microseconds : 857768
tid:323503872 client_interface.c:33
socket closed on _receive
Thu Feb 20 01:56:01 2014
Microseconds : 865141
tid:520443648 client_interface.c:33
socket closed on _receive
Thu Feb 20 01:56:01 2014
Microseconds : 902188
tid:226182912 client_interface.c:33
socket closed on _receive
Thu Feb 20 01:56:01 2014
Microseconds : 908625
tid:-1605359872 client_interface.c:33
socket closed on _receive
Thu Feb 20 01:56:01 2014
Microseconds : 917636
tid:376895232 client_interface.c:33
socket closed on _receive
Thu Feb 20 01:56:01 2014
Microseconds : 949845
tid:298362624 client_interface.c:33
socket closed on _receive
Thu Feb 20 01:56:01 2014
Microseconds : 955589
tid:442722048 client_interface.c:33
socket closed on _receive
Thu Feb 20 01:56:01 2014
Microseconds : 956763
tid:427448064 client_interface.c:33
socket closed on _receive
Thu Feb 20 01:56:01 2014
Microseconds : 972761
tid:468133632 client_interface.c:33
socket closed on _receive
Thu Feb 20 01:56:01 2014
Microseconds : 973611
tid:272004864 client_interface.c:33
socket closed on _receive
Thu Feb 20 01:56:01 2014
Microseconds : 973830
tid:560318208 client_interface.c:33
socket closed on _receive
Thu Feb 20 01:56:01 2014
Microseconds : 999719
tid:552748800 client_interface.c:33
socket closed on _receive
Thu Feb 20 01:56:01 2014
Microseconds : 893
tid:400955136 client_interface.c:33
socket closed on _receive
Thu Feb 20 01:56:02 2014
Microseconds : 68638
tid:328234752 client_interface.c:33
socket closed on _receive
Thu Feb 20 01:56:02 2014
Microseconds : 69595
tid:318908160 client_interface.c:33
socket closed on _receive
Thu Feb 20 01:56:02 2014
Microseconds : 76564
tid:534230784 client_interface.c:33
socket closed on _receive
Thu Feb 20 01:56:02 2014
Microseconds : 100800
tid:451913472 client_interface.c:33
socket closed on _receive
Thu Feb 20 01:56:02 2014
Microseconds : 105436
tid:364594944 client_interface.c:33
socket closed on _receive
Thu Feb 20 01:56:02 2014
Microseconds : 122257
tid:392439552 client_interface.c:33
socket closed on _receive
Thu Feb 20 01:56:02 2014
Microseconds : 131967
tid:314447616 client_interface.c:33
socket closed on _receive
Thu Feb 20 01:56:02 2014
Microseconds : 132119
tid:593299200 client_interface.c:33
socket closed on _receive
Thu Feb 20 01:56:02 2014
Microseconds : 136858
tid:230102784 client_interface.c:33
socket closed on _receive
Thu Feb 20 01:56:02 2014
Microseconds : 146669
tid:535717632 client_interface.c:33
socket closed on _receive
Thu Feb 20 01:56:02 2014
Microseconds : 153198
tid:543557376 client_interface.c:33
socket closed on _receive
Thu Feb 20 01:56:02 2014
Microseconds : 167880
tid:395953920 client_interface.c:33
socket closed on _receive
Thu Feb 20 01:56:02 2014
Microseconds : 187998
tid:478541568 client_interface.c:33
socket closed on _receive
Thu Feb 20 01:56:02 2014
Microseconds : 194755
tid:449480448 client_interface.c:33
socket closed on _receive
Thu Feb 20 01:56:02 2014
Microseconds : 199858
tid:237131520 client_interface.c:33
socket closed on _receive
Thu Feb 20 01:56:02 2014
Microseconds : 206721
tid:238618368 client_interface.c:33
socket closed on _receive
Thu Feb 20 01:56:02 2014
Microseconds : 221842
tid:354187008 client_interface.c:33
socket closed on _receive
Thu Feb 20 01:56:02 2014
Microseconds : 232204
tid:450021120 client_interface.c:33
socket closed on _receive
Thu Feb 20 01:56:02 2014
Microseconds : 251005
tid:562616064 client_interface.c:33
socket closed on _receive
Thu Feb 20 01:56:02 2014
Microseconds : 262441
tid:476108544 client_interface.c:33
socket closed on _receive
Thu Feb 20 01:56:02 2014
Microseconds : 275010
tid:439478016 client_interface.c:33
socket closed on _receive
Thu Feb 20 01:56:02 2014
Microseconds : 279946
tid:349591296 client_interface.c:33
socket closed on _receive
Thu Feb 20 01:56:02 2014
Microseconds : 290319
tid:244025088 client_interface.c:33
socket closed on _receive
Thu Feb 20 01:56:02 2014
Microseconds : 290502
tid:280114944 client_interface.c:33
socket closed on _receive
Thu Feb 20 01:56:02 2014
Microseconds : 296271
tid:281466624 client_interface.c:33
socket closed on _receive
Thu Feb 20 01:56:02 2014
Microseconds : 360963
tid:436774656 client_interface.c:33
socket closed on _receive
Thu Feb 20 01:56:02 2014
Microseconds : 373189
tid:463943424 client_interface.c:33
socket closed on _receive
Thu Feb 20 01:56:02 2014
Microseconds : 391618
tid:284305152 client_interface.c:33
socket closed on _receive
Thu Feb 20 01:56:02 2014
Microseconds : 394807
tid:568022784 client_interface.c:33
socket closed on _receive
Thu Feb 20 01:56:02 2014
Microseconds : 395982
tid:247944960 client_interface.c:33
socket closed on _receive
Thu Feb 20 01:56:02 2014
Microseconds : 404500
tid:296740608 client_interface.c:33
socket closed on _receive
Thu Feb 20 01:56:02 2014
Microseconds : 464033
tid:573294336 client_interface.c:33
socket closed on _receive
Thu Feb 20 01:56:02 2014
Microseconds : 466795
tid:475838208 client_interface.c:33
socket closed on _receive
Thu Feb 20 01:56:02 2014
Microseconds : 484011
tid:232265472 client_interface.c:33
socket closed on _receive
Thu Feb 20 01:56:02 2014
Microseconds : 496413
tid:-1609955584 client_interface.c:33
socket closed on _receive
Thu Feb 20 01:56:02 2014
Microseconds : 531339
tid:374867712 client_interface.c:33
socket closed on _receive
Thu Feb 20 01:56:02 2014
Microseconds : 569699
tid:381761280 client_interface.c:33
socket closed on _receive
Thu Feb 20 01:56:02 2014
Microseconds : 574576
tid:335533824 client_interface.c:33
socket closed on _receive
Thu Feb 20 01:56:02 2014
Microseconds : 580400
tid:443262720 client_interface.c:33
socket closed on _receive
Thu Feb 20 01:56:02 2014
Microseconds : 585004
tid:342292224 client_interface.c:33
socket closed on _receive
Thu Feb 20 01:56:02 2014
Microseconds : 601929
tid:496248576 client_interface.c:33
socket closed on _receive
Thu Feb 20 01:56:02 2014
Microseconds : 605306
tid:370677504 client_interface.c:33
socket closed on _receive
Thu Feb 20 01:56:02 2014
Microseconds : 606498
tid:-1601440000 client_interface.c:33
socket closed on _receive
Thu Feb 20 01:56:02 2014
Microseconds : 625268
tid:545179392 client_interface.c:33
socket closed on _receive
Thu Feb 20 01:56:02 2014
Microseconds : 637899
tid:481109760 client_interface.c:33
socket closed on _receive
Thu Feb 20 01:56:02 2014
Microseconds : 646110
tid:300795648 client_interface.c:33
socket closed on _receive
Thu Feb 20 01:56:02 2014
Microseconds : 653783
tid:324855552 client_interface.c:33
socket closed on _receive
Thu Feb 20 01:56:02 2014
Microseconds : 655538
tid:598976256 client_interface.c:33
socket closed on _receive
Thu Feb 20 01:56:02 2014
Microseconds : 676835
tid:385410816 client_interface.c:33
socket closed on _receive
Thu Feb 20 01:56:02 2014
Microseconds : 677798
tid:335939328 client_interface.c:33
socket closed on _receive
Thu Feb 20 01:56:02 2014
Microseconds : 700244
tid:-1597114624 client_interface.c:33
socket closed on _receive
Thu Feb 20 01:56:02 2014
Microseconds : 718125
tid:285656832 client_interface.c:33
socket closed on _receive
Thu Feb 20 01:56:02 2014
Microseconds : 720552
tid:245917440 client_interface.c:33
socket closed on _receive
Thu Feb 20 01:56:02 2014
Microseconds : 735204
tid:321341184 client_interface.c:33
socket closed on _receive
Thu Feb 20 01:56:02 2014
Microseconds : 748735
tid:430692096 client_interface.c:33
socket closed on _receive
Thu Feb 20 01:56:02 2014
Microseconds : 775575
tid:326747904 client_interface.c:33
socket closed on _receive
Thu Feb 20 01:56:02 2014
Microseconds : 783470
tid:309311232 client_interface.c:33
socket closed on _receive
Thu Feb 20 01:56:02 2014
Microseconds : 788517
tid:363108096 client_interface.c:33
socket closed on _receive
Thu Feb 20 01:56:02 2014
Microseconds : 789200
tid:438126336 client_interface.c:33
socket closed on _receive
Thu Feb 20 01:56:02 2014
Microseconds : 796734
tid:286062336 client_interface.c:33
socket closed on _receive
Thu Feb 20 01:56:02 2014
Microseconds : 800270
tid:394331904 client_interface.c:33
socket closed on _receive
Thu Feb 20 01:56:02 2014
Microseconds : 804310
tid:591001344 client_interface.c:33
socket closed on _receive
Thu Feb 20 01:56:02 2014
Microseconds : 838495
tid:418662144 client_interface.c:33
socket closed on _receive
Thu Feb 20 01:56:02 2014
Microseconds : 850042
tid:308770560 client_interface.c:33
socket closed on _receive
Thu Feb 20 01:56:02 2014
Microseconds : 853802
tid:437856000 client_interface.c:33
socket closed on _receive
Thu Feb 20 01:56:02 2014
Microseconds : 855825
tid:488408832 client_interface.c:33
socket closed on _receive
Thu Feb 20 01:56:02 2014
Microseconds : 857065
tid:482731776 client_interface.c:33
socket closed on _receive
Thu Feb 20 01:56:02 2014
Microseconds : 863581
tid:481920768 client_interface.c:33
socket closed on _receive
Thu Feb 20 01:56:02 2014
Microseconds : 870592
tid:332154624 client_interface.c:33
socket closed on _receive
Thu Feb 20 01:56:02 2014
Microseconds : 912218
tid:367163136 client_interface.c:33
socket closed on _receive
Thu Feb 20 01:56:02 2014
Microseconds : 913341
tid:538691328 client_interface.c:33
socket closed on _receive
Thu Feb 20 01:56:02 2014
Microseconds : 921023
tid:518145792 client_interface.c:33
socket closed on _receive
Thu Feb 20 01:56:02 2014
Microseconds : 925797
tid:307418880 client_interface.c:33
socket closed on _receive
Thu Feb 20 01:56:02 2014
Microseconds : 935799
tid:343914240 client_interface.c:33
socket closed on _receive
Thu Feb 20 01:56:02 2014
Microseconds : 953607
tid:576132864 client_interface.c:33
socket closed on _receive
Thu Feb 20 01:56:02 2014
Microseconds : 2743
tid:599787264 client_interface.c:33
socket closed on _receive
Thu Feb 20 01:56:03 2014
Microseconds : 23831
tid:484759296 client_interface.c:33
socket closed on _receive
Thu Feb 20 01:56:03 2014
Microseconds : 26416
tid:378787584 client_interface.c:33
socket closed on _receive
Thu Feb 20 01:56:03 2014
Microseconds : 61046
tid:519767808 client_interface.c:33
socket closed on _receive
Thu Feb 20 01:56:03 2014
Microseconds : 70212
tid:570861312 client_interface.c:33
socket closed on _receive
Thu Feb 20 01:56:03 2014
Microseconds : 118299
tid:437315328 client_interface.c:33
socket closed on _receive
Thu Feb 20 01:56:03 2014
Microseconds : 127247
tid:314312448 client_interface.c:33
socket closed on _receive
Thu Feb 20 01:56:03 2014
Microseconds : 127605
tid:349726464 client_interface.c:33
socket closed on _receive
Thu Feb 20 01:56:03 2014
Microseconds : 137547
tid:452994816 client_interface.c:33
socket closed on _receive
Thu Feb 20 01:56:03 2014
Microseconds : 157449
tid:216585984 client_interface.c:33
socket closed on _receive
Thu Feb 20 01:56:03 2014
Microseconds : 159868
tid:427583232 client_interface.c:33
socket closed on _receive
Thu Feb 20 01:56:03 2014
Microseconds : 163335
tid:357566208 client_interface.c:33
socket closed on _receive
Thu Feb 20 01:56:03 2014
Microseconds : 183674
tid:423393024 client_interface.c:33
socket closed on _receive
Thu Feb 20 01:56:03 2014
Microseconds : 219138
tid:226723584 client_interface.c:33
socket closed on _receive
Thu Feb 20 01:56:03 2014
Microseconds : 233392
tid:577214208 client_interface.c:33
socket closed on _receive
Thu Feb 20 01:56:03 2014
Microseconds : 248449
tid:355809024 client_interface.c:33
socket closed on _receive
Thu Feb 20 01:56:03 2014
Microseconds : 254603
tid:578025216 client_interface.c:33
socket closed on _receive
Thu Feb 20 01:56:03 2014
Microseconds : 271459
tid:287143680 client_interface.c:33
socket closed on _receive
Thu Feb 20 01:56:03 2014
Microseconds : 280268
tid:384464640 client_interface.c:33
socket closed on _receive
Thu Feb 20 01:56:03 2014
Microseconds : 300700
tid:297686784 client_interface.c:33
socket closed on _receive
Thu Feb 20 01:56:03 2014
Microseconds : 321789
tid:529635072 client_interface.c:33
socket closed on _receive
Thu Feb 20 01:56:03 2014
Microseconds : 335173
tid:410011392 client_interface.c:33
socket closed on _receive
Thu Feb 20 01:56:03 2014
Microseconds : 397531
tid:386897664 client_interface.c:33
socket closed on _receive
Thu Feb 20 01:56:03 2014
Microseconds : 418635
tid:594921216 client_interface.c:33
socket closed on _receive
Thu Feb 20 01:56:03 2014
Microseconds : 432843
tid:459482880 client_interface.c:33
socket closed on _receive
Thu Feb 20 01:56:03 2014
Microseconds : 449431
tid:280385280 client_interface.c:33
socket closed on _receive
Thu Feb 20 01:56:03 2014
Microseconds : 456958
tid:-1597655296 client_interface.c:33
socket closed on _receive
Thu Feb 20 01:56:03 2014
Microseconds : 505228
tid:261326592 client_interface.c:33
socket closed on _receive
Thu Feb 20 01:56:03 2014
Microseconds : 511981
tid:585324288 client_interface.c:33
socket closed on _receive
Thu Feb 20 01:56:03 2014
Microseconds : 514398
tid:-1595898112 client_interface.c:33
socket closed on _receive
Thu Feb 20 01:56:03 2014
Microseconds : 538193
tid:541665024 client_interface.c:33
socket closed on _receive
Thu Feb 20 01:56:03 2014
Microseconds : 542171
tid:506656512 client_interface.c:33
socket closed on _receive
Thu Feb 20 01:56:03 2014
Microseconds : 546343
tid:548288256 client_interface.c:33
socket closed on _receive
Thu Feb 20 01:56:03 2014
Microseconds : 564028
tid:576808704 client_interface.c:33
socket closed on _receive
Thu Feb 20 01:56:03 2014
Microseconds : 614174
tid:579376896 client_interface.c:33
socket closed on _receive
Thu Feb 20 01:56:03 2014
Microseconds : 629511
tid:364459776 client_interface.c:33
socket closed on _receive
Thu Feb 20 01:56:03 2014
Microseconds : 655147
tid:318097152 client_interface.c:33
socket closed on _receive
Thu Feb 20 01:56:03 2014
Microseconds : 665911
tid:217532160 client_interface.c:33
socket closed on _receive
Thu Feb 20 01:56:03 2014
Microseconds : 667481
tid:505575168 client_interface.c:33
socket closed on _receive
Thu Feb 20 01:56:03 2014
Microseconds : 668530
tid:-1581766912 client_interface.c:33
socket closed on _receive
Thu Feb 20 01:56:03 2014
Microseconds : 669719
tid:381490944 client_interface.c:33
socket closed on _receive
Thu Feb 20 01:56:03 2014
Microseconds : 681984
tid:371894016 client_interface.c:33
socket closed on _receive
Thu Feb 20 01:56:03 2014
Microseconds : 705551
tid:293361408 client_interface.c:33
socket closed on _receive
Thu Feb 20 01:56:03 2014
Microseconds : 708015
tid:560858880 client_interface.c:33
socket closed on _receive
Thu Feb 20 01:56:03 2014
Microseconds : 708595
tid:251188992 client_interface.c:33
socket closed on _receive
Thu Feb 20 01:56:03 2014
Microseconds : 713513
tid:414607104 client_interface.c:33
socket closed on _receive
Thu Feb 20 01:56:03 2014
Microseconds : 766976
tid:239699712 client_interface.c:33
socket closed on _receive
Thu Feb 20 01:56:03 2014
Microseconds : 770816
tid:537745152 client_interface.c:33
socket closed on _receive
Thu Feb 20 01:56:03 2014
Microseconds : 774723
tid:388519680 client_interface.c:33
socket closed on _receive
Thu Feb 20 01:56:03 2014
Microseconds : 778480
tid:429475584 client_interface.c:33
socket closed on _receive
Thu Feb 20 01:56:03 2014
Microseconds : 796869
tid:509359872 client_interface.c:33
socket closed on _receive
Thu Feb 20 01:56:03 2014
Microseconds : 801347
tid:-1596979456 client_interface.c:33
socket closed on _receive
Thu Feb 20 01:56:03 2014
Microseconds : 803184
tid:575186688 client_interface.c:33
socket closed on _receive
Thu Feb 20 01:56:03 2014
Microseconds : 804833
tid:590731008 client_interface.c:33
socket closed on _receive
Thu Feb 20 01:56:03 2014
Microseconds : 828417
tid:546936576 client_interface.c:33
socket closed on _receive
Thu Feb 20 01:56:03 2014
Microseconds : 832494
tid:533419776 client_interface.c:33
socket closed on _receive
Thu Feb 20 01:56:03 2014
Microseconds : 853940
tid:273626880 client_interface.c:33
socket closed on _receive
Thu Feb 20 01:56:03 2014
Microseconds : 861820
tid:407713536 client_interface.c:33
socket closed on _receive
Thu Feb 20 01:56:03 2014
Microseconds : 869916
tid:457725696 client_interface.c:33
socket closed on _receive
Thu Feb 20 01:56:03 2014
Microseconds : 876425
tid:440829696 client_interface.c:33
socket closed on _receive
Thu Feb 20 01:56:03 2014
Microseconds : 886343
tid:265381632 client_interface.c:33
socket closed on _receive
Thu Feb 20 01:56:03 2014
Microseconds : 892716
tid:286332672 client_interface.c:33
socket closed on _receive
Thu Feb 20 01:56:03 2014
Microseconds : 897761
tid:288900864 client_interface.c:33
socket closed on _receive
Thu Feb 20 01:56:03 2014
Microseconds : 930301
tid:540583680 client_interface.c:33
socket closed on _receive
Thu Feb 20 01:56:03 2014
Microseconds : 939442
tid:568968960 client_interface.c:33
socket closed on _receive
Thu Feb 20 01:56:03 2014
Microseconds : 958571
tid:378652416 client_interface.c:33
socket closed on _receive
Thu Feb 20 01:56:03 2014
Microseconds : 970919
tid:429745920 client_interface.c:33
socket closed on _receive
Thu Feb 20 01:56:03 2014
Microseconds : 972592
tid:534365952 client_interface.c:33
socket closed on _receive
