1392785024,START
1392785024,p,0.003942,-1134057728
1392785025,p,0.002252,-1134463232
1392785026,p,0.003777,-1134733568
1392785026,p,0.003766,-1135003904
1392785027,p,0.002459,-1135139072
1392785027,p,0.003931,-1135274240
1392785030,p,0.003587,-1134057728
1392785033,p,0.004048,-1135274240
1392785036,p,0.003907,-1135139072
1392785039,p,0.003939,-1134733568
1392785040,n,0.015408,-1134192896
1392785040,p,0.013067,-1135003904
1392785040,n,0.011147,-1134328064
1392785040,n,0.011035,-1134598400
1392785041,p,0.003820,-1135139072
1392785041,n,0.010007,-1134868736
1392785043,p,0.003948,-1134192896
1392785046,n,0.015640,-1134463232
1392785046,p,0.002651,-1134868736
1392785049,p,0.003761,-1134328064
1392785051,p,0.003727,-1134192896
1392785051,p,0.004086,-1134868736
1392785051,n,0.009328,-1135274240
1392785064,p,0.003597,-1135274240
1392785065,p,0.003606,-1135003904
1392785067,n,0.007484,-1134463232
1392785069,n,0.012863,-1134057728
1392785071,n,0.004623,-1135139072
1392785072,n,0.010075,-1134868736
1392785077,d,0.011482,-1134057728
1392785078,p,0.002718,-1135139072
1392785080,p,0.001625,-1134598400
1392785101,TERMINATED,-1134463232
1392785103,TERMINATED,-1134868736
1392785103,TERMINATED,-1135003904
1392785104,TERMINATED,-1135139072
1392785108,TERMINATED,-1134192896
1392785113,TERMINATED,-1134328064
1392785116,TERMINATED,-1134733568
1392785124,TERMINATED,-1134598400
1392785128,TERMINATED,-1134057728
1392785146,TERMINATED,-1135274240
