
database table cardinalities:
warehouses = 30
districts = 10
customers = 3000
items = 100000
orders = 3000
stock = 100000
new-orders = 900

transaction mix:
new-order mix 0.45
payment mix 0.43
order-status mix 0.04
delivery mix 0.04
stock-level mix 0.04

transaction thresholds:
new-order threshold 0.45
payment threshold 0.88
order-status threshold 0.92
delivery threshold 0.96
stock-level threshold 1.00

delivery keying time 2 s
new_order keying time 18 s
order-status keying time 2 s
payment keying time 3 s
stock-level keying time 2 s

delivery thinking time 5000 ms
new_order thinking time 12000 ms
order-status thinking time 10000 ms
payment thinking time 12000 ms
stock-level thinking time 5000 ms

w_id range 1 to 30

10 terminals per warehouse

300 second steady state duration

driver is starting to ramp up at time 1392360668
driver will ramp up in  87 seconds
will stop test at time 1392361075
seed: 3527066477
seed: 3526821629
seed: 3526416899
seed: 3526524759
seed: 3526365331
seed: 3527390750
seed: 3528076071
seed: 3528240235
seed: 3527697394
seed: 3527599917
seed: 3527506094
seed: 3527990900
seed: 3528176478
seed: 3527742679
seed: 3538860045
seed: 3538280324
seed: 3538710769
seed: 3538293784
seed: 3538594782
seed: 3538431766
seed: 3538395269
seed: 3539101359
seed: 3539327938
seed: 3539959671
seed: 3539603591
seed: 3539514887
seed: 3539012379
seed: 3539094608
seed: 690020905
seed: 690382789
seed: 690821912
seed: 690339471
seed: 690885130
seed: 690009982
seed: 690079920
seed: 690933277
seed: 691749770
seed: 691799235
seed: 691370573
seed: 691216374
seed: 691041126
seed: 691607278
seed: 691710930
seed: 691515153
seed: 692921125
seed: 692217460
seed: 693050258
seed: 692551432
seed: 692720310
seed: 692631074
seed: 692570945
seed: 693292738
seed: 693453431
seed: 693897111
seed: 693811408
seed: 693706310
seed: 693138371
seed: 693360395
seed: 694069940
seed: 694529576
seed: 694887259
seed: 694576835
seed: 694229651
seed: 694255607
seed: 694670137
seed: 694990574
seed: 694537179
seed: 696127311
seed: 695422328
seed: 695207674
seed: 696171135
seed: 695933040
seed: 696024386
seed: 695588566
seed: 695429759
seed: 696756324
seed: 696856010
seed: 696951206
seed: 696772518
seed: 697268445
seed: 696638566
seed: 697086483
seed: 697816958
seed: 697961235
seed: 697863233
seed: 697304045
seed: 697468714
seed: 697686207
seed: 698121737
seed: 698078100
seed: 698971374
seed: 698460772
seed: 698560476
seed: 699310970
seed: 698623111
seed: 699234882
seed: 698865391
seed: 698381179
seed: 699519283
seed: 699796069
seed: 700223483
seed: 699665732
seed: 700352145
seed: 699652646
seed: 699482042
seed: 700046692
seed: 701200040
seed: 701295158
seed: 700787099
seed: 700624186
seed: 700458550
seed: 701457842
seed: 701095629
seed: 702050832
seed: 702453708
seed: 701642195
seed: 702319027
seed: 701975830
seed: 702186215
seed: 702137635
seed: 701970924
seed: 702799380
seed: 702902867
seed: 703370603
seed: 703228383
seed: 703508042
seed: 702554375
seed: 702686701
seed: 703584871
seed: 703888660
seed: 704287175
seed: 704001995
seed: 703629830
seed: 703680204
seed: 704102749
seed: 704366581
seed: 703937045
seed: 672046660
seed: 671317210
seed: 671127433
seed: 672033301
seed: 671787095
seed: 671886550
seed: 671491951
seed: 672963393
seed: 672430536
seed: 673094905
seed: 672757623
seed: 672699892
seed: 673138701
seed: 672517334
seed: 673038658
seed: 673662358
seed: 673880160
seed: 673725658
seed: 673223383
seed: 673347030
seed: 673572934
seed: 673984152
seed: 673849699
seed: 674800657
seed: 674265677
seed: 674405744
seed: 675246472
seed: 674616410
seed: 675105079
seed: 674745676
seed: 674267173
seed: 675366413
seed: 675715375
seed: 676085131
seed: 675582973
seed: 676230840
seed: 675539204
seed: 675376606
seed: 676733525
seed: 676898114
seed: 677067226
seed: 676765246
seed: 677212839
seed: 676582730
seed: 677333923
seed: 676974571
seed: 677937671
seed: 678299378
seed: 677550963
seed: 678182870
seed: 677892841
seed: 678066031
seed: 678029839
seed: 677867157
seed: 678568831
seed: 678733710
seed: 679295515
seed: 679107881
seed: 679441318
seed: 678549110
seed: 678594851
seed: 679464770
seed: 679772684
seed: 680134330
seed: 679904505
seed: 679493536
seed: 679596594
seed: 679917230
seed: 680258315
seed: 679833498
seed: 681435811
seed: 680829177
seed: 680737671
seed: 680943165
seed: 681147547
seed: 681301797
seed: 680954739
seed: 682430358
seed: 681872493
seed: 682493758
seed: 682187722
seed: 682113110
seed: 682613903
seed: 681750750
seed: 682481029
seed: 683108431
seed: 683404512
seed: 683173666
seed: 682698105
seed: 682776620
seed: 682933462
seed: 683528510
seed: 683308360
seed: 684657093
seed: 683708009
seed: 683802913
seed: 684672017
seed: 683997386
seed: 684580145
seed: 684110298
seed: 683676764
seed: 684813052
seed: 684846448
seed: 685268999
seed: 685450866
seed: 685660438
seed: 685030857
seed: 684920910
seed: 686192363
seed: 686361054
seed: 686509060
seed: 686162566
seed: 686638374
seed: 686094792
seed: 686808691
seed: 686469799
seed: 687347099
seed: 687843351
seed: 687074912
seed: 687628588
seed: 687269284
seed: 687495729
seed: 687390459
seed: 686887277
seed: 721581964
seed: 721881701
seed: 722291970
seed: 722125224
seed: 722421604
seed: 721484357
seed: 721559267
seed: 722383674
seed: 722736664
seed: 723364539
seed: 722856176
seed: 723280855
seed: 722658950
seed: 722541309
seed: 723042094
seed: 724242962
seed: 724416216
seed: 723850485
seed: 723734485
seed: 723960527
seed: 724123856
seed: 724106109
seed: 723918407
seed: 724745427
seed: 724834118
seed: 725593050
seed: 725134983
seed: 725118179
seed: 725542858
seed: 724769371
seed: 725399670
seed: 725947225
seed: 726382119
seed: 726078633
seed: 725700449
seed: 725795381
seed: 725878465
seed: 726465343
seed: 726278051
