
database table cardinalities:
warehouses = 300
districts = 10
customers = 3000
items = 100000
orders = 3000
stock = 100000
new-orders = 900

transaction mix:
new-order mix 0.45
payment mix 0.43
order-status mix 0.04
delivery mix 0.04
stock-level mix 0.04

transaction thresholds:
new-order threshold 0.45
payment threshold 0.88
order-status threshold 0.92
delivery threshold 0.96
stock-level threshold 1.00

delivery keying time 2 s
new_order keying time 18 s
order-status keying time 2 s
payment keying time 3 s
stock-level keying time 2 s

delivery thinking time 5000 ms
new_order thinking time 12000 ms
order-status thinking time 10000 ms
payment thinking time 12000 ms
stock-level thinking time 5000 ms

w_id range 1 to 300

10 terminals per warehouse

60 second steady state duration

driver is starting to ramp up at time 1392856769
driver will ramp up in  897 seconds
will stop test at time 1392857746
seed: 4072769573
seed: 4073131257
seed: 4073492926
seed: 4073059340
seed: 4072560829
seed: 4071832912
seed: 4071744026
seed: 4072580248
seed: 4072401321
seed: 4072435260
seed: 4072075403
seed: 4071462169
seed: 4070783460
seed: 4071513186
seed: 4093100174
seed: 4093265255
seed: 4093168116
seed: 4093086887
seed: 4091744614
seed: 4091852191
seed: 4092450761
seed: 4092247199
seed: 4092092757
seed: 4091618226
seed: 4091701256
seed: 4092587201
seed: 4090868123
seed: 4091352095
seed: 4091001042
seed: 4090502470
seed: 4090576800
seed: 4090905725
seed: 4091332808
seed: 4090858305
seed: 4090302430
seed: 4089754857
seed: 4089584034
seed: 4089887681
seed: 4089995418
seed: 4090226004
seed: 4089866112
seed: 4089310398
seed: 4088639820
seed: 4089385863
seed: 4089034777
seed: 4088929489
seed: 4089348586
seed: 4088546401
seed: 4089235660
seed: 4087827798
seed: 4088074209
seed: 4087919786
seed: 4087748930
seed: 4087528435
seed: 4087636133
seed: 4088259864
seed: 4088080864
seed: 4087344066
seed: 4086411405
seed: 4086453549
seed: 4087330567
seed: 4086569941
seed: 4086988985
seed: 4086710964
seed: 4086351640
seed: 4085337031
seed: 4085272714
seed: 4085822197
seed: 4085913381
seed: 4086168428
seed: 4085538217
seed: 4085506582
seed: 4084279092
seed: 4084853181
seed: 4084969080
seed: 4084617972
seed: 4085053188
seed: 4084472149
seed: 4085185958
seed: 4084793952
seed: 4083729599
seed: 4084156557
seed: 4083436866
seed: 4083978211
seed: 4083553439
seed: 4083939538
seed: 4083752214
seed: 4083285908
seed: 4082312247
seed: 4082411594
seed: 4083002088
seed: 4082773806
seed: 4082692944
seed: 4082112032
seed: 4082301657
seed: 4083097369
seed: 4081419242
seed: 4081927734
seed: 4081339084
seed: 4082093917
seed: 4081193471
seed: 4081186392
seed: 4082047688
seed: 4080795037
seed: 4080869894
seed: 4080314011
seed: 4080200545
seed: 4080414123
seed: 4080595516
seed: 4080752334
seed: 4080466198
seed: 4079820281
seed: 4079190583
seed: 4079961231
seed: 4079503718
seed: 4079603186
seed: 4079964797
seed: 4079219927
seed: 4079819129
seed: 4078353986
seed: 4078641301
seed: 4078478636
seed: 4078365088
seed: 4078054423
seed: 4078235822
seed: 4078785801
seed: 4078680553
seed: 4077853665
seed: 4076961841
seed: 4076995806
seed: 4076881703
seed: 4077374346
seed: 4077735910
seed: 1895547533
seed: 1895646923
seed: 1895091043
seed: 1894928297
seed: 1895207484
seed: 1895315127
seed: 1895537525
seed: 1895185860
seed: 1894605354
seed: 1893983986
seed: 1894738162
seed: 1894378804
seed: 1894265322
seed: 1894733350
seed: 1893873861
seed: 1894554903
seed: 1893073296
seed: 1893417994
seed: 1893255224
seed: 1893092530
seed: 1892847292
seed: 1892955016
seed: 1893570551
seed: 1893399702
seed: 1892638476
seed: 1891754884
seed: 1891805230
seed: 1892674270
seed: 1891905412
seed: 1892504605
seed: 1892038251
seed: 1891670809
seed: 1890779024
seed: 1890681904
seed: 1891157612
seed: 1891257071
seed: 1891454917
seed: 1890857544
seed: 1890817849
seed: 1889991639
seed: 1890147849
seed: 1890312956
seed: 1889970104
seed: 1890397287
seed: 1889808150
seed: 1890538463
seed: 1890187307
seed: 1889049244
seed: 1889468233
seed: 1888715774
seed: 1889322614
seed: 1888897830
seed: 1889226717
seed: 1889072315
seed: 1888589550
seed: 1887632265
seed: 1887739921
seed: 1888346743
seed: 1888134950
seed: 1888431060
seed: 1887448652
seed: 1887523589
seed: 1888483322
seed: 1886674021
seed: 1887108812
seed: 1886749620
seed: 1887373345
seed: 1886538459
seed: 1886474062
seed: 1886974865
seed: 1886099005
seed: 1886321316
seed: 1885642651
seed: 1885545554
seed: 1885775502
seed: 1885940491
seed: 1886121903
seed: 1885819783
seed: 1885206275
seed: 1884576408
seed: 1885273151
seed: 1885045601
seed: 1884882679
seed: 1885243967
seed: 1884508120
seed: 1885139682
seed: 1883657770
seed: 1883961373
seed: 1883807623
seed: 1883316906
seed: 1883415657
seed: 1883712463
seed: 1884155705
seed: 1883590757
seed: 1883239478
seed: 1882217405
seed: 1882275551
seed: 1882292367
seed: 1882654700
seed: 1882884925
seed: 1882541187
seed: 1881993233
seed: 1881298734
seed: 1882126646
seed: 1881709652
seed: 1881875337
seed: 1882056429
seed: 1881483407
seed: 1881403390
seed: 1880494881
seed: 1880749248
seed: 1880643671
seed: 1880571826
seed: 1880326516
seed: 1880425634
seed: 1881050106
seed: 1880625018
seed: 1879634117
seed: 1879987255
seed: 1879292847
seed: 1879874885
seed: 1879384277
seed: 1879827501
seed: 1879517676
seed: 1879174472
seed: 1911689533
seed: 1911862360
seed: 1912363478
seed: 1911897426
seed: 1912389706
seed: 1912014299
seed: 1911720204
seed: 1910508666
seed: 1911091251
seed: 1911182706
seed: 1910880497
seed: 1911544908
seed: 1910710783
seed: 1910629695
seed: 1911056588
seed: 1910237743
seed: 1910378883
seed: 1909765386
seed: 1910265506
seed: 1909931497
seed: 1910030663
seed: 1910129827
seed: 1909884490
seed: 1909198317
seed: 1908781416
seed: 1909347024
seed: 1909175814
seed: 1909054835
seed: 1908489969
seed: 1908662823
seed: 1909221728
seed: 1907797218
seed: 1908043404
seed: 1907929616
seed: 1907431856
seed: 1907440492
seed: 1907416707
seed: 1908295151
seed: 1907001225
seed: 1907100347
seed: 1906806340
seed: 1906382216
seed: 1906423697
seed: 1906825889
seed: 1906991577
seed: 1906697038
seed: 1906075382
seed: 1905437215
seed: 1906208663
seed: 1905832660
seed: 1905989173
seed: 1906081191
seed: 1905581854
seed: 1905410651
seed: 1904724349
seed: 1904741233
seed: 1904840384
seed: 1904677451
seed: 1904457725
seed: 1904597700
seed: 1905163785
seed: 1904944470
seed: 1903716110
seed: 1904126554
seed: 1903415716
seed: 1903997786
seed: 1903498897
seed: 1903983153
seed: 1903484737
seed: 1903051476
seed: 1902233208
seed: 1902169409
seed: 1903136457
seed: 1902449256
seed: 1902934519
seed: 1902631791
seed: 1902280374
seed: 1901143508
seed: 1901619126
seed: 1901767421
seed: 1901407801
seed: 1901884763
seed: 1901270815
seed: 1901099629
seed: 1901658548
seed: 1900692272
seed: 1901053515
seed: 1900334564
seed: 1900908356
seed: 1900483202
seed: 1900575185
seed: 1900616982
seed: 1900445380
seed: 1899176450
seed: 1899342175
seed: 1899932473
seed: 1899703927
seed: 1899524644
seed: 1899042733
seed: 1899002673
seed: 1898126852
seed: 1898349988
seed: 1898825531
seed: 1898236428
seed: 1898869059
seed: 1897992917
seed: 1897952786
seed: 1898913206
seed: 1897561876
seed: 1897734763
seed: 1897376203
seed: 1897033028
seed: 1896951493
seed: 1897427646
seed: 1897585144
seed: 1897167713
seed: 1896685215
seed: 1895989763
seed: 1896859563
seed: 1896401610
seed: 1896500848
seed: 1896863144
seed: 1896118062
seed: 1896684099
seed: 1928831457
seed: 1929061210
seed: 1928963797
seed: 1928751726
seed: 1928540107
seed: 1928622897
seed: 1929303636
seed: 1927593367
seed: 1928011623
seed: 1927709375
seed: 1927285243
seed: 1927334805
seed: 1927696183
seed: 1928188498
seed: 1927575509
seed: 1927224177
seed: 1926348461
seed: 1926260169
seed: 1927260089
seed: 1926916941
seed: 1927081701
seed: 1926525097
seed: 1926420417
seed: 1925233521
seed: 1925782755
seed: 1925873666
seed: 1925449725
seed: 1926073192
seed: 1925336291
seed: 1926221852
seed: 1925789561
seed: 1924733162
seed: 1925168134
seed: 1924424575
seed: 1925031126
seed: 1924556816
seed: 1924722620
seed: 1924739873
seed: 1924584532
seed: 1923136388
seed: 1923243835
seed: 1924038870
seed: 1923351636
seed: 1923845070
seed: 1923501217
seed: 1923207272
seed: 1922250546
seed: 1922456315
seed: 1922939983
seed: 1922327498
seed: 1923016367
seed: 1922197749
seed: 1922100304
seed: 1923035930
seed: 1921701223
seed: 1921824824
seed: 1921408963
seed: 1921237667
seed: 1920992304
seed: 1921616791
seed: 1921716056
seed: 1921503270
seed: 1920808932
seed: 1920096940
seed: 1920974019
seed: 1920491581
seed: 1920657375
seed: 1920936601
seed: 1920265225
seed: 1920807888
seed: 1919391404
seed: 1919727655
seed: 1919573921
seed: 1919533886
seed: 1918895441
seed: 1919125542
seed: 1919750135
seed: 1918145165
seed: 1918579716
seed: 1918262246
seed: 1917910706
seed: 1917870090
seed: 1918298088
seed: 1918708544
seed: 1918168222
seed: 1917792347
seed: 1916901156
seed: 1916926719
seed: 1917738103
seed: 1917567986
seed: 1917667156
seed: 1917159463
seed: 1916997603
seed: 1915785870
seed: 1916351636
seed: 1916426352
seed: 1916075834
seed: 1916642134
seed: 1915938039
seed: 1916741713
seed: 1916382999
seed: 1915302158
seed: 1915720914
seed: 1915222106
seed: 1914854717
seed: 1915076832
seed: 1915700427
seed: 1915374577
seed: 1914244479
seed: 1913688100
seed: 1913911276
seed: 1914591572
seed: 1913978059
seed: 1914414076
seed: 1914103095
seed: 1913727300
seed: 1912843363
seed: 1913058089
seed: 1913492824
seed: 1912993853
seed: 1913560976
seed: 1912848851
seed: 1912685737
seed: 1913538563
seed: 1945832945
seed: 1945932115
seed: 1945498646
seed: 1945344981
seed: 1945173330
seed: 1945739325
seed: 1945774063
seed: 1945577829
seed: 1944956104
seed: 1944253322
seed: 1945081124
seed: 1944582284
seed: 1944755264
seed: 1944585183
seed: 1944536350
seed: 1943161001
seed: 1943391302
seed: 1943834938
seed: 1943794926
seed: 1943640145
seed: 1943076250
seed: 1943249085
seed: 1943938086
seed: 1942284370
seed: 1942728183
seed: 1942417552
seed: 1942049895
seed: 1942092213
seed: 1942396201
seed: 1942749360
seed: 1942307366
seed: 1941850610
seed: 1941163199
seed: 1941001094
seed: 1941566939
seed: 1941674351
seed: 1941716038
seed: 1941283234
seed: 1941054845
seed: 1939925056
seed: 1940499069
seed: 1940582685
seed: 1940346034
seed: 1940798357
seed: 1940036864
seed: 1940652245
seed: 1939309687
seed: 1939491322
seed: 1939459219
seed: 1939296308
seed: 1939075637
seed: 1939184110
seed: 1939618982
seed: 1939529851
seed: 1938695587
seed: 1937828173
seed: 1937992710
seed: 1938747807
seed: 1938117993
seed: 1938438300
seed: 1938201106
seed: 1937768941
seed: 1936819384
seed: 1937180758
seed: 1937493438
seed: 1937068351
seed: 1937683697
seed: 1936955777
seed: 1936735525
seed: 1937694944
seed: 1936335478
seed: 1936517406
seed: 1936026834
seed: 1935913899
seed: 1936151842
seed: 1936603362
seed: 1936318368
seed: 1935147307
seed: 1935639754
seed: 1934953371
seed: 1935527422
seed: 1935102309
seed: 1935324208
seed: 1935203238
seed: 1934638361
seed: 1933762761
seed: 1933927529
seed: 1934420431
seed: 1934323061
seed: 1934209069
seed: 1933661594
seed: 1933719900
seed: 1934613562
seed: 1932870602
seed: 1933411624
seed: 1932986724
seed: 1932561479
seed: 1932611192
seed: 1932965314
seed: 1933367425
seed: 1932802575
seed: 1932452317
seed: 1931699528
seed: 1931585553
seed: 1932094044
seed: 1932243222
seed: 1932268714
seed: 1931884238
seed: 1931337116
seed: 1930641748
seed: 1931444937
seed: 1931019883
seed: 1930988850
seed: 1931350233
seed: 1930605136
seed: 1931270419
seed: 1929870517
seed: 1930075692
seed: 1929995716
seed: 1929881962
seed: 1929603809
seed: 1929752960
seed: 1930171752
seed: 1930131456
seed: 1291836005
seed: 1290879407
seed: 1290978457
seed: 1291781836
seed: 1291094571
seed: 1291456112
seed: 1291236335
seed: 1290852278
seed: 1289845474
seed: 1290150251
seed: 1290494773
seed: 1290118742
seed: 1290676761
seed: 1289990010
seed: 1289753586
seed: 1288795660
seed: 1289345194
seed: 1289453316
seed: 1289142857
seed: 1289602760
seed: 1288997684
seed: 1289621389
seed: 1289319165
seed: 1288230102
seed: 1288666103
seed: 1288035962
seed: 1288527896
seed: 1288152865
seed: 1288317887
seed: 1288269332
seed: 1287655603
seed: 1286830021
seed: 1286871561
seed: 1287486632
seed: 1287308082
seed: 1287636894
seed: 1286637598
seed: 1286737104
seed: 1287615258
seed: 1285822070
seed: 1286437102
seed: 1286070094
seed: 1285596112
seed: 1285661816
seed: 1285957774
seed: 1286303497
seed: 1285820523
seed: 1285387454
seed: 1284774761
seed: 1284751246
seed: 1284948014
seed: 1285146489
seed: 1285245875
seed: 1284901932
seed: 1284337841
seed: 1283724441
seed: 1284471047
seed: 1284103257
seed: 1284022457
seed: 1284466676
seed: 1283598423
seed: 1284336793
seed: 1282921254
seed: 1283159437
seed: 1282939114
seed: 1282522902
seed: 1282589109
seed: 1282917631
seed: 1283279648
seed: 1283116649
seed: 1282371799
seed: 1281365786
seed: 1281538624
seed: 1282399436
seed: 1281663846
seed: 1282238384
seed: 1281763390
seed: 1281584297
seed: 1280431050
seed: 1280423811
seed: 1280841956
seed: 1281081133
seed: 1281164186
seed: 1280689257
seed: 1280526512
seed: 1279708981
seed: 1279881713
seed: 1279792171
seed: 1279703189
seed: 1280122808
seed: 1279565877
seed: 1280272237
seed: 1279912876
seed: 1278831641
seed: 1279251275
seed: 1278457814
seed: 1279006797
seed: 1278590131
seed: 1278935842
seed: 1278723502
seed: 1278298119
seed: 1277349697
seed: 1277440907
seed: 1277957186
seed: 1277868894
seed: 1278156736
seed: 1277206627
seed: 1277256901
seed: 1278208801
seed: 1276865981
seed: 1277022282
seed: 1276491631
seed: 1277123542
seed: 1276361840
seed: 1276182737
seed: 1276675943
seed: 1275808193
seed: 1276038240
seed: 1275343018
seed: 1275860261
seed: 1275509162
seed: 1275665447
seed: 1275847533
seed: 1275553271
seed: 1308485639
seed: 1307847847
seed: 1308610933
seed: 1308341676
seed: 1308186868
seed: 1307688316
seed: 1307770950
seed: 1308394636
seed: 1306921742
seed: 1307233772
seed: 1307062353
seed: 1306612917
seed: 1306704151
seed: 1306992054
seed: 1307435263
seed: 1306879339
seed: 1306520041
seed: 1305488386
seed: 1305645207
seed: 1305589109
seed: 1305958464
seed: 1306197215
seed: 1305812715
seed: 1305249052
seed: 1304561771
seed: 1305397999
seed: 1304965414
seed: 1305171023
seed: 1305344135
seed: 1304763772
seed: 1304682914
seed: 1303782644
seed: 1304028862
seed: 1303915835
seed: 1303810134
seed: 1303622387
seed: 1303730460
seed: 1304362069
seed: 1303920886
seed: 1302889758
seed: 1303251037
seed: 1302564014
seed: 1303130434
seed: 1302681062
seed: 1303115820
seed: 1302797659
seed: 1302454726
seed: 1301423158
seed: 1301588859
seed: 1302080985
seed: 1301975166
seed: 1302131878
seed: 1301764388
seed: 1301478906
seed: 1300250825
seed: 1300791972
seed: 1300892009
seed: 1300597877
seed: 1301082345
seed: 1300452696
seed: 1300363748
seed: 1300782124
seed: 1299971721
seed: 1300112893
seed: 1299490873
seed: 1299983013
seed: 1299616235
seed: 1299772630
seed: 1299815186
seed: 1299643786
seed: 1298940101
seed: 1298482992
seed: 1299057074
seed: 1298894063
seed: 1298723598
seed: 1298224519
seed: 1298397230
seed: 1298947918
seed: 1297425330
seed: 1297753162
seed: 1297656038
seed: 1297215440
seed: 1297256878
seed: 1297151035
seed: 1298110657
seed: 1296759468
seed: 1296843167
seed: 1296516106
seed: 1296222372
seed: 1296141572
seed: 1296626087
seed: 1296733218
seed: 1296431427
seed: 1295801850
seed: 1295196256
seed: 1295917752
seed: 1295558936
seed: 1295773168
seed: 1295929574
seed: 1295315703
seed: 1295882686
seed: 1294416968
seed: 1294491355
seed: 1294550366
seed: 1294387232
seed: 1294174842
seed: 1294266625
seed: 1294898632
seed: 1294678167
seed: 1293442329
seed: 1292968416
seed: 1293149347
seed: 1293723944
seed: 1293282810
seed: 1293570139
seed: 1293218382
seed: 1292867902
seed: 1291926976
seed: 1291878632
seed: 1292846387
seed: 1292552580
seed: 1292651603
seed: 1292308209
seed: 1292014873
seed: 1324431860
seed: 1324898902
seed: 1325080882
seed: 1324737999
seed: 1325164628
seed: 1324608232
seed: 1325289838
seed: 1324954725
seed: 1323931337
seed: 1324301701
seed: 1323597905
seed: 1324172027
seed: 1323747720
seed: 1323846761
seed: 1323938620
seed: 1323734378
seed: 1322465731
seed: 1322622101
seed: 1323122388
seed: 1323034095
seed: 1322805438
seed: 1322380604
seed: 1322406249
seed: 1321416145
seed: 1321654360
seed: 1322072801
seed: 1321501034
seed: 1322124337
seed: 1321387710
seed: 1321225578
seed: 1322234331
seed: 1320850096
seed: 1321023763
seed: 1320656257
seed: 1320312937
seed: 1320280788
seed: 1320708445
seed: 1320856585
seed: 1320578721
seed: 1319974156
seed: 1319295455
seed: 1320106567
seed: 1319665976
seed: 1319765409
seed: 1320126544
seed: 1319389915
seed: 1320005959
seed: 1318573174
seed: 1318794904
seed: 1318690163
seed: 1318478324
seed: 1318314577
seed: 1318349062
seed: 1319021908
seed: 1318785136
seed: 1317745310
seed: 1317460349
seed: 1317043665
seed: 1317051971
seed: 1317406075
seed: 1317898280
seed: 1317292631
seed: 1316991275
seed: 1316083087
seed: 1315993711
seed: 1316985570
seed: 1316643231
seed: 1316791386
seed: 1316251268
seed: 1316138362
seed: 1314983986
seed: 1315517094
seed: 1315625252
seed: 1315208664
seed: 1315815512
seed: 1315046126
seed: 1315932421
seed: 1315507670
seed: 1314508352
seed: 1314902627
seed: 1314158319
seed: 1314757459
seed: 1314291234
seed: 1314431726
seed: 1314466188
seed: 1314302490
seed: 1313025646
seed: 1312977561
seed: 1313789088
seed: 1313110244
seed: 1313595183
seed: 1313210701
seed: 1312916859
seed: 1311967708
seed: 1312197656
seed: 1312673319
seed: 1312060120
seed: 1312741756
seed: 1311931388
seed: 1311809229
seed: 1312761159
seed: 1311418279
seed: 1311582770
seed: 1311141595
seed: 1310922144
seed: 1310750254
seed: 1311365886
seed: 1311424969
seed: 1311212110
seed: 1310525724
seed: 1309838670
seed: 1310707620
seed: 1310225052
seed: 1310382358
seed: 1310703027
seed: 1309974095
seed: 1310532330
seed: 1309043041
seed: 1309355000
seed: 1309306566
seed: 1309218133
seed: 1308653495
seed: 1308875358
seed: 1309589779
seed: 1341408682
seed: 1341851555
seed: 1341557404
seed: 1341198702
seed: 1341158320
seed: 1341576755
seed: 1342028496
seed: 1341431644
seed: 1341071874
seed: 1340237526
seed: 1340140958
seed: 1341026298
seed: 1340805683
seed: 1340913364
seed: 1340463947
seed: 1340293104
seed: 1339048605
seed: 1339622653
seed: 1339722631
seed: 1339494004
seed: 1339929294
seed: 1339217746
seed: 1340062662
seed: 1339580012
seed: 1338581778
seed: 1338927071
seed: 1338305151
seed: 1338141912
seed: 1338315644
seed: 1338816059
seed: 1338645203
seed: 1337540417
seed: 1336951348
seed: 1337181877
seed: 1337887568
seed: 1337265691
seed: 1337701076
seed: 1337382663
seed: 1337047958
seed: 1335909977
seed: 1336337093
seed: 1336567596
seed: 1336208321
seed: 1336847933
seed: 1336086745
seed: 1335932823
seed: 1336810051
seed: 1335573759
seed: 1335640896
seed: 1335216115
seed: 1335052916
seed: 1335299307
seed: 1335473037
seed: 1335498290
seed: 1335343247
seed: 1334599472
seed: 1333978085
seed: 1334731932
seed: 1334373201
seed: 1334489085
seed: 1334334049
seed: 1333832460
seed: 1332872336
seed: 1333125551
seed: 1333550945
seed: 1333516485
seed: 1333351464
seed: 1332810695
seed: 1332981522
seed: 1333659894
seed: 1332012045
seed: 1332495258
seed: 1332149413
seed: 1331771482
seed: 1331754958
seed: 1332130603
seed: 1332497557
seed: 1331997221
seed: 1331562338
seed: 1330897072
seed: 1330715688
seed: 1331288633
seed: 1331386188
seed: 1331450092
seed: 1331015276
seed: 1330777012
seed: 1329653515
seed: 1330135721
seed: 1330314760
seed: 1330068271
seed: 1330492622
seed: 1329771107
seed: 1330401219
seed: 1329064721
seed: 1329202876
seed: 1329193569
seed: 1329012735
seed: 1328799070
seed: 1328895585
seed: 1329353240
seed: 1329262433
seed: 1328418069
seed: 1327556140
seed: 1327694732
seed: 1328472368
seed: 1327839819
seed: 1328265173
seed: 1327936864
seed: 1327517367
seed: 1326574544
seed: 1326925641
seed: 1327227608
seed: 1326784032
seed: 1327405948
seed: 1326668032
seed: 1326469734
seed: 1327427580
seed: 1326058895
seed: 1326245593
seed: 1325728256
seed: 1325645693
seed: 1325874573
seed: 1326036721
seed: 1326051933
seed: 1224225273
seed: 1224731985
seed: 1224034011
seed: 1224598680
seed: 1224147399
seed: 1224383755
seed: 1224218217
seed: 1223710147
seed: 1222824199
seed: 1222986293
seed: 1223485886
seed: 1223361870
seed: 1223278248
seed: 1222720585
seed: 1222883740
seed: 1223684833
seed: 1221889652
seed: 1222503471
seed: 1222068637
seed: 1221632700
seed: 1221656631
seed: 1222024608
seed: 1222383355
seed: 1221874931
seed: 1221513286
seed: 1220758950
seed: 1220552998
seed: 1221133471
seed: 1221304791
seed: 1221393737
seed: 1220918016
seed: 1220408427
seed: 1219719586
seed: 1220538138
seed: 1220102264
seed: 1220060656
seed: 1220526363
seed: 1219665126
seed: 1220286499
seed: 1218942381
seed: 1219154710
seed: 1219054669
seed: 1218455944
seed: 1218643724
seed: 1218814135
seed: 1219296747
seed: 1219196626
seed: 1218442427
seed: 1217491448
seed: 1217539503
seed: 1218398404
seed: 1217700961
seed: 1218298285
seed: 1217830769
seed: 1217403127
seed: 1216451610
seed: 1216745903
seed: 1217088709
seed: 1216620559
seed: 1217316269
seed: 1216586661
seed: 1216412925
seed: 1216968734
seed: 1215952797
seed: 1216049377
seed: 1215704177
seed: 1216186767
seed: 1215604605
seed: 1216331927
seed: 1215913414
seed: 1214782339
seed: 1215272754
seed: 1214386262
seed: 1215123004
seed: 1214524284
seed: 1214957346
seed: 1214865495
seed: 1214316519
seed: 1213430580
seed: 1213477894
seed: 1214084064
seed: 1213869836
seed: 1214220376
seed: 1213245422
seed: 1213317921
seed: 1214209100
seed: 1212471343
seed: 1213044665
seed: 1212551310
seed: 1212189822
seed: 1212165082
seed: 1212598043
seed: 1212899413
seed: 1212481512
seed: 1211988741
seed: 1211380907
seed: 1211346967
seed: 1211510694
seed: 1211730157
seed: 1211852240
seed: 1211614023
seed: 1210932426
seed: 1210374202
seed: 1211078556
seed: 1210716363
seed: 1210617012
seed: 1210067482
seed: 1210238857
seed: 1210933499
seed: 1209515045
seed: 1209760663
seed: 1209546511
seed: 1209118800
seed: 1209151039
seed: 1209502585
seed: 1209885886
seed: 1209385591
seed: 1208966716
seed: 1208015647
seed: 1208144973
seed: 1208882165
seed: 1208258320
seed: 1208838363
seed: 1208403580
seed: 1208181695
seed: 1240579291
seed: 1241086625
seed: 1241003993
seed: 1241232242
seed: 1241345215
seed: 1240828524
seed: 1240688512
seed: 1239843597
seed: 1240030854
seed: 1239997378
seed: 1239865145
seed: 1239552697
seed: 1239715379
seed: 1240427290
seed: 1240040579
seed: 1238983183
seed: 1239400261
seed: 1238513795
seed: 1239168589
seed: 1238741915
seed: 1239117010
seed: 1238862469
seed: 1238459935
seed: 1237484511
seed: 1237589870
seed: 1238162079
seed: 1238029934
seed: 1238324027
seed: 1237356864
seed: 1237412550
seed: 1238337118
seed: 1237017901
seed: 1237171890
seed: 1236679286
seed: 1237284852
seed: 1236514155
seed: 1236365014
seed: 1236847536
seed: 1235970522
seed: 1236174192
seed: 1235492375
seed: 1236065698
seed: 1235671306
seed: 1235833579
seed: 1235996372
seed: 1235709046
seed: 1235061214
seed: 1234445674
seed: 1235206344
seed: 1234845118
seed: 1234794830
seed: 1234285787
seed: 1234399296
seed: 1235012865
seed: 1233528475
seed: 1233814554
seed: 1233658341
seed: 1233230512
seed: 1233311799
seed: 1233606083
seed: 1234030248
seed: 1233480951
seed: 1233095122
seed: 1232085690
seed: 1232174608
seed: 1233009758
seed: 1232566737
seed: 1232794972
seed: 1232433349
seed: 1231867289
seed: 1231170007
seed: 1231979704
seed: 1231560727
seed: 1231789452
seed: 1231951338
seed: 1231377609
seed: 1231278466
seed: 1230417241
seed: 1230604516
seed: 1230513242
seed: 1230406140
seed: 1230126916
seed: 1230338134
seed: 1230960085
seed: 1230745270
seed: 1229507617
seed: 1229859226
seed: 1229145420
seed: 1229725868
seed: 1229298728
seed: 1229593034
seed: 1229412312
seed: 1229050105
seed: 1228058028
seed: 1228359993
seed: 1228679003
seed: 1228570636
seed: 1228930507
seed: 1228372147
seed: 1228076231
seed: 1226945011
seed: 1227411322
seed: 1227499721
seed: 1227179437
seed: 1227677957
seed: 1227070632
seed: 1227757578
seed: 1227396584
seed: 1226560266
seed: 1226747076
seed: 1226131883
seed: 1226581960
seed: 1226212215
seed: 1226439710
seed: 1226422776
seed: 1226241855
seed: 1224978647
seed: 1225067586
seed: 1225665333
seed: 1225475312
seed: 1225318489
seed: 1224843243
seed: 1224874122
seed: 1225561102
seed: 1257574895
seed: 1257942802
seed: 1257720049
seed: 1257366952
seed: 1257407447
seed: 1257766025
seed: 1258273214
seed: 1256912844
seed: 1257091916
seed: 1256656126
seed: 1256384958
seed: 1256277792
seed: 1256775858
seed: 1256873049
seed: 1256594028
seed: 1255970605
seed: 1255346375
seed: 1256107577
seed: 1255754697
seed: 1255925572
seed: 1256079554
seed: 1255538213
seed: 1256045478
seed: 1254569837
seed: 1254863580
seed: 1254690422
seed: 1254550282
seed: 1254312301
seed: 1254416902
seed: 1255038921
seed: 1254841147
seed: 1253611245
seed: 1253118581
seed: 1253306170
seed: 1254050455
seed: 1253435101
seed: 1253721018
seed: 1253564900
seed: 1253030616
seed: 1252079517
seed: 1252061969
seed: 1252995440
seed: 1252715023
seed: 1252788178
seed: 1252320539
seed: 1252155089
seed: 1251040172
seed: 1251514661
seed: 1251676877
seed: 1251340189
seed: 1251740448
seed: 1251206812
seed: 1251885576
seed: 1251524213
seed: 1250541043
seed: 1250899651
seed: 1250226929
seed: 1250767248
seed: 1250356532
seed: 1250428605
seed: 1250534281
seed: 1250312476
seed: 1249073863
seed: 1249236599
seed: 1249711587
seed: 1249635988
seed: 1249380931
seed: 1248979351
seed: 1249002763
seed: 1249689279
seed: 1248262728
seed: 1248672247
seed: 1248129722
seed: 1248742998
seed: 1247997403
seed: 1247807105
seed: 1248829989
seed: 1247428703
seed: 1247632643
seed: 1247270571
seed: 1246909035
seed: 1246859550
seed: 1247284568
seed: 1247454741
seed: 1247167897
seed: 1246535971
seed: 1245903556
seed: 1246705671
seed: 1246295547
seed: 1246383767
seed: 1246734883
seed: 1245972576
seed: 1246602575
seed: 1245126375
seed: 1245404567
seed: 1245305174
seed: 1245074157
seed: 1244893195
seed: 1244925322
seed: 1245620709
seed: 1245381302
seed: 1244176611
seed: 1244069299
seed: 1243642358
seed: 1243674439
seed: 1244033251
seed: 1244507611
seed: 1243876348
seed: 1243587768
seed: 1242628177
seed: 1242602780
seed: 1243601040
seed: 1243239492
seed: 1243402557
seed: 1242827842
seed: 1242736805
seed: 1241581040
seed: 1242080141
seed: 1242234069
seed: 1241807164
seed: 1242379648
seed: 1241673765
seed: 1242541232
seed: 1242089743
seed: 1274652417
seed: 1275002996
seed: 1274322051
seed: 1274927963
seed: 1274435490
seed: 1274597436
seed: 1274662040
seed: 1274456838
seed: 1273169001
seed: 1273258189
seed: 1273954133
seed: 1273265042
seed: 1273705476
seed: 1273393792
seed: 1273081830
seed: 1271973969
seed: 1272341868
seed: 1272775324
seed: 1272225780
seed: 1272911953
seed: 1272075951
seed: 1271976606
seed: 1272958974
seed: 1271573063
seed: 1271727768
seed: 1271161798
seed: 1271086103
seed: 1270905533
seed: 1271478020
seed: 1271574648
seed: 1271377610
seed: 1270663983
seed: 1269983114
seed: 1270809113
seed: 1270390652
seed: 1270422492
seed: 1270846486
seed: 1270141798
seed: 1270730723
seed: 1269196852
seed: 1269499611
seed: 1269326614
seed: 1269383113
seed: 1268808241
seed: 1268987760
seed: 1269740449
seed: 1268018191
seed: 1268566718
seed: 1268148001
seed: 1267843972
seed: 1267769074
seed: 1268194152
seed: 1268619182
seed: 1268044332
seed: 1267715934
seed: 1266838404
seed: 1266730217
seed: 1267229320
seed: 1267416843
seed: 1267513395
seed: 1267021486
seed: 1266856942
seed: 1265658904
seed: 1266207272
seed: 1266313038
seed: 1266140069
seed: 1266539530
seed: 1265965787
seed: 1266652934
seed: 1266159688
seed: 1265225393
seed: 1265527615
seed: 1264895957
seed: 1265394274
seed: 1264926365
seed: 1265417173
seed: 1265267748
seed: 1264497380
seed: 1263562582
seed: 1263766450
seed: 1264477787
seed: 1263911617
seed: 1264312087
seed: 1264000392
seed: 1263638109
seed: 1262490242
seed: 1262915574
seed: 1263168917
seed: 1262798547
seed: 1263477511
seed: 1262682540
seed: 1262533339
seed: 1263433490
seed: 1262138799
seed: 1262251522
seed: 1261800065
seed: 1261643695
seed: 1261945422
seed: 1262083734
seed: 1262115609
seed: 1261934981
seed: 1261179440
seed: 1260556122
seed: 1261333956
seed: 1260964267
seed: 1260986978
seed: 1260945040
seed: 1260436848
seed: 1259502010
seed: 1259729630
seed: 1260155235
seed: 1260096948
seed: 1259939582
seed: 1259455870
seed: 1259577748
seed: 1260280539
seed: 1258608397
seed: 1259083234
seed: 1258720824
seed: 1258367822
seed: 1258342711
seed: 1258758768
seed: 1259110038
seed: 1258601770
seed: 1157527138
seed: 1156838029
seed: 1156656807
seed: 1157205441
seed: 1157310053
seed: 1157399230
seed: 1156948427
seed: 1156733471
seed: 1155585902
seed: 1156060472
seed: 1156222556
seed: 1156000509
seed: 1156417302
seed: 1155868075
seed: 1156349670
seed: 1155005187
seed: 1155168743
seed: 1155133955
seed: 1154953042
seed: 1154714943
seed: 1154819655
seed: 1155302118
seed: 1155211121
seed: 1154375031
seed: 1153488477
seed: 1153651330
seed: 1154388296
seed: 1153773009
seed: 1154188900
seed: 1153901799
seed: 1153450303
seed: 1152514632
seed: 1152825002
seed: 1153168662
seed: 1152725387
seed: 1153321516
seed: 1152592002
seed: 1152419105
seed: 1152982596
seed: 1152015462
seed: 1152178517
seed: 1151686143
seed: 1151487597
seed: 1151806698
seed: 1151961250
seed: 1152050678
seed: 1150828615
seed: 1151335663
seed: 1150466309
seed: 1151203324
seed: 1150758919
seed: 1150962853
seed: 1150937543
seed: 1150321752
seed: 1149427751
seed: 1149607234
seed: 1150082012
seed: 1149981822
seed: 1150177428
seed: 1149316983
seed: 1149471672
seed: 1150215172
seed: 1148485995
seed: 1149108193
seed: 1148631161
seed: 1148204092
seed: 1148269204
seed: 1148604223
seed: 1148971090
seed: 1148487186
seed: 1148117694
seed: 1147379653
seed: 1147148341
seed: 1147754227
seed: 1147818953
seed: 1147989011
seed: 1147505350
seed: 1147332462
seed: 1146389401
seed: 1147141753
seed: 1146796739
seed: 1146631995
seed: 1147138966
seed: 1146244664
seed: 1147005599
seed: 1145522047
seed: 1145759179
seed: 1145675425
seed: 1145051908
seed: 1145264480
seed: 1145460199
seed: 1145892357
seed: 1145785057
seed: 1144973682
seed: 1144030716
seed: 1144143592
seed: 1144962431
seed: 1144273365
seed: 1144910574
seed: 1144434975
seed: 1144253926
seed: 1143031394
seed: 1143349842
seed: 1143701737
seed: 1143217592
seed: 1143903831
seed: 1143100647
seed: 1143001523
seed: 1143556626
seed: 1142614202
seed: 1142457713
seed: 1142308414
seed: 1142078553
seed: 1142176061
seed: 1142945258
seed: 1142492857
seed: 1141501125
seed: 1141852499
seed: 1140990509
seed: 1141735494
seed: 1141120298
seed: 1141545469
seed: 1141265413
seed: 1140904015
seed: 1173572974
seed: 1173727702
seed: 1174176866
seed: 1174020311
seed: 1174404525
seed: 1173371888
seed: 1173484674
seed: 1174368525
seed: 1173090190
seed: 1173178548
seed: 1172710777
seed: 1172364849
seed: 1172315149
seed: 1172740321
seed: 1173034371
seed: 1172624262
seed: 1172131007
seed: 1171499281
seed: 1172080536
seed: 1171660803
seed: 1171913978
seed: 1172011431
seed: 1171780626
seed: 1171091700
seed: 1170517328
seed: 1171213275
seed: 1170875557
seed: 1170784517
seed: 1170218885
seed: 1170380982
seed: 1171068173
seed: 1169658333
seed: 1169902620
seed: 1169795320
seed: 1169278312
seed: 1169302411
seed: 1169686480
seed: 1170045062
seed: 1169553155
seed: 1169125425
seed: 1168157878
seed: 1168247163
seed: 1169041343
seed: 1168425068
seed: 1168989392
seed: 1168546678
seed: 1168315435
seed: 1167167704
seed: 1167675234
seed: 1167829953
seed: 1167836302
seed: 1167941982
seed: 1167458115
seed: 1167292526
seed: 1166456094
seed: 1166635920
seed: 1166584907
seed: 1166411924
seed: 1166157597
seed: 1166328787
seed: 1167023243
seed: 1166661997
seed: 1165563785
seed: 1165988851
seed: 1165102256
seed: 1165863662
seed: 1165346733
seed: 1165713495
seed: 1165491901
seed: 1165065011
seed: 1164097462
seed: 1164193944
seed: 1164750543
seed: 1164577518
seed: 1164928974
seed: 1163969105
seed: 1164009199
seed: 1164958584
seed: 1163598288
seed: 1163760249
seed: 1163267906
seed: 1163095009
seed: 1163118147
seed: 1162961543
seed: 1163411289
seed: 1162575276
seed: 1162786408
seed: 1162097429
seed: 1162654073
seed: 1162218981
seed: 1162438278
seed: 1162347324
seed: 1162305873
seed: 1161681480
seed: 1161090670
seed: 1161794754
seed: 1161433399
seed: 1161391579
seed: 1160890469
seed: 1160996101
seed: 1161609695
seed: 1160100405
seed: 1160427673
seed: 1160262948
seed: 1159819681
seed: 1159859213
seed: 1160210624
seed: 1160512893
seed: 1160078326
seed: 1159716047
seed: 1158732138
seed: 1158763038
seed: 1159598136
seed: 1159425324
seed: 1159334394
seed: 1159029768
seed: 1158463631
seed: 1157872977
seed: 1158593496
seed: 1158165635
seed: 1158377805
seed: 1158598124
seed: 1157982286
seed: 1158415562
seed: 1190568374
seed: 1190780912
seed: 1190713489
seed: 1190614352
seed: 1190269912
seed: 1190489215
seed: 1191053597
seed: 1190896982
seed: 1189659642
seed: 1189199001
seed: 1189312857
seed: 1189885864
seed: 1189441625
seed: 1189793078
seed: 1189571372
seed: 1189087113
seed: 1188208719
seed: 1188502763
seed: 1188879179
seed: 1188385794
seed: 1189073099
seed: 1188261692
seed: 1188169757
seed: 1187095618
seed: 1187562220
seed: 1187757985
seed: 1187346507
seed: 1187837189
seed: 1187214083
seed: 1187958743
seed: 1187555465
seed: 1186465517
seed: 1186898842
seed: 1186274374
seed: 1186781869
seed: 1186420569
seed: 1186583536
seed: 1186475107
seed: 1186335408
seed: 1185130392
seed: 1185218638
seed: 1185791660
seed: 1185643337
seed: 1185477695
seed: 1184986088
seed: 1185075033
seed: 1185720990
seed: 1184187882
seed: 1184539505
seed: 1184308949
seed: 1183947319
seed: 1183930362
seed: 1184355174
seed: 1184640713
seed: 1183452263
seed: 1183688700
seed: 1183253373
seed: 1182990014
seed: 1182891101
seed: 1183381458
seed: 1183462251
seed: 1183248578
seed: 1182575656
seed: 1181960050
seed: 1182704924
seed: 1182335045
seed: 1182505869
seed: 1182668572
seed: 1182127257
seed: 1182543788
seed: 1181174538
seed: 1181460656
seed: 1181287430
seed: 1181155202
seed: 1180925258
seed: 1181022372
seed: 1181627413
seed: 1181454206
seed: 1180216593
seed: 1179732104
seed: 1179902936
seed: 1180631500
seed: 1180015850
seed: 1180309579
seed: 1180161508
seed: 1179668884
seed: 1178684589
seed: 1178658864
seed: 1179583880
seed: 1179312326
seed: 1179401230
seed: 1178925559
seed: 1178744179
seed: 1177661629
seed: 1178119753
seed: 1178290601
seed: 1177937166
seed: 1178353914
seed: 1177787969
seed: 1178474941
seed: 1178113320
seed: 1177047766
seed: 1177505284
seed: 1176824131
seed: 1177356000
seed: 1176953380
seed: 1177042294
seed: 1177139437
seed: 1176909456
seed: 1175695838
seed: 1175842140
seed: 1176324855
seed: 1176233514
seed: 1175994771
seed: 1175559928
seed: 1175591464
seed: 1176278414
seed: 1174737125
seed: 1175277310
seed: 1174727234
seed: 1175340452
seed: 1174594374
seed: 1174421175
seed: 1175435814
seed: 1207580579
seed: 1207808797
seed: 1207430823
seed: 1207077364
seed: 1207035782
seed: 1207452339
seed: 1207655916
seed: 1207311224
seed: 1206687465
seed: 1206063632
seed: 1206865951
seed: 1206446958
seed: 1206535845
seed: 1206854099
seed: 1206140798
seed: 1206762232
seed: 1205270120
seed: 1205580752
seed: 1205464942
seed: 1205242528
seed: 1205069845
seed: 1205093199
seed: 1205690024
seed: 1205590502
seed: 1204328290
seed: 1203835637
seed: 1203867293
seed: 1203825726
seed: 1204176706
seed: 1204626058
seed: 1204027420
seed: 1203747773
seed: 1202910933
seed: 1202745966
seed: 1203761105
seed: 1203407623
seed: 1203578444
seed: 1202996178
seed: 1202937623
seed: 1201789619
seed: 1202231298
seed: 1202393938
seed: 1202163404
seed: 1202530845
seed: 1201817648
seed: 1202660205
seed: 1202257599
seed: 1201257566
seed: 1201600506
seed: 1200911144
seed: 1201533083
seed: 1201048594
seed: 1201350471
seed: 1201242841
seed: 1201053874
seed: 1199823824
seed: 1199855475
seed: 1200428320
seed: 1199935564
seed: 1200303097
seed: 1199982939
seed: 1199645937
seed: 1198571618
seed: 1198947378
seed: 1199241651
seed: 1198814345
seed: 1199517750
seed: 1198689778
seed: 1198598458
seed: 1199539326
seed: 1198170615
seed: 1198382275
seed: 1197758536
seed: 1197659105
seed: 1197969757
seed: 1198075196
seed: 1198164081
seed: 1197942149
seed: 1197261088
seed: 1196588271
seed: 1197406796
seed: 1196979678
seed: 1197027704
seed: 1197460651
seed: 1196632621
seed: 1197311402
seed: 1195794613
seed: 1196154402
seed: 1195923806
seed: 1195824382
seed: 1195479655
seed: 1195585003
seed: 1196329216
seed: 1194615979
seed: 1195164113
seed: 1194753506
seed: 1194441009
seed: 1194358418
seed: 1194799632
seed: 1195232700
seed: 1194666858
seed: 1194296925
seed: 1193435606
seed: 1193319753
seed: 1193827071
seed: 1193989733
seed: 1194119577
seed: 1193619318
seed: 1193446048
seed: 1192257077
seed: 1192805250
seed: 1192918861
seed: 1192737504
seed: 1193096715
seed: 1192571851
seed: 1193267033
seed: 1192782478
seed: 1191807094
seed: 1192125347
seed: 1191485243
seed: 1191992503
seed: 1191630874
seed: 1192022962
seed: 1191866062
seed: 1090423943
seed: 1089497030
seed: 1089700610
seed: 1090412766
seed: 1089846382
seed: 1090205635
seed: 1089942808
seed: 1089581129
seed: 1088449528
seed: 1088865984
seed: 1089103085
seed: 1088724921
seed: 1089411887
seed: 1088608639
seed: 1088476195
seed: 1089359957
seed: 1088064802
seed: 1088186601
seed: 1087734708
seed: 1087586112
seed: 1087880346
seed: 1087977387
seed: 1088058173
seed: 1087877248
seed: 1087139052
seed: 1086507131
seed: 1087268326
seed: 1086882134
seed: 1086921980
seed: 1087346623
seed: 1086379481
seed: 1085427845
seed: 1085656073
seed: 1086089816
seed: 1086031160
seed: 1085874312
seed: 1085390535
seed: 1085487534
seed: 1086223668
seed: 1084551371
seed: 1085042419
seed: 1084672419
seed: 1084302641
seed: 1084261005
seed: 1084694037
seed: 1085118764
seed: 1084544879
seed: 1084117744
seed: 1083428328
seed: 1083222376
seed: 1083803313
seed: 1083908721
seed: 1083997589
seed: 1083522035
seed: 1083340452
seed: 1082192602
seed: 1082683615
seed: 1082838109
seed: 1082599208
seed: 1082933936
seed: 1082466515
seed: 1083153330
seed: 1081546590
seed: 1081758857
seed: 1081724861
seed: 1081125733
seed: 1081313510
seed: 1081418643
seed: 1081900831
seed: 1081866883
seed: 1080981710
seed: 1080095635
seed: 1080274924
seed: 1081003198
seed: 1080371224
seed: 1080837015
seed: 1080500672
seed: 1080139099
seed: 1079056422
seed: 1079415776
seed: 1079759209
seed: 1079290922
seed: 1079920515
seed: 1079190827
seed: 1079017609
seed: 1079639135
seed: 1078622605
seed: 1078785352
seed: 1078309012
seed: 1078070198
seed: 1078405438
seed: 1078478078
seed: 1078648956
seed: 1078435206
seed: 1077876913
seed: 1077056744
seed: 1077793402
seed: 1077194236
seed: 1077561693
seed: 1077535756
seed: 1076920705
seed: 1076100448
seed: 1076213971
seed: 1076688449
seed: 1076605418
seed: 1076759717
seed: 1075915462
seed: 1075856806
seed: 1076814080
seed: 1075141685
seed: 1075649141
seed: 1075221771
seed: 1074794553
seed: 1074835062
seed: 1075202546
seed: 1075570017
seed: 1075085968
seed: 1074658855
seed: 1073985948
seed: 1073755455
seed: 1074377520
seed: 1074400986
seed: 1074588039
seed: 1074022144
seed: 1073930955
seed: 1106730598
seed: 1107237830
seed: 1106941803
seed: 1106776590
seed: 1106292638
seed: 1106397980
seed: 1107158708
seed: 1105674796
seed: 1105985417
seed: 1105836883
seed: 1105213097
seed: 1105442031
seed: 1105596303
seed: 1106045723
seed: 1105480044
seed: 1105126407
seed: 1104240550
seed: 1104305004
seed: 1105107143
seed: 1104417682
seed: 1105063712
seed: 1104563337
seed: 1104406557
seed: 1103184852
seed: 1103749389
seed: 1103871158
seed: 1103378517
seed: 1104081797
seed: 1103245779
seed: 1103162535
seed: 1103693863
seed: 1102767735
seed: 1103053107
seed: 1102470329
seed: 1102223903
seed: 1102321129
seed: 1103073416
seed: 1102646310
seed: 1101654650
seed: 1102005546
seed: 1101177012
seed: 1101905452
seed: 1101281766
seed: 1101722927
seed: 1101410980
seed: 1101065617
seed: 1100155197
seed: 1100326120
seed: 1100825215
seed: 1100635439
seed: 1100994803
seed: 1099962091
seed: 1100059035
seed: 1100942705
seed: 1099688671
seed: 1099777617
seed: 1099342331
seed: 1098972298
seed: 1098922728
seed: 1099363877
seed: 1099657498
seed: 1099231040
seed: 1098713609
seed: 1098098175
seed: 1098859282
seed: 1098276520
seed: 1098504826
seed: 1098601746
seed: 1098355568
seed: 1097666086
seed: 1097116137
seed: 1097811781
seed: 1097507555
seed: 1097399737
seed: 1096825796
seed: 1097004822
seed: 1097691880
seed: 1096265119
seed: 1096485643
seed: 1096394440
seed: 1095762558
seed: 1095917525
seed: 1096276837
seed: 1096635990
seed: 1096127411
seed: 1095700321
seed: 1094756877
seed: 1094845902
seed: 1095672644
seed: 1095040720
seed: 1095596423
seed: 1095169945
seed: 1094939452
seed: 1093775065
seed: 1094257694
seed: 1094428603
seed: 1093927787
seed: 1094622740
seed: 1094048918
seed: 1093883816
seed: 1093063228
seed: 1093210355
seed: 1093184326
seed: 1093011367
seed: 1092789292
seed: 1092927662
seed: 1093630783
seed: 1093285865
seed: 1092187200
seed: 1092595849
seed: 1091750893
seed: 1092462709
seed: 1091830962
seed: 1092263742
seed: 1092082786
seed: 1091655911
seed: 1090704233
seed: 1091030966
seed: 1091349598
seed: 1091176602
seed: 1091527617
seed: 1090568297
seed: 1090616521
seed: 1091451056
seed: 1123775786
seed: 1123922314
seed: 1123470565
seed: 1123247911
seed: 1123026379
seed: 1123115094
seed: 1123556488
seed: 1122720000
seed: 1122948139
seed: 1122357440
seed: 1122807455
seed: 1122372002
seed: 1122591794
seed: 1122500767
seed: 1122467163
seed: 1121073411
seed: 1121236040
seed: 1121956586
seed: 1121635696
seed: 1121544590
seed: 1120929326
seed: 1121149571
seed: 1121721827
seed: 1120245829
seed: 1120589527
seed: 1120391485
seed: 1119972431
seed: 1120012826
seed: 1120363871
seed: 1120666079
seed: 1120239159
seed: 1119762959
seed: 1118877018
seed: 1118925245
seed: 1119800923
seed: 1119578809
seed: 1119733221
seed: 1119183470
seed: 1118576332
seed: 1118018047
seed: 1118754405
seed: 1118425812
seed: 1118530825
seed: 1118751129
seed: 1118135881
seed: 1118568802
seed: 1117175218
seed: 1117404085
seed: 1117304338
seed: 1117221181
seed: 1116917742
seed: 1117088312
seed: 1117767304
seed: 1117495579
seed: 1116217291
seed: 1115789916
seed: 1115887281
seed: 1116722029
seed: 1116041111
seed: 1116392184
seed: 1116170103
seed: 1115685868
seed: 1114816068
seed: 1115126514
seed: 1115469982
seed: 1114993618
seed: 1115655737
seed: 1114860792
seed: 1114752856
seed: 1113694842
seed: 1114112031
seed: 1114348371
seed: 1113921141
seed: 1114411522
seed: 1113805046
seed: 1114557250
seed: 1114122182
seed: 1113064842
seed: 1113497816
seed: 1112898702
seed: 1113373023
seed: 1113027999
seed: 1113190642
seed: 1113074491
seed: 1113049543
seed: 1111729238
seed: 1111834861
seed: 1112382798
seed: 1112218078
seed: 1112052770
seed: 1111577115
seed: 1111674218
seed: 1112287662
seed: 1110787207
seed: 1111138571
seed: 1110932881
seed: 1110571246
seed: 1110537538
seed: 1110962665
seed: 1111239732
seed: 1110821523
seed: 1110287838
seed: 1109868591
seed: 1109580945
seed: 1109465345
seed: 1109956009
seed: 1110053307
seed: 1109839401
seed: 1109141830
seed: 1108559251
seed: 1109303915
seed: 1108966732
seed: 1109129711
seed: 1109275682
seed: 1108734708
seed: 1109142986
seed: 1107724715
seed: 1108059699
seed: 1107903137
seed: 1107746096
seed: 1107499912
seed: 1107597007
seed: 1108218051
seed: 1108052742
seed: 1140337045
seed: 1139885266
seed: 1140064090
seed: 1140817389
seed: 1140193352
seed: 1140470924
seed: 1140322654
seed: 1139813863
seed: 1138919463
seed: 1138811742
seed: 1139753316
seed: 1139465662
seed: 1139562539
seed: 1139054238
seed: 1138889388
seed: 1137806798
seed: 1138240421
seed: 1138443921
seed: 1138090299
seed: 1138539623
seed: 1137965627
seed: 1138636148
seed: 1138274714
seed: 1137192462
seed: 1137609384
seed: 1136977396
seed: 1137525328
seed: 1137106680
seed: 1137203476
seed: 1137268205
seed: 1137054715
seed: 1135840822
seed: 1135929985
seed: 1136478056
seed: 1136386981
seed: 1136180955
seed: 1135737669
seed: 1135753186
seed: 1136440029
seed: 1134947641
seed: 1135250365
seed: 1134880361
seed: 1135575385
seed: 1134747595
seed: 1134582336
seed: 1135564456
seed: 1134170909
seed: 1134399099
seed: 1133832462
seed: 1133675830
seed: 1133634455
seed: 1134083584
seed: 1134246265
seed: 1133917957
seed: 1133294498
seed: 1132719855
seed: 1133415247
seed: 1133045523
seed: 1133085607
seed: 1133453054
seed: 1132747942
seed: 1133336520
seed: 1131860599
seed: 1132171434
seed: 1131997965
seed: 1131841491
seed: 1131668579
seed: 1131692229
seed: 1132280728
seed: 1132197385
seed: 1130935448
seed: 1130491714
seed: 1130514978
seed: 1130424784
seed: 1130857610
seed: 1131224852
seed: 1130651050
seed: 1130321948
seed: 1129501944
seed: 1129336669
seed: 1129901466
seed: 1130006538
seed: 1130177742
seed: 1129595249
seed: 1129528714
seed: 1128396823
seed: 1128838911
seed: 1129050501
seed: 1128680546
seed: 1129130162
seed: 1128629547
seed: 1129259500
seed: 1128832177
seed: 1127832290
seed: 1128191330
seed: 1127501884
seed: 1128066741
seed: 1127647547
seed: 1127949766
seed: 1127841939
seed: 1127300743
seed: 1126431082
seed: 1126462472
seed: 1127084652
seed: 1126845757
seed: 1126902172
seed: 1126663715
seed: 1126245119
seed: 1125162381
seed: 1125521509
seed: 1125832272
seed: 1125404939
seed: 1126149571
seed: 1125288507
seed: 1125197489
seed: 1126138157
seed: 1124810558
seed: 1124989836
seed: 1124365916
seed: 1124250335
seed: 1124487034
seed: 1124674500
seed: 1124779667
seed: 1124541213
seed: 1560059900
seed: 1559370322
seed: 1560205487
seed: 1559778094
seed: 1559867381
seed: 1560267408
seed: 1559439594
seed: 1560118246
seed: 1558609452
seed: 1558969455
seed: 1558738736
seed: 1558623118
seed: 1558344188
seed: 1558391986
seed: 1559152440
seed: 1557423086
seed: 1557954646
seed: 1557535946
seed: 1557239721
seed: 1557157292
seed: 1557647370
seed: 1558039353
seed: 1557473727
seed: 1557103722
seed: 1556242641
seed: 1556134844
seed: 1556642270
seed: 1556788300
seed: 1556942631
seed: 1556426080
seed: 1556269101
seed: 1555064002
seed: 1555595528
seed: 1555701217
seed: 1555535942
seed: 1555895458
seed: 1555419503
seed: 1556073928
seed: 1555589190
seed: 1554613959
seed: 1554932221
seed: 1554300091
seed: 1554807088
seed: 1554429356
seed: 1554722859
seed: 1554672839
seed: 1553910527
seed: 1552967034
seed: 1553186914
seed: 1553866429
seed: 1553308037
seed: 1553667507
seed: 1553453589
seed: 1553059501
seed: 1551919408
seed: 1552336333
seed: 1552572965
seed: 1552203428
seed: 1552890173
seed: 1552070562
seed: 1551970934
seed: 1552837888
seed: 1551551736
seed: 1551656924
seed: 1551221371
seed: 1551031566
seed: 1551342461
seed: 1551439437
seed: 1551536833
seed: 1551355666
seed: 1550609382
seed: 1549977153
seed: 1550738618
seed: 1550368691
seed: 1550400064
seed: 1550743234
seed: 1550005019
seed: 1548906429
seed: 1549077470
seed: 1549559908
seed: 1549517588
seed: 1549721569
seed: 1548852348
seed: 1548949299
seed: 1549702084
seed: 1548029538
seed: 1548512445
seed: 1548142430
seed: 1547805207
seed: 1547730944
seed: 1548172518
seed: 1548384186
seed: 1548039666
seed: 1547595899
seed: 1546849110
seed: 1546692530
seed: 1547290100
seed: 1547378887
seed: 1547459480
seed: 1546983907
seed: 1546818731
seed: 1546063730
seed: 1546153399
seed: 1546307652
seed: 1546101958
seed: 1546420048
seed: 1545944515
seed: 1546549317
seed: 1546187564
seed: 1545236870
seed: 1545145364
seed: 1544595637
seed: 1544799992
seed: 1544888685
seed: 1545362924
seed: 1545328888
seed: 1544459971
seed: 1543573920
seed: 1543745019
seed: 1544473214
seed: 1543874297
seed: 1544307075
seed: 1543978980
seed: 1543666396
seed: 1576072550
seed: 1576448491
seed: 1576734314
seed: 1576315170
seed: 1576928754
seed: 1576215159
seed: 1576033996
seed: 1576655259
seed: 1575655287
seed: 1575948844
seed: 1575333588
seed: 1575094662
seed: 1575462407
seed: 1575502512
seed: 1575681322
seed: 1575385960
seed: 1574762445
seed: 1574089339
seed: 1574826207
seed: 1574218534
seed: 1574569922
seed: 1574560359
seed: 1573936925
seed: 1573116892
seed: 1573213705
seed: 1573721199
seed: 1573621989
seed: 1573784542
seed: 1572973117
seed: 1572882212
seed: 1573846238
seed: 1572503114
seed: 1572666326
seed: 1572255556
seed: 1571835007
seed: 1571860080
seed: 1572211618
seed: 1572595551
seed: 1572094637
seed: 1571676153
seed: 1570986876
seed: 1571755749
seed: 1571394151
seed: 1571426238
seed: 1571611840
seed: 1571047067
seed: 1570955827
seed: 1570193258
seed: 1570306320
seed: 1570420328
seed: 1570255371
seed: 1569762786
seed: 1569851718
seed: 1570629339
seed: 1569128986
seed: 1569447245
seed: 1569282787
seed: 1568691783
seed: 1568903650
seed: 1569066336
seed: 1569516211
seed: 1568949310
seed: 1568596464
seed: 1567702351
seed: 1567865521
seed: 1568584709
seed: 1567895968
seed: 1568534210
seed: 1568016494
seed: 1567876521
seed: 1566638819
seed: 1567218806
seed: 1567316448
seed: 1566856602
seed: 1567543612
seed: 1566706831
seed: 1566632330
seed: 1567163659
seed: 1566238501
seed: 1566522586
seed: 1565898801
seed: 1565703120
seed: 1565800221
seed: 1566567502
seed: 1566132718
seed: 1565125494
seed: 1565458597
seed: 1564646892
seed: 1565351818
seed: 1564760917
seed: 1565184160
seed: 1564873337
seed: 1564536794
seed: 1563626245
seed: 1563795563
seed: 1564295721
seed: 1564196679
seed: 1564472455
seed: 1563440658
seed: 1563554731
seed: 1564430122
seed: 1563159236
seed: 1563231785
seed: 1562813299
seed: 1562384598
seed: 1562401508
seed: 1562826288
seed: 1563120549
seed: 1562701132
seed: 1562184330
seed: 1561568777
seed: 1562329498
seed: 1561967916
seed: 1561983629
seed: 1562081260
seed: 1561850251
seed: 1561152863
seed: 1560586925
seed: 1561265182
seed: 1560977738
seed: 1560813250
seed: 1560303726
seed: 1560466930
seed: 1561153860
seed: 1593061073
seed: 1593509991
seed: 1593419261
seed: 1592787239
seed: 1593031930
seed: 1593309219
seed: 1593668956
seed: 1593177865
seed: 1592741076
seed: 1591781872
seed: 1591854419
seed: 1592697084
seed: 1592007741
seed: 1592629575
seed: 1592187764
seed: 1591955639
seed: 1590701104
seed: 1591283586
seed: 1591454589
seed: 1590952138
seed: 1591573616
seed: 1591082958
seed: 1590917994
seed: 1590046859
seed: 1590260290
seed: 1590210515
seed: 1590151973
seed: 1589814953
seed: 1589904326
seed: 1590665048
seed: 1590301866
seed: 1589204934
seed: 1589629777
seed: 1588775132
seed: 1589488238
seed: 1588856354
seed: 1589339002
seed: 1589116573
seed: 1588689447
seed: 1587689284
seed: 1588038815
seed: 1588375152
seed: 1587923841
seed: 1588553478
seed: 1587544825
seed: 1587650169
seed: 1588468275
seed: 1587238309
seed: 1587401005
seed: 1586941513
seed: 1586719683
seed: 1586496959
seed: 1587110598
seed: 1587035737
seed: 1586198995
seed: 1586377988
seed: 1585820321
seed: 1586277481
seed: 1585957344
seed: 1586062644
seed: 1586020943
seed: 1585945610
seed: 1584536030
seed: 1584698740
seed: 1585434837
seed: 1585106029
seed: 1585015129
seed: 1584401206
seed: 1584619610
seed: 1585200637
seed: 1583724833
seed: 1584018684
seed: 1583853689
seed: 1583443392
seed: 1583468454
seed: 1583834334
seed: 1584185394
seed: 1583702962
seed: 1583225075
seed: 1582339094
seed: 1582371229
seed: 1583272771
seed: 1583048846
seed: 1583203838
seed: 1582655434
seed: 1582039825
seed: 1581496389
seed: 1582185058
seed: 1581889461
seed: 1582003020
seed: 1582205130
seed: 1581607507
seed: 1582090187
seed: 1580639001
seed: 1580867276
seed: 1580767919
seed: 1580668886
seed: 1580388672
seed: 1580560098
seed: 1581238790
seed: 1580869582
seed: 1579680083
seed: 1579269796
seed: 1579383760
seed: 1580184974
seed: 1579512075
seed: 1579847256
seed: 1579641295
seed: 1579205991
seed: 1578279611
seed: 1578590144
seed: 1578932676
seed: 1578440037
seed: 1579127530
seed: 1578331204
seed: 1578224031
seed: 1579033857
seed: 1577582748
seed: 1577827752
seed: 1577417081
seed: 1577907725
seed: 1577284005
seed: 1578012156
seed: 1577593575
seed: 1610138654
seed: 1610523111
seed: 1609916082
seed: 1610389695
seed: 1610028129
seed: 1610191359
seed: 1610100084
seed: 1610074252
seed: 1608655987
seed: 1608860149
seed: 1609409364
seed: 1609267411
terminals started...
driver is exiting normally
