output_base: ../report-unmodified/
Started on:   Mi 19. Feb 05:56:11 CET 2014
Expected end: Mi 19. Feb 05:59:11 CET 2014
RUNNING TEST: ./scripts/run_mysql.sh 		--connections 500 		--time 180 		--warehouses 1 		--output-base ../report-unmodified/
Waiting for 225 seconds to profile
************************************************************************
*                     DBT2 test for MySQL  started                     *
*                                                                      *
*            Results can be found in output/106 directory               *
************************************************************************
*                                                                      *
*  Test consists of 4 stages:                                          *
*                                                                      *
*  1. Start of client to create pool of databases connections          *
*  2. Start of driver to emulate terminals and transactions generation *
*  3. Test                                                             *
*  4. Processing of results                                            *
*                                                                      *
************************************************************************

DATABASE NAME:                dbt2
DATABASE USER:                root
CLIENT PORT:                  30000
DATABASE HOST:                127.0.0.1
DATABASE PORT:                3306
DATABASE CONNECTIONS:         500
TERMINAL THREADS:             10
SCALE FACTOR(WAREHOUSES):     1
FIRST WAREHOUSE:              1
LAST WAREHOUSE:               1
SPREAD                        1
TERMINALS PER WAREHOUSE:      10
DURATION OF TEST(in sec):     180
SLEEPY in (msec)              300
ZERO DELAYS MODE:             


Stage 1. Starting up client...
STARTING CLIENT CONNECTIONS:   /home/htmsql/develop/mysql/dbt2-0.37.50.3/src/client  -u root -l 3306 -p 30000 -h 127.0.0.1 -d dbt2 -c 500 -s 300 -o ../report-unmodified//106/client -f
Delay for each thread - 300 msec. Will sleep for 151 sec to start 500 database connections
Number of threads = 10
WARMUPTIME = 7
Sleepytime = 207

Stage 2. Starting up driver...
Delay for each thread - 300 msec. Will sleep for 7 sec to start 10 terminal threads

Stage 3. Starting of the test. Duration of the test 180 sec
STARTING DRIVER COMMAND:   /home/htmsql/develop/mysql/dbt2-0.37.50.3/src/driver -d 127.0.0.1 -l 180 -wmin 1 -wmax 1 -spread 1 -w 1 -sleep 300 -tpw 10 -outdir ../report-unmodified//106/driver -p 30000 -warmup 0 -cooldown 20 -intermediate_timer_resolution 0 
PROFILING PERF: perf stat -T -p 17638 sleep 175 &>../report-unmodified//106//perf.txt
Shutdown clients. Send TERM signal to 17757.
Shutdown driver. Send TERM signal to 18764.

Stage 4. Processing of results...
                         Response Time (s)
 Transaction      %    Average :    90th %        Total        Rollbacks      %
------------  -----  ---------------------  -----------  ---------------  -----
    Delivery   0.00          N/A                      0                0  100.00
   New Order   0.00          N/A                      0                0  100.00
Order Status   0.00          N/A                      0                0  100.00
     Payment   0.00          N/A                      0                0  100.00
 Stock Level   0.00          N/A                      0                0  100.00
current_time == start_time --> NOTPM=0
0.00 new-order transactions per minute (NOTPM)
0.0 minute duration
0 total unknown errors
0.00 rollback transactions
0 second(s) ramping up

./scripts/run_mysql.sh: line 633: 17757 Killed                  nohup $CLIENT_COMMAND > $OUTPUT_DIR/client.out 2>&1
./scripts/run_mysql.sh: line 633: 18764 Killed                  nohup $DRIVER_COMMAND > $OUTPUT_DIR/driver.out 2>&1
Test completed.
./scripts/run_mysql.sh: line 634: bs_top_srcdir/scripts/mix_analyzer.pl: No such file or directory
./scripts/run_mysql.sh: line 637: syntax error near unexpected token `fi'
./scripts/run_mysql.sh: line 637: `fi'
Test completed.
Error executing script
Killing PERF
mv: cannot move ‘../report-unmodified//stdout.log’ to ‘/stdout.log’: Permission denied
./run_and_analyze.sh: line 75: 17734 Terminated              profile
output_base: ../report-unmodified/
Started on:   Mi 19. Feb 06:04:21 CET 2014
Expected end: Mi 19. Feb 06:07:21 CET 2014
RUNNING TEST: ./scripts/run_mysql.sh 		--connections 500 		--time 180 		--warehouses 1 		--output-base ../report-unmodified/
Waiting for 225 seconds to profile
************************************************************************
*                     DBT2 test for MySQL  started                     *
*                                                                      *
*            Results can be found in output/107 directory               *
************************************************************************
*                                                                      *
*  Test consists of 4 stages:                                          *
*                                                                      *
*  1. Start of client to create pool of databases connections          *
*  2. Start of driver to emulate terminals and transactions generation *
*  3. Test                                                             *
*  4. Processing of results                                            *
*                                                                      *
************************************************************************

DATABASE NAME:                dbt2
DATABASE USER:                root
CLIENT PORT:                  30000
DATABASE HOST:                127.0.0.1
DATABASE PORT:                3306
DATABASE CONNECTIONS:         500
TERMINAL THREADS:             10
SCALE FACTOR(WAREHOUSES):     1
FIRST WAREHOUSE:              1
LAST WAREHOUSE:               1
SPREAD                        1
TERMINALS PER WAREHOUSE:      10
DURATION OF TEST(in sec):     180
SLEEPY in (msec)              300
ZERO DELAYS MODE:             


Stage 1. Starting up client...
STARTING CLIENT CONNECTIONS:   /home/htmsql/develop/mysql/dbt2-0.37.50.3/src/client  -u root -l 3306 -p 30000 -h 127.0.0.1 -d dbt2 -c 500 -s 300 -o ../report-unmodified//107_20140219_0604-c_500-w_1/client -f
Delay for each thread - 300 msec. Will sleep for 151 sec to start 500 database connections
Number of threads = 10
WARMUPTIME = 7
Sleepytime = 207

Stage 2. Starting up driver...
Delay for each thread - 300 msec. Will sleep for 7 sec to start 10 terminal threads

Stage 3. Starting of the test. Duration of the test 180 sec
STARTING DRIVER COMMAND:   /home/htmsql/develop/mysql/dbt2-0.37.50.3/src/driver -d 127.0.0.1 -l 180 -wmin 1 -wmax 1 -spread 1 -w 1 -sleep 300 -tpw 10 -outdir ../report-unmodified//107_20140219_0604-c_500-w_1/driver -p 30000 -warmup 0 -cooldown 20 -intermediate_timer_resolution 0 
PROFILING PERF: perf stat -T -p 17638 sleep 175 &>../report-unmodified//107_20140219_0604-c_500-w_1//perf.txt
Shutdown clients. Send TERM signal to 18981.
Waiting for driver (pid 20021)
./scripts/run_mysql.sh: line 623: 18981 Killed                  nohup $CLIENT_COMMAND > $OUTPUT_DIR/client.out 2>&1

Stage 4. Processing of results...
Use of uninitialized value in addition (+) at /home/htmsql/develop/mysql/dbt2-0.37.50.3/scripts/mix_analyzer.pl line 309.
Use of uninitialized value in addition (+) at /home/htmsql/develop/mysql/dbt2-0.37.50.3/scripts/mix_analyzer.pl line 327.
Use of uninitialized value in addition (+) at /home/htmsql/develop/mysql/dbt2-0.37.50.3/scripts/mix_analyzer.pl line 345.
                         Response Time (s)
 Transaction      %    Average :    90th %        Total        Rollbacks      %
------------  -----  ---------------------  -----------  ---------------  -----
    Delivery   2.15      0.011 :     0.006            2                0   0.00
   New Order  40.86      0.014 :     0.026           38                0   0.00
Order Status   2.15      0.004 :     0.003            2                0   0.00
     Payment  46.24      0.004 :     0.004           43                0   0.00
 Stock Level   8.60      0.003 :     0.002            8                0   0.00

13.03 new-order transactions per minute (NOTPM)
2.9 minute duration
0 total unknown errors
0.00 rollback transactions
0 second(s) ramping up

Test completed.
./run_and_analyze.sh: line 164: unexpected EOF while looking for matching `"'
./run_and_analyze.sh: line 167: syntax error: unexpected end of file
output_base: ../report-unmodified/
Started on:   Do 20. Feb 01:38:58 CET 2014
Expected end: Do 20. Feb 01:39:58 CET 2014
RUNNING TEST: ./scripts/run_mysql.sh 		--connections 100 		--time 60 		--warehouses 300 		--output-base ../report-unmodified/
Waiting for 31 sec before profiling
************************************************************************
*                     DBT2 test for MySQL  started                     *
*                                                                      *
*            Results can be found in output/109 directory               *
************************************************************************
*                                                                      *
*  Test consists of 4 stages:                                          *
*                                                                      *
*  1. Start of client to create pool of databases connections          *
*  2. Start of driver to emulate terminals and transactions generation *
*  3. Test                                                             *
*  4. Processing of results                                            *
*                                                                      *
************************************************************************

DATABASE NAME:                dbt2
DATABASE USER:                root
CLIENT PORT:                  30000
DATABASE HOST:                127.0.0.1
DATABASE PORT:                3306
DATABASE CONNECTIONS:         100
TERMINAL THREADS:             3000
SCALE FACTOR(WAREHOUSES):     300
FIRST WAREHOUSE:              1
LAST WAREHOUSE:               300
SPREAD                        1
TERMINALS PER WAREHOUSE:      10
DURATION OF TEST(in sec):     60
SLEEPY in (msec)              300
ZERO DELAYS MODE:             


Stage 1. Starting up client...
STARTING CLIENT CONNECTIONS:   /home/htmsql/develop/mysql/dbt2-0.37.50.3/src/client  -u root -l 3306 -p 30000 -h 127.0.0.1 -d dbt2 -c 100 -s 300 -o ../report-unmodified//109_20140220_0138-c_100-w_300/client -f
Delay for each thread - 300 msec. Will sleep for 31 sec to start 100 database connections
PROFILING PERF: perf stat -T -p 14389 sleep 55 &>../report-unmodified//109_20140220_0138-c_100-w_300//perf.txt
Number of threads = 3000
WARMUPTIME = 904
Sleepytime = 984

Stage 2. Starting up driver...
Delay for each thread - 300 msec. Will sleep for 904 sec to start 3000 terminal threads

Stage 3. Starting of the test. Duration of the test 60 sec
STARTING DRIVER COMMAND:   /home/htmsql/develop/mysql/dbt2-0.37.50.3/src/driver -d 127.0.0.1 -l 60 -wmin 1 -wmax 300 -spread 1 -w 300 -sleep 300 -tpw 10 -outdir ../report-unmodified//109_20140220_0138-c_100-w_300/driver -p 30000 -warmup 0 -cooldown 20 -intermediate_timer_resolution 0 
Shutdown clients. Send TERM signal to 14605.
Waiting for driver (pid 14816)
./scripts/run_mysql.sh: line 623: 14605 Killed                  nohup $CLIENT_COMMAND > $OUTPUT_DIR/client.out 2>&1

Stage 4. Processing of results...
                         Response Time (s)
 Transaction      %    Average :    90th %        Total        Rollbacks      %
------------  -----  ---------------------  -----------  ---------------  -----
    Delivery   3.59      0.002 :     0.002          304                0   0.00
   New Order  43.05      0.007 :     0.010         3645             3518  96.52
Order Status   3.41      0.002 :     0.002          289                0   0.00
     Payment  39.80      0.002 :     0.002         3370                0   0.00
 Stock Level   3.86      0.001 :     0.001          327                0   0.00

129.15 new-order transactions per minute (NOTPM)
1.0 minute duration
0 total unknown errors
3518.00 rollback transactions
3 second(s) ramping up

Test completed.
ANALYZING RESULTS: python dbttools/bin/dbt2-generate-report 	--dbms mysql 	--i ../report-unmodified//109_20140220_0138-c_100-w_300/
Fehler in matrix(unlist(value, recursive = FALSE, use.names = FALSE), nrow = nr,  : 
  negative Matrix-Ausdehnung
Traceback (most recent call last):
  File "./dbttools/bin/dbt2-plot-transaction-rate", line 89, in <module>
    isubset = r.subset(isubset, isubset.rx('V1').ro < iend)
  File "/usr/local/lib/python2.7/dist-packages/rpy2/robjects/vectors.py", line 169, in __lt__
    res = globalenv_ri.get("<")(self._parent, conversion.py2ri(x))
rpy2.rinterface.RRuntimeError: Fehler in matrix(unlist(value, recursive = FALSE, use.names = FALSE), nrow = nr,  : 
  negative Matrix-Ausdehnung

Output flag not set - setting output=input
Generating mpstat, iostat, and vmstat charts for driver systems...
Moving on to database system stats...
Generating transaction distribution charts...
Generating mpstat charts...
Generating iostat charts...
Generating vmstat charts...
Generating transaction rate charts...
Generating database statistics charts...
