
database table cardinalities:
warehouses = 4
districts = 10
customers = 3000
items = 100000
orders = 3000
stock = 100000
new-orders = 900

transaction mix:
new-order mix 0.45
payment mix 0.43
order-status mix 0.04
delivery mix 0.04
stock-level mix 0.04

transaction thresholds:
new-order threshold 0.45
payment threshold 0.88
order-status threshold 0.92
delivery threshold 0.96
stock-level threshold 1.00

delivery keying time 2 s
new_order keying time 18 s
order-status keying time 2 s
payment keying time 3 s
stock-level keying time 2 s

delivery thinking time 5000 ms
new_order thinking time 12000 ms
order-status thinking time 10000 ms
payment thinking time 12000 ms
stock-level thinking time 5000 ms

w_id range 1 to 4

10 terminals per warehouse

180 second steady state duration

driver is starting to ramp up at time 1392864803
driver will ramp up in  9 seconds
will stop test at time 1392865012
seed: 2027541140
seed: 2027443776
seed: 2027346178
seed: 2027134592
seed: 2027233809
seed: 2027849166
seed: 2027448502
seed: 2026425917
seed: 2026795517
seed: 2026091707
seed: 2026666536
seed: 2026192341
seed: 2026619036
seed: 2026317316
seed: 2014054807
seed: 2013785424
seed: 2013335761
seed: 2013386298
seed: 2013747675
seed: 2013945133
seed: 2013635288
seed: 2046559644
seed: 2045962576
seed: 2046709462
seed: 2046357909
seed: 2046506314
seed: 2046671100
seed: 2046082593
seed: 2045919715
seed: 2045240475
seed: 2045250072
seed: 2045373875
seed: 2045186337
seed: 2044974812
seed: 2045073814
seed: 2045664566
seed: 2045305022
seed: 2044200451
seed: 2044652022
seed: 2043874477
terminals started...
driver is exiting normally
