Wed Feb 26 05:53:38 2014
tid:-1866279168 /home/htmsql/develop/mysql/dbt2++/dbt2/src/db.c:186
Cannot execute_credit_check since the code does not exist
Wed Feb 26 05:53:38 2014
tid:-1866279168 /home/htmsql/develop/mysql/dbt2++/dbt2/src/mysql/dbc_common.c:97
ROLLBACK INITIATED

Wed Feb 26 05:53:47 2014
tid:-1866545408 /home/htmsql/develop/mysql/dbt2++/dbt2/src/db.c:186
Cannot execute_credit_check since the code does not exist
Wed Feb 26 05:53:52 2014
tid:-1866811648 /home/htmsql/develop/mysql/dbt2++/dbt2/src/db.c:186
Cannot execute_credit_check since the code does not exist
Wed Feb 26 05:54:18 2014
tid:-1866279168 /home/htmsql/develop/mysql/dbt2++/dbt2/src/db.c:186
Cannot execute_credit_check since the code does not exist
Wed Feb 26 05:54:22 2014
tid:-1866545408 /home/htmsql/develop/mysql/dbt2++/dbt2/src/db.c:186
Cannot execute_credit_check since the code does not exist
Wed Feb 26 05:54:25 2014
tid:-1866279168 /home/htmsql/develop/mysql/dbt2++/dbt2/src/db.c:186
Cannot execute_credit_check since the code does not exist
Wed Feb 26 05:54:32 2014
tid:-1866811648 /home/htmsql/develop/mysql/dbt2++/dbt2/src/db.c:186
Cannot execute_credit_check since the code does not exist
Wed Feb 26 05:54:35 2014
tid:-1867077888 /home/htmsql/develop/mysql/dbt2++/dbt2/src/db.c:186
Cannot execute_credit_check since the code does not exist
Wed Feb 26 05:54:39 2014
tid:-1866811648 /home/htmsql/develop/mysql/dbt2++/dbt2/src/db.c:186
Cannot execute_credit_check since the code does not exist
Wed Feb 26 05:54:49 2014
tid:-1866279168 /home/htmsql/develop/mysql/dbt2++/dbt2/src/db.c:186
Cannot execute_credit_check since the code does not exist
Wed Feb 26 05:54:56 2014
tid:-1867077888 /home/htmsql/develop/mysql/dbt2++/dbt2/src/mysql/dbc_new_order.c:108
NEW_ORDER ROLLBACK RC 1

Wed Feb 26 05:54:56 2014
tid:-1867077888 /home/htmsql/develop/mysql/dbt2++/dbt2/src/mysql/dbc_common.c:97
ROLLBACK INITIATED

Wed Feb 26 05:55:00 2014
tid:-1866811648 /home/htmsql/develop/mysql/dbt2++/dbt2/src/db.c:186
Cannot execute_credit_check since the code does not exist
