connecting to client at 'localhost'
connecting to client port at '30000'

database table cardinalities:
warehouses = 30
districts = 10
customers = 3000
items = 100000
orders = 3000
stock = 100000
new-orders = 900

transaction mix:
new-order mix 0.09
payment mix 0.08
order-status mix 0.38
delivery mix 0.04
stock-level mix 0.38
credit-check mix 0.04

transaction thresholds:
new-order threshold 0.09
payment threshold 0.17
order-status threshold 0.54
delivery threshold 0.58
stock-level threshold 0.96
credit-check threshold 1.00

delivery keying time 2 s
new_order keying time 18 s
order-status keying time 2 s
payment keying time 3 s
stock-level keying time 2 s
credit-check keying time 2 s

delivery thinking time 5000 ms
new_order thinking time 12000 ms
order-status thinking time 10000 ms
payment thinking time 12000 ms
stock-level thinking time 5000 ms
credit-check thinking time 5000 ms

w_id range 1 to 30

10 terminals per warehouse

150 second steady state duration

driver is starting to ramp up at time 1393216837
driver will ramp up in  290 seconds
will stop test at time 1393217277
seed for 1493:e7843700 : 3028678201
seed for 1493:e7822700 : 3028542769
seed for 1493:e7801700 : 3028407313
seed for 1493:e77e0700 : 3028272110
seed for 1493:e77bf700 : 3027907275
seed for 1493:e779e700 : 3027771813
seed for 1493:e777d700 : 3027636371
seed for 1493:e775c700 : 3027501093
seed for 1493:e773b700 : 3027398492
seed for 1493:e771a700 : 3027271205
seed for 1493:e76f9700 : 3027127758
seed for 1493:e76d8700 : 3027000668
seed for 1493:e76b7700 : 3026889819
seed for 1493:e7696700 : 3026762564
seed for 1493:e6b4c700 : 3048544821
seed for 1493:e6b2b700 : 3048433940
seed for 1493:e6b0a700 : 3048306934
seed for 1493:e6ae9700 : 3048163453
seed for 1493:e6ac8700 : 3048036185
seed for 1493:e6aa7700 : 3047925294
seed for 1493:e6a86700 : 3047798214
seed for 1493:e6a65700 : 3047654635
seed for 1493:e6a44700 : 3047527302
seed for 1493:e6a23700 : 3047416646
seed for 1493:e6a02700 : 3047289415
seed for 1493:e69e1700 : 3047145938
seed for 1493:e69c0700 : 3047018638
seed for 1493:e699f700 : 3046645833
seed for 1493:e697e700 : 3046510169
seed for 1493:e695d700 : 3046391510
seed for 1493:e693c700 : 3046256112
seed for 1493:e691b700 : 3046136998
seed for 1493:e68fa700 : 3046001683
seed for 1493:e68d9700 : 3045882669
seed for 1493:e68b8700 : 3045747407
seed for 1493:e6897700 : 3045628302
seed for 1493:e6876700 : 3045493005
seed for 1493:e6855700 : 3045373957
seed for 1493:e6834700 : 3045238554
seed for 1493:e6813700 : 3045119523
seed for 1493:e67f2700 : 3044984245
seed for 1493:e67d1700 : 3044865206
seed for 1493:e67b0700 : 3044729951
seed for 1493:e678f700 : 3044610821
seed for 1493:e676e700 : 3044475434
seed for 1493:e674d700 : 3044356556
seed for 1493:e672c700 : 3044221112
seed for 1493:e670b700 : 3044102158
seed for 1493:e66ea700 : 3043974960
seed for 1493:e66c9700 : 3043847864
seed for 1493:e66a8700 : 3043717136
seed for 1493:e6687700 : 3043593380
seed for 1493:e6666700 : 3043466331
seed for 1493:e6645700 : 3043339086
seed for 1493:e6624700 : 3043211983
seed for 1493:e6603700 : 3043084728
seed for 1493:e65e2700 : 3042957537
seed for 1493:e65c1700 : 3042830386
seed for 1493:e65a0700 : 3042703164
seed for 1493:e657f700 : 3042313765
seed for 1493:e655e700 : 3042186607
seed for 1493:e653d700 : 3042059375
seed for 1493:e651c700 : 3041932099
seed for 1493:e64fb700 : 3041804883
seed for 1493:e64da700 : 3041678012
seed for 1493:e64b9700 : 3041550777
seed for 1493:e6498700 : 3041423515
seed for 1493:e6477700 : 3041329105
seed for 1493:e6456700 : 3041193474
seed for 1493:e6435700 : 3041058539
seed for 1493:e6414700 : 3040923121
seed for 1493:e63f3700 : 3040787668
seed for 1493:e63d2700 : 3040652077
seed for 1493:e63b1700 : 3040516732
seed for 1493:e6390700 : 3040381601
seed for 1493:e636f700 : 3040311389
seed for 1493:e634e700 : 3040176366
seed for 1493:e632d700 : 3040040809
seed for 1493:e630c700 : 3039905716
seed for 1493:e62eb700 : 3039770267
seed for 1493:e62ca700 : 3039634886
seed for 1493:e62a9700 : 3039499709
seed for 1493:e6288700 : 3039364286
seed for 1493:e6267700 : 3039294420
seed for 1493:e6246700 : 3039159009
seed for 1493:e6225700 : 3039023483
seed for 1493:e6204700 : 3038888062
seed for 1493:e61e3700 : 3038752949
seed for 1493:e61c2700 : 3038625749
seed for 1493:e61a1700 : 3038481954
seed for 1493:e6180700 : 3038354788
seed for 1493:e615f700 : 3038014551
seed for 1493:e613e700 : 3037887341
seed for 1493:e611d700 : 3037743743
seed for 1493:e60fc700 : 3037616873
seed for 1493:e60db700 : 3037473070
seed for 1493:e60ba700 : 3037345853
seed for 1493:e6099700 : 3037202275
seed for 1493:e6078700 : 3037075046
100 / 300 threads started...
seed for 1493:e6057700 : 3036997257
seed for 1493:e6036700 : 3036869728
seed for 1493:e6015700 : 3036726138
seed for 1493:e5ff4700 : 3070153614
seed for 1493:e5fd3700 : 3070010083
seed for 1493:e5fb2700 : 3069882866
seed for 1493:e5f91700 : 3069739249
seed for 1493:e5f70700 : 3069620061
seed for 1493:e5f4f700 : 3069534135
seed for 1493:e5f2e700 : 3069398746
seed for 1493:e5f0d700 : 3069279741
seed for 1493:e5eec700 : 3069144288
seed for 1493:e5ecb700 : 3068992345
seed for 1493:e5eaa700 : 3068857220
seed for 1493:e5e89700 : 3068738233
seed for 1493:e5e68700 : 3068602868
seed for 1493:e5e47700 : 3068516426
seed for 1493:e5e26700 : 3068381045
seed for 1493:e5e05700 : 3068262362
seed for 1493:e5de4700 : 3068126943
seed for 1493:e5dc3700 : 3067974940
seed for 1493:e5da2700 : 3067839553
seed for 1493:e5d81700 : 3067720951
seed for 1493:e5d60700 : 3067585519
seed for 1493:e5d3f700 : 3067236910
seed for 1493:e5d1e700 : 3067101523
seed for 1493:e5cfd700 : 3066982422
seed for 1493:e5cdc700 : 3066847369
seed for 1493:e5cbb700 : 3066695551
seed for 1493:e5c9a700 : 3066568269
seed for 1493:e5c79700 : 3066441358
seed for 1493:e5c58700 : 3066314124
seed for 1493:e5c37700 : 3066219598
seed for 1493:e5c16700 : 3066092300
seed for 1493:e5bf5700 : 3065965441
seed for 1493:e5bd4700 : 3065838242
seed for 1493:e5bb3700 : 3065678139
seed for 1493:e5b92700 : 3065551302
seed for 1493:e5b71700 : 3065424008
seed for 1493:e5b50700 : 3065296728
seed for 1493:e5b2f700 : 3065202671
seed for 1493:e5b0e700 : 3065075342
seed for 1493:e5aed700 : 3064948033
seed for 1493:e5acc700 : 3064820736
seed for 1493:e5aab700 : 3064661123
seed for 1493:e5a8a700 : 3064533864
seed for 1493:e5a69700 : 3064406565
seed for 1493:e5a48700 : 3064279342
seed for 1493:e5a27700 : 3064185335
seed for 1493:e5a06700 : 3064058037
seed for 1493:e59e5700 : 3063881621
seed for 1493:e59c4700 : 3063746186
seed for 1493:e59a3700 : 3063643509
seed for 1493:e5982700 : 3063508069
seed for 1493:e5961700 : 3063372616
seed for 1493:e5940700 : 3063237156
seed for 1493:e591f700 : 3062937897
seed for 1493:e58fe700 : 3062802488
seed for 1493:e58dd700 : 3062667353
seed for 1493:e58bc700 : 3062532334
seed for 1493:e589b700 : 3062429672
seed for 1493:e587a700 : 3062294174
seed for 1493:e5859700 : 3062158678
seed for 1493:e5838700 : 3062023639
seed for 1493:e5817700 : 3061855459
seed for 1493:e57f6700 : 3061720030
seed for 1493:e57d5700 : 3061584621
seed for 1493:e57b4700 : 3061449045
seed for 1493:e5793700 : 3061346368
seed for 1493:e5772700 : 3061219195
seed for 1493:e5751700 : 3061075466
seed for 1493:e5730700 : 3060948230
seed for 1493:e570f700 : 3060903391
seed for 1493:e56ee700 : 3060776178
seed for 1493:e56cd700 : 3060632552
seed for 1493:e56ac700 : 3060505230
seed for 1493:e568b700 : 3060394306
seed for 1493:e566a700 : 3060267062
seed for 1493:e5649700 : 3060123876
seed for 1493:e5628700 : 3059996586
seed for 1493:e5607700 : 3059820140
seed for 1493:e55e6700 : 3059693266
seed for 1493:e55c5700 : 3059549521
seed for 1493:e55a4700 : 3059422236
seed for 1493:e5583700 : 3059311814
seed for 1493:e5562700 : 3059184526
seed for 1493:e5541700 : 3059040841
seed for 1493:e5520700 : 3058914038
seed for 1493:e54ff700 : 3058606670
seed for 1493:e54de700 : 3058480006
seed for 1493:e54bd700 : 3058336545
seed for 1493:e549c700 : 3058216056
seed for 1493:e547b700 : 3058097498
seed for 1493:e545a700 : 3057962611
seed for 1493:e5439700 : 3057844154
seed for 1493:e5418700 : 3057707182
seed for 1493:e53f7700 : 3057523025
seed for 1493:e53d6700 : 3057388177
seed for 1493:e53b5700 : 3057269741
seed for 1493:e5394700 : 3057132788
200 / 300 threads started...
seed for 1493:e5373700 : 3057014212
seed for 1493:e5352700 : 3056879352
seed for 1493:e5331700 : 3056760772
seed for 1493:e5310700 : 3056623837
seed for 1493:e52ef700 : 3056570829
seed for 1493:e52ce700 : 3056435471
seed for 1493:e52ad700 : 3056317020
seed for 1493:e528c700 : 3056182202
seed for 1493:e526b700 : 3056061580
seed for 1493:e524a700 : 3055934864
seed for 1493:e5229700 : 3055807802
seed for 1493:e5208700 : 3055681057
seed for 1493:e51e7700 : 3055488770
seed for 1493:e51c6700 : 3055360011
seed for 1493:e51a5700 : 3055233462
seed for 1493:e5184700 : 3055106723
seed for 1493:e5163700 : 3054979985
seed for 1493:e5142700 : 3054851291
seed for 1493:e5121700 : 3054724103
seed for 1493:e5100700 : 3054597531
seed for 1493:e50df700 : 3054274293
seed for 1493:e50be700 : 3054147165
seed for 1493:e509d700 : 3054020477
seed for 1493:e507c700 : 3053891705
seed for 1493:e505b700 : 3053765109
seed for 1493:e503a700 : 3053638060
seed for 1493:e5019700 : 3053510922
seed for 1493:e4ff8700 : 3086938702
seed for 1493:e4fd7700 : 3086746499
seed for 1493:e4fb6700 : 3086642425
seed for 1493:e4f95700 : 3086507181
seed for 1493:e4f74700 : 3086371897
seed for 1493:e4f53700 : 3086237033
seed for 1493:e4f32700 : 3086102515
seed for 1493:e4f11700 : 3085967261
seed for 1493:e4ef0700 : 3085830325
seed for 1493:e4ecf700 : 3085826557
seed for 1493:e4eae700 : 3085691625
seed for 1493:e4e8d700 : 3085556295
seed for 1493:e4e6c700 : 3085421422
seed for 1493:e4e4b700 : 3085284473
seed for 1493:e4e2a700 : 3085149586
seed for 1493:e4e09700 : 3085014712
seed for 1493:e4de8700 : 3084879833
seed for 1493:e4dc7700 : 3084742765
seed for 1493:e4da6700 : 3084607993
seed for 1493:e4d85700 : 3084472712
seed for 1493:e4d64700 : 3084337883
seed for 1493:e4d43700 : 3084202522
seed for 1493:e4d22700 : 3084067651
seed for 1493:e4d01700 : 3083930728
seed for 1493:e4ce0700 : 3083804039
seed for 1493:e4cbf700 : 3083529974
seed for 1493:e4c9e700 : 3083403214
seed for 1493:e4c7d700 : 3083259771
seed for 1493:e4c5c700 : 3083130951
seed for 1493:e4c3b700 : 3082987889
seed for 1493:e4c1a700 : 3082861107
seed for 1493:e4bf9700 : 3082717955
seed for 1493:e4bd8700 : 3082589381
seed for 1493:e4bb7700 : 3082446209
seed for 1493:e4b96700 : 3082319497
seed for 1493:e4b75700 : 3082176021
seed for 1493:e4b54700 : 3082049300
seed for 1493:e4b33700 : 3081904318
seed for 1493:e4b12700 : 3081777262
seed for 1493:e4af1700 : 3081634141
seed for 1493:e4ad0700 : 3081507334
seed for 1493:e4aaf700 : 3081495325
seed for 1493:e4a8e700 : 3081358357
seed for 1493:e4a6d700 : 3081240062
seed for 1493:e4a4c700 : 3081104710
seed for 1493:e4a2b700 : 3080953435
seed for 1493:e4a0a700 : 3080818500
seed for 1493:e49e9700 : 3080697914
seed for 1493:e49c8700 : 3080563120
seed for 1493:e49a7700 : 3080411833
seed for 1493:e4986700 : 3080276889
seed for 1493:e4965700 : 3080156325
seed for 1493:e4944700 : 3080021399
seed for 1493:e4923700 : 3079869754
seed for 1493:e4902700 : 3079734829
seed for 1493:e48e1700 : 3079616301
seed for 1493:e48c0700 : 3079479306
seed for 1493:e489f700 : 3079197136
seed for 1493:e487e700 : 3079062260
seed for 1493:e485d700 : 3078943338
seed for 1493:e483c700 : 3078808355
seed for 1493:e481b700 : 3078655144
seed for 1493:e47fa700 : 3078528194
seed for 1493:e47d9700 : 3078401483
seed for 1493:e47b8700 : 3078274784
seed for 1493:e4797700 : 3078115231
seed for 1493:e4776700 : 3077988198
seed for 1493:e4755700 : 3077859444
seed for 1493:e4734700 : 3077732741
seed for 1493:e4713700 : 3077573256
seed for 1493:e46f2700 : 3077446249
seed for 1493:e46d1700 : 3077319548
seed for 1493:e46b0700 : 3077190670
300 / 300 threads started...
seed for 1493:e468f700 : 3077162263
