1393373993,o,C,0.013349,140604276336384
1393373996,p,C,0.013120,140604276066048
1393373996,s,C,0.016214,140604275930880
1393373997,o,C,0.012828,140604275795712
1393373998,o,C,0.006269,140604275660544
1393373999,o,C,0.009517,140604275930880
1393374000,o,C,0.009315,140604275390208
1393374001,p,C,0.010375,140604276336384
1393374001,o,C,0.006507,140604275930880
1393374001,s,C,0.014253,140604275255040
1393374002,o,C,0.005611,140604275119872
1393374003,c,C,0.000655,140604275795712
1393374003,s,C,0.017620,140604274984704
1393374004,D,C,0.037611,140604275390208
1393374004,D,C,0.043966,140604275390208
1393374004,D,C,0.051480,140604275390208
1393374004,D,C,0.059532,140604275390208
1393374004,D,C,0.065896,140604275390208
1393374004,D,C,0.072761,140604275390208
1393374004,D,C,0.080441,140604275390208
1393374004,D,C,0.086836,140604275390208
1393374004,D,C,0.093746,140604275390208
1393374004,d,C,0.099628,140604275390208
1393374005,o,C,0.010460,140604274714368
1393374006,s,C,0.014199,140604275795712
1393374006,s,C,0.019872,140604275119872
1393374007,c,C,0.000551,140604262741760
1393374008,o,C,0.006358,140604262606592
1393374009,o,C,0.004431,140604275930880
1393374009,o,C,0.005213,140604276066048
1393374010,o,C,0.008396,140604262336256
1393374010,n,C,0.013413,140604276201216
1393374011,c,C,0.000507,140604262606592
1393374012,s,C,0.017646,140604276066048
1393374012,o,C,0.003608,140604274714368
1393374012,o,C,0.004547,140604262065920
1393374013,s,C,0.003451,140604275255040
1393374013,o,C,0.006248,140604275930880
1393374013,o,C,0.004685,140604261930752
1393374013,s,C,0.003413,140604274984704
1393374014,s,C,0.014300,140604262741760
1393374014,s,C,0.014047,140604262606592
1393374015,s,C,0.014572,140604261660416
1393374015,n,C,0.032241,140604275525376
1393374016,s,C,0.003430,140604275795712
1393374016,s,C,0.007977,140604276336384
1393374017,D,C,0.027788,140604262741760
1393374017,D,C,0.034267,140604262741760
1393374017,D,C,0.041636,140604262741760
1393374017,D,C,0.048225,140604262741760
1393374017,D,C,0.054363,140604262741760
1393374017,D,C,0.060493,140604262741760
1393374017,D,C,0.066942,140604262741760
1393374017,D,C,0.074024,140604262741760
1393374017,D,C,0.079654,140604262741760
1393374017,d,C,0.086567,140604262741760
1393374017,o,C,0.002524,140604275390208
1393374017,o,C,0.005728,140604275119872
1393374017,s,C,0.004061,140604275255040
1393374017,p,C,0.005677,140604261525248
1393374017,s,C,0.016461,140604261390080
1393374018,p,C,0.005287,140604274714368
1393374018,o,C,0.003430,140604261254912
1393374019,D,C,0.013178,140604262065920
1393374019,D,C,0.018960,140604262065920
1393374019,D,C,0.026070,140604262065920
1393374019,D,C,0.032479,140604262065920
1393374019,D,C,0.038610,140604262065920
1393374019,D,C,0.044981,140604262065920
1393374019,D,C,0.051283,140604262065920
1393374019,D,C,0.057186,140604262065920
1393374019,D,C,0.063114,140604262065920
1393374019,d,C,0.068907,140604262065920
1393374019,s,C,0.009675,140604261119744
1393374020,s,C,0.003147,140604262606592
1393374020,n,C,0.011593,140604274849536
1393374020,s,C,0.016347,140604260984576
1393374020,s,C,0.001559,140604261660416
1393374021,s,C,0.001466,140604261390080
1393374021,o,C,0.007342,140604274984704
1393374021,s,C,0.011767,140604260849408
1393374021,s,C,0.012889,140604262065920
1393374022,o,C,0.004638,140604275390208
1393374022,o,C,0.006781,140604261119744
1393374022,s,C,0.002827,140604275255040
1393374022,o,C,0.007533,140604260714240
1393374022,n,C,0.014111,140604274579200
1393374023,o,C,0.004076,140604261390080
1393374023,s,C,0.013303,140604275525376
1393374023,s,C,0.017678,140604261525248
1393374023,o,C,0.002279,140604260579072
1393374024,s,C,0.002739,140604262606592
1393374024,o,C,0.008470,140604275795712
1393374024,o,C,0.004087,140604260443904
1393374024,o,C,0.005842,140604261119744
1393374025,o,C,0.007116,140604262741760
1393374025,o,C,0.004046,140604260308736
1393374025,n,C,0.012596,140604262471424
1393374025,s,C,0.002221,140604275525376
1393374026,s,C,0.001364,140604260849408
1393374026,o,C,0.004895,140604261254912
1393374026,o,C,0.003977,140604260173568
1393374027,D,C,0.032660,140604260714240
1393374027,D,C,0.039455,140604260714240
1393374027,D,C,0.045653,140604260714240
1393374027,D,C,0.052260,140604260714240
1393374027,D,C,0.060109,140604260714240
1393374027,D,C,0.066919,140604260714240
1393374027,D,C,0.074350,140604260714240
1393374027,D,C,0.081141,140604260714240
1393374027,D,C,0.087503,140604260714240
1393374027,d,C,0.092486,140604260714240
1393374027,p,C,0.007992,140604275119872
1393374027,o,C,0.006111,140604261119744
1393374027,o,C,0.017702,140604260038400
1393374027,n,C,0.023252,140604262201088
1393374028,p,C,0.005860,140604276066048
1393374028,o,C,0.004298,140604275255040
1393374028,s,C,0.016342,140604259903232
1393374029,o,C,0.002188,140604275660544
1393374029,s,C,0.013888,140604260714240
1393374029,o,C,0.003586,140604276201216
1393374029,s,C,0.013764,140604259768064
1393374030,s,C,0.011994,140604260579072
1393374030,o,C,0.001958,140604275525376
1393374030,o,C,0.002428,140604274984704
1393374030,n,C,0.008673,140604261795584
1393374030,s,C,0.010545,140604259632896
1393374030,o,C,0.002958,140604275795712
1393374031,c,C,0.000508,140604274849536
1393374031,o,C,0.003869,140604260849408
1393374031,START,,,
1393374031,s,C,0.015685,140604259497728
1393374032,s,C,0.016336,140604261930752
1393374032,o,C,0.003705,140604259362560
1393374033,o,C,0.005847,140604276066048
1393374033,o,C,0.002988,140604260579072
1393374033,p,C,0.003587,140604261525248
1393374033,o,C,0.003967,140604262606592
1393374033,o,C,0.004066,140604276201216
1393374033,n,C,0.010729,140604262336256
1393374033,s,C,0.003490,140604275119872
1393374033,o,C,0.003254,140604262065920
1393374034,s,C,0.003626,140604275525376
1393374034,o,C,0.005940,140604261254912
1393374034,s,C,0.017113,140604260308736
1393374034,o,C,0.005756,140604259497728
1393374034,o,C,0.004593,140604260443904
1393374035,s,C,0.004028,140604275795712
1393374035,s,C,0.018328,140604275660544
1393374036,p,C,0.005701,140604274984704
1393374036,s,C,0.015395,140604274849536
1393374036,o,C,0.003421,140604275525376
1393374036,s,C,0.003240,140604276336384
1393374037,s,C,0.002744,140604262606592
1393374038,s,C,0.001350,140604259768064
1393374038,s,C,0.002803,140604275795712
1393374038,s,C,0.003360,140604274849536
1393374038,n,C,0.012158,140604275930880
1393374038,p,C,0.006929,140604261930752
1393374039,o,C,0.005971,140604260173568
1393374039,s,C,0.004196,140604261390080
1393374039,c,C,0.000420,140604276201216
1393374039,p,C,0.007642,140604274714368
1393374040,s,C,0.002538,140604275525376
1393374040,o,C,0.003298,140604275119872
1393374040,D,C,0.028931,140604259768064
1393374040,D,C,0.035489,140604259768064
1393374040,D,C,0.041641,140604259768064
1393374040,D,C,0.048415,140604259768064
1393374040,D,C,0.053963,140604259768064
1393374040,D,C,0.060956,140604259768064
1393374040,D,C,0.066867,140604259768064
1393374040,D,C,0.074090,140604259768064
1393374040,D,C,0.080566,140604259768064
1393374040,d,C,0.086918,140604259768064
1393374040,n,C,0.007823,140604260984576
1393374040,s,C,0.003079,140604259632896
1393374040,s,C,0.015714,140604274579200
1393374041,D,C,0.009448,140604260308736
1393374041,D,C,0.016920,140604260308736
1393374041,D,C,0.022663,140604260308736
1393374041,D,C,0.030089,140604260308736
1393374041,D,C,0.035335,140604260308736
1393374041,D,C,0.041424,140604260308736
1393374041,D,C,0.049072,140604260308736
1393374041,D,C,0.053492,140604260308736
1393374041,D,C,0.057561,140604260308736
1393374041,d,C,0.062142,140604260308736
1393374041,p,C,0.001207,140604275660544
1393374041,o,C,0.004323,140604261525248
1393374041,o,C,0.004475,140604276336384
1393374041,n,C,0.022365,140604261660416
1393374042,s,C,0.016118,140604259362560
1393374042,s,C,0.001215,140604261390080
1393374042,o,C,0.002453,140604262741760
1393374042,o,C,0.001562,140604259632896
1393374043,o,C,0.005573,140604275660544
1393374043,o,C,0.004217,140604262471424
1393374043,s,C,0.003503,140604259903232
1393374044,s,C,0.005773,140604260038400
1393374044,p,C,0.002094,140604275795712
1393374044,D,C,0.010042,140604275255040
1393374044,D,C,0.015292,140604275255040
1393374044,D,C,0.021625,140604275255040
1393374044,D,C,0.027822,140604275255040
1393374044,D,C,0.033290,140604275255040
1393374044,D,C,0.037473,140604275255040
1393374044,D,C,0.043016,140604275255040
1393374044,D,C,0.048885,140604275255040
1393374044,s,C,0.001139,140604275525376
1393374044,D,C,0.055647,140604275255040
1393374044,d,C,0.061992,140604275255040
1393374045,o,C,0.001875,140604274984704
1393374045,n,C,0.021881,140604275390208
1393374045,o,C,0.003222,140604275660544
1393374045,o,C,0.002782,140604259632896
1393374046,o,C,0.002344,140604276066048
1393374046,s,C,0.003668,140604259903232
1393374046,s,C,0.003349,140604260038400
1393374046,o,C,0.004146,140604260714240
1393374046,o,C,0.003384,140604262606592
1393374046,o,C,0.004013,140604275525376
1393374047,s,C,0.014811,140604276201216
1393374047,o,C,0.002556,140604260443904
1393374048,p,C,0.004023,140604262201088
1393374048,s,C,0.002904,140604275255040
1393374048,n,C,0.015230,140604261119744
1393374049,o,C,0.003619,140604261795584
1393374049,p,C,0.004620,140604259768064
1393374049,o,C,0.003189,140604262471424
1393374049,s,C,0.003083,140604259903232
1393374050,o,C,0.002999,140604261930752
1393374050,o,C,0.002985,140604260308736
1393374051,p,C,0.002310,140604260173568
1393374051,o,C,0.003395,140604276066048
1393374051,s,C,0.014691,140604260443904
1393374051,s,C,0.002813,140604275119872
1393374051,c,C,0.000483,140604275930880
1393374051,o,C,0.004525,140604260714240
1393374052,o,C,0.003098,140604274579200
1393374052,p,C,0.002441,140604275795712
1393374052,s,C,0.010238,140604262201088
1393374053,s,C,0.003279,140604260308736
1393374053,s,C,0.017747,140604262471424
1393374053,o,C,0.004499,140604260849408
1393374054,p,C,0.002572,140604274714368
1393374054,o,C,0.003898,140604275119872
1393374055,p,C,0.002566,140604261390080
1393374055,o,C,0.003195,140604275390208
1393374055,o,C,0.003295,140604262741760
1393374055,o,C,0.003046,140604275795712
1393374055,n,C,0.006791,140604260579072
1393374055,s,C,0.003326,140604260443904
1393374056,p,C,0.003220,140604276336384
1393374056,o,C,0.002286,140604276201216
1393374056,s,C,0.003104,140604260984576
1393374056,s,C,0.003808,140604275930880
1393374056,n,C,0.009251,140604274849536
1393374057,D,C,0.014092,140604262471424
1393374057,D,C,0.019372,140604262471424
1393374057,D,C,0.023922,140604262471424
1393374057,D,C,0.029535,140604262471424
1393374057,D,C,0.035314,140604262471424
1393374057,D,C,0.041211,140604262471424
1393374057,D,C,0.045780,140604262471424
1393374057,D,C,0.051490,140604262471424
1393374057,D,C,0.058214,140604262471424
1393374057,d,C,0.064575,140604262471424
1393374057,o,C,0.006432,140604261119744
1393374058,c,C,0.000476,140604260714240
1393374059,o,C,0.003380,140604261930752
1393374059,s,C,0.002803,140604275525376
1393374059,p,C,0.001954,140604261390080
1393374059,s,C,0.018080,140604261795584
1393374059,o,C,0.003214,140604275255040
1393374059,o,C,0.004149,140604260308736
1393374059,o,C,0.003272,140604274849536
1393374060,s,C,0.001425,140604274579200
1393374060,o,C,0.003867,140604260443904
1393374061,n,C,0.022733,140604262065920
1393374061,c,C,0.000521,140604275525376
1393374061,o,C,0.005629,140604262741760
1393374062,n,C,0.010729,140604259362560
1393374062,s,C,0.003256,140604262471424
1393374062,o,C,0.003037,140604260849408
1393374063,D,C,0.016512,140604275795712
1393374063,D,C,0.028970,140604275795712
1393374063,D,C,0.034457,140604275795712
1393374063,D,C,0.039614,140604275795712
1393374063,D,C,0.042830,140604275795712
1393374063,D,C,0.047245,140604275795712
1393374063,D,C,0.051014,140604275795712
1393374063,D,C,0.056423,140604275795712
1393374063,D,C,0.062660,140604275795712
1393374063,d,C,0.068348,140604275795712
1393374063,o,C,0.003340,140604275930880
1393374063,o,C,0.003300,140604261795584
1393374064,o,C,0.002798,140604259497728
1393374064,o,C,0.003271,140604259903232
1393374064,p,C,0.002620,140604274579200
1393374064,s,C,0.003192,140604262201088
1393374064,s,C,0.003500,140604259632896
1393374064,c,C,0.000532,140604261254912
1393374064,p,C,0.002442,140604260984576
1393374065,o,C,0.002951,140604275255040
1393374065,o,C,0.001735,140604260038400
1393374065,D,C,0.015775,140604260579072
1393374065,D,C,0.024408,140604260579072
1393374065,D,C,0.030432,140604260579072
1393374065,D,C,0.038480,140604260579072
1393374065,D,C,0.044593,140604260579072
1393374065,D,C,0.050449,140604260579072
1393374065,D,C,0.056850,140604260579072
1393374065,D,C,0.062929,140604260579072
1393374065,s,C,0.000952,140604261390080
1393374065,D,C,0.067567,140604260579072
1393374065,d,C,0.072577,140604260579072
1393374065,o,C,0.002991,140604262606592
1393374066,s,C,0.003511,140604262065920
1393374066,o,C,0.002971,140604261660416
1393374066,s,C,0.003123,140604261930752
1393374066,s,C,0.002097,140604274984704
1393374067,s,C,0.004015,140604274849536
1393374067,D,C,0.010920,140604275930880
1393374067,D,C,0.017293,140604275930880
1393374067,D,C,0.023598,140604275930880
1393374067,D,C,0.030353,140604275930880
1393374067,D,C,0.037502,140604275930880
1393374067,D,C,0.044594,140604275930880
1393374067,D,C,0.050352,140604275930880
1393374067,D,C,0.055708,140604275930880
1393374067,D,C,0.062022,140604275930880
1393374067,d,C,0.067182,140604275930880
1393374067,p,C,0.003403,140604261119744
1393374067,c,C,0.000525,140604262336256
1393374068,s,C,0.013340,140604261254912
1393374068,D,C,0.014975,140604261930752
1393374068,D,C,0.019298,140604261930752
1393374068,D,C,0.022734,140604261930752
1393374068,D,C,0.027374,140604261930752
1393374068,D,C,0.033156,140604261930752
1393374068,D,C,0.038093,140604261930752
1393374068,D,C,0.042836,140604261930752
1393374068,D,C,0.046205,140604261930752
1393374068,D,C,0.049147,140604261930752
1393374068,d,C,0.053056,140604261930752
1393374068,s,C,0.002716,140604275795712
1393374069,o,C,0.005504,140604262065920
1393374069,s,C,0.003608,140604260849408
1393374070,o,C,0.003673,140604260714240
1393374070,c,C,0.000585,140604261390080
1393374070,s,C,0.003772,140604260038400
1393374070,o,C,0.002843,140604275930880
1393374070,o,C,0.002198,140604262606592
1393374070,o,C,0.003298,140604261119744
1393374070,o,C,0.003090,140604274984704
1393374071,o,C,0.005268,140604274579200
1393374072,p,C,0.002962,140604275255040
1393374072,D,C,0.010345,140604260984576
1393374072,D,C,0.016381,140604260984576
1393374072,D,C,0.022936,140604260984576
1393374072,D,C,0.029377,140604260984576
1393374072,D,C,0.038119,140604260984576
1393374072,D,C,0.057627,140604260984576
1393374072,D,C,0.080820,140604260984576
1393374072,D,C,0.090442,140604260984576
1393374072,D,C,0.097830,140604260984576
1393374072,d,C,0.108311,140604260984576
1393374072,o,C,0.001563,140604275930880
1393374073,o,C,0.002951,140604262201088
1393374073,n,C,0.008849,140604274714368
1393374073,s,C,0.002922,140604274849536
1393374073,s,C,0.002657,140604261930752
1393374073,p,C,0.001623,140604261390080
1393374073,p,C,0.002125,140604262336256
1393374074,o,C,0.005631,140604261254912
1393374074,o,C,0.003212,140604259903232
1393374074,p,C,0.003451,140604261795584
1393374074,o,C,0.002953,140604260579072
1393374074,o,C,0.002949,140604262741760
1393374075,s,C,0.003947,140604260308736
1393374076,s,C,0.002915,140604274849536
1393374076,o,C,0.004295,140604276201216
1393374076,o,C,0.002834,140604261119744
1393374077,o,C,0.003807,140604275525376
1393374077,s,C,0.002641,140604262201088
1393374077,s,C,0.003742,140604276336384
1393374077,o,C,0.003677,140604261930752
1393374077,o,C,0.003888,140604260308736
1393374077,o,C,0.002936,140604259768064
1393374078,c,C,0.000492,140604274714368
1393374079,s,C,0.003832,140604260714240
1393374080,s,C,0.003312,140604259497728
1393374080,o,C,0.004620,140604260173568
1393374080,s,C,0.002783,140604276336384
1393374081,o,C,0.004389,140604274849536
1393374081,s,C,0.001482,140604262065920
1393374082,o,C,0.004192,140604260038400
1393374083,s,C,0.003431,140604259362560
1393374083,s,C,0.016750,140604275390208
1393374083,p,C,0.003781,140604274714368
1393374083,o,C,0.003263,140604260308736
1393374084,o,C,0.002572,140604262471424
1393374084,s,C,0.003862,140604261795584
1393374085,s,C,0.001357,140604275795712
1393374085,s,C,0.003350,140604260984576
1393374085,n,C,0.009962,140604260443904
1393374085,s,C,0.002988,140604276336384
1393374085,o,C,0.003322,140604262336256
1393374086,o,C,0.003231,140604275525376
1393374086,o,C,0.003597,140604261525248
1393374087,o,C,0.002303,140604259497728
1393374087,o,C,0.003723,140604261254912
1393374088,o,C,0.004108,140604262741760
1393374088,s,C,0.002985,140604260308736
1393374089,s,C,0.003462,140604276066048
1393374089,o,C,0.003747,140604261119744
1393374089,c,C,0.000484,140604260173568
1393374089,c,C,0.000496,140604275255040
1393374089,p,C,0.003528,140604276201216
1393374090,D,C,0.009583,140604261254912
1393374090,o,C,0.001421,140604274579200
1393374090,D,C,0.015832,140604261254912
1393374090,D,C,0.023887,140604261254912
1393374090,D,C,0.031642,140604261254912
1393374090,D,C,0.037856,140604261254912
1393374090,D,C,0.044198,140604261254912
1393374090,D,C,0.051908,140604261254912
1393374090,D,C,0.057447,140604261254912
1393374090,D,C,0.062905,140604261254912
1393374090,d,C,0.067796,140604261254912
1393374090,n,C,0.011487,140604259632896
1393374090,s,C,0.002921,140604275795712
1393374090,D,C,0.015508,140604261525248
1393374090,D,C,0.021801,140604261525248
1393374090,D,C,0.029199,140604261525248
1393374090,D,C,0.044152,140604261525248
1393374090,D,C,0.056440,140604261525248
1393374090,D,C,0.067416,140604261525248
1393374090,D,C,0.071897,140604261525248
1393374090,D,C,0.078384,140604261525248
1393374090,D,C,0.083675,140604261525248
1393374090,d,C,0.089959,140604261525248
1393374091,s,C,0.003807,140604262471424
1393374092,o,C,0.002335,140604262201088
1393374093,o,C,0.003761,140604275390208
1393374093,s,C,0.003883,140604275930880
1393374093,o,C,0.002153,140604259903232
1393374093,s,C,0.003611,140604259362560
1393374093,o,C,0.003171,140604260849408
1393374094,s,C,0.001248,140604261390080
1393374095,s,C,0.004091,140604260714240
1393374095,s,C,0.003009,140604275930880
1393374095,o,C,0.004247,140604261795584
1393374095,n,C,0.003549,140604260579072
1393374095,o,C,0.002409,140604262336256
1393374095,s,C,0.002961,140604260849408
1393374096,s,C,0.003603,140604275660544
1393374096,o,C,0.003079,140604274714368
1393374096,s,C,0.002929,140604260308736
1393374096,s,C,0.002977,140604275255040
1393374097,s,C,0.002909,140604275795712
1393374097,s,C,0.002843,140604261390080
1393374098,o,C,0.004476,140604276201216
1393374098,s,C,0.002921,140604275390208
1393374098,s,C,0.002941,140604275525376
1393374099,o,C,0.004765,140604260849408
1393374099,o,C,0.003585,140604261795584
1393374099,o,C,0.002788,140604261254912
1393374100,s,C,0.002594,140604260308736
1393374100,p,C,0.003536,140604259497728
1393374101,o,C,0.002639,140604259632896
1393374101,p,C,0.002396,140604275525376
1393374102,s,C,0.003982,140604261660416
1393374102,p,C,0.002720,140604275930880
1393374102,o,C,0.003262,140604276336384
1393374102,p,C,0.003515,140604275660544
1393374102,s,C,0.003434,140604259497728
1393374103,o,C,0.003126,140604261119744
1393374103,c,C,0.000516,140604260714240
1393374103,s,C,0.002880,140604260308736
1393374103,s,C,0.003685,140604274579200
1393374103,n,C,0.018511,140604260984576
1393374103,s,C,0.002856,140604260849408
1393374104,n,C,0.009597,140604262065920
1393374104,s,C,0.003770,140604259768064
1393374104,o,C,0.002975,140604260579072
1393374105,o,C,0.003025,140604275390208
1393374105,o,C,0.002901,140604275660544
1393374105,n,C,0.006499,140604274984704
1393374106,s,C,0.002323,140604262741760
1393374107,s,C,0.003365,140604260443904
1393374107,s,C,0.002751,140604274579200
1393374107,s,C,0.001207,140604259903232
1393374108,o,C,0.010244,140604262201088
1393374108,s,C,0.002735,140604262065920
1393374108,o,C,0.003829,140604261660416
1393374109,o,C,0.004689,140604275660544
1393374109,o,C,0.003272,140604276336384
1393374109,o,C,0.006843,140604261525248
1393374109,o,C,0.003617,140604259632896
1393374109,s,C,0.002814,140604260443904
1393374110,s,C,0.003990,140604261119744
1393374110,D,C,0.010751,140604260579072
1393374110,D,C,0.016137,140604260579072
1393374110,D,C,0.021427,140604260579072
1393374110,D,C,0.026938,140604260579072
1393374110,D,C,0.032305,140604260579072
1393374110,D,C,0.038336,140604260579072
1393374110,D,C,0.044325,140604260579072
1393374110,D,C,0.049714,140604260579072
1393374110,D,C,0.055670,140604260579072
1393374110,d,C,0.060011,140604260579072
1393374110,s,C,0.002857,140604262065920
1393374111,o,C,0.002840,140604259903232
1393374111,s,C,0.002789,140604259362560
1393374111,s,C,0.002845,140604275255040
1393374112,D,C,0.006896,140604260443904
1393374112,D,C,0.016906,140604260443904
1393374112,D,C,0.021310,140604260443904
1393374112,D,C,0.026581,140604260443904
1393374112,D,C,0.030874,140604260443904
1393374112,D,C,0.034718,140604260443904
1393374112,D,C,0.037992,140604260443904
1393374112,D,C,0.041528,140604260443904
1393374112,D,C,0.046405,140604260443904
1393374112,d,C,0.050536,140604260443904
1393374113,s,C,0.002747,140604259497728
1393374113,n,C,0.008201,140604260173568
1393374113,p,C,0.002855,140604261930752
1393374114,c,C,0.000526,140604260579072
1393374115,p,C,0.002663,140604261119744
1393374115,o,C,0.002355,140604275525376
1393374115,p,C,0.002850,140604262606592
1393374115,s,C,0.002765,140604274849536
1393374116,s,C,0.003728,140604275660544
1393374116,o,C,0.003592,140604259497728
1393374116,s,C,0.002885,140604274984704
1393374116,s,C,0.000984,140604259362560
1393374117,D,C,0.005228,140604260714240
1393374117,D,C,0.016264,140604260714240
1393374117,D,C,0.021037,140604260714240
1393374117,D,C,0.026565,140604260714240
1393374117,D,C,0.032576,140604260714240
1393374117,D,C,0.039247,140604260714240
1393374117,D,C,0.044954,140604260714240
1393374117,D,C,0.051474,140604260714240
1393374117,D,C,0.058025,140604260714240
1393374117,d,C,0.061703,140604260714240
1393374117,s,C,0.003170,140604260579072
1393374117,o,C,0.003391,140604259632896
1393374118,n,C,0.031201,140604261795584
1393374118,n,C,0.007795,140604275795712
1393374118,o,C,0.003341,140604274984704
1393374118,o,C,0.002306,140604260173568
1393374118,o,C,0.003809,140604274849536
1393374118,s,C,0.002743,140604260443904
1393374118,s,C,0.002707,140604275660544
1393374118,o,C,0.002586,140604275390208
1393374119,n,C,0.017466,140604261390080
1393374119,p,C,0.002537,140604262606592
1393374120,s,C,0.002538,140604261254912
1393374120,s,C,0.002350,140604260714240
1393374120,s,C,0.003312,140604261795584
1393374120,c,C,0.000515,140604274579200
1393374120,o,C,0.003050,140604275525376
1393374120,o,C,0.003522,140604274849536
1393374121,p,C,0.002574,140604275930880
1393374121,o,C,0.004025,140604276336384
1393374121,o,C,0.002454,140604275660544
1393374121,o,C,0.003283,140604275255040
1393374123,s,C,0.002857,140604275119872
1393374123,s,C,0.002753,140604274579200
1393374123,n,C,0.009213,140604262471424
1393374123,p,C,0.003283,140604275525376
1393374124,n,C,0.022081,140604260308736
1393374124,s,C,0.001410,140604276066048
1393374124,s,C,0.001525,140604261254912
1393374125,n,C,0.006179,140604260849408
1393374125,n,C,0.006701,140604276201216
1393374126,o,C,0.002490,140604274984704
1393374127,s,C,0.002671,140604276066048
1393374127,n,C,0.006888,140604262741760
1393374127,o,C,0.003257,140604260579072
1393374127,s,C,0.002717,140604260714240
1393374128,p,C,0.004520,140604275119872
1393374128,o,C,0.003064,140604275660544
1393374128,s,C,0.009417,140604262336256
1393374128,s,C,0.003618,140604261795584
1393374129,c,C,0.000538,140604259362560
1393374129,n,C,0.009163,140604259768064
1393374129,o,C,0.003864,140604276066048
1393374129,o,C,0.002856,140604260579072
1393374129,o,C,0.002788,140604261660416
1393374129,s,C,0.002796,140604274849536
1393374130,s,C,0.002862,140604260714240
1393374130,p,C,0.002221,140604260443904
1393374131,p,C,0.002667,140604259632896
1393374131,s,C,0.002784,140604261254912
1393374132,o,C,0.003142,140604262471424
1393374132,o,C,0.003261,140604275795712
1393374132,s,C,0.002912,140604262201088
1393374132,s,C,0.002717,140604276066048
1393374132,o,C,0.003579,140604260579072
1393374132,o,C,0.002378,140604260849408
1393374133,o,C,0.003980,140604262065920
1393374133,s,C,0.002768,140604262606592
1393374133,s,C,0.002875,140604261795584
1393374134,o,C,0.003586,140604262471424
1393374134,s,C,0.002762,140604275119872
1393374134,o,C,0.003252,140604260173568
1393374134,s,C,0.002812,140604260443904
1393374134,s,C,0.002767,140604261660416
1393374134,o,C,0.003887,140604262336256
1393374134,o,C,0.003099,140604259362560
1393374135,p,C,0.002099,140604259497728
1393374135,s,C,0.002793,140604260984576
1393374136,o,C,0.003571,140604262606592
1393374136,s,C,0.002297,140604260443904
1393374137,o,C,0.003890,140604275119872
1393374137,o,C,0.003802,140604260714240
1393374137,o,C,0.002366,140604261660416
1393374137,o,C,0.003352,140604261254912
1393374137,n,C,0.021001,140604274714368
1393374138,o,C,0.003629,140604262065920
1393374138,s,C,0.002775,140604260579072
1393374139,s,C,0.002566,140604260984576
1393374139,s,C,0.002836,140604275119872
1393374139,o,C,0.004050,140604274579200
1393374139,o,C,0.002487,140604259903232
1393374140,o,C,0.003993,140604260173568
1393374140,s,C,0.002877,140604262471424
1393374140,s,C,0.002766,140604261930752
1393374140,o,C,0.002177,140604259632896
1393374141,o,C,0.003602,140604259362560
1393374141,s,C,0.002825,140604275795712
1393374141,s,C,0.002737,140604260579072
1393374142,s,C,0.003044,140604276201216
1393374142,o,C,0.002694,140604262336256
1393374143,s,C,0.002684,140604276066048
1393374143,s,C,0.002726,140604260443904
1393374143,o,C,0.004632,140604275255040
1393374143,s,C,0.002831,140604262471424
1393374143,o,C,0.003394,140604259497728
1393374143,o,C,0.002718,140604259632896
1393374144,n,C,0.007868,140604275525376
1393374144,o,C,0.003015,140604261795584
1393374144,o,C,0.002313,140604260308736
1393374145,s,C,0.002725,140604261660416
1393374145,D,C,0.012605,140604262065920
1393374145,D,C,0.019010,140604262065920
1393374145,D,C,0.022875,140604262065920
1393374145,D,C,0.025990,140604262065920
1393374145,D,C,0.029290,140604262065920
1393374145,D,C,0.033671,140604262065920
1393374145,D,C,0.037145,140604262065920
1393374145,D,C,0.040257,140604262065920
1393374145,D,C,0.044476,140604262065920
1393374145,d,C,0.047964,140604262065920
1393374145,s,C,0.002735,140604259362560
1393374145,n,C,0.006517,140604276336384
1393374146,o,C,0.002339,140604260173568
1393374146,p,C,0.002350,140604260984576
1393374147,p,C,0.002308,140604276066048
1393374147,n,C,0.007215,140604274984704
1393374147,s,C,0.002747,140604262201088
1393374147,s,C,0.002815,140604261930752
1393374147,s,C,0.002731,140604259768064
1393374149,o,C,0.001002,140604262471424
1393374149,s,C,0.002722,140604259632896
1393374149,s,C,0.002743,140604260443904
1393374149,s,C,0.002930,140604261795584
1393374149,c,C,0.000513,140604260173568
1393374149,c,C,0.000506,140604260714240
1393374150,o,C,0.004270,140604259362560
1393374150,o,C,0.003085,140604259903232
1393374150,o,C,0.003256,140604274984704
1393374150,s,C,0.002736,140604259497728
1393374151,o,C,0.000882,140604262606592
1393374152,s,C,0.002846,140604275255040
1393374152,n,C,0.008467,140604275390208
1393374152,o,C,0.002780,140604261795584
1393374153,n,C,0.024755,140604260038400
1393374153,o,C,0.003225,140604261254912
1393374153,s,C,0.003218,140604276201216
1393374154,s,C,0.003532,140604262741760
1393374154,o,C,0.003584,140604274984704
1393374154,s,C,0.002593,140604275255040
1393374155,o,C,0.003813,140604275119872
1393374155,D,C,0.012731,140604261930752
1393374155,D,C,0.024220,140604261930752
1393374155,D,C,0.032027,140604261930752
1393374155,D,C,0.038942,140604261930752
1393374155,D,C,0.050436,140604261930752
1393374155,D,C,0.054331,140604261930752
1393374155,D,C,0.058054,140604261930752
1393374155,D,C,0.064893,140604261930752
1393374155,D,C,0.068464,140604261930752
1393374155,d,C,0.073202,140604261930752
1393374156,p,C,0.002489,140604274849536
1393374157,s,C,0.002733,140604275255040
1393374157,p,C,0.002386,140604275795712
1393374158,o,C,0.002155,140604260308736
1393374158,o,C,0.003123,140604275660544
1393374158,n,C,0.009235,140604274579200
1393374158,p,C,0.002371,140604276201216
1393374158,o,C,0.003630,140604275119872
1393374159,s,C,0.002802,140604259903232
1393374159,o,C,0.003377,140604259497728
1393374160,o,C,0.003491,140604259768064
1393374160,o,C,0.002191,140604260038400
1393374160,s,C,0.002528,140604276066048
1393374161,o,C,0.002504,140604262606592
1393374161,s,C,0.002967,140604260714240
1393374161,o,C,0.002298,140604262741760
1393374162,o,C,0.002528,140604260579072
1393374162,o,C,0.001898,140604274579200
1393374163,s,C,0.002951,140604275525376
1393374163,s,C,0.002876,140604260714240
1393374164,s,C,0.002428,140604259632896
1393374164,o,C,0.002349,140604260308736
1393374164,s,C,0.002702,140604276066048
1393374164,p,C,0.003757,140604262606592
1393374164,o,C,0.003328,140604261119744
1393374164,s,C,0.002866,140604260038400
1393374165,p,C,0.003322,140604276201216
1393374165,s,C,0.002133,140604261930752
1393374166,s,C,0.002641,140604262201088
1393374166,s,C,0.002776,140604260579072
1393374166,o,C,0.003113,140604259632896
1393374166,o,C,0.003451,140604275119872
1393374168,s,C,0.002693,140604260038400
1393374168,s,C,0.002792,140604275255040
1393374168,c,C,0.000514,140604261119744
1393374168,o,C,0.003590,140604259903232
1393374168,n,C,0.008063,140604259362560
1393374168,o,C,0.003098,140604274849536
1393374168,o,C,0.002955,140604276201216
1393374169,s,C,0.002900,140604275525376
1393374169,s,C,0.002965,140604260714240
1393374169,c,C,0.000521,140604275119872
1393374169,s,C,0.002713,140604274579200
1393374169,s,C,0.013058,140604260173568
1393374170,s,C,0.002925,140604260849408
1393374170,n,C,0.008334,140604260443904
1393374171,s,C,0.002776,140604259768064
1393374171,p,C,0.002733,140604261930752
1393374171,s,C,0.002760,140604274984704
1393374171,o,C,0.002986,140604262201088
1393374171,o,C,0.002627,140604262471424
1393374172,o,C,0.003095,140604259632896
1393374172,o,C,0.002424,140604275930880
1393374172,s,C,0.002616,140604274579200
1393374172,o,C,0.002947,140604260173568
1393374172,c,C,0.000510,140604275119872
1393374173,s,C,0.002829,140604275525376
1393374173,n,C,0.008605,140604261795584
1393374173,D,C,0.018278,140604274984704
1393374173,D,C,0.027501,140604274984704
1393374173,D,C,0.033864,140604274984704
1393374173,D,C,0.039070,140604274984704
1393374173,D,C,0.045849,140604274984704
1393374173,D,C,0.053073,140604274984704
1393374173,D,C,0.058974,140604274984704
1393374173,D,C,0.064061,140604274984704
1393374173,D,C,0.067889,140604274984704
1393374173,d,C,0.073871,140604274984704
1393374173,s,C,0.002893,140604262471424
1393374174,o,C,0.003578,140604260173568
1393374174,p,C,0.002111,140604262606592
1393374174,c,C,0.000408,140604274849536
1393374174,o,C,0.002289,140604262336256
1393374175,o,C,0.003777,140604261254912
1393374175,s,C,0.002768,140604259768064
1393374175,s,C,0.002690,140604259632896
1393374175,o,C,0.003107,140604260714240
1393374175,s,C,0.002635,140604275255040
1393374176,n,R,0.008866,140604261525248
1393374176,s,C,0.003168,140604275390208
1393374176,o,C,0.002743,140604276066048
1393374176,s,C,0.002806,140604274849536
1393374177,o,C,0.002711,140604275119872
1393374177,o,C,0.002836,140604275660544
1393374177,c,C,0.000439,140604259497728
1393374177,s,C,0.003036,140604261660416
1393374177,s,C,0.002836,140604260443904
1393374178,s,C,0.002635,140604262606592
1393374178,o,C,0.003588,140604259632896
1393374178,o,C,0.002400,140604260849408
1393374178,n,C,0.007813,140604262065920
1393374178,p,C,0.000882,140604259768064
1393374179,p,C,0.002350,140604260308736
1393374180,s,C,0.003493,140604261119744
1393374180,s,C,0.002863,140604275795712
1393374180,s,C,0.002850,140604260714240
1393374180,s,C,0.001238,140604261660416
1393374181,p,C,0.002332,140604262201088
1393374183,o,C,0.003366,140604275119872
1393374183,s,C,0.002254,140604275525376
1393374183,s,C,0.002877,140604261660416
1393374183,p,C,0.002637,140604260714240
1393374184,s,C,0.002673,140604274579200
1393374184,p,C,0.003160,140604260579072
1393374184,o,C,0.003032,140604275795712
1393374184,D,C,0.009755,140604259497728
1393374184,D,C,0.014267,140604259497728
1393374184,D,C,0.018689,140604259497728
1393374185,D,C,0.023832,140604259497728
1393374185,D,C,0.028868,140604259497728
1393374185,D,C,0.033393,140604259497728
1393374185,D,C,0.036647,140604259497728
1393374185,D,C,0.041133,140604259497728
1393374185,D,C,0.046345,140604259497728
1393374185,d,C,0.051032,140604259497728
1393374185,s,C,0.003345,140604260173568
1393374185,p,C,0.002081,140604259768064
1393374185,s,C,0.002667,140604262606592
1393374185,o,C,0.003210,140604275119872
1393374185,o,C,0.002205,140604261254912
1393374185,o,C,0.003144,140604274849536
1393374185,o,C,0.002896,140604262201088
1393374186,s,C,0.001185,140604260038400
1393374186,s,C,0.001202,140604262471424
1393374188,D,C,0.006731,140604259497728
1393374188,D,C,0.013954,140604259497728
1393374188,D,C,0.019241,140604259497728
1393374188,D,C,0.022969,140604259497728
1393374188,D,C,0.027579,140604259497728
1393374188,D,C,0.031743,140604259497728
1393374188,D,C,0.035409,140604259497728
1393374188,D,C,0.040745,140604259497728
1393374188,D,C,0.044930,140604259497728
1393374188,d,C,0.048512,140604259497728
1393374188,s,C,0.002706,140604260038400
1393374188,o,C,0.002502,140604261795584
1393374189,o,C,0.002991,140604260308736
1393374189,o,C,0.002448,140604275525376
1393374189,n,C,0.006601,140604259362560
1393374189,s,C,0.001176,140604262065920
1393374190,o,C,0.002416,140604274579200
1393374190,s,C,0.002748,140604276201216
1393374190,p,C,0.002119,140604261930752
1393374191,s,C,0.003025,140604275660544
1393374191,n,C,0.026951,140604261390080
1393374191,o,C,0.003319,140604260308736
1393374192,o,C,0.003126,140604262606592
1393374192,o,C,0.001489,140604274984704
1393374192,o,C,0.003612,140604274579200
1393374193,o,C,0.003310,140604259362560
1393374193,o,C,0.002962,140604262201088
1393374194,o,C,0.003989,140604262471424
1393374194,c,C,0.000540,140604275930880
1393374194,c,C,0.000506,140604261930752
1393374194,o,C,0.003454,140604275660544
1393374195,s,C,0.011722,140604274714368
1393374195,s,C,0.001153,140604260038400
1393374195,s,C,0.001157,140604259632896
1393374195,c,C,0.000505,140604261660416
1393374195,o,C,0.003317,140604262201088
1393374196,o,C,0.003855,140604260443904
1393374196,o,C,0.002929,140604259362560
1393374196,s,C,0.002561,140604274984704
1393374197,s,C,0.002906,140604274714368
1393374197,n,C,0.022289,140604260984576
1393374197,n,C,0.009381,140604275390208
1393374198,s,C,0.002913,140604261119744
1393374198,o,C,0.003498,140604260579072
1393374198,o,C,0.002992,140604259497728
1393374198,s,C,0.002816,140604261930752
1393374198,p,C,0.001149,140604275930880
1393374199,s,C,0.001309,140604275525376
1393374199,s,C,0.003140,140604261525248
1393374199,s,C,0.002845,140604260443904
1393374201,o,C,0.003247,140604259903232
1393374201,s,C,0.002779,140604274579200
1393374201,p,C,0.002497,140604259768064
1393374202,o,C,0.003693,140604261525248
1393374202,o,C,0.003324,140604261795584
1393374202,s,C,0.002709,140604275660544
1393374202,o,C,0.003562,140604274714368
1393374203,o,C,0.003392,140604275390208
1393374203,n,C,0.010605,140604260849408
1393374203,s,C,0.002809,140604259362560
1393374203,p,C,0.002546,140604275930880
1393374204,o,C,0.002762,140604274579200
1393374204,o,C,0.003221,140604259632896
1393374204,o,C,0.003256,140604260443904
1393374204,s,C,0.001171,140604262471424
1393374205,s,C,0.002869,140604259768064
1393374206,o,C,0.002651,140604262336256
1393374206,s,C,0.002686,140604259362560
1393374206,s,C,0.003310,140604261525248
1393374206,o,C,0.003077,140604259632896
1393374206,o,C,0.003292,140604261930752
1393374207,o,C,0.002730,140604261390080
1393374207,n,C,0.006359,140604275255040
1393374207,o,C,0.002567,140604275795712
1393374207,p,C,0.002675,140604262201088
1393374208,s,C,0.003609,140604274714368
1393374208,c,C,0.000504,140604261119744
1393374209,o,C,0.002849,140604261660416
1393374209,n,C,0.009457,140604262065920
1393374209,s,C,0.002757,140604262471424
1393374210,s,C,0.002927,140604262606592
1393374210,c,C,0.000508,140604261390080
1393374210,o,C,0.003348,140604275119872
1393374210,o,C,0.002883,140604261795584
1393374210,n,C,0.003973,140604260173568
1393374211,n,C,0.007986,140604276201216
1393374212,c,C,0.000526,140604260038400
1393374212,n,C,0.006587,140604274849536
1393374212,o,C,0.000938,140604259362560
1393374212,o,C,0.003035,140604261119744
1393374212,n,C,0.022861,140604276066048
1393374213,c,C,0.000512,140604275660544
1393374213,o,C,0.003325,140604275255040
1393374213,o,C,0.002647,140604262471424
1393374213,s,C,0.003068,140604260714240
1393374213,D,C,0.010612,140604261390080
1393374213,D,C,0.021898,140604261390080
1393374213,D,C,0.027875,140604261390080
1393374213,D,C,0.033261,140604261390080
1393374213,D,C,0.037914,140604261390080
1393374213,D,C,0.045598,140604261390080
1393374213,D,C,0.050118,140604261390080
1393374213,D,C,0.053348,140604261390080
1393374213,D,C,0.057038,140604261390080
1393374213,d,C,0.061291,140604261390080
1393374214,o,C,0.003054,140604275930880
1393374214,o,C,0.003491,140604259632896
1393374215,s,C,0.002896,140604275795712
1393374215,s,C,0.002683,140604259768064
1393374215,o,C,0.000921,140604262065920
1393374216,n,C,0.005454,140604274984704
1393374216,o,C,0.004058,140604260849408
1393374216,o,C,0.002029,140604259362560
1393374217,p,C,0.002389,140604260038400
1393374217,o,C,0.002511,140604261525248
1393374217,s,C,0.003230,140604261390080
1393374217,o,C,0.003107,140604260714240
1393374218,o,C,0.002589,140604261660416
1393374219,o,C,0.002450,140604275119872
1393374219,D,C,0.007157,140604259768064
1393374219,D,C,0.014713,140604259768064
1393374219,D,C,0.020326,140604259768064
1393374219,D,C,0.025835,140604259768064
1393374219,D,C,0.031055,140604259768064
1393374219,D,C,0.036716,140604259768064
1393374219,D,C,0.044667,140604259768064
1393374219,D,C,0.052042,140604259768064
1393374219,D,C,0.059572,140604259768064
1393374219,d,C,0.063745,140604259768064
1393374219,s,C,0.002865,140604261525248
1393374219,o,C,0.002641,140604260849408
1393374220,s,C,0.001317,140604262606592
1393374220,c,C,0.000512,140604262065920
1393374220,s,C,0.002856,140604260714240
1393374220,n,C,0.008256,140604260579072
1393374220,s,C,0.003058,140604262201088
1393374220,o,C,0.003087,140604262336256
1393374220,o,C,0.003469,140604261254912
1393374220,o,C,0.003153,140604276201216
1393374220,o,C,0.003203,140604274714368
1393374220,s,C,0.002615,140604260443904
1393374221,n,C,0.005966,140604275525376
1393374222,o,C,0.003129,140604260173568
1393374222,s,C,0.002817,140604262065920
1393374222,n,C,0.005627,140604275390208
1393374222,n,C,0.005174,140604260984576
1393374223,p,C,0.001070,140604259497728
1393374223,o,C,0.003987,140604260038400
1393374223,o,C,0.003313,140604275660544
1393374224,s,C,0.002906,140604261119744
1393374224,s,C,0.002702,140604260443904
1393374225,s,C,0.002908,140604260714240
1393374225,o,C,0.002879,140604275390208
1393374225,n,C,0.008481,140604276336384
1393374226,o,C,0.003267,140604261930752
1393374226,p,C,0.002527,140604261390080
1393374227,s,C,0.002710,140604275525376
1393374227,o,C,0.003549,140604275795712
1393374227,o,C,0.002745,140604261795584
1393374227,o,C,0.002026,140604261119744
1393374227,D,C,0.009273,140604259903232
1393374227,D,C,0.013702,140604259903232
1393374227,D,C,0.017015,140604259903232
1393374227,D,C,0.020972,140604259903232
1393374227,o,C,0.001231,140604276066048
1393374227,D,C,0.026198,140604259903232
1393374227,D,C,0.030990,140604259903232
1393374227,D,C,0.035055,140604259903232
1393374227,D,C,0.039238,140604259903232
1393374227,D,C,0.043163,140604259903232
1393374227,d,C,0.048019,140604259903232
1393374228,p,C,0.002384,140604261525248
1393374228,s,C,0.002704,140604260443904
1393374228,o,C,0.002663,140604261390080
1393374229,o,C,0.002904,140604261930752
1393374229,o,C,0.002902,140604261119744
1393374229,o,C,0.005543,140604274579200
1393374230,s,C,0.002771,140604262741760
1393374230,s,C,0.001276,140604262606592
1393374231,o,C,0.001940,140604276201216
1393374232,o,C,0.002200,140604260443904
1393374232,o,C,0.003174,140604260173568
1393374232,o,C,0.002937,140604261930752
1393374232,o,C,0.002126,140604260984576
1393374233,s,C,0.002693,140604275525376
1393374233,s,C,0.003213,140604261795584
1393374234,p,C,0.002072,140604260714240
1393374234,o,C,0.002855,140604262606592
1393374235,s,C,0.002812,140604262065920
1393374235,p,C,0.002331,140604259632896
1393374236,s,C,0.002722,140604261930752
1393374236,s,C,0.002718,140604261390080
1393374236,o,C,0.003141,140604259903232
1393374236,o,C,0.000926,140604260579072
1393374237,o,C,0.003120,140604259362560
1393374237,o,C,0.002277,140604276201216
1393374239,s,C,0.002641,140604261660416
1393374239,o,C,0.003447,140604259632896
1393374239,c,C,0.000519,140604276201216
1393374239,n,C,0.007132,140604260849408
1393374239,o,C,0.001670,140604260984576
1393374239,o,C,0.003298,140604259903232
1393374239,o,C,0.003321,140604262336256
1393374240,s,C,0.002953,140604262741760
1393374240,s,C,0.002776,140604259768064
1393374240,s,C,0.002736,140604276336384
1393374240,o,C,0.003120,140604260038400
1393374240,s,C,0.003092,140604274849536
1393374241,o,C,0.003626,140604262065920
1393374241,c,C,0.000507,140604260308736
1393374241,s,C,0.002766,140604260443904
1393374241,o,C,0.002165,140604261930752
1393374241,n,C,0.008849,140604274714368
1393374242,s,C,0.002713,140604276336384
1393374242,D,C,0.007393,140604262741760
1393374242,D,C,0.010892,140604262741760
1393374242,D,C,0.014652,140604262741760
1393374242,D,C,0.019170,140604262741760
1393374242,D,C,0.024689,140604262741760
1393374242,D,C,0.029139,140604262741760
1393374242,D,C,0.032139,140604262741760
1393374242,D,C,0.036082,140604262741760
1393374242,D,C,0.040769,140604262741760
1393374242,d,C,0.044010,140604262741760
1393374242,o,C,0.001041,140604275660544
1393374242,o,C,0.003095,140604261254912
1393374243,s,C,0.002875,140604275525376
1393374243,s,C,0.002752,140604259632896
1393374243,n,C,0.007649,140604275119872
1393374244,s,C,0.002673,140604261390080
1393374244,n,C,0.011039,140604262201088
1393374244,s,C,0.002936,140604275930880
1393374245,o,C,0.003730,140604274984704
1393374246,s,C,0.002757,140604274849536
1393374246,s,C,0.002804,140604261930752
1393374247,s,C,0.002746,140604261525248
1393374247,o,C,0.003762,140604260849408
1393374247,s,C,0.003231,140604262336256
1393374247,o,C,0.003222,140604259903232
1393374247,n,C,0.021458,140604275255040
1393374249,o,C,0.003142,140604261525248
1393374249,o,C,0.003969,140604261930752
1393374250,o,C,0.002383,140604275525376
1393374250,o,C,0.002983,140604275660544
1393374250,s,C,0.002843,140604274849536
1393374250,o,C,0.002951,140604260984576
1393374250,o,C,0.002640,140604262336256
1393374250,o,C,0.003213,140604275255040
1393374250,p,C,0.002385,140604261660416
1393374251,p,C,0.002176,140604274984704
1393374251,o,C,0.002347,140604261390080
1393374251,p,C,0.002406,140604260443904
1393374251,o,C,0.003052,140604276336384
1393374252,n,C,0.006959,140604275390208
1393374252,o,C,0.002375,140604262741760
1393374252,p,C,0.002490,140604260849408
1393374253,s,C,0.003187,140604262336256
1393374253,s,C,0.002530,140604262065920
1393374254,o,C,0.003503,140604260308736
1393374254,o,C,0.003039,140604259362560
1393374254,s,C,0.002749,140604274714368
1393374255,n,C,0.008619,140604276066048
1393374255,D,C,0.010852,140604275660544
1393374255,D,C,0.014337,140604275660544
1393374255,D,C,0.017867,140604275660544
1393374255,D,C,0.023288,140604275660544
1393374255,D,C,0.028503,140604275660544
1393374255,D,C,0.033367,140604275660544
1393374255,D,C,0.037169,140604275660544
1393374255,D,C,0.044554,140604275660544
1393374255,D,C,0.048829,140604275660544
1393374255,n,C,0.002458,140604275795712
1393374255,d,C,0.053300,140604275660544
1393374255,s,C,0.002864,140604262336256
1393374255,o,C,0.002014,140604275930880
1393374255,s,C,0.002635,140604276336384
1393374255,n,C,0.009941,140604262471424
1393374256,o,C,0.002992,140604262065920
1393374256,o,C,0.000945,140604260443904
1393374257,s,C,0.002964,140604262201088
1393374257,c,C,0.000524,140604262606592
1393374257,s,C,0.003186,140604260308736
1393374257,o,C,0.003089,140604274849536
1393374257,s,C,0.002977,140604260579072
1393374258,n,C,0.006045,140604261795584
1393374258,n,C,0.024479,140604276201216
1393374258,o,C,0.003600,140604259903232
1393374258,o,C,0.003130,140604275930880
1393374258,p,C,0.002760,140604262336256
1393374259,o,C,0.003122,140604261119744
1393374259,p,C,0.002521,140604261660416
1393374259,o,C,0.001746,140604260849408
1393374259,o,C,0.001123,140604262606592
1393374259,o,C,0.002853,140604262065920
1393374259,s,C,0.002648,140604261390080
1393374260,s,C,0.001623,140604275255040
1393374260,o,C,0.003685,140604260308736
1393374260,D,C,0.011723,140604275525376
1393374260,D,C,0.021541,140604275525376
1393374260,D,C,0.025506,140604275525376
1393374260,D,C,0.028425,140604275525376
1393374260,D,C,0.032986,140604275525376
1393374260,D,C,0.036238,140604275525376
1393374260,D,C,0.039746,140604275525376
1393374260,D,C,0.043372,140604275525376
1393374260,D,C,0.047793,140604275525376
1393374260,d,C,0.052514,140604275525376
1393374261,s,C,0.002577,140604259632896
1393374261,s,C,0.002700,140604275930880
1393374261,o,C,0.002944,140604260714240
1393374261,s,C,0.002433,140604260579072
1393374261,o,C,0.002408,140604262201088
1393374262,o,C,0.002133,140604274714368
1393374262,o,C,0.002625,140604260984576
1393374262,s,C,0.002864,140604260443904
1393374262,c,C,0.000510,140604275119872
1393374262,s,C,0.002774,140604262065920
1393374262,o,C,0.000935,140604260038400
1393374264,o,C,0.002084,140604260308736
1393374264,o,C,0.003665,140604274714368
1393374264,o,C,0.002404,140604262606592
1393374264,s,C,0.002991,140604275525376
1393374264,n,C,0.008338,140604261254912
1393374265,n,C,0.007881,140604274579200
1393374265,s,C,0.002549,140604275255040
1393374265,c,C,0.000462,140604260173568
1393374266,o,C,0.002308,140604275930880
1393374267,o,C,0.002198,140604260443904
1393374267,o,C,0.003149,140604275255040
1393374267,n,C,0.010563,140604259497728
1393374267,o,C,0.002410,140604275119872
1393374267,D,C,0.009053,140604275660544
1393374267,D,C,0.013633,140604275660544
1393374267,D,C,0.018023,140604275660544
1393374267,D,C,0.022643,140604275660544
1393374267,D,C,0.025980,140604275660544
1393374267,D,C,0.029739,140604275660544
1393374267,D,C,0.035013,140604275660544
1393374267,D,C,0.039552,140604275660544
1393374267,D,C,0.045353,140604275660544
1393374267,d,C,0.049075,140604275660544
1393374267,p,C,0.002174,140604261660416
1393374267,p,C,0.002629,140604275525376
1393374268,p,C,0.002255,140604274849536
1393374268,s,C,0.001257,140604262065920
1393374268,o,C,0.001594,140604260714240
1393374269,D,C,0.008180,140604261119744
1393374269,D,C,0.011544,140604261119744
1393374269,D,C,0.014606,140604261119744
1393374269,D,C,0.017669,140604261119744
1393374269,D,C,0.021965,140604261119744
1393374269,D,C,0.026346,140604261119744
1393374269,D,C,0.030902,140604261119744
1393374269,D,C,0.033849,140604261119744
1393374269,D,C,0.036673,140604261119744
1393374269,d,C,0.039556,140604261119744
1393374269,p,C,0.002015,140604274984704
1393374269,s,C,0.002890,140604262336256
1393374270,s,C,0.001145,140604259362560
1393374270,o,C,0.003628,140604275255040
1393374271,p,C,0.002188,140604260038400
1393374271,p,C,0.002258,140604274579200
1393374271,o,C,0.003531,140604259903232
1393374272,o,C,0.003283,140604261795584
1393374272,s,C,0.002676,140604262201088
1393374272,s,C,0.002718,140604276066048
1393374273,D,C,0.003673,140604259362560
1393374273,D,C,0.008133,140604259362560
1393374273,D,C,0.014255,140604259362560
1393374273,D,C,0.018042,140604259362560
1393374273,D,C,0.020975,140604259362560
1393374273,D,C,0.024419,140604259362560
1393374273,D,C,0.027985,140604259362560
1393374273,D,C,0.033739,140604259362560
1393374273,D,C,0.040080,140604259362560
1393374273,d,C,0.044754,140604259362560
1393374273,o,C,0.002118,140604262336256
1393374273,n,C,0.007271,140604276336384
1393374274,c,C,0.000477,140604260984576
1393374274,s,C,0.002892,140604274849536
1393374274,o,C,0.002943,140604261254912
1393374274,o,C,0.003079,140604260173568
1393374274,s,C,0.002650,140604262606592
1393374274,o,C,0.002350,140604261795584
1393374275,o,C,0.003179,140604260849408
1393374275,n,C,0.005477,140604259768064
1393374275,o,C,0.001708,140604259362560
1393374276,s,C,0.002726,140604260443904
1393374277,s,C,0.002091,140604260984576
1393374277,D,C,0.010266,140604262471424
1393374277,D,C,0.015328,140604262471424
1393374277,D,C,0.018907,140604262471424
1393374277,D,C,0.022609,140604262471424
1393374277,D,C,0.025801,140604262471424
1393374277,D,C,0.029178,140604262471424
1393374277,D,C,0.032006,140604262471424
1393374277,D,C,0.036576,140604262471424
1393374277,D,C,0.042606,140604262471424
1393374277,d,C,0.048574,140604262471424
1393374277,D,C,0.012637,140604261119744
1393374277,p,C,0.001005,140604261390080
1393374277,D,C,0.017227,140604261119744
1393374277,D,C,0.020282,140604261119744
1393374277,D,C,0.023502,140604261119744
1393374277,D,C,0.026622,140604261119744
1393374277,D,C,0.029933,140604261119744
1393374277,D,C,0.033100,140604261119744
1393374277,D,C,0.037918,140604261119744
1393374277,D,C,0.041376,140604261119744
1393374277,d,C,0.044736,140604261119744
1393374278,s,C,0.002705,140604259768064
1393374278,p,C,0.002644,140604261525248
1393374278,s,C,0.002613,140604259362560
1393374278,o,C,0.002173,140604261254912
1393374278,n,C,0.009602,140604262741760
1393374278,s,C,0.002789,140604260714240
1393374279,o,C,0.003278,140604275795712
1393374279,o,C,0.002473,140604260038400
1393374279,s,C,0.002675,140604260443904
1393374279,p,C,0.002113,140604260173568
1393374280,o,C,0.003476,140604275255040
1393374280,s,C,0.002737,140604262471424
1393374280,o,C,0.003479,140604260984576
1393374280,s,C,0.001146,140604260579072
1393374280,s,C,0.001153,140604276066048
1393374281,o,C,0.003273,140604261930752
1393374281,n,C,0.009899,140604276201216
1393374281,s,C,0.003075,140604261119744
1393374282,s,C,0.001165,140604262201088
1393374282,s,C,0.002858,140604274579200
1393374283,o,C,0.003131,140604276066048
1393374284,D,C,0.013138,140604262606592
1393374284,D,C,0.024165,140604262606592
1393374284,D,C,0.027864,140604262606592
1393374284,D,C,0.031939,140604262606592
1393374284,D,C,0.035058,140604262606592
1393374284,D,C,0.038179,140604262606592
1393374284,D,C,0.041032,140604262606592
1393374284,D,C,0.043800,140604262606592
1393374284,D,C,0.046742,140604262606592
1393374284,d,C,0.049534,140604262606592
1393374284,o,C,0.002890,140604260579072
1393374285,s,C,0.002802,140604262471424
1393374285,c,C,0.000520,140604274714368
1393374285,o,C,0.003530,140604261119744
1393374285,n,C,0.005978,140604259632896
1393374286,s,C,0.002958,140604261525248
1393374286,s,C,0.002837,140604260714240
1393374286,c,C,0.000522,140604260443904
1393374287,o,C,0.003604,140604275255040
1393374288,s,C,0.001247,140604260984576
1393374289,o,C,0.003752,140604259497728
1393374289,p,C,0.003273,140604261119744
1393374289,o,C,0.002212,140604260443904
1393374289,o,C,0.002486,140604275795712
1393374289,D,C,0.008810,140604274579200
1393374290,D,C,0.012624,140604274579200
1393374290,D,C,0.015466,140604274579200
1393374290,D,C,0.021041,140604274579200
1393374290,D,C,0.026269,140604274579200
1393374290,D,C,0.030495,140604274579200
1393374290,D,C,0.034091,140604274579200
1393374290,D,C,0.037414,140604274579200
1393374290,D,C,0.040655,140604274579200
1393374290,d,C,0.044421,140604274579200
1393374290,s,C,0.002638,140604262741760
1393374290,o,C,0.002961,140604261525248
1393374290,o,C,0.002514,140604260173568
1393374291,s,C,0.002658,140604259632896
1393374291,s,C,0.002720,140604276066048
1393374291,o,C,0.003553,140604260849408
1393374292,s,C,0.002606,140604260579072
1393374292,o,C,0.003609,140604259768064
1393374292,o,C,0.000958,140604262065920
1393374292,s,C,0.002650,140604275255040
1393374293,p,C,0.002242,140604262201088
1393374293,s,C,0.002669,140604261525248
1393374293,D,C,0.008093,140604259632896
1393374293,D,C,0.012320,140604259632896
1393374293,D,C,0.015832,140604259632896
1393374293,n,C,0.002699,140604274849536
1393374293,D,C,0.026689,140604259632896
1393374293,D,C,0.039291,140604259632896
1393374293,D,C,0.047666,140604259632896
1393374293,D,C,0.052557,140604259632896
1393374293,D,C,0.056402,140604259632896
1393374293,D,C,0.060523,140604259632896
1393374293,d,C,0.064860,140604259632896
1393374293,s,C,0.002721,140604262471424
1393374294,o,C,0.003451,140604260308736
1393374294,o,C,0.001667,140604261660416
1393374294,o,C,0.002872,140604260579072
1393374294,s,C,0.002881,140604260714240
1393374295,s,C,0.002837,140604259497728
1393374295,o,C,0.003195,140604276336384
1393374295,s,C,0.002771,140604275255040
1393374296,o,C,0.003529,140604276201216
1393374296,p,C,0.002122,140604275930880
1393374296,o,C,0.003128,140604275660544
1393374296,s,C,0.002656,140604259768064
1393374296,o,C,0.002982,140604260038400
1393374296,o,C,0.003289,140604261525248
1393374296,s,C,0.002750,140604260849408
1393374296,o,C,0.002989,140604260984576
1393374297,s,C,0.002718,140604262065920
1393374297,o,C,0.003114,140604259497728
1393374297,o,C,0.001484,140604260714240
1393374297,o,C,0.002838,140604261119744
1393374297,n,C,0.010622,140604275525376
1393374297,s,C,0.002318,140604260443904
1393374298,s,C,0.002698,140604259632896
1393374299,o,C,0.003261,140604260849408
1393374299,o,C,0.003045,140604275255040
1393374300,D,C,0.012007,140604262065920
1393374300,D,C,0.016088,140604262065920
1393374300,D,C,0.020092,140604262065920
1393374300,D,C,0.023330,140604262065920
1393374300,D,C,0.026380,140604262065920
1393374300,D,C,0.029592,140604262065920
1393374300,D,C,0.033980,140604262065920
1393374300,D,C,0.037397,140604262065920
1393374300,D,C,0.042766,140604262065920
1393374300,d,C,0.048206,140604262065920
1393374300,o,C,0.002596,140604259497728
1393374301,o,C,0.002790,140604260443904
1393374301,s,C,0.002676,140604260849408
1393374301,s,C,0.002638,140604259768064
1393374301,s,C,0.002546,140604260984576
1393374302,o,C,0.002091,140604262471424
1393374302,o,C,0.002461,140604262065920
1393374303,o,C,0.003052,140604275255040
1393374303,s,C,0.002739,140604259632896
1393374303,o,C,0.001520,140604260443904
1393374303,n,C,0.009260,140604274984704
1393374304,n,C,0.015604,140604262606592
1393374304,s,C,0.002729,140604275930880
1393374304,s,C,0.002780,140604276201216
1393374304,D,C,0.012516,140604261119744
1393374304,D,C,0.021349,140604261119744
1393374304,D,C,0.026930,140604261119744
1393374304,D,C,0.030341,140604261119744
1393374304,D,C,0.033512,140604261119744
1393374304,D,C,0.036696,140604261119744
1393374304,D,C,0.039716,140604261119744
1393374304,D,C,0.044582,140604261119744
1393374304,D,C,0.049856,140604261119744
1393374304,d,C,0.053210,140604261119744
1393374304,s,C,0.002749,140604275390208
1393374304,o,C,0.002911,140604260984576
1393374305,o,C,0.001179,140604262471424
1393374305,s,C,0.003014,140604260038400
1393374305,o,C,0.003219,140604262336256
1393374305,o,C,0.002199,140604262201088
1393374305,o,C,0.002809,140604261254912
1393374305,o,C,0.003157,140604260849408
1393374306,s,C,0.001335,140604260308736
1393374306,s,C,0.002732,140604276201216
1393374307,n,C,0.007432,140604274714368
1393374307,o,C,0.003046,140604275390208
1393374307,c,C,0.000512,140604275930880
1393374308,o,C,0.003391,140604262471424
1393374308,s,C,0.002747,140604262201088
1393374309,o,C,0.003426,140604260984576
1393374310,o,C,0.002847,140604275660544
1393374310,s,C,0.002981,140604276066048
1393374310,s,C,0.002853,140604274714368
1393374310,n,C,0.007751,140604259362560
1393374310,n,C,0.006662,140604261795584
1393374310,o,C,0.001481,140604261119744
1393374311,o,C,0.002654,140604262065920
1393374311,s,C,0.002666,140604262201088
1393374311,n,C,0.024702,140604275119872
1393374311,p,C,0.002451,140604261254912
1393374312,s,C,0.002637,140604276066048
1393374312,s,C,0.002377,140604274714368
1393374312,o,C,0.001759,140604275255040
1393374312,s,C,0.002378,140604260308736
1393374312,s,C,0.002896,140604275390208
1393374312,n,C,0.010392,140604274849536
1393374313,p,C,0.002349,140604259768064
1393374313,s,C,0.003262,140604261660416
1393374314,n,C,0.002396,140604259903232
1393374314,o,C,0.001839,140604276201216
1393374314,s,C,0.002823,140604260849408
1393374314,o,C,0.003102,140604262201088
1393374314,o,C,0.002812,140604274849536
1393374315,o,C,0.003270,140604260038400
1393374315,s,C,0.002794,140604261525248
1393374315,s,C,0.002779,140604262065920
1393374315,s,C,0.002817,140604261254912
1393374316,s,C,0.002839,140604259497728
1393374316,n,C,0.010622,140604262741760
1393374316,p,C,0.002183,140604261119744
1393374317,n,C,0.006696,140604275525376
1393374317,n,C,0.010073,140604260173568
1393374317,n,C,0.019927,140604276336384
1393374318,o,C,0.002447,140604275930880
1393374318,s,C,0.002788,140604262065920
1393374318,n,C,0.005527,140604274579200
1393374318,o,C,0.002900,140604261390080
1393374319,s,C,0.002888,140604261254912
1393374320,o,C,0.003739,140604275525376
1393374320,s,C,0.002951,140604275660544
1393374320,c,C,0.000516,140604274849536
1393374321,s,C,0.002683,140604262201088
1393374321,s,C,0.002874,140604275119872
1393374322,o,C,0.003379,140604260308736
1393374322,o,C,0.002816,140604262471424
1393374322,o,C,0.002854,140604260849408
1393374322,o,C,0.002568,140604260173568
1393374323,s,C,0.002782,140604274714368
1393374324,s,C,0.002617,140604262201088
1393374324,o,C,0.002371,140604275119872
1393374324,o,C,0.003377,140604275525376
1393374325,s,C,0.002520,140604262741760
1393374325,o,C,0.002194,140604259632896
1393374325,o,C,0.003303,140604261525248
1393374326,o,C,0.003133,140604274579200
1393374326,s,C,0.002748,140604259362560
1393374326,s,C,0.002716,140604262336256
1393374327,s,C,0.002620,140604274714368
1393374327,o,C,0.003119,140604261930752
1393374327,n,C,0.008328,140604274984704
1393374327,n,C,0.002378,140604260579072
1393374327,o,C,0.001691,140604262606592
1393374327,c,C,0.000517,140604259768064
1393374327,o,C,0.003524,140604275119872
1393374328,o,C,0.002722,140604260308736
1393374328,n,C,0.007776,140604260443904
1393374328,o,C,0.003081,140604276066048
1393374328,o,C,0.005289,140604260849408
1393374328,o,C,0.002120,140604262741760
1393374329,s,C,0.002553,140604261525248
1393374329,o,C,0.003049,140604261930752
1393374330,s,C,0.002826,140604275795712
1393374330,o,C,0.003061,140604259768064
1393374330,o,C,0.002270,140604261390080
1393374330,s,C,0.001144,140604274714368
1393374330,c,C,0.000491,140604259362560
1393374331,s,C,0.002783,140604262606592
1393374331,p,C,0.002409,140604262336256
1393374332,s,C,0.003388,140604260173568
1393374332,s,C,0.001866,140604276201216
1393374332,s,C,0.002636,140604260308736
1393374332,o,C,0.003293,140604261930752
1393374332,s,C,0.002761,140604259632896
1393374333,s,C,0.002794,140604275795712
1393374333,o,C,0.002397,140604260714240
1393374334,s,C,0.002969,140604261795584
1393374334,s,C,0.002828,140604260849408
1393374334,s,C,0.002738,140604262336256
1393374335,s,C,0.002744,140604262065920
1393374335,s,C,0.002784,140604274984704
1393374336,s,C,0.002760,140604261254912
1393374337,n,C,0.006350,140604259497728
1393374337,o,C,0.003337,140604262606592
1393374337,s,C,0.002612,140604262741760
1393374338,p,C,0.002466,140604261525248
1393374338,s,C,0.002832,140604276201216
1393374338,s,C,0.002944,140604276336384
1393374338,s,C,0.002723,140604260308736
1393374339,o,C,0.003190,140604275119872
1393374339,s,C,0.002685,140604260038400
1393374339,n,C,0.011480,140604261119744
1393374339,n,C,0.009596,140604261660416
1393374340,n,C,0.006436,140604275390208
1393374340,o,C,0.003020,140604260443904
1393374340,s,C,0.002672,140604262741760
1393374341,n,C,0.009226,140604275660544
1393374341,o,C,0.001887,140604261930752
1393374341,p,C,0.002255,140604275255040
1393374341,o,C,0.002205,140604260173568
1393374341,o,C,0.003056,140604261254912
1393374342,o,C,0.003584,140604262336256
1393374342,p,C,0.002362,140604259768064
1393374342,o,C,0.001868,140604260579072
1393374343,c,C,0.000510,140604276201216
1393374343,n,C,0.007510,140604275525376
1393374343,s,C,0.002615,140604262606592
1393374344,o,C,0.003058,140604260714240
1393374344,s,C,0.001140,140604260443904
1393374345,p,C,0.004066,140604275795712
1393374345,o,C,0.002075,140604276066048
1393374345,s,C,0.003035,140604261119744
1393374346,n,C,0.008946,140604262471424
1393374346,s,C,0.002722,140604260308736
1393374346,D,C,0.011911,140604262741760
1393374346,D,C,0.023573,140604262741760
1393374346,D,C,0.030877,140604262741760
1393374346,D,C,0.034144,140604262741760
1393374346,D,C,0.037499,140604262741760
1393374346,D,C,0.040708,140604262741760
1393374346,D,C,0.043652,140604262741760
1393374346,D,C,0.047474,140604262741760
1393374346,D,C,0.050719,140604262741760
1393374346,d,C,0.053881,140604262741760
1393374346,s,C,0.002476,140604262201088
1393374346,s,C,0.002759,140604260849408
1393374347,o,C,0.002808,140604275390208
1393374347,D,C,0.004563,140604276066048
1393374347,D,C,0.009273,140604276066048
1393374347,D,C,0.013620,140604276066048
1393374347,D,C,0.017802,140604276066048
1393374347,D,C,0.022527,140604276066048
1393374347,D,C,0.028085,140604276066048
1393374347,D,C,0.031639,140604276066048
1393374347,D,C,0.035114,140604276066048
1393374347,D,C,0.038039,140604276066048
1393374347,d,C,0.041489,140604276066048
1393374347,o,C,0.003435,140604261660416
1393374348,s,C,0.002748,140604262065920
1393374349,o,C,0.002900,140604261119744
1393374349,o,C,0.002336,140604262606592
1393374349,s,C,0.002667,140604261390080
1393374350,s,C,0.002618,140604260308736
1393374350,s,C,0.002117,140604259768064
1393374350,s,C,0.002129,140604260579072
1393374350,o,C,0.003439,140604275660544
1393374350,o,C,0.001945,140604259362560
1393374350,o,C,0.002414,140604276066048
1393374351,o,C,0.002783,140604261660416
1393374351,o,C,0.002998,140604260443904
1393374351,o,C,0.004172,140604262065920
1393374352,o,C,0.002773,140604261390080
1393374352,o,C,0.004145,140604276336384
1393374352,o,C,0.002191,140604261119744
1393374352,o,C,0.002536,140604274714368
1393374353,o,C,0.002598,140604276201216
1393374353,s,C,0.002543,140604275119872
1393374354,D,C,0.009330,140604259362560
1393374354,D,C,0.012567,140604259362560
1393374354,D,C,0.016272,140604259362560
1393374354,D,C,0.019601,140604259362560
1393374354,D,C,0.022727,140604259362560
1393374354,D,C,0.025803,140604259362560
1393374354,D,C,0.028689,140604259362560
1393374354,D,C,0.031572,140604259362560
1393374354,D,C,0.034894,140604259362560
1393374354,d,C,0.037682,140604259362560
1393374354,n,C,0.008932,140604261795584
1393374354,s,C,0.002756,140604260714240
1393374354,n,C,0.007691,140604274849536
1393374354,D,C,0.012505,140604260984576
1393374354,D,C,0.017550,140604260984576
1393374354,D,C,0.022124,140604260984576
1393374354,D,C,0.025423,140604260984576
1393374354,D,C,0.029608,140604260984576
1393374354,D,C,0.033981,140604260984576
1393374354,D,C,0.038178,140604260984576
1393374354,D,C,0.041662,140604260984576
1393374354,D,C,0.044652,140604260984576
1393374354,d,C,0.047592,140604260984576
1393374355,o,C,0.002776,140604274579200
1393374355,s,C,0.002817,140604260038400
1393374356,p,C,0.002556,140604262065920
1393374356,o,C,0.003065,140604275390208
1393374356,s,C,0.002657,140604260984576
1393374356,s,C,0.002676,140604259632896
1393374357,s,C,0.002857,140604274984704
1393374357,o,C,0.002979,140604276336384
1393374357,o,C,0.002098,140604262201088
1393374358,s,C,0.002677,140604262606592
1393374358,n,C,0.005536,140604261525248
1393374358,D,C,0.003605,140604260443904
1393374358,D,C,0.006887,140604260443904
1393374358,D,C,0.010258,140604260443904
1393374358,D,C,0.019051,140604260443904
1393374358,D,C,0.027054,140604260443904
1393374358,D,C,0.030150,140604260443904
1393374358,D,C,0.033706,140604260443904
1393374358,D,C,0.037251,140604260443904
1393374358,D,C,0.040776,140604260443904
1393374358,d,C,0.045862,140604260443904
1393374359,o,C,0.002853,140604260849408
1393374359,s,C,0.002610,140604262201088
1393374360,s,C,0.002615,140604275119872
1393374360,s,C,0.002799,140604261795584
1393374360,o,C,0.002041,140604260038400
1393374360,D,C,0.009173,140604275930880
1393374360,D,C,0.012491,140604275930880
1393374360,D,C,0.016204,140604275930880
1393374360,D,C,0.019750,140604275930880
1393374360,D,C,0.023260,140604275930880
1393374360,D,C,0.026434,140604275930880
1393374360,D,C,0.031111,140604275930880
1393374360,D,C,0.036469,140604275930880
1393374360,D,C,0.043110,140604275930880
1393374360,d,C,0.049192,140604275930880
1393374361,o,C,0.000927,140604259632896
1393374361,o,C,0.003118,140604260984576
1393374361,o,C,0.002824,140604261119744
1393374361,s,C,0.002844,140604260714240
1393374362,o,C,0.002363,140604276336384
1393374362,c,C,0.000509,140604260443904
1393374362,s,C,0.002707,140604261795584
1393374362,p,C,0.002375,140604259362560
1393374363,o,C,0.002748,140604274849536
1393374363,o,C,0.002972,140604259497728
1393374363,o,C,0.002716,140604276066048
1393374363,o,C,0.002674,140604274579200
1393374363,s,C,0.002584,140604260038400
1393374364,s,C,0.002654,140604259632896
1393374364,s,C,0.002767,140604275930880
1393374365,o,C,0.003548,140604261254912
1393374365,o,C,0.003065,140604275660544
1393374365,o,C,0.003042,140604261660416
1393374365,s,C,0.002853,140604261795584
1393374365,s,C,0.002559,140604259362560
1393374365,o,C,0.002986,140604275525376
1393374366,c,C,0.000510,140604276066048
1393374366,o,C,0.002878,140604260038400
1393374366,o,C,0.002738,140604261525248
1393374366,s,C,0.002904,140604262471424
1393374367,n,C,0.008336,140604262741760
1393374368,o,C,0.002823,140604259362560
1393374368,s,C,0.002795,140604261119744
1393374368,s,C,0.001150,140604260038400
1393374369,o,C,0.000972,140604275390208
1393374369,o,C,0.003417,140604261525248
1393374369,n,C,0.005869,140604260579072
1393374370,s,C,0.002733,140604276336384
1393374370,s,C,0.002841,140604262471424
1393374370,n,C,0.005580,140604260308736
1393374370,n,C,0.009786,140604259768064
1393374371,s,C,0.002823,140604276201216
1393374371,s,C,0.002681,140604262336256
1393374372,o,C,0.002131,140604275390208
1393374372,o,C,0.003570,140604260173568
1393374373,p,C,0.002571,140604275795712
1393374373,s,C,0.002613,140604260579072
1393374373,s,C,0.002840,140604261525248
1393374373,s,C,0.002665,140604261795584
1393374373,s,C,0.002626,140604275119872
1393374374,o,C,0.003118,140604260849408
1393374375,o,C,0.002850,140604262201088
1393374375,s,C,0.002663,140604259362560
1393374375,s,C,0.002633,140604260038400
1393374376,o,C,0.002658,140604275660544
1393374376,s,C,0.002656,140604274714368
1393374376,p,C,0.002174,140604260579072
1393374378,n,C,0.009853,140604261930752
1393374379,o,C,0.001960,140604262606592
1393374379,s,C,0.002730,140604260308736
1393374379,o,C,0.001115,140604262065920
1393374379,s,C,0.000898,140604261525248
1393374379,o,C,0.003107,140604274849536
1393374379,n,C,0.005689,140604274984704
1393374379,o,C,0.002587,140604276201216
1393374380,o,C,0.002522,140604276336384
1393374380,s,C,0.002724,140604275119872
1393374381,s,C,0.002912,140604261795584
1393374381,s,C,0.002605,140604259362560
1393374381,s,C,0.002875,140604275525376
1393374381,s,C,0.002925,140604262471424
1393374382,o,C,0.002012,140604274714368
1393374383,s,C,0.002568,140604262606592
1393374383,o,C,0.002585,140604260308736
1393374383,n,C,0.004899,140604260714240
1393374383,c,C,0.000435,140604260984576
1393374384,o,C,0.003090,140604262336256
1393374384,o,C,0.003206,140604276336384
1393374385,s,C,0.002641,140604274579200
1393374386,o,C,0.003398,140604259362560
1393374386,o,C,0.002224,140604274984704
1393374386,s,C,0.002591,140604260038400
1393374386,s,C,0.002719,140604261119744
1393374386,o,C,0.002836,140604262201088
1393374386,s,C,0.002841,140604261930752
1393374386,n,C,0.008003,140604259497728
1393374386,s,C,0.001304,140604261660416
1393374387,c,C,0.000542,140604262471424
1393374387,o,C,0.002618,140604260984576
1393374388,s,C,0.002670,140604275119872
1393374388,o,C,0.003161,140604261930752
1393374389,p,C,0.002654,140604261390080
1393374389,o,C,0.003697,140604275390208
1393374389,D,C,0.008123,140604261119744
1393374389,D,C,0.011640,140604261119744
1393374389,D,C,0.014752,140604261119744
1393374389,D,C,0.017859,140604261119744
1393374389,D,C,0.020754,140604261119744
1393374389,D,C,0.023575,140604261119744
1393374389,D,C,0.026350,140604261119744
1393374389,o,C,0.000901,140604274984704
1393374389,D,C,0.029356,140604261119744
1393374389,D,C,0.032213,140604261119744
1393374389,d,C,0.034937,140604261119744
1393374390,s,C,0.001282,140604274579200
1393374390,n,C,0.005677,140604259768064
1393374390,n,C,0.008543,140604261254912
1393374391,s,C,0.002489,140604260038400
1393374391,D,C,0.012136,140604262201088
1393374391,D,C,0.018966,140604262201088
1393374391,D,C,0.021982,140604262201088
1393374391,D,C,0.024975,140604262201088
1393374391,D,C,0.028086,140604262201088
1393374391,D,C,0.032201,140604262201088
1393374391,D,C,0.036722,140604262201088
1393374391,D,C,0.040617,140604262201088
1393374391,D,C,0.043464,140604262201088
1393374391,d,C,0.046456,140604262201088
1393374391,n,C,0.002467,140604260443904
1393374391,o,C,0.002606,140604261525248
1393374391,n,C,0.008509,140604276066048
1393374391,s,C,0.003408,140604275390208
1393374392,o,C,0.002129,140604262606592
1393374392,o,C,0.002519,140604262471424
1393374392,D,C,0.006936,140604275255040
1393374392,D,C,0.011029,140604275255040
1393374392,D,C,0.014110,140604275255040
1393374392,D,C,0.017622,140604275255040
1393374392,D,C,0.021745,140604275255040
1393374392,D,C,0.026132,140604275255040
1393374392,D,C,0.029828,140604275255040
1393374392,D,C,0.032636,140604275255040
1393374392,D,C,0.035439,140604275255040
1393374392,d,C,0.038228,140604275255040
1393374392,p,C,0.001604,140604274849536
1393374392,s,C,0.002013,140604260984576
1393374393,o,C,0.002865,140604275660544
1393374393,o,C,0.003108,140604261930752
1393374394,o,C,0.002929,140604259362560
1393374394,s,C,0.002832,140604262201088
1393374394,s,C,0.002781,140604261119744
1393374395,s,C,0.002710,140604261795584
1393374395,s,C,0.002656,140604274579200
1393374396,c,C,0.000349,140604262606592
1393374396,s,C,0.002610,140604259632896
1393374396,s,C,0.002880,140604259497728
1393374396,o,C,0.003366,140604260849408
1393374396,s,C,0.002665,140604261390080
1393374397,s,C,0.002664,140604260579072
1393374397,o,C,0.003205,140604261660416
1393374397,n,C,0.007865,140604259903232
1393374398,o,C,0.002276,140604259768064
1393374398,o,C,0.003183,140604260038400
1393374398,o,C,0.002659,140604262471424
1393374398,o,C,0.002921,140604275525376
1393374398,s,C,0.002533,140604260308736
1393374398,s,C,0.002795,140604261119744
1393374399,s,C,0.002491,140604276336384
1393374399,s,C,0.002878,140604275660544
1393374399,D,C,0.013543,140604261795584
1393374399,D,C,0.020157,140604261795584
1393374399,D,C,0.024208,140604261795584
1393374399,D,C,0.027202,140604261795584
1393374399,D,C,0.031328,140604261795584
1393374399,D,C,0.034606,140604261795584
1393374399,D,C,0.038248,140604261795584
1393374399,D,C,0.041520,140604261795584
1393374399,D,C,0.044445,140604261795584
1393374399,d,C,0.047204,140604261795584
1393374400,o,C,0.002196,140604262606592
1393374400,o,C,0.002444,140604262201088
1393374401,s,C,0.002655,140604261390080
1393374401,o,C,0.002433,140604275525376
1393374401,s,C,0.002618,140604260308736
1393374401,s,C,0.002814,140604274984704
1393374401,o,C,0.003041,140604260038400
1393374401,s,C,0.002703,140604276336384
1393374401,o,C,0.003004,140604275255040
1393374402,s,C,0.002877,140604261254912
1393374403,o,C,0.002431,140604262336256
1393374404,o,C,0.002715,140604276336384
1393374404,o,C,0.002996,140604275390208
1393374404,c,C,0.000515,140604262471424
1393374405,n,C,0.006221,140604260173568
1393374405,s,C,0.002734,140604274984704
1393374405,s,C,0.002836,140604274849536
1393374405,o,C,0.002065,140604262065920
1393374405,p,C,0.002323,140604275795712
1393374405,o,C,0.002763,140604261390080
1393374406,n,C,0.005734,140604275930880
1393374406,c,C,0.000541,140604259497728
1393374406,s,C,0.001084,140604260579072
1393374407,s,C,0.002660,140604262201088
1393374407,s,C,0.002547,140604260038400
1393374407,s,C,0.002752,140604260443904
1393374407,n,C,0.007599,140604260714240
1393374407,o,C,0.003309,140604261795584
1393374407,p,C,0.002360,140604259632896
1393374408,s,C,0.001596,140604262471424
1393374408,s,C,0.002993,140604276066048
1393374408,o,C,0.002451,140604260173568
1393374409,s,C,0.002834,140604259497728
1393374409,o,C,0.002757,140604260849408
1393374409,o,C,0.002473,140604275795712
1393374409,s,C,0.002721,140604276201216
1393374409,n,C,0.007198,140604275119872
1393374409,o,C,0.001687,140604262606592
1393374409,p,C,0.001195,140604276336384
1393374409,s,C,0.002535,140604262201088
1393374411,s,C,0.002497,140604260714240
1393374412,s,C,0.002717,140604260579072
1393374412,s,C,0.002746,140604262336256
1393374412,p,C,0.002194,140604262471424
1393374412,s,C,0.002732,140604274849536
1393374412,s,C,0.002736,140604276201216
1393374413,c,C,0.000478,140604275255040
1393374413,s,C,0.002713,140604261795584
1393374413,s,C,0.002755,140604274714368
1393374413,o,C,0.003417,140604261119744
1393374413,o,C,0.002390,140604262201088
1393374414,p,C,0.002639,140604259903232
1393374415,s,C,0.002678,140604261795584
1393374415,o,C,0.002279,140604260579072
1393374415,n,C,0.007884,140604260984576
1393374416,s,C,0.002639,140604260443904
1393374417,o,C,0.003568,140604262065920
1393374417,n,C,0.002167,140604274579200
1393374417,s,C,0.002584,140604276066048
1393374417,o,C,0.002124,140604262201088
1393374418,n,C,0.005013,140604275660544
1393374418,o,C,0.002438,140604261660416
1393374418,s,C,0.002590,140604275119872
1393374418,o,C,0.003074,140604276336384
1393374419,o,C,0.003264,140604275390208
1393374419,o,C,0.002698,140604260173568
1393374419,s,C,0.002794,140604275930880
1393374420,p,C,0.001016,140604274984704
1393374420,o,C,0.002830,140604275660544
1393374421,s,C,0.002668,140604260579072
1393374421,s,C,0.002762,140604261795584
1393374421,o,C,0.005466,140604260714240
1393374421,o,C,0.003159,140604259768064
1393374421,o,C,0.003146,140604260443904
1393374422,s,C,0.002730,140604276066048
1393374422,s,C,0.002760,140604261660416
1393374422,c,C,0.000512,140604262065920
1393374423,p,C,0.002591,140604260038400
1393374424,o,C,0.003201,140604274579200
1393374424,s,C,0.002853,140604260173568
1393374424,p,C,0.002575,140604262201088
1393374424,s,C,0.002749,140604275930880
1393374424,s,C,0.001179,140604276066048
1393374424,s,C,0.001188,140604259632896
1393374425,s,C,0.002837,140604261660416
1393374425,o,C,0.002008,140604275119872
1393374427,D,C,0.010765,140604262741760
1393374427,D,C,0.013886,140604262741760
1393374427,D,C,0.016835,140604262741760
1393374427,D,C,0.023809,140604262741760
1393374427,D,C,0.039539,140604262741760
1393374427,D,C,0.049298,140604262741760
1393374427,D,C,0.066313,140604262741760
1393374427,D,C,0.069623,140604262741760
1393374427,D,C,0.072803,140604262741760
1393374427,d,C,0.075806,140604262741760
1393374427,n,C,0.008302,140604259497728
1393374427,n,C,0.006106,140604260308736
1393374427,n,C,0.005737,140604275525376
1393374428,o,C,0.003357,140604261525248
1393374429,c,C,0.000527,140604259632896
1393374429,n,C,0.006802,140604260849408
1393374429,s,C,0.002617,140604262741760
1393374430,o,C,0.002320,140604262065920
1393374430,o,C,0.002771,140604275930880
1393374431,n,C,0.010885,140604276201216
1393374431,o,C,0.002189,140604260579072
1393374431,o,C,0.003176,140604274984704
1393374431,s,C,0.002755,140604262201088
1393374431,s,C,0.002732,140604261525248
1393374431,o,C,0.002135,140604276336384
1393374432,s,C,0.002974,140604260714240
1393374432,n,C,0.006850,140604275255040
1393374433,o,C,0.003259,140604259632896
1393374433,o,C,0.003102,140604261660416
1393374433,s,C,0.002678,140604262336256
1393374434,o,C,0.003134,140604260173568
1393374434,n,C,0.008570,140604259903232
1393374434,p,C,0.002423,140604260849408
1393374435,o,C,0.002217,140604260579072
1393374435,n,C,0.009658,140604261254912
1393374435,D,C,0.010211,140604276201216
1393374435,D,C,0.013633,140604276201216
1393374435,D,C,0.016913,140604276201216
1393374435,D,C,0.020232,140604276201216
1393374435,D,C,0.023391,140604276201216
1393374435,D,C,0.026321,140604276201216
1393374435,D,C,0.030886,140604276201216
1393374435,D,C,0.037571,140604276201216
1393374435,D,C,0.044621,140604276201216
1393374435,d,C,0.048190,140604276201216
1393374435,s,C,0.002673,140604276336384
1393374435,s,C,0.002790,140604261795584
1393374435,s,C,0.002725,140604262336256
1393374436,s,C,0.002542,140604262741760
1393374436,n,C,0.005501,140604261930752
1393374436,p,C,0.002478,140604275930880
1393374436,p,C,0.002452,140604262201088
1393374436,o,C,0.003038,140604261390080
1393374436,s,C,0.002626,140604262606592
1393374437,o,C,0.002768,140604261525248
1393374437,o,C,0.003784,140604275390208
1393374437,n,C,0.007844,140604261119744
1393374437,s,C,0.002564,140604260984576
1393374438,n,C,0.002014,140604275795712
1393374438,o,C,0.002796,140604262471424
1393374438,n,C,0.010632,140604274849536
1393374438,o,C,0.003510,140604274579200
1393374438,s,C,0.002753,140604276336384
1393374438,c,C,0.000507,140604260038400
1393374439,s,C,0.002540,140604262741760
1393374439,o,C,0.003055,140604275660544
1393374440,s,C,0.002654,140604262201088
1393374441,s,C,0.002706,140604261930752
1393374441,n,C,0.006163,140604259768064
1393374441,s,C,0.002738,140604275795712
1393374441,o,C,0.003733,140604276201216
1393374442,c,C,0.000506,140604262741760
1393374442,D,C,0.012439,140604262065920
1393374442,D,C,0.018377,140604262065920
1393374442,D,C,0.021249,140604262065920
1393374442,D,C,0.024202,140604262065920
1393374442,D,C,0.027037,140604262065920
1393374442,D,C,0.030585,140604262065920
1393374442,D,C,0.035188,140604262065920
1393374442,D,C,0.039533,140604262065920
1393374442,D,C,0.042848,140604262065920
1393374442,d,C,0.045594,140604262065920
1393374442,s,C,0.002112,140604262606592
1393374443,o,C,0.003078,140604261795584
1393374443,s,C,0.002744,140604261254912
1393374443,p,C,0.002673,140604262201088
1393374443,o,C,0.002153,140604261525248
1393374443,s,C,0.002735,140604274849536
1393374444,o,C,0.003429,140604261119744
1393374444,p,C,0.002708,140604259768064
1393374444,s,C,0.002897,140604259903232
1393374445,o,C,0.003066,140604275660544
1393374445,o,C,0.003326,140604262741760
1393374445,s,C,0.002558,140604275119872
1393374446,c,C,0.000374,140604261930752
1393374446,s,C,0.002675,140604275255040
1393374446,o,C,0.001873,140604259362560
1393374446,s,C,0.002849,140604274714368
1393374447,s,C,0.001258,140604261390080
1393374447,o,C,0.003196,140604261254912
1393374448,s,C,0.002749,140604262065920
1393374448,c,C,0.000514,140604260849408
1393374448,o,C,0.003413,140604276201216
1393374449,s,C,0.002600,140604259362560
1393374449,o,C,0.003099,140604275119872
1393374449,p,C,0.002191,140604260038400
1393374449,o,C,0.002987,140604274849536
1393374450,s,C,0.002658,140604275255040
1393374450,o,C,0.002769,140604262336256
1393374450,o,C,0.002754,140604262065920
1393374450,c,C,0.000466,140604259768064
1393374450,s,C,0.002348,140604274579200
1393374450,o,C,0.002089,140604260443904
1393374450,o,C,0.002423,140604261390080
1393374451,n,C,0.008277,140604274984704
1393374451,o,C,0.002258,140604259497728
1393374451,s,C,0.002672,140604259632896
1393374452,s,C,0.002694,140604260714240
1393374452,s,C,0.002638,140604262741760
1393374452,s,C,0.002680,140604275255040
1393374452,s,C,0.002610,140604262336256
1393374453,o,C,0.002316,140604261119744
1393374453,s,C,0.002504,140604275119872
1393374453,s,C,0.002917,140604259903232
1393374454,p,C,0.000968,140604261930752
1393374454,s,C,0.001079,140604261390080
1393374454,s,C,0.002776,140604275525376
1393374454,s,C,0.002485,140604262741760
1393374454,n,C,0.007502,140604276066048
1393374455,s,C,0.001827,140604275255040
1393374455,s,C,0.001928,140604274849536
1393374455,s,C,0.002579,140604275119872
1393374455,s,C,0.002789,140604260173568
1393374456,p,C,0.002272,140604259632896
1393374456,o,C,0.001962,140604260579072
1393374456,o,C,0.003027,140604260714240
1393374456,o,C,0.002803,140604274714368
1393374456,s,C,0.002728,140604262336256
1393374456,o,C,0.003369,140604262741760
1393374457,o,C,0.002092,140604260038400
1393374457,o,C,0.002851,140604260443904
1393374457,o,C,0.002106,140604274579200
1393374457,o,C,0.002142,140604274849536
1393374457,s,C,0.002721,140604261795584
1393374457,o,C,0.003137,140604261930752
1393374457,o,C,0.002347,140604275255040
1393374458,o,C,0.002882,140604274984704
1393374458,s,C,0.002897,140604275660544
1393374459,o,C,0.003100,140604262065920
1393374459,p,C,0.002286,140604259768064
1393374459,s,C,0.002442,140604276201216
1393374460,n,C,0.019576,140604260308736
1393374460,s,C,0.000930,140604259362560
1393374460,o,C,0.003291,140604274849536
1393374460,n,C,0.008488,140604260984576
1393374461,o,C,0.001929,140604260173568
1393374461,o,C,0.003166,140604275119872
1393374461,s,C,0.002763,140604261119744
1393374461,s,C,0.002818,140604259497728
1393374461,o,C,0.001952,140604262336256
1393374461,s,C,0.002719,140604274984704
1393374461,o,C,0.002346,140604276201216
1393374462,o,C,0.002785,140604259903232
1393374462,p,C,0.002801,140604274714368
1393374462,n,C,0.012096,140604276336384
1393374462,s,C,0.002615,140604275255040
1393374463,n,C,0.006588,140604262471424
1393374463,s,C,0.002641,140604275660544
1393374464,o,C,0.000923,140604275525376
1393374464,n,C,0.005798,140604262606592
1393374464,o,C,0.003028,140604259497728
1393374464,p,C,0.002370,140604260984576
1393374464,o,C,0.002603,140604274714368
1393374464,o,C,0.003289,140604261119744
1393374465,p,C,0.002609,140604259362560
1393374465,D,C,0.012998,140604260308736
1393374465,D,C,0.017261,140604260308736
1393374465,D,C,0.021034,140604260308736
1393374465,D,C,0.024906,140604260308736
1393374465,D,C,0.030602,140604260308736
1393374465,D,C,0.036488,140604260308736
1393374465,D,C,0.040058,140604260308736
1393374465,D,C,0.042859,140604260308736
1393374465,D,C,0.045669,140604260308736
1393374465,d,C,0.048902,140604260308736
1393374465,s,C,0.001097,140604261930752
1393374466,o,C,0.001761,140604259768064
1393374466,o,C,0.002628,140604260443904
1393374466,n,C,0.007009,140604261254912
1393374466,o,C,0.002823,140604260849408
1393374467,s,C,0.002689,140604275255040
1393374467,s,C,0.001158,140604276066048
1393374468,s,C,0.002794,140604260714240
1393374468,D,C,0.003423,140604260579072
1393374468,D,C,0.006600,140604260579072
1393374468,D,C,0.009697,140604260579072
1393374468,D,C,0.012651,140604260579072
1393374468,D,C,0.015512,140604260579072
1393374468,D,C,0.018529,140604260579072
1393374468,D,C,0.021324,140604260579072
1393374468,D,C,0.025667,140604260579072
1393374468,D,C,0.028327,140604260579072
1393374468,d,C,0.031536,140604260579072
1393374468,o,C,0.001425,140604259497728
1393374469,s,C,0.001338,140604261660416
1393374470,s,C,0.001122,140604262741760
1393374470,o,C,0.003987,140604259768064
1393374470,o,C,0.003397,140604262336256
1393374470,o,C,0.002895,140604261390080
1393374470,s,C,0.002576,140604260308736
1393374470,o,C,0.002812,140604260714240
1393374470,p,C,0.002137,140604261254912
1393374471,s,C,0.002771,140604259497728
1393374471,s,C,0.002786,140604260849408
1393374471,o,C,0.003255,140604262065920
1393374472,s,C,0.001194,140604274984704
1393374472,p,C,0.002141,140604260984576
1393374474,o,C,0.001634,140604260714240
1393374474,o,C,0.003344,140604275660544
1393374474,n,C,0.005748,140604261525248
1393374475,p,C,0.008290,140604259632896
1393374475,o,C,0.003111,140604262741760
1393374476,s,C,0.002812,140604274984704
1393374476,s,C,0.002696,140604261660416
1393374476,c,C,0.000502,140604275660544
1393374476,o,C,0.002133,140604275255040
1393374476,s,C,0.002853,140604275390208
1393374477,s,C,0.002647,140604260849408
1393374477,s,C,0.002676,140604261930752
1393374477,o,C,0.000984,140604275930880
1393374478,s,C,0.002669,140604261119744
1393374478,s,C,0.002552,140604260038400
1393374478,o,C,0.003677,140604259497728
1393374478,p,C,0.002218,140604274849536
1393374478,D,C,0.011679,140604262741760
1393374478,D,C,0.016915,140604262741760
1393374478,D,C,0.019974,140604262741760
1393374478,D,C,0.023283,140604262741760
1393374478,D,C,0.026818,140604262741760
1393374478,D,C,0.032113,140604262741760
1393374478,D,C,0.037638,140604262741760
1393374478,D,C,0.042999,140604262741760
1393374478,D,C,0.049366,140604262741760
1393374478,d,C,0.053945,140604262741760
1393374479,o,C,0.003942,140604261390080
1393374479,o,C,0.002317,140604261525248
1393374479,o,C,0.002421,140604275525376
1393374479,o,C,0.002392,140604260849408
1393374480,o,C,0.002799,140604261660416
1393374480,o,C,0.002106,140604261930752
1393374480,o,C,0.001413,140604261119744
1393374480,o,C,0.000912,140604275390208
1393374480,s,C,0.001105,140604262741760
1393374481,o,C,0.002420,140604262471424
1393374481,s,C,0.001147,140604259497728
1393374482,n,C,0.003150,140604261795584
1393374482,s,C,0.001119,140604260308736
1393374482,o,C,0.002761,140604262065920
1393374483,o,C,0.003092,140604275795712
1393374483,s,C,0.002500,140604260038400
1393374483,s,C,0.001199,140604261254912
1393374483,o,C,0.002172,140604262471424
1393374484,s,C,0.002815,140604259497728
1393374484,s,C,0.002625,140604262606592
1393374484,s,C,0.002741,140604261119744
1393374484,s,C,0.002634,140604262741760
1393374484,o,C,0.002351,140604274984704
1393374485,o,C,0.002162,140604260308736
1393374485,n,C,0.002265,140604276066048
1393374485,n,C,0.002223,140604275119872
1393374486,c,C,0.000260,140604262065920
1393374486,D,C,0.012089,140604276201216
1393374486,D,C,0.018453,140604276201216
1393374486,D,C,0.022951,140604276201216
1393374486,D,C,0.026735,140604276201216
1393374486,D,C,0.030752,140604276201216
1393374486,D,C,0.034877,140604276201216
1393374486,D,C,0.039010,140604276201216
1393374486,D,C,0.042278,140604276201216
1393374486,D,C,0.045015,140604276201216
1393374486,d,C,0.047806,140604276201216
1393374486,s,C,0.002712,140604260849408
1393374486,s,C,0.002726,140604260443904
1393374487,s,C,0.002446,140604260038400
1393374487,c,C,0.000504,140604259362560
1393374487,o,C,0.003005,140604275255040
1393374487,s,C,0.002549,140604260308736
1393374487,p,C,0.002211,140604274714368
1393374488,s,C,0.002311,140604259768064
1393374488,s,C,0.001127,140604261254912
1393374488,p,C,0.002143,140604274579200
1393374488,o,C,0.003672,140604260849408
1393374489,o,C,0.002803,140604262741760
1393374489,s,C,0.002477,140604260038400
1393374490,s,C,0.002700,140604262606592
1393374492,s,C,0.002827,140604275930880
1393374492,o,C,0.001961,140604262606592
1393374492,c,C,0.000240,140604260714240
1393374493,o,C,0.002178,140604260308736
1393374493,o,C,0.003984,140604262065920
1393374494,o,C,0.003680,140604261930752
1393374494,s,C,0.002690,140604260443904
1393374494,o,C,0.003420,140604262606592
1393374494,D,C,0.009348,140604274849536
1393374494,D,C,0.013862,140604274849536
1393374494,D,C,0.017123,140604274849536
1393374494,D,C,0.020062,140604274849536
1393374494,D,C,0.024237,140604274849536
1393374494,D,C,0.028345,140604274849536
1393374494,D,C,0.032479,140604274849536
1393374494,D,C,0.035370,140604274849536
1393374494,D,C,0.038655,140604274849536
1393374494,d,C,0.041763,140604274849536
1393374495,s,C,0.002845,140604262741760
1393374495,p,C,0.002627,140604260849408
1393374495,D,C,0.014273,140604261254912
1393374495,D,C,0.018954,140604261254912
1393374495,D,C,0.023316,140604261254912
1393374495,D,C,0.027444,140604261254912
1393374495,D,C,0.030510,140604261254912
1393374495,D,C,0.033506,140604261254912
1393374495,D,C,0.036545,140604261254912
1393374495,D,C,0.039404,140604261254912
1393374495,D,C,0.042146,140604261254912
1393374495,d,C,0.044995,140604261254912
1393374495,o,C,0.002418,140604261525248
1393374496,s,C,0.001170,140604276201216
1393374496,s,C,0.002569,140604260984576
1393374496,o,C,0.005069,140604275119872
1393374497,s,C,0.002768,140604261119744
1393374497,s,C,0.002569,140604259768064
1393374498,p,C,0.002498,140604260038400
1393374498,n,C,0.007498,140604275660544
1393374498,c,C,0.000516,140604275119872
1393374499,o,C,0.003133,140604259362560
1393374500,o,C,0.003170,140604274984704
1393374500,s,C,0.002838,140604274849536
1393374500,p,C,0.002092,140604275795712
1393374500,n,C,0.008814,140604276336384
1393374500,o,C,0.002318,140604261525248
1393374500,c,C,0.000395,140604260173568
1393374500,s,C,0.002886,140604260714240
1393374500,o,C,0.003052,140604262065920
1393374500,s,C,0.002624,140604276066048
1393374501,s,C,0.002529,140604260308736
1393374502,o,C,0.000958,140604260984576
1393374502,s,C,0.001168,140604262336256
1393374502,D,C,0.011536,140604275390208
1393374502,s,C,0.002356,140604261525248
1393374502,D,C,0.024216,140604275390208
1393374502,D,C,0.028264,140604275390208
1393374502,D,C,0.031447,140604275390208
1393374502,D,C,0.034371,140604275390208
1393374502,D,C,0.038197,140604275390208
1393374502,D,C,0.046867,140604275390208
1393374502,D,C,0.055093,140604275390208
1393374502,D,C,0.062327,140604275390208
1393374502,d,C,0.066042,140604275390208
1393374502,o,C,0.003194,140604276201216
1393374502,s,C,0.002552,140604261930752
1393374503,s,C,0.002541,140604262606592
1393374503,n,C,0.009641,140604262471424
1393374503,o,C,0.003016,140604275255040
1393374503,s,C,0.002690,140604261254912
1393374504,o,C,0.003169,140604274984704
1393374504,o,C,0.003790,140604259768064
1393374504,s,C,0.002484,140604260308736
1393374504,o,C,0.003144,140604274849536
1393374504,s,C,0.002829,140604259903232
1393374505,p,C,0.000969,140604260443904
1393374505,s,C,0.001259,140604274714368
1393374505,o,C,0.001575,140604275525376
1393374505,s,C,0.001177,140604261119744
1393374505,D,C,0.011284,140604260038400
1393374505,D,C,0.014606,140604260038400
1393374505,D,C,0.017420,140604260038400
1393374505,D,C,0.020369,140604260038400
1393374505,D,C,0.023036,140604260038400
1393374505,D,C,0.025759,140604260038400
1393374505,D,C,0.028550,140604260038400
1393374505,D,C,0.031274,140604260038400
1393374505,D,C,0.034125,140604260038400
1393374505,d,C,0.036914,140604260038400
1393374506,o,C,0.001864,140604261390080
1393374507,o,C,0.001933,140604262606592
1393374508,o,C,0.002136,140604259362560
1393374508,p,C,0.002416,140604276201216
1393374508,s,C,0.002462,140604260038400
1393374508,s,C,0.002693,140604260308736
1393374509,n,C,0.005119,140604260579072
1393374509,s,C,0.002767,140604262741760
1393374509,o,C,0.003125,140604261525248
1393374510,o,C,0.009176,140604260984576
1393374510,s,C,0.002535,140604274714368
1393374510,s,C,0.002756,140604260714240
1393374510,o,C,0.003494,140604260173568
1393374510,n,C,0.009377,140604274579200
1393374511,o,C,0.002327,140604260849408
1393374511,o,C,0.002030,140604262471424
1393374511,s,C,0.002446,140604276066048
1393374512,o,C,0.002860,140604276201216
1393374512,s,C,0.002734,140604275525376
1393374512,s,C,0.002607,140604275795712
1393374512,o,C,0.003302,140604261254912
1393374512,s,C,0.002721,140604260579072
1393374512,s,C,0.001347,140604261660416
1393374512,s,C,0.002664,140604259362560
1393374513,s,C,0.002866,140604274849536
1393374513,n,C,0.010415,140604275930880
1393374513,s,C,0.002597,140604260038400
1393374514,o,C,0.001681,140604259497728
1393374514,p,C,0.002722,140604260714240
1393374514,s,C,0.002590,140604262741760
1393374515,s,C,0.002655,140604262336256
1393374515,o,C,0.003702,140604259632896
1393374515,o,C,0.002808,140604259362560
1393374515,o,C,0.001576,140604275930880
1393374515,o,C,0.002183,140604261254912
1393374516,s,C,0.002567,140604276066048
1393374516,s,C,0.002781,140604261660416
1393374516,s,C,0.002322,140604260984576
1393374516,s,C,0.002834,140604260173568
1393374516,s,C,0.002730,140604259497728
1393374517,p,C,0.002767,140604261525248
1393374517,o,C,0.002810,140604262336256
1393374517,s,C,0.002789,140604259903232
1393374517,o,C,0.002377,140604274714368
1393374518,o,C,0.002197,140604274849536
1393374518,o,C,0.002170,140604260443904
1393374518,o,C,0.003678,140604262741760
1393374518,o,C,0.002772,140604275390208
1393374519,D,C,0.010982,140604260308736
1393374519,D,C,0.014379,140604260308736
1393374519,D,C,0.017329,140604260308736
1393374519,D,C,0.020392,140604260308736
1393374519,D,C,0.023280,140604260308736
1393374519,D,C,0.025983,140604260308736
1393374519,D,C,0.028741,140604260308736
1393374519,D,C,0.031473,140604260308736
1393374519,D,C,0.035324,140604260308736
1393374519,d,C,0.038123,140604260308736
1393374519,s,C,0.002714,140604275660544
1393374519,o,C,0.003679,140604262471424
1393374519,o,C,0.003029,140604275795712
1393374520,p,C,0.002276,140604260173568
1393374521,TERMINATED,,,-68843776
1393374521,TERMINATED,,,-83654912
1393374521,TERMINATED,,,-84330752
1393374521,TERMINATED,,,-83114240
1393374521,s,C,0.002581,140604259632896
1393374521,TERMINATED,,,-84736256
1393374521,TERMINATED,,,-81762560
1393374522,s,C,0.001118,140604262741760
1393374522,TERMINATED,,,-81627392
1393374522,s,C,0.002787,140604276201216
1393374522,TERMINATED,,,-68167936
1393374522,o,C,0.001462,140604275660544
1393374522,TERMINATED,,,-68708608
1393374522,o,C,0.003233,140604259903232
1393374522,TERMINATED,,,-84465920
1393374522,c,C,0.000511,140604260308736
1393374522,TERMINATED,,,-84060416
1393374522,c,C,0.000502,140604259497728
1393374522,TERMINATED,,,-84871424
1393374522,s,C,0.002600,140604261390080
1393374522,TERMINATED,,,-82979072
1393374523,TERMINATED,,,-83925248
1393374523,TERMINATED,,,-69384448
1393374524,TERMINATED,,,-69519616
1393374524,TERMINATED,,,-84195584
1393374525,TERMINATED,,,-69249280
1393374525,TERMINATED,,,-82032896
1393374526,TERMINATED,,,-82573568
1393374528,TERMINATED,,,-68303104
1393374529,TERMINATED,,,-82303232
1393374530,n,C,0.008407,140604259768064
1393374530,TERMINATED,,,-84601088
1393374531,n,C,0.009670,140604260579072
1393374531,TERMINATED,,,-83790080
1393374532,n,C,0.007225,140604275255040
1393374532,TERMINATED,,,-69114112
1393374533,n,C,0.005087,140604261119744
1393374533,TERMINATED,,,-83249408
1393374533,TERMINATED,,,-68573440
1393374533,TERMINATED,,,-68978944
1393374534,TERMINATED,,,-83519744
1393374534,TERMINATED,,,-82168064
1393374534,n,C,0.008022,140604260984576
1393374534,TERMINATED,,,-83384576
1393374535,TERMINATED,,,-82708736
1393374536,TERMINATED,,,-68438272
1393374536,TERMINATED,,,-82843904
1393374540,TERMINATED,,,-82438400
1393374540,TERMINATED,,,-68032768
1393374541,TERMINATED,,,-69789952
