Tue Feb 25 06:52:43 2014
tid:-1846335744 /home/htmsql/develop/mysql/dbt2++/dbt2/src/db.c:186
Cannot execute_credit_check since the code does not exist
Tue Feb 25 06:52:55 2014
tid:-1846069504 /home/htmsql/develop/mysql/dbt2++/dbt2/src/db.c:186
Cannot execute_credit_check since the code does not exist
Tue Feb 25 06:52:57 2014
tid:-1845803264 /home/htmsql/develop/mysql/dbt2++/dbt2/src/db.c:186
Cannot execute_credit_check since the code does not exist
Tue Feb 25 06:53:22 2014
tid:-1846069504 /home/htmsql/develop/mysql/dbt2++/dbt2/src/db.c:186
Cannot execute_credit_check since the code does not exist
Tue Feb 25 06:53:23 2014
tid:-1845803264 /home/htmsql/develop/mysql/dbt2++/dbt2/src/db.c:186
Cannot execute_credit_check since the code does not exist
Tue Feb 25 06:53:32 2014
tid:-1845803264 /home/htmsql/develop/mysql/dbt2++/dbt2/src/db.c:186
Cannot execute_credit_check since the code does not exist
Tue Feb 25 06:53:35 2014
tid:-1845537024 /home/htmsql/develop/mysql/dbt2++/dbt2/src/db.c:186
Cannot execute_credit_check since the code does not exist
Tue Feb 25 06:53:41 2014
tid:-1846069504 /home/htmsql/develop/mysql/dbt2++/dbt2/src/db.c:186
Cannot execute_credit_check since the code does not exist
Tue Feb 25 06:53:47 2014
tid:-1845537024 /home/htmsql/develop/mysql/dbt2++/dbt2/src/mysql/dbc_new_order.c:108
NEW_ORDER ROLLBACK RC 1

Tue Feb 25 06:53:47 2014
tid:-1845537024 /home/htmsql/develop/mysql/dbt2++/dbt2/src/mysql/dbc_common.c:97
ROLLBACK INITIATED

Tue Feb 25 06:53:54 2014
tid:-1846335744 /home/htmsql/develop/mysql/dbt2++/dbt2/src/db.c:186
Cannot execute_credit_check since the code does not exist
Tue Feb 25 06:54:07 2014
tid:-1845803264 /home/htmsql/develop/mysql/dbt2++/dbt2/src/db.c:186
Cannot execute_credit_check since the code does not exist
Tue Feb 25 06:54:08 2014
tid:-1846335744 /home/htmsql/develop/mysql/dbt2++/dbt2/src/db.c:186
Cannot execute_credit_check since the code does not exist
Tue Feb 25 06:54:25 2014
tid:-1846335744 /home/htmsql/develop/mysql/dbt2++/dbt2/src/db.c:186
Cannot execute_credit_check since the code does not exist
Tue Feb 25 06:54:49 2014
tid:-1845537024 /home/htmsql/develop/mysql/dbt2++/dbt2/src/db.c:186
Cannot execute_credit_check since the code does not exist
Tue Feb 25 06:55:00 2014
tid:-1846335744 /home/htmsql/develop/mysql/dbt2++/dbt2/src/db.c:186
Cannot execute_credit_check since the code does not exist
Tue Feb 25 06:55:01 2014
tid:-1846335744 /home/htmsql/develop/mysql/dbt2++/dbt2/src/db.c:186
Cannot execute_credit_check since the code does not exist
Tue Feb 25 06:55:04 2014
tid:-1845537024 /home/htmsql/develop/mysql/dbt2++/dbt2/src/db.c:186
Cannot execute_credit_check since the code does not exist
Tue Feb 25 06:55:04 2014
tid:-1846335744 /home/htmsql/develop/mysql/dbt2++/dbt2/src/db.c:186
Cannot execute_credit_check since the code does not exist
Tue Feb 25 06:55:20 2014
tid:-1845537024 /home/htmsql/develop/mysql/dbt2++/dbt2/src/db.c:186
Cannot execute_credit_check since the code does not exist
Tue Feb 25 06:55:21 2014
tid:-1845803264 /home/htmsql/develop/mysql/dbt2++/dbt2/src/db.c:186
Cannot execute_credit_check since the code does not exist
Tue Feb 25 06:55:27 2014
tid:-1845537024 /home/htmsql/develop/mysql/dbt2++/dbt2/src/db.c:186
Cannot execute_credit_check since the code does not exist
Tue Feb 25 06:55:29 2014
tid:-1846069504 /home/htmsql/develop/mysql/dbt2++/dbt2/src/db.c:186
Cannot execute_credit_check since the code does not exist
Tue Feb 25 06:55:31 2014
tid:-1846335744 /home/htmsql/develop/mysql/dbt2++/dbt2/src/db.c:186
Cannot execute_credit_check since the code does not exist
Tue Feb 25 06:55:35 2014
tid:-1845803264 /home/htmsql/develop/mysql/dbt2++/dbt2/src/db.c:186
Cannot execute_credit_check since the code does not exist
Tue Feb 25 06:55:37 2014
tid:-1845803264 /home/htmsql/develop/mysql/dbt2++/dbt2/src/db.c:186
Cannot execute_credit_check since the code does not exist
Tue Feb 25 06:55:39 2014
tid:-1846069504 /home/htmsql/develop/mysql/dbt2++/dbt2/src/db.c:186
Cannot execute_credit_check since the code does not exist
Tue Feb 25 06:55:42 2014
tid:-1845537024 /home/htmsql/develop/mysql/dbt2++/dbt2/src/db.c:186
Cannot execute_credit_check since the code does not exist
Tue Feb 25 06:55:47 2014
tid:-1846069504 /home/htmsql/develop/mysql/dbt2++/dbt2/src/db.c:186
Cannot execute_credit_check since the code does not exist
Tue Feb 25 06:55:59 2014
tid:-1846069504 /home/htmsql/develop/mysql/dbt2++/dbt2/src/db.c:186
Cannot execute_credit_check since the code does not exist
Tue Feb 25 06:56:03 2014
tid:-1845803264 /home/htmsql/develop/mysql/dbt2++/dbt2/src/db.c:186
Cannot execute_credit_check since the code does not exist
Tue Feb 25 06:56:08 2014
tid:-1846335744 /home/htmsql/develop/mysql/dbt2++/dbt2/src/db.c:186
Cannot execute_credit_check since the code does not exist
Tue Feb 25 06:56:11 2014
tid:-1846069504 /home/htmsql/develop/mysql/dbt2++/dbt2/src/db.c:186
Cannot execute_credit_check since the code does not exist
Tue Feb 25 06:56:24 2014
tid:-1846069504 /home/htmsql/develop/mysql/dbt2++/dbt2/src/db.c:186
Cannot execute_credit_check since the code does not exist
Tue Feb 25 06:56:32 2014
tid:-1845537024 /home/htmsql/develop/mysql/dbt2++/dbt2/src/mysql/dbc_new_order.c:108
NEW_ORDER ROLLBACK RC 1

Tue Feb 25 06:56:32 2014
tid:-1845537024 /home/htmsql/develop/mysql/dbt2++/dbt2/src/mysql/dbc_common.c:97
ROLLBACK INITIATED

Tue Feb 25 06:56:38 2014
tid:-1846335744 /home/htmsql/develop/mysql/dbt2++/dbt2/src/db.c:186
Cannot execute_credit_check since the code does not exist
Tue Feb 25 06:56:38 2014
tid:-1846069504 /home/htmsql/develop/mysql/dbt2++/dbt2/src/db.c:186
Cannot execute_credit_check since the code does not exist
Tue Feb 25 06:56:40 2014
tid:-1846335744 /home/htmsql/develop/mysql/dbt2++/dbt2/src/db.c:186
Cannot execute_credit_check since the code does not exist
Tue Feb 25 06:56:44 2014
tid:-1846335744 /home/htmsql/develop/mysql/dbt2++/dbt2/src/db.c:186
Cannot execute_credit_check since the code does not exist
Tue Feb 25 06:56:48 2014
tid:-1846069504 /home/htmsql/develop/mysql/dbt2++/dbt2/src/db.c:186
Cannot execute_credit_check since the code does not exist
Tue Feb 25 06:56:57 2014
tid:-1845537024 /home/htmsql/develop/mysql/dbt2++/dbt2/src/db.c:186
Cannot execute_credit_check since the code does not exist
Tue Feb 25 06:57:18 2014
tid:-1845537024 /home/htmsql/develop/mysql/dbt2++/dbt2/src/db.c:186
Cannot execute_credit_check since the code does not exist
Tue Feb 25 06:57:30 2014
tid:-1846335744 /home/htmsql/develop/mysql/dbt2++/dbt2/src/db.c:186
Cannot execute_credit_check since the code does not exist
Tue Feb 25 06:57:31 2014
tid:-1845803264 /home/htmsql/develop/mysql/dbt2++/dbt2/src/db.c:186
Cannot execute_credit_check since the code does not exist
Tue Feb 25 06:57:34 2014
tid:-1845803264 /home/htmsql/develop/mysql/dbt2++/dbt2/src/db.c:186
Cannot execute_credit_check since the code does not exist
Tue Feb 25 06:57:39 2014
tid:-1846335744 /home/htmsql/develop/mysql/dbt2++/dbt2/src/db.c:186
Cannot execute_credit_check since the code does not exist
Tue Feb 25 06:57:44 2014
tid:-1846335744 /home/htmsql/develop/mysql/dbt2++/dbt2/src/db.c:186
Cannot execute_credit_check since the code does not exist
Tue Feb 25 06:58:24 2014
tid:-1845537024 /home/htmsql/develop/mysql/dbt2++/dbt2/src/db.c:186
Cannot execute_credit_check since the code does not exist
Tue Feb 25 06:58:38 2014
tid:-1846335744 /home/htmsql/develop/mysql/dbt2++/dbt2/src/db.c:186
Cannot execute_credit_check since the code does not exist
Tue Feb 25 06:58:46 2014
tid:-1846335744 /home/htmsql/develop/mysql/dbt2++/dbt2/src/db.c:186
Cannot execute_credit_check since the code does not exist
Tue Feb 25 06:58:58 2014
tid:-1845537024 /home/htmsql/develop/mysql/dbt2++/dbt2/src/db.c:186
Cannot execute_credit_check since the code does not exist
Tue Feb 25 06:59:00 2014
tid:-1845803264 /home/htmsql/develop/mysql/dbt2++/dbt2/src/db.c:186
Cannot execute_credit_check since the code does not exist
Tue Feb 25 06:59:05 2014
tid:-1846335744 /home/htmsql/develop/mysql/dbt2++/dbt2/src/db.c:186
Cannot execute_credit_check since the code does not exist
Tue Feb 25 06:59:07 2014
tid:-1846335744 /home/htmsql/develop/mysql/dbt2++/dbt2/src/db.c:186
Cannot execute_credit_check since the code does not exist
Tue Feb 25 06:59:09 2014
tid:-1846335744 /home/htmsql/develop/mysql/dbt2++/dbt2/src/db.c:186
Cannot execute_credit_check since the code does not exist
Tue Feb 25 06:59:12 2014
tid:-1845803264 /home/htmsql/develop/mysql/dbt2++/dbt2/src/db.c:186
Cannot execute_credit_check since the code does not exist
Tue Feb 25 06:59:33 2014
tid:-1846069504 /home/htmsql/develop/mysql/dbt2++/dbt2/src/db.c:186
Cannot execute_credit_check since the code does not exist
Tue Feb 25 06:59:43 2014
tid:-1845803264 /home/htmsql/develop/mysql/dbt2++/dbt2/src/db.c:186
Cannot execute_credit_check since the code does not exist
Tue Feb 25 06:59:47 2014
tid:-1845537024 /home/htmsql/develop/mysql/dbt2++/dbt2/src/db.c:186
Cannot execute_credit_check since the code does not exist
Tue Feb 25 06:59:49 2014
tid:-1846069504 /home/htmsql/develop/mysql/dbt2++/dbt2/src/db.c:186
Cannot execute_credit_check since the code does not exist
Tue Feb 25 06:59:57 2014
tid:-1846069504 /home/htmsql/develop/mysql/dbt2++/dbt2/src/db.c:186
Cannot execute_credit_check since the code does not exist
Tue Feb 25 06:59:58 2014
tid:-1845803264 /home/htmsql/develop/mysql/dbt2++/dbt2/src/db.c:186
Cannot execute_credit_check since the code does not exist
Tue Feb 25 07:00:06 2014
tid:-1845537024 /home/htmsql/develop/mysql/dbt2++/dbt2/src/db.c:186
Cannot execute_credit_check since the code does not exist
Tue Feb 25 07:00:08 2014
tid:-1846069504 /home/htmsql/develop/mysql/dbt2++/dbt2/src/db.c:186
Cannot execute_credit_check since the code does not exist
Tue Feb 25 07:00:22 2014
tid:-1845537024 /home/htmsql/develop/mysql/dbt2++/dbt2/src/db.c:186
Cannot execute_credit_check since the code does not exist
Tue Feb 25 07:00:22 2014
tid:-1845803264 /home/htmsql/develop/mysql/dbt2++/dbt2/src/db.c:186
Cannot execute_credit_check since the code does not exist
Tue Feb 25 07:00:30 2014
tid:-1845803264 /home/htmsql/develop/mysql/dbt2++/dbt2/src/db.c:186
Cannot execute_credit_check since the code does not exist
Tue Feb 25 07:00:40 2014
tid:-1846069504 /home/htmsql/develop/mysql/dbt2++/dbt2/src/db.c:186
Cannot execute_credit_check since the code does not exist
Tue Feb 25 07:00:46 2014
tid:-1845803264 /home/htmsql/develop/mysql/dbt2++/dbt2/src/db.c:186
Cannot execute_credit_check since the code does not exist
Tue Feb 25 07:00:50 2014
tid:-1846069504 /home/htmsql/develop/mysql/dbt2++/dbt2/src/db.c:186
Cannot execute_credit_check since the code does not exist
Tue Feb 25 07:00:52 2014
tid:-1845537024 /home/htmsql/develop/mysql/dbt2++/dbt2/src/db.c:186
Cannot execute_credit_check since the code does not exist
Tue Feb 25 07:00:56 2014
tid:-1845803264 /home/htmsql/develop/mysql/dbt2++/dbt2/src/db.c:186
Cannot execute_credit_check since the code does not exist
Tue Feb 25 07:01:04 2014
tid:-1845537024 /home/htmsql/develop/mysql/dbt2++/dbt2/src/db.c:186
Cannot execute_credit_check since the code does not exist
Tue Feb 25 07:01:05 2014
tid:-1846069504 /home/htmsql/develop/mysql/dbt2++/dbt2/src/db.c:186
Cannot execute_credit_check since the code does not exist
Tue Feb 25 07:01:07 2014
tid:-1845803264 /home/htmsql/develop/mysql/dbt2++/dbt2/src/db.c:186
Cannot execute_credit_check since the code does not exist
Tue Feb 25 07:01:07 2014
tid:-1846069504 /home/htmsql/develop/mysql/dbt2++/dbt2/src/db.c:186
Cannot execute_credit_check since the code does not exist
Tue Feb 25 07:01:14 2014
tid:-1846335744 /home/htmsql/develop/mysql/dbt2++/dbt2/src/db.c:186
Cannot execute_credit_check since the code does not exist
Tue Feb 25 07:01:21 2014
tid:-1845537024 /home/htmsql/develop/mysql/dbt2++/dbt2/src/mysql/dbc_new_order.c:108
NEW_ORDER ROLLBACK RC 1

Tue Feb 25 07:01:21 2014
tid:-1845537024 /home/htmsql/develop/mysql/dbt2++/dbt2/src/mysql/dbc_common.c:97
ROLLBACK INITIATED

Tue Feb 25 07:01:21 2014
tid:-1845803264 /home/htmsql/develop/mysql/dbt2++/dbt2/src/db.c:186
Cannot execute_credit_check since the code does not exist
Tue Feb 25 07:01:23 2014
tid:-1846335744 /home/htmsql/develop/mysql/dbt2++/dbt2/src/db.c:186
Cannot execute_credit_check since the code does not exist
Tue Feb 25 07:01:24 2014
tid:-1846335744 /home/htmsql/develop/mysql/dbt2++/dbt2/src/db.c:186
Cannot execute_credit_check since the code does not exist
Tue Feb 25 07:01:26 2014
tid:-1846335744 /home/htmsql/develop/mysql/dbt2++/dbt2/src/db.c:186
Cannot execute_credit_check since the code does not exist
Tue Feb 25 07:01:29 2014
tid:-1846335744 /home/htmsql/develop/mysql/dbt2++/dbt2/src/db.c:186
Cannot execute_credit_check since the code does not exist
Tue Feb 25 07:01:32 2014
tid:-1846335744 /home/htmsql/develop/mysql/dbt2++/dbt2/src/db.c:186
Cannot execute_credit_check since the code does not exist
Tue Feb 25 07:01:32 2014
tid:-1845803264 /home/htmsql/develop/mysql/dbt2++/dbt2/src/db.c:186
Cannot execute_credit_check since the code does not exist
Tue Feb 25 07:01:44 2014
tid:-1845803264 /home/htmsql/develop/mysql/dbt2++/dbt2/src/db.c:186
Cannot execute_credit_check since the code does not exist
Tue Feb 25 07:02:01 2014
tid:-1846335744 /home/htmsql/develop/mysql/dbt2++/dbt2/src/db.c:186
Cannot execute_credit_check since the code does not exist
Tue Feb 25 07:02:02 2014
tid:-1845537024 /home/htmsql/develop/mysql/dbt2++/dbt2/src/db.c:186
Cannot execute_credit_check since the code does not exist
Tue Feb 25 07:02:27 2014
tid:-1845803264 /home/htmsql/develop/mysql/dbt2++/dbt2/src/db.c:186
Cannot execute_credit_check since the code does not exist
Tue Feb 25 07:02:29 2014
tid:-1845537024 /home/htmsql/develop/mysql/dbt2++/dbt2/src/db.c:186
Cannot execute_credit_check since the code does not exist
Tue Feb 25 07:02:36 2014
tid:-1846335744 /home/htmsql/develop/mysql/dbt2++/dbt2/src/db.c:186
Cannot execute_credit_check since the code does not exist
Tue Feb 25 07:02:36 2014
tid:-1845803264 /home/htmsql/develop/mysql/dbt2++/dbt2/src/mysql/dbc_new_order.c:108
NEW_ORDER ROLLBACK RC 1

Tue Feb 25 07:02:36 2014
tid:-1845803264 /home/htmsql/develop/mysql/dbt2++/dbt2/src/mysql/dbc_common.c:97
ROLLBACK INITIATED

Tue Feb 25 07:02:40 2014
tid:-1846069504 /home/htmsql/develop/mysql/dbt2++/dbt2/src/db.c:186
Cannot execute_credit_check since the code does not exist
Tue Feb 25 07:02:48 2014
tid:-1846335744 /home/htmsql/develop/mysql/dbt2++/dbt2/src/db.c:186
Cannot execute_credit_check since the code does not exist
Tue Feb 25 07:02:51 2014
tid:-1846335744 /home/htmsql/develop/mysql/dbt2++/dbt2/src/db.c:186
Cannot execute_credit_check since the code does not exist
Tue Feb 25 07:02:52 2014
tid:-1845803264 /home/htmsql/develop/mysql/dbt2++/dbt2/src/db.c:186
Cannot execute_credit_check since the code does not exist
