1392785327,s,0.002961,1540863744
1392785327,START
1392785327,p,0.003894,1540998912
1392785328,p,0.001396,1540728576
1392785328,p,0.003621,1540593408
1392785329,p,0.003536,1540323072
1392785329,p,0.003556,1540187904
1392785330,p,0.003640,1539782400
1392785333,p,0.004078,1540593408
1392785338,p,0.002663,1540998912
1392785341,p,0.003555,1539782400
1392785343,n,0.011942,1540458240
1392785344,n,0.010847,1540052736
1392785345,n,0.004367,1539917568
1392785345,n,0.003774,1540863744
1392785349,s,0.003250,1539917568
1392785349,p,0.004019,1540998912
1392785350,p,0.015409,1540458240
1392785353,n,0.012666,1540187904
1392785354,n,0.008967,1540728576
1392785355,p,0.003957,1540998912
1392785356,n,0.009786,1540323072
1392785358,p,0.003516,1540728576
1392785359,p,0.003958,1540998912
1392785362,p,0.003712,1540728576
1392785368,p,0.001548,1539782400
1392785371,n,0.004659,1540458240
1392785371,n,0.010032,1540593408
1392785373,n,0.010870,1540052736
1392785374,p,0.003932,1540323072
1392785377,p,0.002363,1540458240
1392785377,n,0.007711,1540863744
1392785381,n,0.008356,1539917568
1392785381,n,0.006780,1540998912
1392785383,p,0.003653,1539782400
1392785384,p,0.004069,1540728576
1392785385,p,0.003683,1540998912
1392785391,p,0.003620,1540728576
1392785392,n,0.007610,1540323072
1392785392,n,0.008760,1540593408
1392785394,p,0.001646,1539782400
1392785395,p,0.003909,1540187904
1392785396,n,0.012010,1540863744
1392785396,n,0.011217,1540052736
1392785396,n,0.007691,1540458240
1392785396,p,0.001659,1540728576
1392785397,p,0.003749,1539917568
1392785399,p,0.003635,1540593408
1392785402,o,0.004895,1539782400
1392785403,p,0.001622,1540458240
1392785403,p,0.001452,1540728576
1392785407,p,0.003880,1540323072
1392785407,p,0.003650,1539917568
1392785410,d,0.011392,1540998912
1392785411,p,0.003929,1539917568
1392785414,o,0.003351,1540998912
1392785416,n,0.013826,1540863744
1392785419,n,0.012963,1540052736
1392785426,n,0.011804,1540593408
1392785426,n,0.005052,1540323072
1392785429,p,0.001569,1540458240
1392785429,s,0.003163,1539917568
1392785429,p,0.001543,1540593408
1392785429,p,0.003893,1540052736
1392785432,n,0.012207,1540187904
1392785433,p,0.002193,1540458240
1392785434,n,0.004039,1539782400
1392785434,n,0.013805,1540998912
1392785438,p,0.003828,1540458240
1392785443,p,0.003816,1540052736
1392785444,n,0.009470,1540863744
1392785445,n,0.010666,1540323072
1392785448,n,0.004525,1539917568
1392785448,p,0.003720,1540728576
1392785451,p,0.003517,1540593408
1392785452,p,0.003928,1540863744
1392785452,n,0.010723,1540187904
1392785453,p,0.003895,1539782400
1392785455,p,0.003866,1540728576
1392785456,o,0.004991,1540323072
1392785458,o,0.004898,1540863744
1392785459,s,0.003300,1540323072
1392785461,o,0.004741,1540863744
1392785464,n,0.014781,1540998912
1392785465,p,0.003392,1540323072
1392785466,p,0.003505,1539917568
1392785466,p,0.003946,1540593408
1392785466,s,0.002981,1539782400
1392785468,d,0.010188,1540593408
1392785474,p,0.003921,1540593408
1392785475,n,0.010186,1540728576
1392785483,p,0.003910,1540323072
1392785487,p,0.003875,1540187904
1392785490,n,0.013102,1539782400
1392785492,d,0.003479,1540593408
1392785493,n,0.010432,1540863744
1392785493,n,0.011496,1540998912
1392785501,n,0.009629,1540728576
1392785502,p,0.003586,1539782400
1392785524,TERMINATED,1540052736
1392785526,TERMINATED,1540863744
1392785530,TERMINATED,1540998912
1392785530,TERMINATED,1540187904
1392785531,TERMINATED,1540323072
1392785532,TERMINATED,1539917568
1392785535,TERMINATED,1540593408
1392785539,TERMINATED,1540458240
1392785539,TERMINATED,1540728576
1392785545,TERMINATED,1539782400
