
database table cardinalities:
warehouses = 4
districts = 10
customers = 3000
items = 100000
orders = 3000
stock = 100000
new-orders = 900

transaction mix:
new-order mix 0.45
payment mix 0.43
order-status mix 0.04
delivery mix 0.04
stock-level mix 0.04

transaction thresholds:
new-order threshold 0.45
payment threshold 0.88
order-status threshold 0.92
delivery threshold 0.96
stock-level threshold 1.00

delivery keying time 2 s
new_order keying time 18 s
order-status keying time 2 s
payment keying time 3 s
stock-level keying time 2 s

delivery thinking time 5000 ms
new_order thinking time 12000 ms
order-status thinking time 10000 ms
payment thinking time 12000 ms
stock-level thinking time 5000 ms

w_id range 1 to 4

10 terminals per warehouse

180 second steady state duration

driver is starting to ramp up at time 1392865197
driver will ramp up in  9 seconds
will stop test at time 1392865406
seed: 1922729239
seed: 1922557889
seed: 1922124919
seed: 1921165590
seed: 1921504728
seed: 1921814621
seed: 1921654045
seed: 1922013591
seed: 1921049711
seed: 1921073440
seed: 1921920404
seed: 1920667588
seed: 1920840956
seed: 1920397573
seed: 1942945278
seed: 1942321274
seed: 1942750442
seed: 1941348697
seed: 1941554175
seed: 1941448819
seed: 1941394736
seed: 1941051245
seed: 1941214153
seed: 1941838013
seed: 1941677348
seed: 1940440991
seed: 1939975192
seed: 1940080844
seed: 1940663152
seed: 1940221995
seed: 1940585699
seed: 1940356947
seed: 1939995594
seed: 1938989228
seed: 1939279184
seed: 1939615645
seed: 1939166219
seed: 1939853554
seed: 1938854738
seed: 1938954266
terminals started...
driver is exiting normally
