Thu Feb 20 03:59:56 2014
Microseconds : 915283
tid:-2021382336 client.c:127
4 DB worker threads have started
Thu Feb 20 04:00:47 2014
Microseconds : 830929
tid:-2021652736 mysql/dbc_new_order.c:108
NEW_ORDER ROLLBACK RC 1

Thu Feb 20 04:00:47 2014
Microseconds : 830968
tid:-2021652736 mysql/dbc_common.c:97
ROLLBACK INITIATED

Thu Feb 20 04:01:07 2014
Microseconds : 954872
tid:-2021918976 mysql/dbc_new_order.c:108
NEW_ORDER ROLLBACK RC 1

Thu Feb 20 04:01:07 2014
Microseconds : 954949
tid:-2021918976 mysql/dbc_common.c:97
ROLLBACK INITIATED

Thu Feb 20 04:02:59 2014
Microseconds : 731471
tid:-2022451456 mysql/dbc_new_order.c:108
NEW_ORDER ROLLBACK RC 1

Thu Feb 20 04:02:59 2014
Microseconds : 731555
tid:-2022451456 mysql/dbc_common.c:97
ROLLBACK INITIATED

