output_base: ../report-alpha/
Started on:   Mi 19. Feb 05:28:58 CET 2014
Expected end: Mi 19. Feb 05:29:58 CET 2014
RUNNING TEST: ./scripts/run_mysql.sh 		--connections 100 		--time 60 		--warehouses 1 		--output-base ../report-alpha/
Waiting for 45 seconds to profile
************************************************************************
*                     DBT2 test for MySQL  started                     *
*                                                                      *
*            Results can be found in output/103 directory               *
************************************************************************
*                                                                      *
*  Test consists of 4 stages:                                          *
*                                                                      *
*  1. Start of client to create pool of databases connections          *
*  2. Start of driver to emulate terminals and transactions generation *
*  3. Test                                                             *
*  4. Processing of results                                            *
*                                                                      *
************************************************************************

DATABASE NAME:                dbt2
DATABASE USER:                root
CLIENT PORT:                  30000
DATABASE HOST:                127.0.0.1
DATABASE PORT:                3306
DATABASE CONNECTIONS:         100
TERMINAL THREADS:             10
SCALE FACTOR(WAREHOUSES):     1
FIRST WAREHOUSE:              1
LAST WAREHOUSE:               1
SPREAD                        1
TERMINALS PER WAREHOUSE:      10
DURATION OF TEST(in sec):     60
SLEEPY in (msec)              300
ZERO DELAYS MODE:             


Stage 1. Starting up client...
STARTING CLIENT CONNECTIONS:   /home/htmsql/develop/mysql/dbt2-0.37.50.3/src/client  -u root -l 3306 -p 30000 -h 127.0.0.1 -d dbt2 -c 100 -s 300 -o ../report-alpha//103/client -f
Delay for each thread - 300 msec. Will sleep for 31 sec to start 100 database connections
Number of threads = 10
WARMUPTIME = 7
Sleepytime = 87

Stage 2. Starting up driver...
Delay for each thread - 300 msec. Will sleep for 7 sec to start 10 terminal threads

Stage 3. Starting of the test. Duration of the test 60 sec
STARTING DRIVER COMMAND:   /home/htmsql/develop/mysql/dbt2-0.37.50.3/src/driver -d 127.0.0.1 -l 60 -wmin 1 -wmax 1 -spread 1 -w 1 -sleep 300 -tpw 10 -outdir ../report-alpha//103/driver -p 30000 -warmup 0 -cooldown 20 -intermediate_timer_resolution 0 
PROFILING PERF: perf stat -T -p 25595 sleep 55 &>../report-alpha//103//perf.txt
Waiting for client (pid 14052)

Stage 4. Processing of results...
Use of uninitialized value in addition (+) at /home/htmsql/develop/mysql/dbt2-0.37.50.3/scripts/mix_analyzer.pl line 309.
Use of uninitialized value in addition (+) at /home/htmsql/develop/mysql/dbt2-0.37.50.3/scripts/mix_analyzer.pl line 327.
Use of uninitialized value in addition (+) at /home/htmsql/develop/mysql/dbt2-0.37.50.3/scripts/mix_analyzer.pl line 345.
                         Response Time (s)
 Transaction      %    Average :    90th %        Total        Rollbacks      %
------------  -----  ---------------------  -----------  ---------------  -----
    Delivery   6.90      0.012 :     0.006            2                0   0.00
   New Order  41.38      0.011 :     0.013           12                0   0.00
Order Status   3.45      0.004 :     0.002            1                0   0.00
     Payment  44.83      0.003 :     0.004           13                0   0.00
 Stock Level   3.45      0.003 :     0.002            1                0   0.00

13.09 new-order transactions per minute (NOTPM)
0.9 minute duration
0 total unknown errors
0.00 rollback transactions
0 second(s) ramping up

Test completed.
output_base: ../report-alpha/
Started on:   Mi 19. Feb 05:43:10 CET 2014
Expected end: Mi 19. Feb 05:44:10 CET 2014
RUNNING TEST: ./scripts/run_mysql.sh 		--connections 100 		--time 60 		--warehouses 1 		--output-base ../report-alpha/
Waiting for 45 seconds to profile
************************************************************************
*                     DBT2 test for MySQL  started                     *
*                                                                      *
*            Results can be found in output/104 directory               *
************************************************************************
*                                                                      *
*  Test consists of 4 stages:                                          *
*                                                                      *
*  1. Start of client to create pool of databases connections          *
*  2. Start of driver to emulate terminals and transactions generation *
*  3. Test                                                             *
*  4. Processing of results                                            *
*                                                                      *
************************************************************************

DATABASE NAME:                dbt2
DATABASE USER:                root
CLIENT PORT:                  30000
DATABASE HOST:                127.0.0.1
DATABASE PORT:                3306
DATABASE CONNECTIONS:         100
TERMINAL THREADS:             10
SCALE FACTOR(WAREHOUSES):     1
FIRST WAREHOUSE:              1
LAST WAREHOUSE:               1
SPREAD                        1
TERMINALS PER WAREHOUSE:      10
DURATION OF TEST(in sec):     60
SLEEPY in (msec)              300
ZERO DELAYS MODE:             


Stage 1. Starting up client...
STARTING CLIENT CONNECTIONS:   /home/htmsql/develop/mysql/dbt2-0.37.50.3/src/client  -u root -l 3306 -p 30000 -h 127.0.0.1 -d dbt2 -c 100 -s 300 -o ../report-alpha//104_20140219_0543-c_100-w_1-run/client -f
Delay for each thread - 300 msec. Will sleep for 31 sec to start 100 database connections
Number of threads = 10
WARMUPTIME = 7
Sleepytime = 87

Stage 2. Starting up driver...
Delay for each thread - 300 msec. Will sleep for 7 sec to start 10 terminal threads

Stage 3. Starting of the test. Duration of the test 60 sec
STARTING DRIVER COMMAND:   /home/htmsql/develop/mysql/dbt2-0.37.50.3/src/driver -d 127.0.0.1 -l 60 -wmin 1 -wmax 1 -spread 1 -w 1 -sleep 300 -tpw 10 -outdir ../report-alpha//104_20140219_0543-c_100-w_1-run/driver -p 30000 -warmup 0 -cooldown 20 -intermediate_timer_resolution 0 
PROFILING PERF: perf stat -T -p 25595 sleep 55 &>../report-alpha//104_20140219_0543-c_100-w_1-run//perf.txt
Shutdown clients. Send TERM signal to 14491.
Waiting for driver (pid 14678)
./scripts/run_mysql.sh: line 623: 14491 Killed                  nohup $CLIENT_COMMAND > $OUTPUT_DIR/client.out 2>&1

Stage 4. Processing of results...
Use of uninitialized value in addition (+) at /home/htmsql/develop/mysql/dbt2-0.37.50.3/scripts/mix_analyzer.pl line 309.
                         Response Time (s)
 Transaction      %    Average :    90th %        Total        Rollbacks      %
------------  -----  ---------------------  -----------  ---------------  -----
    Delivery   3.12      0.011 :     0.006            1                0   0.00
   New Order  31.25      0.011 :     0.016           10                0   0.00
Order Status   0.00          N/A                      0                0  100.00
     Payment  65.62      0.004 :     0.004           21                0   0.00
 Stock Level   0.00          N/A                      0                0  100.00

10.71 new-order transactions per minute (NOTPM)
0.9 minute duration
0 total unknown errors
0.00 rollback transactions
0 second(s) ramping up

Test completed.
ANALYZING RESULTS: python dbttools/bin/dbt2-generate-report 	--dbms mysql 	--i ../report-alpha//104_20140219_0543-c_100-w_1-run/
Fehler in FUN(X[[1L]], ...) : 
  nur f端r einen data frame definiert, mit nur nummerischen Variablen
Traceback (most recent call last):
  File "./dbttools/bin/dbt-plot-transaction-distribution", line 95, in <module>
    xmax = r.max(elapsed_time.rx(1))[0]
  File "/usr/local/lib/python2.7/dist-packages/rpy2/robjects/functions.py", line 86, in __call__
    return super(SignatureTranslatedFunction, self).__call__(*args, **kwargs)
  File "/usr/local/lib/python2.7/dist-packages/rpy2/robjects/functions.py", line 35, in __call__
    res = super(Function, self).__call__(*new_args, **new_kwargs)
rpy2.rinterface.RRuntimeError: Fehler in FUN(X[[1L]], ...) : 
  nur f端r einen data frame definiert, mit nur nummerischen Variablen

Fehler in FUN(X[[1L]], ...) : 
  nur f端r einen data frame definiert, mit nur nummerischen Variablen
Traceback (most recent call last):
  File "./dbttools/bin/dbt-plot-transaction-distribution", line 95, in <module>
    xmax = r.max(elapsed_time.rx(1))[0]
  File "/usr/local/lib/python2.7/dist-packages/rpy2/robjects/functions.py", line 86, in __call__
    return super(SignatureTranslatedFunction, self).__call__(*args, **kwargs)
  File "/usr/local/lib/python2.7/dist-packages/rpy2/robjects/functions.py", line 35, in __call__
    res = super(Function, self).__call__(*new_args, **new_kwargs)
rpy2.rinterface.RRuntimeError: Fehler in FUN(X[[1L]], ...) : 
  nur f端r einen data frame definiert, mit nur nummerischen Variablen

Fehler in matrix(unlist(value, recursive = FALSE, use.names = FALSE), nrow = nr,  : 
  negative Matrix-Ausdehnung
Traceback (most recent call last):
  File "./dbttools/bin/dbt2-plot-transaction-rate", line 89, in <module>
    isubset = r.subset(isubset, isubset.rx('V1').ro < iend)
  File "/usr/local/lib/python2.7/dist-packages/rpy2/robjects/vectors.py", line 169, in __lt__
    res = globalenv_ri.get("<")(self._parent, conversion.py2ri(x))
rpy2.rinterface.RRuntimeError: Fehler in matrix(unlist(value, recursive = FALSE, use.names = FALSE), nrow = nr,  : 
  negative Matrix-Ausdehnung

Output flag not set - setting output=input
Generating mpstat, iostat, and vmstat charts for driver systems...
Moving on to database system stats...
Generating transaction distribution charts...
Generating mpstat charts...
Generating iostat charts...
Generating vmstat charts...
Generating transaction rate charts...
Generating database statistics charts...
Traceback (most recent call last):
  File "dbttools/bin/dbt2-generate-report", line 269, in <module>
    h.write('<td>%s</td>\n' % m.group(c_name))
AttributeError: 'NoneType' object has no attribute 'group'
./run_and_analyze.sh: line 88: kill: (14467) - No such process
