connecting to client at 'localhost'
connecting to client port at '30000'

database table cardinalities:
warehouses = 50
districts = 10
customers = 3000
items = 100000
orders = 3000
stock = 100000
new-orders = 900

transaction mix:
new-order mix 0.09
payment mix 0.08
order-status mix 0.38
delivery mix 0.04
stock-level mix 0.38
credit-check mix 0.04

transaction thresholds:
new-order threshold 0.09
payment threshold 0.17
order-status threshold 0.54
delivery threshold 0.58
stock-level threshold 0.96
credit-check threshold 1.00

delivery keying time 2 s
new_order keying time 18 s
order-status keying time 2 s
payment keying time 3 s
stock-level keying time 2 s
credit-check keying time 2 s

delivery thinking time 5000 ms
new_order thinking time 12000 ms
order-status thinking time 10000 ms
payment thinking time 12000 ms
stock-level thinking time 5000 ms
credit-check thinking time 5000 ms

w_id range 1 to 50

10 terminals per warehouse

300 second steady state duration

driver is starting to ramp up at time 1393205859
driver will ramp up in  490 seconds
will stop test at time 1393206649
seed for 26372:6a359700 : 960217235
seed for 26372:6a338700 : 960352658
seed for 26372:6a317700 : 960439974
seed for 26372:6a2f6700 : 958478333
seed for 26372:6a2d5700 : 958596338
seed for 26372:6a2b4700 : 958731530
seed for 26372:6a293700 : 958884400
seed for 26372:6a272700 : 959019901
seed for 26372:6a251700 : 959138771
seed for 26372:6a230700 : 959273191
seed for 26372:6a20f700 : 959359469
seed for 26372:6a1ee700 : 957398557
seed for 26372:6a1cd700 : 957517576
seed for 26372:6a1ac700 : 957652034
seed for 26372:69662700 : 979926358
seed for 26372:69641700 : 980054644
seed for 26372:69620700 : 980181647
seed for 26372:695ff700 : 978424750
seed for 26372:695de700 : 978550967
seed for 26372:695bd700 : 978694631
seed for 26372:6959c700 : 978822748
seed for 26372:6957b700 : 978966359
seed for 26372:6955a700 : 979093394
seed for 26372:69539700 : 979236010
seed for 26372:69518700 : 979363259
seed for 26372:694f7700 : 977345274
seed for 26372:694d6700 : 977472317
seed for 26372:694b5700 : 977615773
seed for 26372:69494700 : 977742029
seed for 26372:69473700 : 977885690
seed for 26372:69452700 : 978013915
seed for 26372:69431700 : 978157507
seed for 26372:69410700 : 978283698
seed for 26372:693ef700 : 976264607
seed for 26372:693ce700 : 976392837
seed for 26372:693ad700 : 976527977
seed for 26372:6938c700 : 976663362
seed for 26372:6936b700 : 976797737
seed for 26372:6934a700 : 976933125
seed for 26372:69329700 : 977069792
seed for 26372:69308700 : 977205140
seed for 26372:692e7700 : 975177533
seed for 26372:692c6700 : 975311934
seed for 26372:692a5700 : 975447512
seed for 26372:69284700 : 975583912
seed for 26372:69263700 : 975719016
seed for 26372:69242700 : 975854411
seed for 26372:69221700 : 975988969
seed for 26372:69200700 : 976124378
seed for 26372:691df700 : 974360213
seed for 26372:691be700 : 974495293
seed for 26372:6919d700 : 974630711
seed for 26372:6917c700 : 974765261
seed for 26372:6915b700 : 974900328
seed for 26372:6913a700 : 975035773
seed for 26372:69119700 : 975147568
seed for 26372:690f8700 : 973177790
seed for 26372:690d7700 : 973303997
seed for 26372:690b6700 : 973431198
seed for 26372:69095700 : 973558095
seed for 26372:69074700 : 973686308
seed for 26372:69053700 : 973813613
seed for 26372:69032700 : 973939771
seed for 26372:69011700 : 974066997
seed for 26372:68ff0700 : 1005652674
seed for 26372:68fcf700 : 1005779868
seed for 26372:68fae700 : 1005906086
seed for 26372:68f8d700 : 1006032987
seed for 26372:68f6c700 : 1006160253
seed for 26372:68f4b700 : 1006288508
seed for 26372:68f2a700 : 1006415647
seed for 26372:68f09700 : 1006541872
seed for 26372:68ee8700 : 1004571944
seed for 26372:68ec7700 : 1004692166
seed for 26372:68ea6700 : 1004827628
seed for 26372:68e85700 : 1004945642
seed for 26372:68e64700 : 1005080970
seed for 26372:68e43700 : 1005201087
seed for 26372:68e22700 : 1005336132
seed for 26372:68e01700 : 1005455206
seed for 26372:68de0700 : 1003492412
seed for 26372:68dbf700 : 1003873591
seed for 26372:68d9e700 : 1004010199
seed for 26372:68d7d700 : 1004129170
seed for 26372:68d5c700 : 1004263571
seed for 26372:68d3b700 : 1004382404
seed for 26372:68d1a700 : 1004517834
seed for 26372:68cf9700 : 1002540676
seed for 26372:68cd8700 : 1002675797
seed for 26372:68cb7700 : 1002794840
seed for 26372:68c96700 : 1002929155
seed for 26372:68c75700 : 1003048209
seed for 26372:68c54700 : 1003184645
seed for 26372:68c33700 : 1003295567
seed for 26372:68c12700 : 1003421907
seed for 26372:68bf1700 : 1001468368
seed for 26372:68bd0700 : 1001596650
seed for 26372:68baf700 : 1001707106
seed for 26372:68b8e700 : 1001834325
100 / 500 threads started...
seed for 26372:68b6d700 : 1001976938
seed for 26372:68b4c700 : 1002104129
seed for 26372:68b2b700 : 1002216066
seed for 26372:68b0a700 : 1002343383
seed for 26372:68ae9700 : 1000388842
seed for 26372:68ac8700 : 1000515639
seed for 26372:68aa7700 : 1000626474
seed for 26372:68a86700 : 1000754768
seed for 26372:68a65700 : 1000898415
seed for 26372:68a44700 : 1001024580
seed for 26372:68a23700 : 1001135523
seed for 26372:68a02700 : 1001263747
seed for 26372:689e1700 : 999302045
seed for 26372:689c0700 : 999436517
seed for 26372:6899f700 : 999800847
seed for 26372:6897e700 : 999936280
seed for 26372:6895d700 : 1000072830
seed for 26372:6893c700 : 1000208310
seed for 26372:6891b700 : 1000309874
seed for 26372:688fa700 : 998348210
seed for 26372:688d9700 : 998484679
seed for 26372:688b8700 : 998619687
seed for 26372:68897700 : 998722323
seed for 26372:68876700 : 998856891
seed for 26372:68855700 : 998992278
seed for 26372:68834700 : 999128718
seed for 26372:68813700 : 999231437
seed for 26372:687f2700 : 997269333
seed for 26372:687d1700 : 997403743
seed for 26372:687b0700 : 997539227
seed for 26372:6878f700 : 997667480
seed for 26372:6876e700 : 997794735
seed for 26372:6874d700 : 997920938
seed for 26372:6872c700 : 998047793
seed for 26372:6870b700 : 998207805
seed for 26372:686ea700 : 996238930
seed for 26372:686c9700 : 996366267
seed for 26372:686a8700 : 996492473
seed for 26372:68687700 : 996652424
seed for 26372:68666700 : 996780742
seed for 26372:68645700 : 996908015
seed for 26372:68624700 : 997034825
seed for 26372:68603700 : 997193803
seed for 26372:685e2700 : 995223909
seed for 26372:685c1700 : 995352166
seed for 26372:685a0700 : 995479439
seed for 26372:6857f700 : 995638416
seed for 26372:6855e700 : 995765667
seed for 26372:6853d700 : 995885766
seed for 26372:6851c700 : 996021225
seed for 26372:684fb700 : 994074877
seed for 26372:684da700 : 994209802
seed for 26372:684b9700 : 994328866
seed for 26372:68498700 : 994465331
seed for 26372:68477700 : 994617167
seed for 26372:68456700 : 994751586
seed for 26372:68435700 : 994870685
seed for 26372:68414700 : 995007179
seed for 26372:683f3700 : 993061400
seed for 26372:683d2700 : 993196761
seed for 26372:683b1700 : 993315264
seed for 26372:68390700 : 993450215
seed for 26372:6836f700 : 993603459
seed for 26372:6834e700 : 993738350
seed for 26372:6832d700 : 993856834
seed for 26372:6830c700 : 993992180
seed for 26372:682eb700 : 992039683
seed for 26372:682ca700 : 992166858
seed for 26372:682a9700 : 992309879
seed for 26372:68288700 : 992436623
seed for 26372:68267700 : 992579709
seed for 26372:68246700 : 992708362
seed for 26372:68225700 : 992851959
seed for 26372:68204700 : 992978675
seed for 26372:681e3700 : 991024593
seed for 26372:681c2700 : 991151271
seed for 26372:681a1700 : 991296464
seed for 26372:68180700 : 991423086
seed for 26372:6815f700 : 991566203
seed for 26372:6813e700 : 991692866
seed for 26372:6811d700 : 991837989
seed for 26372:680fc700 : 989867534
seed for 26372:680db700 : 990010651
seed for 26372:680ba700 : 990137841
seed for 26372:68099700 : 990280923
seed for 26372:68078700 : 990409693
seed for 26372:68057700 : 990544574
seed for 26372:68036700 : 990679439
seed for 26372:ebfff700 : 3102736495
seed for 26372:ebfde700 : 3102873411
seed for 26372:ebfbd700 : 3103008304
seed for 26372:ebf9c700 : 3103143616
seed for 26372:ebf7b700 : 3103278481
seed for 26372:ebf5a700 : 3103413394
seed for 26372:ebf39700 : 3103550275
seed for 26372:ebf18700 : 3103685187
seed for 26372:ebef7700 : 3101722906
seed for 26372:ebed6700 : 3101857826
seed for 26372:ebeb5700 : 3101993186
seed for 26372:ebe94700 : 3102130151
200 / 500 threads started...
seed for 26372:ebe73700 : 3102264900
seed for 26372:ebe52700 : 3102399915
seed for 26372:ebe31700 : 3102534780
seed for 26372:ebe10700 : 3102670040
seed for 26372:ebdef700 : 3100734423
seed for 26372:ebdce700 : 3100861167
seed for 26372:ebdad700 : 3100987777
seed for 26372:ebd8c700 : 3101114535
seed for 26372:ebd6b700 : 3101243323
seed for 26372:ebd4a700 : 3101369981
seed for 26372:ebd29700 : 3101496618
seed for 26372:ebd08700 : 3101623341
seed for 26372:ebce7700 : 3099720505
seed for 26372:ebcc6700 : 3099847639
seed for 26372:ebca5700 : 3099974313
seed for 26372:ebc84700 : 3100101019
seed for 26372:ebc63700 : 3100227774
seed for 26372:ebc42700 : 3100356430
seed for 26372:ebc21700 : 3100483078
seed for 26372:ebc00700 : 3100609807
seed for 26372:ebbdf700 : 3098705360
seed for 26372:ebbbe700 : 3098832097
seed for 26372:ebb9d700 : 3098952591
seed for 26372:ebb7c700 : 3099087600
seed for 26372:ebb5b700 : 3099206106
seed for 26372:ebb3a700 : 3099341014
seed for 26372:ebb19700 : 3099459752
seed for 26372:ebaf8700 : 3097499538
seed for 26372:ebad7700 : 3097683676
seed for 26372:ebab6700 : 3097818483
seed for 26372:eba95700 : 3097937318
seed for 26372:eba74700 : 3098072202
seed for 26372:eba53700 : 3098192894
seed for 26372:eba32700 : 3098327553
seed for 26372:eba11700 : 3098446089
seed for 26372:eb9f0700 : 3096484306
seed for 26372:eb9cf700 : 3096668376
seed for 26372:eb9ae700 : 3096805139
seed for 26372:eb98d700 : 3096923753
seed for 26372:eb96c700 : 3097058676
seed for 26372:eb94b700 : 3097177168
seed for 26372:eb92a700 : 3097312490
seed for 26372:eb909700 : 3097441170
seed for 26372:eb8e8700 : 3095470788
seed for 26372:eb8c7700 : 3095646684
seed for 26372:eb8a6700 : 3095773407
seed for 26372:eb885700 : 3095918415
seed for 26372:eb864700 : 3096045503
seed for 26372:eb843700 : 3096155896
seed for 26372:eb822700 : 3096282563
seed for 26372:eb801700 : 3096425499
seed for 26372:eb7e0700 : 3094457096
seed for 26372:eb7bf700 : 3094632968
seed for 26372:eb79e700 : 3094759749
seed for 26372:eb77d700 : 3094902887
seed for 26372:eb75c700 : 3095029889
seed for 26372:eb73b700 : 3095142307
seed for 26372:eb71a700 : 3095269117
seed for 26372:eb6f9700 : 3093314855
seed for 26372:eb6d8700 : 3093441577
seed for 26372:eb6b7700 : 3093611380
seed for 26372:eb696700 : 3093746246
seed for 26372:eb675700 : 3093881166
seed for 26372:eb654700 : 3094016389
seed for 26372:eb633700 : 3094118565
seed for 26372:eb612700 : 3094255385
seed for 26372:eb5f1700 : 3092293139
seed for 26372:eb5d0700 : 3092428136
seed for 26372:eb5af700 : 3092596134
seed for 26372:eb58e700 : 3092731044
seed for 26372:eb56d700 : 3092868038
seed for 26372:eb54c700 : 3093002961
seed for 26372:eb52b700 : 3093104978
seed for 26372:eb50a700 : 3093240246
seed for 26372:eb4e9700 : 3091278003
seed for 26372:eb4c8700 : 3091415028
seed for 26372:eb4a7700 : 3091582491
seed for 26372:eb486700 : 3091717410
seed for 26372:eb465700 : 3091852371
seed for 26372:eb444700 : 3091923810
seed for 26372:eb423700 : 3092083327
seed for 26372:eb402700 : 3092210345
seed for 26372:eb3e1700 : 3090239998
seed for 26372:eb3c0700 : 3090366475
seed for 26372:eb39f700 : 3090591876
seed for 26372:eb37e700 : 3090720695
seed for 26372:eb35d700 : 3090847237
seed for 26372:eb33c700 : 3090974196
seed for 26372:eb31b700 : 3091133631
seed for 26372:eb2fa700 : 3089163382
seed for 26372:eb2d9700 : 3089292114
seed for 26372:eb2b8700 : 3089418813
seed for 26372:eb297700 : 3089512745
seed for 26372:eb276700 : 3089639606
seed for 26372:eb255700 : 3089768357
seed for 26372:eb234700 : 3089895051
seed for 26372:eb213700 : 3090054682
seed for 26372:eb1f2700 : 3088084228
seed for 26372:eb1d1700 : 3088211142
seed for 26372:eb1b0700 : 3088339889
300 / 500 threads started...
seed for 26372:eb18f700 : 3088556689
seed for 26372:eb16e700 : 3088691689
seed for 26372:eb14d700 : 3088810175
seed for 26372:eb12c700 : 3088945200
seed for 26372:eb10b700 : 3089098696
seed for 26372:eb0ea700 : 3087136406
seed for 26372:eb0c9700 : 3087255119
seed for 26372:eb0a8700 : 3087390004
seed for 26372:eb087700 : 3087475926
seed for 26372:eb066700 : 3087612847
seed for 26372:eb045700 : 3087731372
seed for 26372:eb024700 : 3087866373
seed for 26372:eb003700 : 3088017686
seed for 26372:eafe2700 : 3119609876
seed for 26372:eafc1700 : 3119730684
seed for 26372:eafa0700 : 3119865564
seed for 26372:eaf7f700 : 3120082531
seed for 26372:eaf5e700 : 3120217443
seed for 26372:eaf3d700 : 3120335998
seed for 26372:eaf1c700 : 3120472935
seed for 26372:eaefb700 : 3118518797
seed for 26372:eaeda700 : 3118645720
seed for 26372:eaeb9700 : 3118788799
seed for 26372:eae98700 : 3118917509
seed for 26372:eae77700 : 3118995281
seed for 26372:eae56700 : 3119122158
seed for 26372:eae35700 : 3119265248
seed for 26372:eae14700 : 3119391993
seed for 26372:eadf3700 : 3117438032
seed for 26372:eadd2700 : 3117566829
seed for 26372:eadb1700 : 3117709948
seed for 26372:ead90700 : 3117836667
seed for 26372:ead6f700 : 3118045244
seed for 26372:ead4e700 : 3118174184
seed for 26372:ead2d700 : 3118317295
seed for 26372:ead0c700 : 3118444029
seed for 26372:eaceb700 : 3116489886
seed for 26372:eacca700 : 3116618686
seed for 26372:eaca9700 : 3116753757
seed for 26372:eac88700 : 3116888629
seed for 26372:eac67700 : 3116958092
seed for 26372:eac46700 : 3117093038
seed for 26372:eac25700 : 3117228135
seed for 26372:eac04700 : 3117365105
seed for 26372:eabe3700 : 3115402947
seed for 26372:eabc2700 : 3115537792
seed for 26372:eaba1700 : 3115672708
seed for 26372:eab80700 : 3115809718
seed for 26372:eab5f700 : 3116010270
seed for 26372:eab3e700 : 3116145182
seed for 26372:eab1d700 : 3116280143
seed for 26372:eaafc700 : 3114318009
seed for 26372:eaadb700 : 3114454942
seed for 26372:eaaba700 : 3114590003
seed for 26372:eaa99700 : 3114725002
seed for 26372:eaa78700 : 3114859997
seed for 26372:eaa57700 : 3114929436
seed for 26372:eaa36700 : 3115064321
seed for 26372:eaa15700 : 3115209640
seed for 26372:ea9f4700 : 3113239216
seed for 26372:ea9d3700 : 3113365907
seed for 26372:ea9b2700 : 3113492622
seed for 26372:ea991700 : 3113621475
seed for 26372:ea970700 : 3113748261
seed for 26372:ea94f700 : 3114006114
seed for 26372:ea92e700 : 3114132821
seed for 26372:ea90d700 : 3114259525
seed for 26372:ea8ec700 : 3112291237
seed for 26372:ea8cb700 : 3112418014
seed for 26372:ea8aa700 : 3112544806
seed for 26372:ea889700 : 3112671497
seed for 26372:ea868700 : 3112798236
seed for 26372:ea847700 : 3112927053
seed for 26372:ea826700 : 3113053791
seed for 26372:ea805700 : 3113180570
seed for 26372:ea7e4700 : 3111210180
seed for 26372:ea7c3700 : 3111337017
seed for 26372:ea7a2700 : 3111465837
seed for 26372:ea781700 : 3111584406
seed for 26372:ea760700 : 3111719375
seed for 26372:ea73f700 : 3111969087
seed for 26372:ea71e700 : 3112104043
seed for 26372:ea6fd700 : 3110127424
seed for 26372:ea6dc700 : 3110262505
seed for 26372:ea6bb700 : 3110381081
seed for 26372:ea69a700 : 3110516005
seed for 26372:ea679700 : 3110634571
seed for 26372:ea658700 : 3110771648
seed for 26372:ea637700 : 3110890272
seed for 26372:ea616700 : 3111025193
seed for 26372:ea5f5700 : 3109046623
seed for 26372:ea5d4700 : 3109181548
seed for 26372:ea5b3700 : 3109302191
seed for 26372:ea592700 : 3109437241
seed for 26372:ea571700 : 3109555796
seed for 26372:ea550700 : 3109690699
seed for 26372:ea52f700 : 3109940337
seed for 26372:ea50e700 : 3110060909
seed for 26372:ea4ed700 : 3108106919
seed for 26372:ea4cc700 : 3108233672
400 / 500 threads started...
seed for 26372:ea4ab700 : 3108344052
seed for 26372:ea48a700 : 3108472791
seed for 26372:ea469700 : 3108615989
seed for 26372:ea448700 : 3108742730
seed for 26372:ea427700 : 3108853072
seed for 26372:ea406700 : 3108979808
seed for 26372:ea3e5700 : 3107027846
seed for 26372:ea3c4700 : 3107154598
seed for 26372:ea3a3700 : 3107264953
seed for 26372:ea382700 : 3107391847
seed for 26372:ea361700 : 3107534952
seed for 26372:ea340700 : 3107663788
seed for 26372:ea31f700 : 3107905252
seed for 26372:ea2fe700 : 3105934830
seed for 26372:ea2dd700 : 3106077401
seed for 26372:ea2bc700 : 3106204643
seed for 26372:ea29b700 : 3106309324
seed for 26372:ea27a700 : 3106444684
seed for 26372:ea259700 : 3106580058
seed for 26372:ea238700 : 3106715424
seed for 26372:ea217700 : 3106817977
seed for 26372:ea1f6700 : 3104854208
seed for 26372:ea1d5700 : 3104989585
seed for 26372:ea1b4700 : 3105125022
seed for 26372:ea193700 : 3105227621
seed for 26372:ea172700 : 3105365051
seed for 26372:ea151700 : 3105500452
seed for 26372:ea130700 : 3105635840
seed for 26372:ea10f700 : 3105869562
seed for 26372:ea0ee700 : 3103907747
seed for 26372:ea0cd700 : 3104041113
seed for 26372:ea0ac700 : 3104176434
seed for 26372:ea08b700 : 3104278967
seed for 26372:ea06a700 : 3104414392
seed for 26372:ea049700 : 3104549702
seed for 26372:ea028700 : 3104719995
seed for 26372:ea007700 : 3104617789
seed for 26372:e9fe6700 : 3136464399
seed for 26372:e9fc5700 : 3136329470
seed for 26372:e9fa4700 : 3136718815
seed for 26372:e9f83700 : 3136614572
seed for 26372:e9f62700 : 3137003884
seed for 26372:e9f41700 : 3136868975
seed for 26372:e9f20700 : 3137258317
seed for 26372:e9eff700 : 3135454294
seed for 26372:e9ede700 : 3135319344
seed for 26372:e9ebd700 : 3135708676
seed for 26372:e9e9c700 : 3135573746
seed for 26372:e9e7b700 : 3135995899
seed for 26372:e9e5a700 : 3135859109
seed for 26372:e9e39700 : 3136248398
seed for 26372:e9e18700 : 3136113483
seed for 26372:e9df7700 : 3134432355
seed for 26372:e9dd6700 : 3134305480
seed for 26372:e9db5700 : 3134686709
seed for 26372:e9d94700 : 3134559836
seed for 26372:e9d73700 : 3134973702
seed for 26372:e9d52700 : 3134846912
seed for 26372:e9d31700 : 3135226001
seed for 26372:e9d10700 : 3135099292
seed for 26372:e9cef700 : 3133285029
seed for 26372:e9cce700 : 3133158167
seed for 26372:e9cad700 : 3133539290
seed for 26372:e9c8c700 : 3133414615
seed for 26372:e9c6b700 : 3133828463
seed for 26372:e9c4a700 : 3133701743
seed for 26372:e9c29700 : 3134082783
seed for 26372:e9c08700 : 3133956076
seed for 26372:e9be7700 : 3132270832
seed for 26372:e9bc6700 : 3132144008
seed for 26372:e9ba5700 : 3132525214
seed for 26372:e9b84700 : 3132398415
seed for 26372:e9b63700 : 3132806144
seed for 26372:e9b42700 : 3132671272
seed for 26372:e9b21700 : 3133076867
seed for 26372:e9b00700 : 3132942012
seed for 26372:e9adf700 : 3131119468
seed for 26372:e9abe700 : 3131506699
seed for 26372:e9a9d700 : 3131388085
seed for 26372:e9a7c700 : 3131777450
seed for 26372:e9a5b700 : 3131659002
seed for 26372:e9a3a700 : 3132048365
seed for 26372:e9a19700 : 3131931889
seed for 26372:e99f8700 : 3130223927
seed for 26372:e99d7700 : 3130105454
seed for 26372:e99b6700 : 3130494800
seed for 26372:e9995700 : 3130374238
seed for 26372:e9974700 : 3130763480
seed for 26372:e9953700 : 3130644958
seed for 26372:e9932700 : 3131034349
seed for 26372:e9911700 : 3130915688
seed for 26372:e98f0700 : 3129207728
seed for 26372:e98cf700 : 3128952052
seed for 26372:e98ae700 : 3129349600
seed for 26372:e988d700 : 3129222694
seed for 26372:e986c700 : 3129620250
seed for 26372:e984b700 : 3129491527
seed for 26372:e982a700 : 3129888976
seed for 26372:e9809700 : 3129762258
seed for 26372:e97e8700 : 3128062577
500 / 500 threads started...
seed for 26372:e97c7700 : 3127935822
