1393460115,o,C,0.015386,139877422864128
1393460116,c,R,0.000674,139877422728960
1393460117,s,C,0.017862,139877422593792
1393460118,s,C,0.010757,139877422458624
1393460119,o,C,0.009696,139877422323456
1393460120,o,C,0.011135,139877422188288
1393460121,o,C,0.013016,139877422053120
1393460121,s,C,0.003619,139877422458624
1393460122,c,C,0.000516,139877421917952
1393460123,D,C,0.046061,139877422593792
1393460123,D,C,0.052829,139877422593792
1393460123,D,C,0.059949,139877422593792
1393460123,D,C,0.067611,139877422593792
1393460123,D,C,0.074461,139877422593792
1393460123,D,C,0.081115,139877422593792
1393460123,D,C,0.088317,139877422593792
1393460123,D,C,0.096170,139877422593792
1393460123,D,C,0.102161,139877422593792
1393460123,d,C,0.109268,139877422593792
1393460124,p,C,0.010627,139877421782784
1393460125,o,C,0.007994,139877421512448
1393460126,o,C,0.007814,139877421917952
1393460127,o,C,0.006462,139877421242112
1393460127,s,C,0.015157,139877421512448
1393460128,o,C,0.007090,139877422458624
1393460128,s,C,0.018299,139877421106944
1393460129,s,C,0.013757,139877409269504
1393460129,s,C,0.019115,139877421917952
1393460131,o,C,0.008798,139877408999168
1393460132,o,C,0.009173,139877408864000
1393460132,o,C,0.010142,139877421242112
1393460132,s,C,0.003476,139877421512448
1393460133,o,C,0.005396,139877408728832
1393460133,s,C,0.001302,139877421106944
1393460133,s,C,0.008546,139877422188288
1393460133,s,C,0.016097,139877422864128
1393460134,n,C,0.010987,139877422728960
1393460134,o,C,0.006630,139877408593664
1393460135,s,C,0.003131,139877421917952
1393460135,s,C,0.013096,139877408458496
1393460135,s,C,0.014330,139877421242112
1393460136,s,C,0.017698,139877408864000
1393460136,s,C,0.019902,139877408323328
1393460137,o,C,0.003736,139877408188160
1393460137,o,C,0.009690,139877421782784
1393460137,s,C,0.010992,139877408728832
1393460138,s,C,0.011874,139877408052992
1393460139,o,C,0.003774,139877407917824
1393460139,p,C,0.011753,139877421106944
1393460139,s,C,0.011839,139877422728960
1393460140,n,C,0.030260,139877421647616
1393460140,o,C,0.023779,139877407782656
1393460141,n,C,0.011235,139877422053120
1393460141,o,C,0.007439,139877407647488
1393460141,o,C,0.009690,139877422323456
1393460141,o,C,0.010373,139877422458624
1393460141,s,C,0.003473,139877421242112
1393460142,n,C,0.007064,139877421377280
1393460142,p,C,0.005934,139877422728960
1393460143,D,C,0.012222,139877421106944
1393460143,D,C,0.018527,139877421106944
1393460143,D,C,0.027782,139877421106944
1393460143,D,C,0.035404,139877421106944
1393460143,D,C,0.039166,139877422188288
1393460143,D,C,0.041086,139877421106944
1393460143,D,C,0.045917,139877422188288
1393460143,D,C,0.046708,139877421106944
1393460143,D,C,0.052326,139877422188288
1393460143,D,C,0.054719,139877421106944
1393460143,D,C,0.059485,139877422188288
1393460143,D,C,0.060499,139877421106944
1393460143,D,C,0.066543,139877422188288
1393460143,D,C,0.066546,139877421106944
1393460143,d,C,0.073013,139877421106944
1393460143,D,C,0.073131,139877422188288
1393460143,D,C,0.080803,139877422188288
1393460143,D,C,0.087693,139877422188288
1393460143,D,C,0.093374,139877422188288
1393460143,d,C,0.098763,139877422188288
1393460143,o,C,0.009057,139877421242112
1393460143,p,C,0.003068,139877408864000
1393460143,s,C,0.007057,139877407377152
1393460145,p,C,0.002446,139877407241984
1393460145,s,C,0.003345,139877408728832
1393460145,s,C,0.010633,139877407106816
1393460146,c,C,0.000512,139877421647616
1393460146,n,C,0.013824,139877409134336
1393460146,s,C,0.013444,139877406971648
1393460147,D,C,0.031610,139877421242112
1393460147,D,C,0.038581,139877421242112
1393460147,D,C,0.045228,139877421242112
1393460147,D,C,0.052032,139877421242112
1393460147,D,C,0.058092,139877421242112
1393460147,D,C,0.065150,139877421242112
1393460147,D,C,0.071664,139877421242112
1393460147,D,C,0.079764,139877421242112
1393460147,D,C,0.086935,139877421242112
1393460147,d,C,0.093527,139877421242112
1393460147,o,C,0.002771,139877406836480
1393460147,o,C,0.002868,139877422188288
1393460147,o,C,0.004376,139877408999168
1393460147,o,C,0.005357,139877407647488
1393460147,s,C,0.012091,139877421782784
1393460148,n,C,0.027330,139877422593792
1393460148,o,C,0.004164,139877421917952
1393460148,s,C,0.009148,139877406701312
1393460149,o,C,0.004847,139877408728832
1393460149,o,C,0.005076,139877406566144
1393460149,s,C,0.003547,139877422864128
1393460150,D,C,0.036244,139877406971648
1393460150,D,C,0.043155,139877406971648
1393460150,D,C,0.050556,139877406971648
1393460150,D,C,0.059075,139877406971648
1393460150,D,C,0.065873,139877406971648
1393460150,D,C,0.073985,139877406971648
1393460150,D,C,0.081785,139877406971648
1393460150,D,C,0.088571,139877406971648
1393460150,D,C,0.095588,139877406971648
1393460150,d,C,0.101697,139877406971648
1393460150,o,C,0.001189,139877407106816
1393460150,o,C,0.005251,139877406701312
1393460150,p,C,0.002452,139877408188160
1393460150,p,C,0.005007,139877422728960
1393460150,s,C,0.001856,139877422188288
1393460151,c,C,0.000512,139877421917952
1393460151,c,C,0.000520,139877409269504
1393460151,o,C,0.002672,139877406295808
1393460151,p,C,0.001661,139877406430976
1393460151,s,C,0.003619,139877422864128
1393460151,s,C,0.003869,139877421106944
1393460152,o,C,0.006039,139877406160640
1393460152,p,C,0.006755,139877408999168
1393460152,s,C,0.003549,139877407377152
1393460153,n,C,0.008923,139877408458496
1393460153,o,C,0.001925,139877422323456
1393460153,o,C,0.003274,139877406025472
1393460153,s,C,0.004688,139877422458624
1393460153,s,C,0.014135,139877408188160
1393460153,START,,,
1393460154,o,C,0.003938,139877405890304
1393460154,o,C,0.004412,139877406971648
1393460154,o,C,0.004593,139877421782784
1393460154,o,C,0.007712,139877422053120
1393460154,s,C,0.014922,139877406430976
1393460154,s,C,0.016252,139877406836480
1393460155,c,C,0.000555,139877408188160
1393460155,o,C,0.006699,139877406160640
1393460155,o,C,0.007566,139877408052992
1393460155,o,C,0.007972,139877408593664
1393460155,p,C,0.006103,139877421917952
1393460155,s,C,0.003361,139877407106816
1393460156,s,C,0.002939,139877422458624
1393460156,s,C,0.003330,139877406836480
1393460157,c,C,0.000525,139877421242112
1393460157,o,C,0.001169,139877421782784
1393460157,o,C,0.008222,139877407377152
1393460157,p,C,0.002261,139877422323456
1393460157,s,C,0.003546,139877409269504
1393460157,s,C,0.011436,139877406025472
1393460158,n,C,0.020828,139877407512320
1393460158,s,C,0.002976,139877422458624
1393460158,s,C,0.012547,139877421647616
1393460159,o,C,0.001877,139877406566144
1393460159,o,C,0.005581,139877406430976
1393460159,p,C,0.004600,139877408593664
1393460159,s,C,0.003782,139877409269504
1393460160,c,C,0.000266,139877421512448
1393460160,n,C,0.021028,139877408323328
1393460161,p,C,0.002058,139877408052992
1393460161,s,C,0.003751,139877407106816
1393460161,s,C,0.004467,139877421917952
1393460162,o,C,0.005767,139877407377152
1393460162,o,C,0.005832,139877406971648
1393460163,o,C,0.002379,139877407782656
1393460164,c,C,0.000539,139877422188288
1393460164,o,C,0.003832,139877408052992
1393460164,o,C,0.003877,139877421242112
1393460164,s,C,0.003644,139877406701312
1393460164,s,C,0.003689,139877406430976
1393460164,s,C,0.003955,139877408864000
1393460165,o,C,0.003465,139877407106816
1393460165,o,C,0.003522,139877422323456
1393460165,s,C,0.004030,139877406836480
1393460165,s,C,0.013592,139877406295808
1393460166,o,C,0.001734,139877406025472
1393460166,p,C,0.003539,139877407917824
1393460166,s,C,0.018057,139877407241984
1393460167,o,C,0.001720,139877421242112
1393460167,s,C,0.002942,139877422458624
1393460167,s,C,0.004280,139877422188288
1393460168,o,C,0.001561,139877406430976
1393460168,s,C,0.002855,139877406836480
1393460168,s,C,0.013164,139877407917824
1393460169,o,C,0.002851,139877406701312
1393460169,s,C,0.003189,139877406295808
1393460169,s,C,0.011900,139877407647488
1393460170,c,C,0.000211,139877408323328
1393460171,D,C,0.008736,139877406430976
1393460171,D,C,0.017353,139877406430976
1393460171,D,C,0.024475,139877406430976
1393460171,D,C,0.031790,139877406430976
1393460171,D,C,0.039361,139877406430976
1393460171,D,C,0.046794,139877406430976
1393460171,D,C,0.053958,139877406430976
1393460171,D,C,0.060043,139877406430976
1393460171,D,C,0.065946,139877406430976
1393460171,d,C,0.071862,139877406430976
1393460171,o,C,0.002252,139877408052992
1393460171,o,C,0.004228,139877421782784
1393460171,s,C,0.003376,139877406025472
1393460172,c,C,0.000626,139877422458624
1393460172,n,C,0.008148,139877421106944
1393460172,o,C,0.001617,139877407917824
1393460172,o,C,0.002721,139877408864000
1393460172,o,C,0.003396,139877407106816
1393460172,p,C,0.003344,139877406160640
1393460172,s,C,0.003901,139877406295808
1393460172,s,C,0.014109,139877422323456
1393460173,c,C,0.000556,139877407377152
1393460173,n,C,0.010449,139877408458496
1393460173,o,C,0.004051,139877408728832
1393460173,s,C,0.017034,139877409134336
1393460174,o,C,0.002891,139877422593792
1393460174,o,C,0.003370,139877422458624
1393460174,s,C,0.002742,139877422188288
1393460175,c,C,0.000577,139877407377152
1393460175,o,C,0.002935,139877406836480
1393460175,o,C,0.003218,139877421782784
1393460175,o,C,0.006326,139877406566144
1393460175,s,C,0.003915,139877406701312
1393460176,o,C,0.006156,139877406160640
1393460177,n,C,0.002436,139877422053120
1393460177,o,C,0.002943,139877421512448
1393460177,s,C,0.001473,139877407917824
1393460177,s,C,0.002885,139877421106944
1393460177,s,C,0.003458,139877406025472
1393460178,c,C,0.000528,139877421782784
1393460178,n,C,0.009651,139877422864128
1393460178,n,C,0.022135,139877421647616
1393460178,o,C,0.003626,139877406295808
1393460178,s,C,0.001390,139877406701312
1393460178,s,C,0.003810,139877408728832
1393460178,s,C,0.012897,139877406566144
1393460179,n,C,0.012388,139877409269504
1393460179,n,C,0.012846,139877408188160
1393460179,o,C,0.003972,139877407917824
1393460179,s,C,0.001553,139877422458624
1393460180,o,C,0.003462,139877406025472
1393460180,o,C,0.003931,139877422053120
1393460180,p,C,0.002610,139877421106944
1393460180,s,C,0.003002,139877406701312
1393460181,D,C,0.016217,139877406566144
1393460181,D,C,0.024315,139877406566144
1393460181,D,C,0.030371,139877406566144
1393460181,D,C,0.039194,139877406566144
1393460181,D,C,0.045529,139877406566144
1393460181,D,C,0.051248,139877406566144
1393460181,D,C,0.057986,139877406566144
1393460181,D,C,0.065434,139877406566144
1393460181,D,C,0.070508,139877406566144
1393460181,d,C,0.075175,139877406566144
1393460181,n,C,0.006082,139877421917952
1393460181,o,C,0.002185,139877407106816
1393460181,o,C,0.003135,139877408458496
1393460181,p,C,0.002286,139877421377280
1393460182,n,C,0.020981,139877422728960
1393460182,o,C,0.002964,139877408323328
1393460182,o,C,0.003820,139877406430976
1393460182,o,C,0.004001,139877421242112
1393460183,c,C,0.000479,139877406566144
1393460183,c,C,0.000532,139877422458624
1393460184,c,C,0.000518,139877421512448
1393460184,o,C,0.001870,139877406295808
1393460184,o,C,0.001904,139877421782784
1393460184,o,C,0.003820,139877421377280
1393460184,o,C,0.005398,139877407512320
1393460184,s,C,0.002946,139877406025472
1393460184,s,C,0.014708,139877422053120
1393460185,o,C,0.004469,139877408188160
1393460185,s,C,0.003086,139877408728832
1393460186,o,C,0.002896,139877408052992
1393460186,o,C,0.003941,139877406566144
1393460186,s,C,0.002843,139877421106944
1393460187,p,C,0.003891,139877406836480
1393460187,s,C,0.002893,139877422188288
1393460188,o,C,0.003473,139877408052992
1393460188,s,C,0.003551,139877422593792
1393460189,c,C,0.000535,139877406836480
1393460189,p,C,0.002916,139877409269504
1393460190,D,C,0.025653,139877421782784
1393460190,D,C,0.034570,139877421782784
1393460190,D,C,0.040427,139877421782784
1393460190,D,C,0.048331,139877421782784
1393460190,D,C,0.055125,139877421782784
1393460190,D,C,0.061538,139877421782784
1393460190,D,C,0.069761,139877421782784
1393460190,D,C,0.073776,139877421782784
1393460190,D,C,0.078021,139877421782784
1393460190,d,C,0.083270,139877421782784
1393460190,n,C,0.019429,139877407647488
1393460190,o,C,0.003521,139877421106944
1393460190,s,C,0.002865,139877406025472
1393460190,s,C,0.003339,139877408052992
1393460191,o,C,0.002863,139877422728960
1393460191,o,C,0.003972,139877422188288
1393460191,o,C,0.004391,139877421647616
1393460192,D,C,0.009825,139877406295808
1393460192,n,C,0.017768,139877409134336
1393460192,s,C,0.002466,139877421782784
1393460192,s,C,0.002752,139877421512448
1393460193,D,C,0.015144,139877406295808
1393460193,D,C,0.022310,139877406295808
1393460193,D,C,0.029282,139877406295808
1393460193,D,C,0.033861,139877406295808
1393460193,D,C,0.038356,139877406295808
1393460193,D,C,0.043085,139877406295808
1393460193,D,C,0.048869,139877406295808
1393460193,D,C,0.054604,139877406295808
1393460193,d,C,0.060693,139877406295808
1393460193,o,C,0.001086,139877408458496
1393460193,o,C,0.001564,139877408593664
1393460193,o,C,0.002821,139877406836480
1393460193,o,C,0.003052,139877407917824
1393460193,p,C,0.001057,139877407106816
1393460193,s,C,0.002890,139877406701312
1393460193,s,C,0.015203,139877408999168
1393460194,s,C,0.003960,139877407377152
1393460195,o,C,0.003149,139877422593792
1393460195,o,C,0.003991,139877421917952
1393460195,o,C,0.004325,139877408458496
1393460195,o,C,0.005735,139877406701312
1393460195,s,C,0.002765,139877422864128
1393460195,s,C,0.003418,139877408052992
1393460196,s,C,0.003035,139877406025472
1393460196,s,C,0.003663,139877407241984
1393460197,n,C,0.007953,139877405890304
1393460197,o,C,0.002304,139877422593792
1393460197,s,C,0.003490,139877406566144
1393460198,D,C,0.014281,139877408052992
1393460198,D,C,0.026286,139877408052992
1393460198,D,C,0.031299,139877408052992
1393460198,D,C,0.037160,139877408052992
1393460198,D,C,0.044082,139877408052992
1393460198,D,C,0.050581,139877408052992
1393460198,D,C,0.056005,139877408052992
1393460198,D,C,0.060178,139877408052992
1393460198,D,C,0.066567,139877408052992
1393460198,d,C,0.072029,139877408052992
1393460198,o,C,0.001896,139877422728960
1393460198,o,C,0.003174,139877406160640
1393460198,o,C,0.003451,139877406836480
1393460198,o,C,0.005623,139877407241984
1393460198,p,C,0.002446,139877408999168
1393460199,D,C,0.008344,139877421782784
1393460199,D,C,0.011354,139877422864128
1393460199,D,C,0.015643,139877422864128
1393460199,D,C,0.015835,139877421782784
1393460199,D,C,0.020392,139877422864128
1393460199,D,C,0.020980,139877421782784
1393460199,D,C,0.024416,139877422864128
1393460199,D,C,0.026290,139877421782784
1393460199,D,C,0.027701,139877422864128
1393460199,D,C,0.031461,139877421782784
1393460199,D,C,0.032461,139877422864128
1393460199,D,C,0.036437,139877422864128
1393460199,D,C,0.036616,139877421782784
1393460199,D,C,0.040107,139877422864128
1393460199,D,C,0.040656,139877421782784
1393460199,D,C,0.044831,139877422864128
1393460199,D,C,0.044943,139877421782784
1393460199,d,C,0.049590,139877422864128
1393460199,D,C,0.051337,139877421782784
1393460199,d,C,0.056835,139877421782784
1393460199,o,C,0.006148,139877407106816
1393460200,c,C,0.000527,139877422188288
1393460200,o,C,0.002084,139877406025472
1393460200,o,C,0.003994,139877407512320
1393460200,s,C,0.013012,139877421377280
1393460201,D,C,0.008588,139877407241984
1393460201,D,C,0.014663,139877407241984
1393460201,D,C,0.019714,139877407241984
1393460201,D,C,0.024861,139877407241984
1393460201,D,C,0.030720,139877407241984
1393460201,D,C,0.035770,139877407241984
1393460201,D,C,0.040099,139877407241984
1393460201,D,C,0.044282,139877407241984
1393460201,D,C,0.050941,139877407241984
1393460201,d,C,0.056319,139877407241984
1393460201,s,C,0.001632,139877421242112
1393460201,s,C,0.003305,139877408458496
1393460202,o,C,0.003635,139877409269504
1393460203,D,C,0.016643,139877422188288
1393460203,D,C,0.024460,139877422188288
1393460203,D,C,0.030487,139877422188288
1393460203,D,C,0.036685,139877422188288
1393460203,D,C,0.042526,139877422188288
1393460203,D,C,0.048633,139877422188288
1393460203,D,C,0.053367,139877422188288
1393460203,D,C,0.059358,139877422188288
1393460203,D,C,0.063770,139877422188288
1393460203,d,C,0.069950,139877422188288
1393460203,n,C,0.012011,139877408728832
1393460203,TERMINATED,,,-1072707840
1393460203,TERMINATED,,,-1073654016
1393460203,TERMINATED,,,-1086167296
1393460204,n,C,0.010020,139877422458624
1393460204,n,C,0.018588,139877422053120
1393460204,p,C,0.001381,139877406295808
1393460204,s,C,0.002705,139877421106944
1393460204,s,C,0.002900,139877406836480
1393460204,TERMINATED,,,-1072167168
1393460204,TERMINATED,,,-1072437504
1393460204,TERMINATED,,,-1072843008
1393460204,TERMINATED,,,-1073789184
1393460204,TERMINATED,,,-1086302464
1393460204,TERMINATED,,,-1087789312
1393460204,TERMINATED,,,-1088059648
1393460204,TERMINATED,,,-1088329984
1393460204,TERMINATED,,,-1088600320
1393460204,TERMINATED,,,-1089005824
1393460205,n,C,0.009389,139877422323456
1393460205,p,C,0.003098,139877407917824
1393460205,TERMINATED,,,-1072572672
1393460205,TERMINATED,,,-1073113344
1393460205,TERMINATED,,,-1086978304
1393460205,TERMINATED,,,-1087248640
1393460205,TERMINATED,,,-1087654144
1393460205,TERMINATED,,,-1088870656
1393460206,TERMINATED,,,-1073383680
1393460206,TERMINATED,,,-1073518848
1393460206,TERMINATED,,,-1085761792
1393460206,TERMINATED,,,-1088194816
1393460207,TERMINATED,,,-1088465152
1393460208,TERMINATED,,,-1085626624
1393460209,TERMINATED,,,-1085896960
1393460209,TERMINATED,,,-1086437632
1393460209,TERMINATED,,,-1086843136
1393460210,TERMINATED,,,-1086572800
1393460211,TERMINATED,,,-1072978176
1393460211,TERMINATED,,,-1087383808
1393460214,TERMINATED,,,-1072302336
1393460216,n,C,0.006954,139877406971648
1393460216,TERMINATED,,,-1087924480
1393460218,TERMINATED,,,-1087113472
1393460219,n,C,0.021040,139877407377152
1393460219,TERMINATED,,,-1073248512
1393460219,TERMINATED,,,-1087518976
