connecting to client at 'localhost'
connecting to client port at '30000'

database table cardinalities:
warehouses = 30
districts = 10
customers = 3000
items = 100000
orders = 3000
stock = 100000
new-orders = 900

transaction mix:
new-order mix 0.09
payment mix 0.08
order-status mix 0.38
delivery mix 0.04
stock-level mix 0.38
credit-check mix 0.04

transaction thresholds:
new-order threshold 0.09
payment threshold 0.17
order-status threshold 0.54
delivery threshold 0.58
stock-level threshold 0.96
credit-check threshold 1.00

delivery keying time 2 s
new_order keying time 18 s
order-status keying time 2 s
payment keying time 3 s
stock-level keying time 2 s
credit-check keying time 2 s

delivery thinking time 5000 ms
new_order thinking time 12000 ms
order-status thinking time 10000 ms
payment thinking time 12000 ms
stock-level thinking time 5000 ms
credit-check thinking time 5000 ms

w_id range 1 to 30

10 terminals per warehouse

60 second steady state duration

driver is starting to ramp up at time 1393199011
driver will ramp up in  290 seconds
will stop test at time 1393199361
seed for 21589:6b765700 : 947893354
seed for 21589:6b744700 : 947758450
seed for 21589:6b723700 : 947640004
seed for 21589:6b702700 : 947504647
seed for 21589:6b6e1700 : 946337586
seed for 21589:6b6c0700 : 946200675
seed for 21589:6b69f700 : 945820032
seed for 21589:6b67e700 : 946733728
seed for 21589:6b65d700 : 946615235
seed for 21589:6b63c700 : 946482404
seed for 21589:6b61b700 : 946363427
seed for 21589:6b5fa700 : 945179967
seed for 21589:6b5d9700 : 945061386
seed for 21589:6b5b8700 : 944926584
seed for 21589:6aa6e700 : 967772303
seed for 21589:6aa4d700 : 967653815
seed for 21589:6aa2c700 : 967518962
seed for 21589:6aa0b700 : 967400433
seed for 21589:6a9ea700 : 966210791
seed for 21589:6a9c9700 : 966067686
seed for 21589:6a9a8700 : 965940543
seed for 21589:6a987700 : 965863032
seed for 21589:6a966700 : 966784873
seed for 21589:6a945700 : 966639776
seed for 21589:6a924700 : 966513034
seed for 21589:6a903700 : 966370002
seed for 21589:6a8e2700 : 965194693
seed for 21589:6a8c1700 : 965053675
seed for 21589:6a8a0700 : 964926476
seed for 21589:6a87f700 : 965635340
seed for 21589:6a85e700 : 965508656
seed for 21589:6a83d700 : 965365745
seed for 21589:6a81c700 : 965236968
seed for 21589:6a7fb700 : 964045234
seed for 21589:6a7da700 : 963918120
seed for 21589:6a7b9700 : 963775059
seed for 21589:6a798700 : 963648505
seed for 21589:6a777700 : 964621562
seed for 21589:6a756700 : 964486646
seed for 21589:6a735700 : 964351651
seed for 21589:6a714700 : 964216383
seed for 21589:6a6f3700 : 963033056
seed for 21589:6a6d2700 : 962896108
seed for 21589:6a6b1700 : 962761139
seed for 21589:6a690700 : 962626177
seed for 21589:6a66f700 : 963605243
seed for 21589:6a64e700 : 963470087
seed for 21589:6a62d700 : 963337441
seed for 21589:6a60c700 : 963202511
seed for 21589:6a5eb700 : 962018995
seed for 21589:6a5ca700 : 961884063
seed for 21589:6a5a9700 : 961747080
seed for 21589:6a588700 : 961611897
seed for 21589:6a567700 : 962591086
seed for 21589:6a546700 : 962456091
seed for 21589:6a525700 : 962321187
seed for 21589:6a504700 : 962196662
seed for 21589:6a4e3700 : 960988570
seed for 21589:6a4c2700 : 960861515
seed for 21589:6a4a1700 : 960734751
seed for 21589:6a480700 : 960608006
seed for 21589:6a45f700 : 961298487
seed for 21589:6a43e700 : 961171923
seed for 21589:6a41d700 : 961045222
seed for 21589:6a3fc700 : 959869854
seed for 21589:6a3db700 : 959712426
seed for 21589:6a3ba700 : 959585356
seed for 21589:6a399700 : 959458647
seed for 21589:6a378700 : 960380420
seed for 21589:6a357700 : 960286705
seed for 21589:6a336700 : 960157832
seed for 21589:6a315700 : 960031122
seed for 21589:6a2f4700 : 958855811
seed for 21589:6a2d3700 : 958696014
seed for 21589:6a2b2700 : 958569330
seed for 21589:6a291700 : 958444769
seed for 21589:6a270700 : 959358375
seed for 21589:6a24f700 : 959272286
seed for 21589:6a22e700 : 959137389
seed for 21589:6a20d700 : 959018764
seed for 21589:6a1ec700 : 957833439
seed for 21589:6a1cb700 : 957682118
seed for 21589:6a1aa700 : 957547167
seed for 21589:6a189700 : 957428622
seed for 21589:6a168700 : 958344370
seed for 21589:6a147700 : 958258270
seed for 21589:6a126700 : 958123380
seed for 21589:6a105700 : 958004754
seed for 21589:6a0e4700 : 956821304
seed for 21589:6a0c3700 : 956668059
seed for 21589:6a0a2700 : 956533124
seed for 21589:6a081700 : 956414628
seed for 21589:6a060700 : 957328258
seed for 21589:6a03f700 : 956978415
seed for 21589:6a01e700 : 956873666
seed for 21589:69ffd700 : 989235787
seed for 21589:69fdc700 : 989108906
seed for 21589:69fbb700 : 988998047
seed for 21589:69f9a700 : 988870706
100 / 300 threads started...
seed for 21589:69f79700 : 989777689
seed for 21589:69f58700 : 989650460
seed for 21589:69f37700 : 989474171
seed for 21589:69f16700 : 989346928
seed for 21589:69ef5700 : 988155048
seed for 21589:69ed4700 : 988025437
seed for 21589:69eb3700 : 987914936
seed for 21589:69e92700 : 987787660
seed for 21589:69e71700 : 988692634
seed for 21589:69e50700 : 988567489
seed for 21589:69e2f700 : 988521992
seed for 21589:69e0e700 : 988394775
seed for 21589:69ded700 : 987202664
seed for 21589:69dcc700 : 987073347
seed for 21589:69dab700 : 986971023
seed for 21589:69d8a700 : 986835584
seed for 21589:69d69700 : 987748835
seed for 21589:69d48700 : 987613399
seed for 21589:69d27700 : 987447091
seed for 21589:69d06700 : 987311735
seed for 21589:69ce5700 : 986128023
seed for 21589:69cc4700 : 985992598
seed for 21589:69ca3700 : 985889935
seed for 21589:69c82700 : 985752560
seed for 21589:69c61700 : 986665694
seed for 21589:69c40700 : 986530246
seed for 21589:69c1f700 : 986230808
seed for 21589:69bfe700 : 985048876
seed for 21589:69bdd700 : 984913463
seed for 21589:69bbc700 : 984778075
seed for 21589:69b9b700 : 984675724
seed for 21589:69b7a700 : 985588926
seed for 21589:69b59700 : 985459666
seed for 21589:69b38700 : 985332253
seed for 21589:69b17700 : 985139476
seed for 21589:69af6700 : 983963711
seed for 21589:69ad5700 : 983836810
seed for 21589:69ab4700 : 983711343
seed for 21589:69a93700 : 983584407
seed for 21589:69a72700 : 984505752
seed for 21589:69a51700 : 984378567
seed for 21589:69a30700 : 984249302
seed for 21589:69a0f700 : 984187636
seed for 21589:699ee700 : 983011614
seed for 21589:699cd700 : 982884404
seed for 21589:699ac700 : 982759208
seed for 21589:6998b700 : 982632023
seed for 21589:6996a700 : 983553285
seed for 21589:69949700 : 983426519
seed for 21589:69928700 : 983299272
seed for 21589:69907700 : 983112472
seed for 21589:698e6700 : 981928514
seed for 21589:698c5700 : 981809911
seed for 21589:698a4700 : 981674481
seed for 21589:69883700 : 981555404
seed for 21589:69862700 : 982470463
seed for 21589:69841700 : 982351399
seed for 21589:69820700 : 982216018
seed for 21589:697ff700 : 980851722
seed for 21589:697de700 : 980714257
seed for 21589:697bd700 : 980595710
seed for 21589:6979c700 : 980460226
seed for 21589:6977b700 : 981389740
seed for 21589:6975a700 : 981254322
seed for 21589:69739700 : 981137310
seed for 21589:69718700 : 981001904
seed for 21589:696f7700 : 979768612
seed for 21589:696d6700 : 979633170
seed for 21589:696b5700 : 979514621
seed for 21589:69694700 : 979393469
seed for 21589:69673700 : 980298417
seed for 21589:69652700 : 980171112
seed for 21589:69631700 : 980027484
seed for 21589:69610700 : 979902296
seed for 21589:695ef700 : 978841125
seed for 21589:695ce700 : 978713872
seed for 21589:695ad700 : 978570732
seed for 21589:6958c700 : 978443474
seed for 21589:6956b700 : 979346298
seed for 21589:6954a700 : 979219023
seed for 21589:69529700 : 979075413
seed for 21589:69508700 : 978948182
seed for 21589:694e7700 : 977757980
seed for 21589:694c6700 : 977630730
seed for 21589:694a5700 : 977487456
seed for 21589:69484700 : 977360196
seed for 21589:69463700 : 978265149
seed for 21589:69442700 : 978138343
seed for 21589:69421700 : 978000895
seed for 21589:69400700 : 977865437
seed for 21589:693df700 : 976550280
seed for 21589:693be700 : 976414790
seed for 21589:6939d700 : 976281533
seed for 21589:6937c700 : 977194570
seed for 21589:6935b700 : 977059104
seed for 21589:6933a700 : 976924104
seed for 21589:69319700 : 976788735
seed for 21589:692f8700 : 975602662
seed for 21589:692d7700 : 975467257
seed for 21589:692b6700 : 975331719
200 / 300 threads started...
seed for 21589:69295700 : 975196329
seed for 21589:69274700 : 976111522
seed for 21589:69253700 : 975976033
seed for 21589:69232700 : 975840541
seed for 21589:69211700 : 975705148
seed for 21589:691f0700 : 974521549
seed for 21589:691cf700 : 974506911
seed for 21589:691ae700 : 974379694
seed for 21589:6918d700 : 974252397
seed for 21589:6916c700 : 975173740
seed for 21589:6914b700 : 975015731
seed for 21589:6912a700 : 974888906
seed for 21589:69109700 : 974761694
seed for 21589:690e8700 : 973585887
seed for 21589:690c7700 : 973425819
seed for 21589:690a6700 : 973296534
seed for 21589:69085700 : 973169229
seed for 21589:69064700 : 974090619
seed for 21589:69043700 : 973930512
seed for 21589:69022700 : 973805320
seed for 21589:69001700 : 973678548
seed for 21589:68fe0700 : 1006057110
seed for 21589:68fbf700 : 1005766013
seed for 21589:68f9e700 : 1005638825
seed for 21589:68f7d700 : 1006566324
seed for 21589:68f5c700 : 1006430868
seed for 21589:68f3b700 : 1006279143
seed for 21589:68f1a700 : 1006143710
seed for 21589:68ef9700 : 1004976156
seed for 21589:68ed8700 : 1004842801
seed for 21589:68eb7700 : 1004690962
seed for 21589:68e96700 : 1004555632
seed for 21589:68e75700 : 1005485233
seed for 21589:68e54700 : 1005347811
seed for 21589:68e33700 : 1005196009
seed for 21589:68e12700 : 1005060559
seed for 21589:68df1700 : 1003892949
seed for 21589:68dd0700 : 1003759556
seed for 21589:68daf700 : 1003739002
seed for 21589:68d8e700 : 1003603542
seed for 21589:68d6d700 : 1004533071
seed for 21589:68d4c700 : 1004397700
seed for 21589:68d2b700 : 1004301197
seed for 21589:68d0a700 : 1004436214
seed for 21589:68ce9700 : 1002457573
seed for 21589:68cc8700 : 1002592617
seed for 21589:68ca7700 : 1002743978
seed for 21589:68c86700 : 1002880953
seed for 21589:68c65700 : 1002999467
seed for 21589:68c44700 : 1003134351
seed for 21589:68c23700 : 1003285752
seed for 21589:68c02700 : 1003420688
seed for 21589:68be1700 : 1001440114
seed for 21589:68bc0700 : 1001574997
seed for 21589:68b9f700 : 1001857454
seed for 21589:68b7e700 : 1001992415
seed for 21589:68b5d700 : 1002111002
seed for 21589:68b3c700 : 1002248030
seed for 21589:68b1b700 : 1002399373
seed for 21589:68afa700 : 1000437149
seed for 21589:68ad9700 : 1000555731
seed for 21589:68ab8700 : 1000688631
seed for 21589:68a97700 : 1000848129
seed for 21589:68a76700 : 1000974876
seed for 21589:68a55700 : 1001101625
seed for 21589:68a34700 : 1001228374
seed for 21589:68a13700 : 1001389959
seed for 21589:689f2700 : 999419552
seed for 21589:689d1700 : 999546292
seed for 21589:689b0700 : 999673033
seed for 21589:6898f700 : 999699405
seed for 21589:6896e700 : 999826148
seed for 21589:6894d700 : 999952914
seed for 21589:6892c700 : 1000079664
seed for 21589:6890b700 : 1000239126
seed for 21589:688ea700 : 998270788
seed for 21589:688c9700 : 998397580
seed for 21589:688a8700 : 998524474
seed for 21589:68887700 : 998683966
seed for 21589:68866700 : 998810697
seed for 21589:68845700 : 998943591
seed for 21589:68824700 : 999078536
seed for 21589:68803700 : 999213443
seed for 21589:687e2700 : 997251213
seed for 21589:687c1700 : 997388200
seed for 21589:687a0700 : 997523163
seed for 21589:6877f700 : 997789066
seed for 21589:6875e700 : 997923996
seed for 21589:6873d700 : 998059084
seed for 21589:6871c700 : 998191874
seed for 21589:686fb700 : 996229638
seed for 21589:686da700 : 996364764
seed for 21589:686b9700 : 996499661
seed for 21589:68698700 : 996634720
seed for 21589:68677700 : 996771616
seed for 21589:68656700 : 996906508
seed for 21589:68635700 : 997041595
seed for 21589:68614700 : 997176686
seed for 21589:685f3700 : 995220377
seed for 21589:685d2700 : 995347265
300 / 300 threads started...
seed for 21589:685b1700 : 995490394
