connecting to client at 'localhost'
connecting to client port at '30000'

database table cardinalities:
warehouses = 75
districts = 10
customers = 3000
items = 100000
orders = 3000
stock = 100000
new-orders = 900

transaction mix:
new-order mix 0.09
payment mix 0.08
order-status mix 0.38
delivery mix 0.04
stock-level mix 0.38
credit-check mix 0.04

transaction thresholds:
new-order threshold 0.09
payment threshold 0.17
order-status threshold 0.54
delivery threshold 0.58
stock-level threshold 0.96
credit-check threshold 1.00

delivery keying time 2 s
new_order keying time 18 s
order-status keying time 2 s
payment keying time 3 s
stock-level keying time 2 s
credit-check keying time 2 s

delivery thinking time 5000 ms
new_order thinking time 12000 ms
order-status thinking time 10000 ms
payment thinking time 12000 ms
stock-level thinking time 5000 ms
credit-check thinking time 5000 ms

w_id range 1 to 75

10 terminals per warehouse

150 second steady state duration

driver is starting to ramp up at time 1393218743
driver will ramp up in  740 seconds
will stop test at time 1393219633
seed for 3555:2a499700 : 2034883926
seed for 3555:2a478700 : 2034748030
seed for 3555:2a457700 : 2034580144
seed for 3555:2a436700 : 2034445203
seed for 3555:2a415700 : 2034309157
seed for 3555:2a3f4700 : 2034174260
seed for 3555:2a3d3700 : 2034071054
seed for 3555:2a3b2700 : 2033936236
seed for 3555:2a391700 : 2033800266
seed for 3555:2a370700 : 2033665327
seed for 3555:2a34f700 : 2033497540
seed for 3555:2a32e700 : 2033361657
seed for 3555:2a30d700 : 2033226721
seed for 3555:2a2ec700 : 2033090751
seed for 3555:297a2700 : 2054840686
seed for 3555:29781700 : 2054712928
seed for 3555:29760700 : 2054586119
seed for 3555:2973f700 : 2054392867
seed for 3555:2971e700 : 2054266054
seed for 3555:296fd700 : 2054139296
seed for 3555:296dc700 : 2054011513
seed for 3555:296bb700 : 2053884611
seed for 3555:2969a700 : 2053757947
seed for 3555:29679700 : 2053630177
seed for 3555:29658700 : 2053503360
seed for 3555:29637700 : 2053310127
seed for 3555:29616700 : 2053183320
seed for 3555:295f5700 : 2053055533
seed for 3555:295d4700 : 2052928819
seed for 3555:295b3700 : 2052801903
seed for 3555:29592700 : 2052674149
seed for 3555:29571700 : 2052547348
seed for 3555:29550700 : 2052420573
seed for 3555:2952f700 : 2052227306
seed for 3555:2950e700 : 2052100603
seed for 3555:294ed700 : 2051980946
seed for 3555:294cc700 : 2051846013
seed for 3555:294ab700 : 2051726354
seed for 3555:2948a700 : 2051591378
seed for 3555:29469700 : 2051472649
seed for 3555:29448700 : 2051336737
seed for 3555:29427700 : 2051152606
seed for 3555:29406700 : 2051017630
seed for 3555:293e5700 : 2050898041
seed for 3555:293c4700 : 2050763134
seed for 3555:293a3700 : 2050643543
seed for 3555:29382700 : 2050508622
seed for 3555:29361700 : 2050389989
seed for 3555:29340700 : 2050253981
seed for 3555:2931f700 : 2050069840
seed for 3555:292fe700 : 2049934814
seed for 3555:292dd700 : 2049815097
seed for 3555:292bc700 : 2049680127
seed for 3555:2929b700 : 2049561505
seed for 3555:2927a700 : 2049425559
seed for 3555:29259700 : 2049306993
seed for 3555:29238700 : 2049154671
seed for 3555:29217700 : 2049011536
seed for 3555:291f6700 : 2048883747
seed for 3555:291d5700 : 2048740577
seed for 3555:291b4700 : 2048613843
seed for 3555:29193700 : 2048469639
seed for 3555:29172700 : 2048342936
seed for 3555:29151700 : 2048198814
seed for 3555:29130700 : 2048072031
seed for 3555:2910f700 : 2047927855
seed for 3555:290ee700 : 2047801101
seed for 3555:290cd700 : 2047657954
seed for 3555:290ac700 : 2047530138
seed for 3555:2908b700 : 2047386985
seed for 3555:2906a700 : 2047259172
seed for 3555:29049700 : 2047116083
seed for 3555:29028700 : 2046989284
seed for 3555:29007700 : 2046845207
seed for 3555:28fe6700 : 2080272411
seed for 3555:28fc5700 : 2080136993
seed for 3555:28fa4700 : 2080001702
seed for 3555:28f83700 : 2079866295
seed for 3555:28f62700 : 2079730957
seed for 3555:28f41700 : 2079595569
seed for 3555:28f20700 : 2079460248
seed for 3555:28eff700 : 2079324801
seed for 3555:28ede700 : 2079189450
seed for 3555:28ebd700 : 2079054104
seed for 3555:28e9c700 : 2078918681
seed for 3555:28e7b700 : 2078783280
seed for 3555:28e5a700 : 2078648056
seed for 3555:28e39700 : 2078512582
seed for 3555:28e18700 : 2078377185
seed for 3555:28df7700 : 2078241776
seed for 3555:28dd6700 : 2078106494
seed for 3555:28db5700 : 2077971081
seed for 3555:28d94700 : 2077835737
seed for 3555:28d73700 : 2077700322
seed for 3555:28d52700 : 2077564936
seed for 3555:28d31700 : 2077437711
seed for 3555:28d10700 : 2077310542
seed for 3555:28cef700 : 2077150641
seed for 3555:28cce700 : 2077023455
100 / 750 threads started...
seed for 3555:28cad700 : 2076896235
seed for 3555:28c8c700 : 2076769029
seed for 3555:28c6b700 : 2076609043
seed for 3555:28c4a700 : 2076481826
seed for 3555:28c29700 : 2076354609
seed for 3555:28c08700 : 2076227396
seed for 3555:28be7700 : 2076067509
seed for 3555:28bc6700 : 2075940242
seed for 3555:28ba5700 : 2075813094
seed for 3555:28b84700 : 2075685872
seed for 3555:28b63700 : 2075526003
seed for 3555:28b42700 : 2075398793
seed for 3555:28b21700 : 2075271636
seed for 3555:28b00700 : 2075144563
seed for 3555:28adf700 : 2074984610
seed for 3555:28abe700 : 2074857449
seed for 3555:28a9d700 : 2074738557
seed for 3555:28a7c700 : 2074603073
seed for 3555:28a5b700 : 2074451422
seed for 3555:28a3a700 : 2074316041
seed for 3555:28a19700 : 2074197131
seed for 3555:289f8700 : 2074061787
seed for 3555:289d7700 : 2073910191
seed for 3555:289b6700 : 2073774794
seed for 3555:28995700 : 2073655748
seed for 3555:28974700 : 2073520398
seed for 3555:28953700 : 2073368738
seed for 3555:28932700 : 2073233305
seed for 3555:28911700 : 2073114311
seed for 3555:288f0700 : 2072978880
seed for 3555:288cf700 : 2072827162
seed for 3555:288ae700 : 2072691892
seed for 3555:2888d700 : 2072572855
seed for 3555:2886c700 : 2072437501
seed for 3555:2884b700 : 2072285663
seed for 3555:2882a700 : 2072150228
seed for 3555:28809700 : 2072031324
seed for 3555:287e8700 : 2071945041
seed for 3555:287c7700 : 2071834354
seed for 3555:287a6700 : 2071707062
seed for 3555:28785700 : 2071563594
seed for 3555:28764700 : 2071436352
seed for 3555:28743700 : 2071325470
seed for 3555:28722700 : 2071198229
seed for 3555:28701700 : 2071054598
seed for 3555:286e0700 : 2070927497
seed for 3555:286bf700 : 2070554724
seed for 3555:2869e700 : 2070423357
seed for 3555:2867d700 : 2070283988
seed for 3555:2865c700 : 2070156686
seed for 3555:2863b700 : 2070045861
seed for 3555:2861a700 : 2069918629
seed for 3555:285f9700 : 2069775152
seed for 3555:285d8700 : 2069648122
seed for 3555:285b7700 : 2069537215
seed for 3555:28596700 : 2069409969
seed for 3555:28575700 : 2069266522
seed for 3555:28554700 : 2069139328
seed for 3555:28533700 : 2069036733
seed for 3555:28512700 : 2068901382
seed for 3555:284f1700 : 2068765984
seed for 3555:284d0700 : 2068630723
seed for 3555:284af700 : 2068528089
seed for 3555:2848e700 : 2068392616
seed for 3555:2846d700 : 2068257171
seed for 3555:2844c700 : 2068121775
seed for 3555:2842b700 : 2068019279
seed for 3555:2840a700 : 2067883884
seed for 3555:283e9700 : 2067748477
seed for 3555:283c8700 : 2067612949
seed for 3555:283a7700 : 2067510284
seed for 3555:28386700 : 2067375095
seed for 3555:28365700 : 2067239640
seed for 3555:28344700 : 2067104187
seed for 3555:28323700 : 2067001680
seed for 3555:28302700 : 2066866185
seed for 3555:282e1700 : 2066739189
seed for 3555:282c0700 : 2066611881
seed for 3555:2829f700 : 2066222646
seed for 3555:2827e700 : 2066095582
seed for 3555:2825d700 : 2065968274
seed for 3555:2823c700 : 2065841210
seed for 3555:2821b700 : 2065713945
seed for 3555:281fa700 : 2065586887
seed for 3555:281d9700 : 2065459585
seed for 3555:281b8700 : 2065332546
seed for 3555:28197700 : 2065205484
seed for 3555:28176700 : 2065078233
seed for 3555:28155700 : 2064950995
seed for 3555:28134700 : 2064823704
seed for 3555:28113700 : 2064696466
seed for 3555:280f2700 : 2064569593
seed for 3555:280d1700 : 2064442361
seed for 3555:280b0700 : 2064315058
seed for 3555:2808f700 : 2064187978
seed for 3555:2806e700 : 2064060917
seed for 3555:2804d700 : 2063933607
seed for 3555:2802c700 : 2063806373
seed for 3555:abfff700 : 4177403528
seed for 3555:abfde700 : 4177268305
200 / 750 threads started...
seed for 3555:abfbd700 : 4177149197
seed for 3555:abf9c700 : 4177013812
seed for 3555:abf7b700 : 4176894747
seed for 3555:abf5a700 : 4176759352
seed for 3555:abf39700 : 4176640297
seed for 3555:abf18700 : 4176504907
seed for 3555:abef7700 : 4176385899
seed for 3555:abed6700 : 4176250763
seed for 3555:abeb5700 : 4176131765
seed for 3555:abe94700 : 4175996353
seed for 3555:abe73700 : 4175877121
seed for 3555:abe52700 : 4175741750
seed for 3555:abe31700 : 4175623065
seed for 3555:abe10700 : 4175487499
seed for 3555:abdef700 : 4175368509
seed for 3555:abdce700 : 4175233136
seed for 3555:abdad700 : 4175114385
seed for 3555:abd8c700 : 4174995377
seed for 3555:abd6b700 : 4174851770
seed for 3555:abd4a700 : 4174724748
seed for 3555:abd29700 : 4174581124
seed for 3555:abd08700 : 4174453961
seed for 3555:abce7700 : 4174375719
seed for 3555:abcc6700 : 4174248836
seed for 3555:abca5700 : 4174105217
seed for 3555:abc84700 : 4173978083
seed for 3555:abc63700 : 4173834243
seed for 3555:abc42700 : 4173707061
seed for 3555:abc21700 : 4173563506
seed for 3555:abc00700 : 4173436584
seed for 3555:abbdf700 : 4173096426
seed for 3555:abbbe700 : 4172969035
seed for 3555:abb9d700 : 4172825787
seed for 3555:abb7c700 : 4172698444
seed for 3555:abb5b700 : 4172554855
seed for 3555:abb3a700 : 4172427931
seed for 3555:abb19700 : 4172284169
seed for 3555:abaf8700 : 4172157358
seed for 3555:abad7700 : 4172079310
seed for 3555:abab6700 : 4171951955
seed for 3555:aba95700 : 4171816876
seed for 3555:aba74700 : 4171681410
seed for 3555:aba53700 : 4171546076
seed for 3555:aba32700 : 4171410435
seed for 3555:aba11700 : 4171275094
seed for 3555:ab9f0700 : 4171139658
seed for 3555:ab9cf700 : 4171070114
seed for 3555:ab9ae700 : 4170934582
seed for 3555:ab98d700 : 4170799136
seed for 3555:ab96c700 : 4170663771
seed for 3555:ab94b700 : 4170528663
seed for 3555:ab92a700 : 4170393309
seed for 3555:ab909700 : 4170257758
seed for 3555:ab8e8700 : 4170122329
seed for 3555:ab8c7700 : 4170052809
seed for 3555:ab8a6700 : 4169917381
seed for 3555:ab885700 : 4169781807
seed for 3555:ab864700 : 4169646462
seed for 3555:ab843700 : 4169510981
seed for 3555:ab822700 : 4169375913
seed for 3555:ab801700 : 4169248706
seed for 3555:ab7e0700 : 4169121335
seed for 3555:ab7bf700 : 4168764771
seed for 3555:ab79e700 : 4168637546
seed for 3555:ab77d700 : 4168510303
seed for 3555:ab75c700 : 4168383070
seed for 3555:ab73b700 : 4168223430
seed for 3555:ab71a700 : 4168096158
seed for 3555:ab6f9700 : 4167968854
seed for 3555:ab6d8700 : 4167841655
seed for 3555:ab6b7700 : 4167747090
seed for 3555:ab696700 : 4167619936
seed for 3555:ab675700 : 4167492648
seed for 3555:ab654700 : 4167365842
seed for 3555:ab633700 : 4167205823
seed for 3555:ab612700 : 4167078485
seed for 3555:ab5f1700 : 4166951256
seed for 3555:ab5d0700 : 4166824440
seed for 3555:ab5af700 : 4166729861
seed for 3555:ab58e700 : 4166602528
seed for 3555:ab56d700 : 4166483956
seed for 3555:ab54c700 : 4166348476
seed for 3555:ab52b700 : 4166196607
seed for 3555:ab50a700 : 4166061504
seed for 3555:ab4e9700 : 4165942400
seed for 3555:ab4c8700 : 4165807077
seed for 3555:ab4a7700 : 4165720685
seed for 3555:ab486700 : 4165585215
seed for 3555:ab465700 : 4165466518
seed for 3555:ab444700 : 4165331071
seed for 3555:ab423700 : 4165179584
seed for 3555:ab402700 : 4165044193
seed for 3555:ab3e1700 : 4164925098
seed for 3555:ab3c0700 : 4164789525
seed for 3555:ab39f700 : 4164441582
seed for 3555:ab37e700 : 4164306025
seed for 3555:ab35d700 : 4164186914
seed for 3555:ab33c700 : 4164051514
seed for 3555:ab31b700 : 4163900087
seed for 3555:ab2fa700 : 4163764653
300 / 750 threads started...
seed for 3555:ab2d9700 : 4163645560
seed for 3555:ab2b8700 : 4163559247
seed for 3555:ab297700 : 4163382815
seed for 3555:ab276700 : 4163255992
seed for 3555:ab255700 : 4163112362
seed for 3555:ab234700 : 4162984999
seed for 3555:ab213700 : 4162874582
seed for 3555:ab1f2700 : 4162747312
seed for 3555:ab1d1700 : 4162603676
seed for 3555:ab1b0700 : 4162476401
seed for 3555:ab18f700 : 4162431007
seed for 3555:ab16e700 : 4162304251
seed for 3555:ab14d700 : 4162160596
seed for 3555:ab12c700 : 4162033346
seed for 3555:ab10b700 : 4161922467
seed for 3555:ab0ea700 : 4161795210
seed for 3555:ab0c9700 : 4161651564
seed for 3555:ab0a8700 : 4161524342
seed for 3555:ab087700 : 4161348329
seed for 3555:ab066700 : 4161221029
seed for 3555:ab045700 : 4161077381
seed for 3555:ab024700 : 4160950048
seed for 3555:ab003700 : 4160847411
seed for 3555:aafe2700 : 4194266838
seed for 3555:aafc1700 : 4194131421
seed for 3555:aafa0700 : 4193995967
seed for 3555:aaf7f700 : 4193696640
seed for 3555:aaf5e700 : 4193561198
seed for 3555:aaf3d700 : 4193425780
seed for 3555:aaf1c700 : 4193290322
seed for 3555:aaefb700 : 4193187030
seed for 3555:aaeda700 : 4193051705
seed for 3555:aaeb9700 : 4192916768
seed for 3555:aae98700 : 4192781979
seed for 3555:aae77700 : 4192614342
seed for 3555:aae56700 : 4192477437
seed for 3555:aae35700 : 4192342106
seed for 3555:aae14700 : 4192207140
seed for 3555:aadf3700 : 4192105049
seed for 3555:aadd2700 : 4191970195
seed for 3555:aadb1700 : 4191841433
seed for 3555:aad90700 : 4191714767
seed for 3555:aad6f700 : 4191653148
seed for 3555:aad4e700 : 4191526496
seed for 3555:aad2d700 : 4191399828
seed for 3555:aad0c700 : 4191271090
seed for 3555:aaceb700 : 4191144372
seed for 3555:aacca700 : 4191017668
seed for 3555:aaca9700 : 4190890972
seed for 3555:aac88700 : 4190763848
seed for 3555:aac67700 : 4190569541
seed for 3555:aac46700 : 4190442882
seed for 3555:aac25700 : 4190316184
seed for 3555:aac04700 : 4190189474
seed for 3555:aabe3700 : 4190062345
seed for 3555:aabc2700 : 4189933707
seed for 3555:aaba1700 : 4189807062
seed for 3555:aab80700 : 4189680344
seed for 3555:aab5f700 : 4189356582
seed for 3555:aab3e700 : 4189229894
seed for 3555:aab1d700 : 4189109359
seed for 3555:aaafc700 : 4188974494
seed for 3555:aaadb700 : 4188856041
seed for 3555:aaaba700 : 4188720675
seed for 3555:aaa99700 : 4188602217
seed for 3555:aaa78700 : 4188465294
seed for 3555:aaa57700 : 4188280955
seed for 3555:aaa36700 : 4188146057
seed for 3555:aaa15700 : 4188027627
seed for 3555:aa9f4700 : 4187892733
seed for 3555:aa9d3700 : 4187772130
seed for 3555:aa9b2700 : 4187636772
seed for 3555:aa991700 : 4187518251
seed for 3555:aa970700 : 4187383299
seed for 3555:aa94f700 : 4187330476
seed for 3555:aa92e700 : 4187193567
seed for 3555:aa90d700 : 4187075044
seed for 3555:aa8ec700 : 4186939698
seed for 3555:aa8cb700 : 4186821154
seed for 3555:aa8aa700 : 4186686210
seed for 3555:aa889700 : 4186541305
seed for 3555:aa868700 : 4186414579
seed for 3555:aa847700 : 4186270988
seed for 3555:aa826700 : 4186144330
seed for 3555:aa805700 : 4186001240
seed for 3555:aa7e4700 : 4185872600
seed for 3555:aa7c3700 : 4185729201
seed for 3555:aa7a2700 : 4185602474
seed for 3555:aa781700 : 4185459336
seed for 3555:aa760700 : 4185332628
seed for 3555:aa73f700 : 4185056496
seed for 3555:aa71e700 : 4184929737
seed for 3555:aa6fd700 : 4184786310
seed for 3555:aa6dc700 : 4184659586
seed for 3555:aa6bb700 : 4184516578
seed for 3555:aa69a700 : 4184387823
seed for 3555:aa679700 : 4184244249
seed for 3555:aa658700 : 4184117722
seed for 3555:aa637700 : 4183974541
seed for 3555:aa616700 : 4183847857
400 / 750 threads started...
seed for 3555:aa5f5700 : 4183704430
seed for 3555:aa5d4700 : 4183575671
seed for 3555:aa5b3700 : 4183440736
seed for 3555:aa592700 : 4183305928
seed for 3555:aa571700 : 4183170954
seed for 3555:aa550700 : 4183034043
seed for 3555:aa52f700 : 4183029841
seed for 3555:aa50e700 : 4182894964
seed for 3555:aa4ed700 : 4182760035
seed for 3555:aa4cc700 : 4182625060
seed for 3555:aa4ab700 : 4182488120
seed for 3555:aa48a700 : 4182352970
seed for 3555:aa469700 : 4182218071
seed for 3555:aa448700 : 4182083095
seed for 3555:aa427700 : 4181948259
seed for 3555:aa406700 : 4181811389
seed for 3555:aa3e5700 : 4181676138
seed for 3555:aa3c4700 : 4181541160
seed for 3555:aa3a3700 : 4181406439
seed for 3555:aa382700 : 4181271465
seed for 3555:aa361700 : 4181136339
seed for 3555:aa340700 : 4181015773
seed for 3555:aa31f700 : 4180725137
seed for 3555:aa2fe700 : 4180598058
seed for 3555:aa2dd700 : 4180471507
seed for 3555:aa2bc700 : 4180344826
seed for 3555:aa29b700 : 4180184917
seed for 3555:aa27a700 : 4180056136
seed for 3555:aa259700 : 4179929386
seed for 3555:aa238700 : 4179802643
seed for 3555:aa217700 : 4179643273
seed for 3555:aa1f6700 : 4179516270
seed for 3555:aa1d5700 : 4179387483
seed for 3555:aa1b4700 : 4179260712
seed for 3555:aa193700 : 4179101325
seed for 3555:aa172700 : 4178974291
seed for 3555:aa151700 : 4178847495
seed for 3555:aa130700 : 4178718950
seed for 3555:aa10f700 : 4178690467
seed for 3555:aa0ee700 : 4178563451
seed for 3555:aa0cd700 : 4178436643
seed for 3555:aa0ac700 : 4178309744
seed for 3555:aa08b700 : 4178156693
seed for 3555:aa06a700 : 4178021783
seed for 3555:aa049700 : 4177902911
seed for 3555:aa028700 : 4177767968
seed for 3555:aa007700 : 4177616695
seed for 3555:a9fe6700 : 4211034139
seed for 3555:a9fc5700 : 4210915721
seed for 3555:a9fa4700 : 4210780461
seed for 3555:a9f83700 : 4210629208
seed for 3555:a9f62700 : 4210494225
seed for 3555:a9f41700 : 4210373660
seed for 3555:a9f20700 : 4210238969
seed for 3555:a9eff700 : 4209956490
seed for 3555:a9ede700 : 4209821616
seed for 3555:a9ebd700 : 4209701004
seed for 3555:a9e9c700 : 4209565796
seed for 3555:a9e7b700 : 4209414571
seed for 3555:a9e5a700 : 4209279524
seed for 3555:a9e39700 : 4209161052
seed for 3555:a9e18700 : 4209466469
seed for 3555:a9df7700 : 4208569533
seed for 3555:a9dd6700 : 4208704928
seed for 3555:a9db5700 : 4208823809
seed for 3555:a9d94700 : 4208959270
seed for 3555:a9d73700 : 4208060450
seed for 3555:a9d52700 : 4208195929
seed for 3555:a9d31700 : 4208314801
seed for 3555:a9d10700 : 4208450208
seed for 3555:a9cef700 : 4207422419
seed for 3555:a9cce700 : 4207555612
seed for 3555:a9cad700 : 4207674736
seed for 3555:a9c8c700 : 4207810028
seed for 3555:a9c6b700 : 4206913249
seed for 3555:a9c4a700 : 4207048331
seed for 3555:a9c29700 : 4207167383
seed for 3555:a9c08700 : 4207300862
seed for 3555:a9be7700 : 4206403868
seed for 3555:a9bc6700 : 4206539153
seed for 3555:a9ba5700 : 4206658058
seed for 3555:a9b84700 : 4206793581
seed for 3555:a9b63700 : 4205896598
seed for 3555:a9b42700 : 4206030002
seed for 3555:a9b21700 : 4206157300
seed for 3555:a9b00700 : 4206284346
seed for 3555:a9adf700 : 4205526856
seed for 3555:a9abe700 : 4205653906
seed for 3555:a9a9d700 : 4205779193
seed for 3555:a9a7c700 : 4204857691
seed for 3555:a9a5b700 : 4205017517
seed for 3555:a9a3a700 : 4205144773
seed for 3555:a9a19700 : 4205271831
seed for 3555:a99f8700 : 4204348418
seed for 3555:a99d7700 : 4204508494
seed for 3555:a99b6700 : 4204635429
seed for 3555:a9995700 : 4204762644
seed for 3555:a9974700 : 4203841265
seed for 3555:a9953700 : 4204001140
seed for 3555:a9932700 : 4204128177
500 / 750 threads started...
seed for 3555:a9911700 : 4204253387
seed for 3555:a98f0700 : 4203331879
seed for 3555:a98cf700 : 4203360771
seed for 3555:a98ae700 : 4203487985
seed for 3555:a988d700 : 4203615002
seed for 3555:a986c700 : 4202693510
seed for 3555:a984b700 : 4202843166
seed for 3555:a982a700 : 4202978671
seed for 3555:a9809700 : 4203114071
seed for 3555:a97e8700 : 4202200765
seed for 3555:a97c7700 : 4202336178
seed for 3555:a97a6700 : 4202469528
seed for 3555:a9785700 : 4202605046
seed for 3555:a9764700 : 4201691689
seed for 3555:a9743700 : 4201827182
seed for 3555:a9722700 : 4201962419
seed for 3555:a9701700 : 4202095772
seed for 3555:a96e0700 : 4201182718
seed for 3555:a96bf700 : 4201448991
seed for 3555:a969e700 : 4201584505
seed for 3555:a967d700 : 4200669264
seed for 3555:a965c700 : 4200804494
seed for 3555:a963b700 : 4200939932
seed for 3555:a961a700 : 4201075366
seed for 3555:a95f9700 : 4200162214
seed for 3555:a95d8700 : 4200295447
seed for 3555:a95b7700 : 4200439046
seed for 3555:a9596700 : 4200566307
seed for 3555:a9575700 : 4199661270
seed for 3555:a9554700 : 4199788471
seed for 3555:a9533700 : 4199929975
seed for 3555:a9512700 : 4200057101
seed for 3555:a94f1700 : 4199152059
seed for 3555:a94d0700 : 4199279066
seed for 3555:a94af700 : 4199291711
seed for 3555:a948e700 : 4199418848
seed for 3555:a946d700 : 4198511844
seed for 3555:a944c700 : 4198638996
seed for 3555:a942b700 : 4198782574
seed for 3555:a940a700 : 4198909647
seed for 3555:a93e9700 : 4198004617
seed for 3555:a93c8700 : 4198129757
seed for 3555:a93a7700 : 4198273279
seed for 3555:a9386700 : 4198400443
seed for 3555:a9365700 : 4197495410
seed for 3555:a9344700 : 4197622646
seed for 3555:a9323700 : 4197755965
seed for 3555:a9302700 : 4197891205
seed for 3555:a92e1700 : 4196961763
seed for 3555:a92c0700 : 4197097014
seed for 3555:a929f700 : 4197412561
seed for 3555:a927e700 : 4196499431
seed for 3555:a925d700 : 4196616327
seed for 3555:a923c700 : 4196751775
seed for 3555:a921b700 : 4196870808
seed for 3555:a91fa700 : 4195957685
seed for 3555:a91d9700 : 4196074581
seed for 3555:a91b8700 : 4196209974
seed for 3555:a9197700 : 4196394399
seed for 3555:a9176700 : 4195481192
seed for 3555:a9155700 : 4195600165
seed for 3555:a9134700 : 4195735442
seed for 3555:a9113700 : 4195852332
seed for 3555:a90f2700 : 4194939053
seed for 3555:a90d1700 : 4195058063
seed for 3555:a90b0700 : 4195193467
seed for 3555:a908f700 : 4195246905
seed for 3555:a906e700 : 4194331668
seed for 3555:a904d700 : 4194458834
seed for 3555:a902c700 : 4194586063
seed for 3555:a900b700 : 4194713176
seed for 3555:a8fea700 : 4227346236
seed for 3555:a8fc9700 : 4227471390
seed for 3555:a8fa8700 : 4227598620
seed for 3555:a8f87700 : 4227791297
seed for 3555:a8f66700 : 4226869932
seed for 3555:a8f45700 : 4226997006
seed for 3555:a8f24700 : 4227122188
seed for 3555:a8f03700 : 4227249414
seed for 3555:a8ee2700 : 4226327973
seed for 3555:a8ec1700 : 4226455231
seed for 3555:a8ea0700 : 4226582278
seed for 3555:a8e7f700 : 4225857504
seed for 3555:a8e5e700 : 4225982666
seed for 3555:a8e3d700 : 4226109732
seed for 3555:a8e1c700 : 4226236968
seed for 3555:a8dfb700 : 4225315563
seed for 3555:a8dda700 : 4225442429
seed for 3555:a8db9700 : 4225576292
seed for 3555:a8d98700 : 4225711286
seed for 3555:a8d77700 : 4224831410
seed for 3555:a8d56700 : 4224966347
seed for 3555:a8d35700 : 4225101338
seed for 3555:a8d14700 : 4225235353
seed for 3555:a8cf3700 : 4224288925
seed for 3555:a8cd2700 : 4224424868
seed for 3555:a8cb1700 : 4224559900
seed for 3555:a8c90700 : 4224694955
seed for 3555:a8c6f700 : 4223681960
seed for 3555:a8c4e700 : 4223816937
600 / 750 threads started...
seed for 3555:a8c2d700 : 4223951872
seed for 3555:a8c0c700 : 4224087953
seed for 3555:a8beb700 : 4223141599
seed for 3555:a8bca700 : 4223275515
seed for 3555:a8ba9700 : 4223410452
seed for 3555:a8b88700 : 4223545444
seed for 3555:a8b67700 : 4222665719
seed for 3555:a8b46700 : 4222800630
seed for 3555:a8b25700 : 4222935599
seed for 3555:a8b04700 : 4223069474
seed for 3555:a8ae3700 : 4222131279
seed for 3555:a8ac2700 : 4222259179
seed for 3555:a8aa1700 : 4222402335
seed for 3555:a8a80700 : 4222529064
seed for 3555:a8a5f700 : 4221786436
seed for 3555:a8a3e700 : 4221913182
seed for 3555:a8a1d700 : 4222057343
seed for 3555:a89fc700 : 4221135565
seed for 3555:a89db700 : 4221245967
seed for 3555:a89ba700 : 4221371648
seed for 3555:a8999700 : 4221514824
seed for 3555:a8978700 : 4220593180
seed for 3555:a8957700 : 4220770174
seed for 3555:a8936700 : 4220896937
seed for 3555:a8915700 : 4221039012
seed for 3555:a88f4700 : 4220117158
seed for 3555:a88d3700 : 4220228490
seed for 3555:a88b2700 : 4220355321
seed for 3555:a8891700 : 4220498479
seed for 3555:a8870700 : 4219559193
seed for 3555:a884f700 : 4219645044
seed for 3555:a882e700 : 4219781005
seed for 3555:a880d700 : 4219899591
seed for 3555:a87ec700 : 4218986001
seed for 3555:a87cb700 : 4219136278
seed for 3555:a87aa700 : 4219271256
seed for 3555:a8789700 : 4219390887
seed for 3555:a8768700 : 4218477212
seed for 3555:a8747700 : 4218561995
seed for 3555:a8726700 : 4218696997
seed for 3555:a8705700 : 4218815578
seed for 3555:a86e4700 : 4217903046
seed for 3555:a86c3700 : 4218054413
seed for 3555:a86a2700 : 4218189386
seed for 3555:a8681700 : 4218307007
seed for 3555:a8660700 : 4217393411
seed for 3555:a863f700 : 4217741319
seed for 3555:a861e700 : 4217877344
seed for 3555:a85fd700 : 4216947323
seed for 3555:a85dc700 : 4217081174
seed for 3555:a85bb700 : 4217240802
seed for 3555:a859a700 : 4217367645
seed for 3555:a8579700 : 4216446782
seed for 3555:a8558700 : 4216573635
seed for 3555:a8537700 : 4216666620
seed for 3555:a8516700 : 4216793235
seed for 3555:a84f5700 : 4215872386
seed for 3555:a84d4700 : 4215999140
seed for 3555:a84b3700 : 4216158822
seed for 3555:a8492700 : 4216284616
seed for 3555:a8471700 : 4215362799
seed for 3555:a8450700 : 4215490476
seed for 3555:a842f700 : 4215584529
seed for 3555:a840e700 : 4215711254
seed for 3555:a83ed700 : 4214788549
seed for 3555:a83cc700 : 4214915272
seed for 3555:a83ab700 : 4215075733
seed for 3555:a838a700 : 4215202626
seed for 3555:a8369700 : 4214280919
seed for 3555:a8348700 : 4214423024
seed for 3555:a8327700 : 4214492348
seed for 3555:a8306700 : 4214628256
seed for 3555:a82e5700 : 4213714619
seed for 3555:a82c4700 : 4213848502
seed for 3555:a82a3700 : 4213983575
seed for 3555:a8282700 : 4214118596
seed for 3555:a8261700 : 4213205960
seed for 3555:a8240700 : 4213340813
seed for 3555:a821f700 : 4213672549
seed for 3555:a81fe700 : 4212757862
seed for 3555:a81dd700 : 4212892721
seed for 3555:a81bc700 : 4213028810
seed for 3555:a819b700 : 4213163747
seed for 3555:a817a700 : 4212249046
seed for 3555:a8159700 : 4212384106
seed for 3555:a8138700 : 4212518967
seed for 3555:a8117700 : 4212589357
seed for 3555:a80f6700 : 4211675827
seed for 3555:a80d5700 : 4211817915
seed for 3555:a80b4700 : 4211944830
seed for 3555:a8093700 : 4212087891
seed for 3555:a8072700 : 4211166988
seed for 3555:a8051700 : 4211310275
seed for 3555:a8030700 : 4211435982
seed for 3555:a800f700 : 4211513489
seed for 3555:a7fee700 : 4109928687
seed for 3555:a7fcd700 : 4110072726
seed for 3555:a7fac700 : 4110199451
seed for 3555:a7f8b700 : 4110342907
seed for 3555:a7f6a700 : 4109419919
700 / 750 threads started...
seed for 3555:a7f49700 : 4109563159
seed for 3555:a7f28700 : 4109689907
seed for 3555:a7f07700 : 4109768666
seed for 3555:a7ee6700 : 4108846803
seed for 3555:a7ec5700 : 4108988836
seed for 3555:a7ea4700 : 4109115582
seed for 3555:a7e83700 : 4109258853
seed for 3555:a7e62700 : 4108337972
seed for 3555:a7e41700 : 4108481031
seed for 3555:a7e20700 : 4108590360
seed for 3555:a7dff700 : 4107922644
seed for 3555:a7dde700 : 4108058507
seed for 3555:a7dbd700 : 4108177042
seed for 3555:a7d9c700 : 4108312175
seed for 3555:a7d7b700 : 4107381211
seed for 3555:a7d5a700 : 4107515964
seed for 3555:a7d39700 : 4107635467
seed for 3555:a7d18700 : 4107770440
seed for 3555:a7cf7700 : 4106840780
seed for 3555:a7cd6700 : 4106974514
seed for 3555:a7cb5700 : 4107093385
seed for 3555:a7c94700 : 4107228288
seed for 3555:a7c73700 : 4106299279
seed for 3555:a7c52700 : 4106434227
seed for 3555:a7c31700 : 4106551761
seed for 3555:a7c10700 : 4106686671
seed for 3555:a7bef700 : 4105757449
seed for 3555:a7bce700 : 4105892379
seed for 3555:a7bad700 : 4106018127
seed for 3555:a7b8c700 : 4106144869
seed for 3555:a7b6b700 : 4105224051
seed for 3555:a7b4a700 : 4105351116
seed for 3555:a7b29700 : 4105477748
seed for 3555:a7b08700 : 4105603433
seed for 3555:a7ae7700 : 4104681898
seed for 3555:a7ac6700 : 4104808515
seed for 3555:a7aa5700 : 4104936298
seed for 3555:a7a84700 : 4105063330
seed for 3555:a7a63700 : 4104141557
seed for 3555:a7a42700 : 4104268431
seed for 3555:a7a21700 : 4104394015
seed for 3555:a7a00700 : 4104520742
seed for 3555:a79df700 : 4103862043
seed for 3555:a79be700 : 4103988859
seed for 3555:a799d700 : 4104115903
seed for 3555:a797c700 : 4103193045
seed for 3555:a795b700 : 4103319602
seed for 3555:a793a700 : 4103447421
seed for 3555:a7919700 : 4103574509
seed for 3555:a78f8700 : 4102652494
seed for 3555:a78d7700 : 4102779638
