Started on:   Mi 26. Feb 02:32:12 CET 2014
Expected end: Mi 26. Feb 02:33:12 CET 2014
Restoring backed up mysql data
STOPPING DATABASE: /home/htmsql/develop/mysql/mysql-5.6.10-alpha/install/bin/mysqladmin --no-defaults -u root shutdown
Data restored
STARTING DATABASE: /home/htmsql/develop/mysql/mysql-5.6.10-alpha/install/bin/mysqld --no-defaults 		--max_connections=1000 		--performance_schema=OFF 		--table_open_cache_instances=32 		--query_cache_type=0 		--query_cache_size=0 		--innodb_buffer_pool_size=21474836480 		--innodb_log_file_size=268435456 		--innodb_log_buffer_size=16777216 		--innodb_flush_method=fsync 		--innodb_flush_log_at_trx_commit=2
2014-02-26 02:32:43 0 [Warning] TIMESTAMP with implicit DEFAULT value is deprecated. Please use --explicit_defaults_for_timestamp server option (see documentation for more details).
2014-02-26 02:32:43 0 [Warning] Changed limits: max_open_files: 4096  max_connections: 1000  table_cache: 1543
2014-02-26 02:32:43 10801 [Note] Plugin 'FEDERATED' is disabled.
2014-02-26 02:32:43 10801 [Note] InnoDB: The InnoDB memory heap is disabled
2014-02-26 02:32:43 10801 [Note] InnoDB: Mutexes and rw_locks use GCC atomic builtins
2014-02-26 02:32:43 10801 [Note] InnoDB: Compressed tables use zlib 1.2.3
2014-02-26 02:32:43 10801 [Note] InnoDB: CPU does not support crc32 instructions
2014-02-26 02:32:43 10801 [Note] InnoDB: Initializing buffer pool, size = 20.0G
2014-02-26 02:32:44 10801 [Note] InnoDB: Completed initialization of buffer pool
2014-02-26 02:32:44 10801 [Note] InnoDB: Highest supported file format is Barracuda.
2014-02-26 02:32:45 10801 [Note] InnoDB: 128 rollback segment(s) are active.
2014-02-26 02:32:45 10801 [Note] InnoDB: Waiting for purge to start
2014-02-26 02:32:45 10801 [Note] InnoDB: 1.2.10 started; log sequence number 17719764156
2014-02-26 02:32:45 10801 [Note] Server hostname (bind-address): '*'; port: 3306
2014-02-26 02:32:45 10801 [Note] IPv6 is available.
2014-02-26 02:32:45 10801 [Note]   - '::' resolves to '::';
2014-02-26 02:32:45 10801 [Note] Server socket created on IP: '::'.
2014-02-26 02:32:45 10801 [Note] Event Scheduler: Loaded 0 events
2014-02-26 02:32:45 10801 [Note] /home/htmsql/develop/mysql/mysql-5.6.10-alpha/install/bin/mysqld: ready for connections.
Version: '5.6.10'  socket: '/tmp/mysql.sock'  port: 3306  Source distribution
output: /home/htmsql/develop/mysql/report-alpha/170-20140226_0232-c_500-w_75
RUNNING TEST: ./dbt2-run-workload 		-a mysql 		-c 500 		-d 60 		-w 75 		-o /home/htmsql/develop/mysql/report-alpha/170-20140226_0232-c_500-w_75
Sleeping for 30 sec before profiling
MySQL pid file '/home/htmsql/develop/mysql/mysql-5.6.10-alpha/deskkemper05.pid' does not exist.
MySQL was not stopped, if it was running.
DBT-2 test for mysql started...

DATABASE SYSTEM: localhost
DATABASE NAME: dbt2
DATABASE SOCKET: /tmp/mysql.sock
DATABASE PORT: 3306
DATABASE CONNECTIONS: 500
TERMINAL THREADS: 750
TERMINALS PER WAREHOUSE: 10
WAREHOUSES PER THREAD/CLIENT PAIR: 75
SCALE FACTOR (WAREHOUSES): 75
DURATION OF TEST (in sec): 60
1 client stared every 1000 millisecond(s)

waiting for server
Stage 1. Starting up client...
./dbt2-client -t /tmp/mysql.sock -l 3306 -d dbt2 -u root -h localhost -f -c 500 -s 1000 -p 30000 -o /home/htmsql/develop/mysql/report-alpha/170-20140226_0232-c_500-w_75/client/deskkemper05.1
Sleeping 76 seconds
PROFILING PERF STAT: perf stat 		-T -p 10801 		&>/home/htmsql/develop/mysql/report-alpha/170-20140226_0232-c_500-w_75/perf.stat
PROFILING PERF RECORD: perf record -p 10801 -o /home/htmsql/develop/mysql/report-alpha/170-20140226_0232-c_500-w_75/perf.data
collecting database statistics...
./dbt2-run-workload: line 650: ./vacuumdb: No such file or directory

Stage 2. Starting up driver...
1000 threads started per millisecond
estimated rampup time: Sleeping 760 seconds
estimated rampup time has elapsed
estimated steady state time: Sleeping 60 seconds

Stage 3. Processing of results...
Killing client...
./dbt2-run-workload: line 680: 11081 Terminated              ./dbt2-driver ${DRIVER_COMMAND_ARGS} > ${DRIVER_OUTPUT_DIR}/`hostname`/driver-${SEG}.out 2>&1
./dbt2-run-workload: line 605: 10870 Terminated              ./dbt2-client ${CLIENT_COMMAND_ARGS} -p ${PORT} -o ${CDIR} > ${CLIENT_OUTPUT_DIR}/`hostname`/client-${SEG}.out 2>&1
MySQL pid file '/home/htmsql/develop/mysql/mysql-5.6.10-alpha/deskkemper05.pid' does not exist.
MySQL was not stopped, if it was running.
Test completed.
Results are in: /home/htmsql/develop/mysql/report-alpha/170-20140226_0232-c_500-w_75

                         Response Time (s)
 Transaction      %    Average :    90th %        Total        Rollbacks      %     Ser. Retries      %
------------  -----  ---------------------  -----------  ---------------  -----  ---------------  -----
    Delivery   3.95      0.058 :     0.070          135                0   0.00                0   0.00
   New Order  10.73      0.007 :     0.010          367                1   0.27                0   0.00
Order Status  34.93      0.002 :     0.003         1195                0   0.00                0   0.00
     Payment   8.16      0.002 :     0.003          279                0   0.00                0   0.00
 Stock Level  38.29      0.002 :     0.003         1310                0   0.00                0   0.00
Credit Check   3.95      0.000 :     0.001          135                0   0.00                0   0.00
------------  -----  ---------------------  -----------  ---------------  -----

314.57 new-order transactions per minute (NOTPM)
2932.29 total transactions per minute (TTPM)
1.2 minute duration
0 total unknown errors
12.5 second(s) ramping up
------------  -----  ---------------------  -----------  ---------------  -----  ---------------  -----
Stopping profiling
_PROFILE_PERF_STAT_PID: 
_PROFILE_PERF_RECORD_PID: 
Profiling stopped
ANALYZING RESULTS: python ../../dbttools/bin/dbt2-generate-report 	--dbms mysql 	--i /home/htmsql/develop/mysql/report-alpha/170-20140226_0232-c_500-w_75
Output flag not set - setting output=input
Generating mpstat, iostat, and vmstat charts for driver systems...
Moving on to database system stats...
Generating transaction distribution charts...
Generating mpstat charts...
Generating iostat charts...
Generating vmstat charts...
Generating transaction rate charts...
Generating database statistics charts...
[ perf record: Woken up 11 times to write data ]
[ perf record: Captured and wrote 4.137 MB /home/htmsql/develop/mysql/report-alpha/170-20140226_0232-c_500-w_75/perf.data (~180728 samples) ]
