Started on:   Do 27. Feb 01:30:40 CET 2014
Expected end: Do 27. Feb 01:31:40 CET 2014
STARTING DATABASE: /home/htmsql/develop/mysql/mysql-5.6.10-sssi/install/bin/mysqld --no-defaults 		--max_connections=1000 		--performance_schema=OFF 		--table_open_cache_instances=32 		--query_cache_type=0 		--query_cache_size=0 		--innodb_buffer_pool_size=21474836480 		--innodb_log_file_size=268435456 		--innodb_log_buffer_size=16777216 		--innodb_flush_method=fsync 		--innodb_flush_log_at_trx_commit=2
2014-02-27 01:30:40 0 [Warning] TIMESTAMP with implicit DEFAULT value is deprecated. Please use --explicit_defaults_for_timestamp server option (see documentation for more details).
2014-02-27 01:30:40 0 [Warning] Changed limits: max_open_files: 4096  max_connections: 1000  table_cache: 1543
2014-02-27 01:30:40 23176 [Note] Plugin 'FEDERATED' is disabled.
/home/htmsql/develop/mysql/mysql-5.6.10-sssi/install/bin/mysqld: Table 'mysql.plugin' doesn't exist
2014-02-27 01:30:40 23176 [ERROR] Can't open the mysql.plugin table. Please run mysql_upgrade to create it.
2014-02-27 01:30:40 23176 [Note] InnoDB: The InnoDB memory heap is disabled
2014-02-27 01:30:40 23176 [Note] InnoDB: Mutexes and rw_locks use GCC atomic builtins
2014-02-27 01:30:40 23176 [Note] InnoDB: Compressed tables use zlib 1.2.3
2014-02-27 01:30:40 23176 [Note] InnoDB: CPU does not support crc32 instructions
2014-02-27 01:30:40 23176 [Note] InnoDB: Initializing buffer pool, size = 20.0G
2014-02-27 01:30:41 23176 [Note] InnoDB: Completed initialization of buffer pool
2014-02-27 01:30:42 23176 [Note] InnoDB: The first specified data file ./ibdata1 did not exist: a new database to be created!
2014-02-27 01:30:42 23176 [Note] InnoDB: Setting file ./ibdata1 size to 12 MB
2014-02-27 01:30:42 23176 [Note] InnoDB: Database physically writes the file full: wait...
2014-02-27 01:30:42 23176 [Note] InnoDB: Setting log file ./ib_logfile101 size to 256 MB
InnoDB: Progress in MB: 100 200
2014-02-27 01:30:43 23176 [Note] InnoDB: Setting log file ./ib_logfile1 size to 256 MB
InnoDB: Progress in MB: 100 200
00:30:45 UTC - mysqld got signal 11 ;
This could be because you hit a bug. It is also possible that this binary
or one of the libraries it was linked against is corrupt, improperly built,
or misconfigured. This error can also be caused by malfunctioning hardware.
We will try our best to scrape up some info that will hopefully help
diagnose the problem, but since we have already crashed, 
something is definitely wrong and this may fail.

key_buffer_size=8388608
read_buffer_size=131072
max_used_connections=0
max_threads=1000
thread_count=0
connection_count=0
It is possible that mysqld could use up to 
key_buffer_size + (read_buffer_size + sort_buffer_size)*max_threads = 405684 K  bytes of memory
Hope that's ok; if not, decrease some variables in the equation.

Thread pointer: 0x0
Attempting backtrace. You can use the following information to find out
where mysqld died. If you see no messages after this, something went
terribly wrong...
stack_bottom = 0 thread_stack 0x40000
/home/htmsql/develop/mysql/mysql-5.6.10-sssi/install/bin/mysqld(my_print_stacktrace+0x2c)[0x8ef97c]
/home/htmsql/develop/mysql/mysql-5.6.10-sssi/install/bin/mysqld(handle_fatal_signal+0x364)[0x66ce14]
/lib/x86_64-linux-gnu/libpthread.so.0(+0xfbb0)[0x7fec5bbd3bb0]
/lib/x86_64-linux-gnu/libc.so.6(+0x8cb23)[0x7fec5b06ab23]
/home/htmsql/develop/mysql/mysql-5.6.10-sssi/install/bin/mysqld[0xac244a]
/home/htmsql/develop/mysql/mysql-5.6.10-sssi/install/bin/mysqld[0xa84e80]
/home/htmsql/develop/mysql/mysql-5.6.10-sssi/install/bin/mysqld[0xa7e8e0]
/home/htmsql/develop/mysql/mysql-5.6.10-sssi/install/bin/mysqld[0xa7f611]
/home/htmsql/develop/mysql/mysql-5.6.10-sssi/install/bin/mysqld[0xa0d8a7]
/home/htmsql/develop/mysql/mysql-5.6.10-sssi/install/bin/mysqld[0x9561d4]
/home/htmsql/develop/mysql/mysql-5.6.10-sssi/install/bin/mysqld(_Z24ha_initialize_handlertonP13st_plugin_int+0x48)[0x5a6d38]
/home/htmsql/develop/mysql/mysql-5.6.10-sssi/install/bin/mysqld[0x6f8776]
/home/htmsql/develop/mysql/mysql-5.6.10-sssi/install/bin/mysqld(_Z11plugin_initPiPPci+0x860)[0x6fdf20]
/home/htmsql/develop/mysql/mysql-5.6.10-sssi/install/bin/mysqld(_Z11mysqld_mainiPPc+0x87e)[0x5a004e]
/lib/x86_64-linux-gnu/libc.so.6(__libc_start_main+0xf5)[0x7fec5afffde5]
/home/htmsql/develop/mysql/mysql-5.6.10-sssi/install/bin/mysqld[0x5946fa]
The manual page at http://dev.mysql.com/doc/mysql/en/crashing.html contains
information that should help you find out what is causing the crash.
LOADING TABLES: ./dbt2-mysql-build-db 			-d dbt2 			-w 75 			-s /tmp/mysql.sock 			-f /tmp/dbt2_data
Run was interrupted by Control-C.
./dbt2-run-workload: no process found
perf: no process found
Profiling stopped
LOADING STORED PROCEDURES: ./dbt2-mysql-load-stored-procs 			-d dbt2 			-s /tmp/mysql.sock 			-f ../storedproc/mysql

Loading of DBT2 SPs located in ../storedproc/mysql to database dbt2.

Load SP: delivery
ERROR 2002 (HY000): Can't connect to local MySQL server through socket '/tmp/mysql.sock' (2)
ERROR: rc=1
SCRIPT INTERRUPTED
STOPPING DATABASE: /home/htmsql/develop/mysql/mysql-5.6.10-sssi/install/bin/mysqladmin --no-defaults -u root shutdown
/home/htmsql/develop/mysql/mysql-5.6.10-sssi/install/bin/mysqladmin: connect to server at 'localhost' failed
error: 'Can't connect to local MySQL server through socket '/tmp/mysql.sock' (2)'
Check that mysqld is running and that the socket: '/tmp/mysql.sock' exists!
Backing up data to /home/htmsql/develop/mysql/mysql-5.6.10-sssi/install/data.backup
Terminated
Run was interrupted. Got TERM signal.
./dbt2-run-workload: no process found
perf: no process found
Profiling stopped
Backup written
STARTING DATABASE: /home/htmsql/develop/mysql/mysql-5.6.10-sssi/install/bin/mysqld --no-defaults 		--max_connections=1000 		--performance_schema=OFF 		--table_open_cache_instances=32 		--query_cache_type=0 		--query_cache_size=0 		--innodb_buffer_pool_size=21474836480 		--innodb_log_file_size=268435456 		--innodb_log_buffer_size=16777216 		--innodb_flush_method=fsync 		--innodb_flush_log_at_trx_commit=2
2014-02-27 01:31:06 0 [Warning] TIMESTAMP with implicit DEFAULT value is deprecated. Please use --explicit_defaults_for_timestamp server option (see documentation for more details).
2014-02-27 01:31:06 0 [Warning] Changed limits: max_open_files: 4096  max_connections: 1000  table_cache: 1543
2014-02-27 01:31:06 23224 [Note] Plugin 'FEDERATED' is disabled.
/home/htmsql/develop/mysql/mysql-5.6.10-sssi/install/bin/mysqld: Table 'mysql.plugin' doesn't exist
2014-02-27 01:31:06 23224 [ERROR] Can't open the mysql.plugin table. Please run mysql_upgrade to create it.
2014-02-27 01:31:06 23224 [Note] InnoDB: The InnoDB memory heap is disabled
2014-02-27 01:31:06 23224 [Note] InnoDB: Mutexes and rw_locks use GCC atomic builtins
2014-02-27 01:31:06 23224 [Note] InnoDB: Compressed tables use zlib 1.2.3
2014-02-27 01:31:06 23224 [Note] InnoDB: CPU does not support crc32 instructions
2014-02-27 01:31:06 23224 [Note] InnoDB: Initializing buffer pool, size = 20.0G
2014-02-27 01:31:07 23224 [Note] InnoDB: Completed initialization of buffer pool
2014-02-27 01:31:08 23224 [ERROR] InnoDB: Cannot create log files because data files are corrupt or the database was not shut down cleanly after creating the data files.
2014-02-27 01:31:08 23224 [ERROR] Plugin 'InnoDB' init function returned error.
2014-02-27 01:31:08 23224 [ERROR] Plugin 'InnoDB' registration as a STORAGE ENGINE failed.
2014-02-27 01:31:08 23224 [ERROR] Unknown/unsupported storage engine: InnoDB
2014-02-27 01:31:08 23224 [ERROR] Aborting

2014-02-27 01:31:08 23224 [Note] Binlog end
2014-02-27 01:31:08 23224 [Note] Shutting down plugin 'partition'
2014-02-27 01:31:08 23224 [Note] Shutting down plugin 'PERFORMANCE_SCHEMA'
2014-02-27 01:31:08 23224 [Note] Shutting down plugin 'ARCHIVE'
2014-02-27 01:31:08 23224 [Note] Shutting down plugin 'BLACKHOLE'
2014-02-27 01:31:08 23224 [Note] Shutting down plugin 'INNODB_SYS_DATAFILES'
2014-02-27 01:31:08 23224 [Note] Shutting down plugin 'INNODB_SYS_TABLESPACES'
2014-02-27 01:31:08 23224 [Note] Shutting down plugin 'INNODB_SYS_FOREIGN_COLS'
2014-02-27 01:31:08 23224 [Note] Shutting down plugin 'INNODB_SYS_FOREIGN'
2014-02-27 01:31:08 23224 [Note] Shutting down plugin 'INNODB_SYS_FIELDS'
2014-02-27 01:31:08 23224 [Note] Shutting down plugin 'INNODB_SYS_COLUMNS'
2014-02-27 01:31:08 23224 [Note] Shutting down plugin 'INNODB_SYS_INDEXES'
2014-02-27 01:31:08 23224 [Note] Shutting down plugin 'INNODB_SYS_TABLESTATS'
2014-02-27 01:31:08 23224 [Note] Shutting down plugin 'INNODB_SYS_TABLES'
2014-02-27 01:31:08 23224 [Note] Shutting down plugin 'INNODB_FT_INDEX_TABLE'
2014-02-27 01:31:08 23224 [Note] Shutting down plugin 'INNODB_FT_INDEX_CACHE'
2014-02-27 01:31:08 23224 [Note] Shutting down plugin 'INNODB_FT_CONFIG'
2014-02-27 01:31:08 23224 [Note] Shutting down plugin 'INNODB_FT_BEING_DELETED'
2014-02-27 01:31:08 23224 [Note] Shutting down plugin 'INNODB_FT_DELETED'
2014-02-27 01:31:08 23224 [Note] Shutting down plugin 'INNODB_FT_INSERTED'
2014-02-27 01:31:08 23224 [Note] Shutting down plugin 'INNODB_FT_DEFAULT_STOPWORD'
2014-02-27 01:31:08 23224 [Note] Shutting down plugin 'INNODB_METRICS'
2014-02-27 01:31:08 23224 [Note] Shutting down plugin 'INNODB_BUFFER_POOL_STATS'
2014-02-27 01:31:08 23224 [Note] Shutting down plugin 'INNODB_BUFFER_PAGE_LRU'
2014-02-27 01:31:08 23224 [Note] Shutting down plugin 'INNODB_BUFFER_PAGE'
2014-02-27 01:31:08 23224 [Note] Shutting down plugin 'INNODB_CMP_PER_INDEX_RESET'
2014-02-27 01:31:08 23224 [Note] Shutting down plugin 'INNODB_CMP_PER_INDEX'
2014-02-27 01:31:08 23224 [Note] Shutting down plugin 'INNODB_CMPMEM_RESET'
2014-02-27 01:31:08 23224 [Note] Shutting down plugin 'INNODB_CMPMEM'
2014-02-27 01:31:08 23224 [Note] Shutting down plugin 'INNODB_CMP_RESET'
2014-02-27 01:31:08 23224 [Note] Shutting down plugin 'INNODB_CMP'
2014-02-27 01:31:08 23224 [Note] Shutting down plugin 'INNODB_LOCK_WAITS'
2014-02-27 01:31:08 23224 [Note] Shutting down plugin 'INNODB_LOCKS'
2014-02-27 01:31:08 23224 [Note] Shutting down plugin 'INNODB_TRX'
2014-02-27 01:31:08 23224 [Note] Shutting down plugin 'MRG_MYISAM'
2014-02-27 01:31:08 23224 [Note] Shutting down plugin 'CSV'
2014-02-27 01:31:08 23224 [Note] Shutting down plugin 'MyISAM'
2014-02-27 01:31:08 23224 [Note] Shutting down plugin 'MEMORY'
2014-02-27 01:31:08 23224 [Note] Shutting down plugin 'sha256_password'
2014-02-27 01:31:08 23224 [Note] Shutting down plugin 'mysql_old_password'
2014-02-27 01:31:08 23224 [Note] Shutting down plugin 'mysql_native_password'
2014-02-27 01:31:08 23224 [Note] Shutting down plugin 'binlog'
2014-02-27 01:31:08 23224 [Note] /home/htmsql/develop/mysql/mysql-5.6.10-sssi/install/bin/mysqld: Shutdown complete

output: /home/htmsql/develop/mysql/report-ssi/194-20140227_0130-c_4-w_4
RUNNING TEST: ./dbt2-run-workload 		-a mysql 		-c 4 		-d 60 		-w 4 		-o /home/htmsql/develop/mysql/report-ssi/194-20140227_0130-c_4-w_4
Sleeping for 30 sec before profiling
MySQL pid file '/home/htmsql/develop/mysql/mysql-5.6.10-sssi/deskkemper05.pid' does not exist.
MySQL was not stopped, if it was running.
Run was interrupted. Got TERM signal.
Profiling stopped
Profiling stopped
ANALYZING RESULTS: Generating report: python ../../dbttools/bin/dbt2-generate-report 		--dbms mysql 		--i /home/htmsql/develop/mysql/report-ssi/194-20140227_0130-c_4-w_4
cannot open file: /home/htmsql/develop/mysql/report-ssi/194-20140227_0130-c_4-w_4/mix.log
cannot open file: /home/htmsql/develop/mysql/report-ssi/194-20140227_0130-c_4-w_4/mix.log
cannot open file: /home/htmsql/develop/mysql/report-ssi/194-20140227_0130-c_4-w_4/mix.log
cannot open file: /home/htmsql/develop/mysql/report-ssi/194-20140227_0130-c_4-w_4/mix.log
cannot open file: /home/htmsql/develop/mysql/report-ssi/194-20140227_0130-c_4-w_4/mix.log
cannot open file: /home/htmsql/develop/mysql/report-ssi/194-20140227_0130-c_4-w_4/mix.log
Output flag not set - setting output=input
Generating mpstat, iostat, and vmstat charts for driver systems...
Moving on to database system stats...
Generating transaction distribution charts...
Generating mpstat charts...
Generating iostat charts...
Generating vmstat charts...
Generating transaction rate charts...
Generating database statistics charts...
STOPPING DATABASE: /home/htmsql/develop/mysql/mysql-5.6.10-sssi/install/bin/mysqladmin --no-defaults -u root shutdown
DBT-2 test for mysql started...

DATABASE SYSTEM: localhost
DATABASE NAME: dbt2
DATABASE SOCKET: /tmp/mysql.sock
DATABASE PORT: 3306
DATABASE CONNECTIONS: 4
TERMINAL THREADS: 40
TERMINALS PER WAREHOUSE: 10
WAREHOUSES PER THREAD/CLIENT PAIR: 4
SCALE FACTOR (WAREHOUSES): 4
DURATION OF TEST (in sec): 60
1 client stared every 1000 millisecond(s)

waiting for server
Stage 1. Starting up client...
./dbt2-client -t /tmp/mysql.sock -l 3306 -d dbt2 -u root -h localhost -f -c 4 -s 1000 -p 30000 -o /home/htmsql/develop/mysql/report-ssi/194-20140227_0130-c_4-w_4/client/deskkemper05.1
Sleeping 5 seconds
collecting database statistics...

Stage 2. Starting up driver...
1000 threads started per millisecond
estimated rampup time: Sleeping 50 seconds
