
database table cardinalities:
warehouses = 5
districts = 10
customers = 3000
items = 100000
orders = 3000
stock = 100000
new-orders = 900

transaction mix:
new-order mix 0.45
payment mix 0.43
order-status mix 0.04
delivery mix 0.04
stock-level mix 0.04

transaction thresholds:
new-order threshold 0.45
payment threshold 0.88
order-status threshold 0.92
delivery threshold 0.96
stock-level threshold 1.00

delivery keying time 2 s
new_order keying time 18 s
order-status keying time 2 s
payment keying time 3 s
stock-level keying time 2 s

delivery thinking time 5000 ms
new_order thinking time 12000 ms
order-status thinking time 10000 ms
payment thinking time 12000 ms
stock-level thinking time 5000 ms

w_id range 1 to 5

10 terminals per warehouse

600 second steady state duration

driver is starting to ramp up at time 1392361627
driver will ramp up in  12 seconds
will stop test at time 1392362259
seed: 3715596804
seed: 3715850672
seed: 3715489135
seed: 3717125669
seed: 3716355187
seed: 3716190557
seed: 3717098003
seed: 3716860298
seed: 3716965701
seed: 3716529878
seed: 3716365231
seed: 3717478886
seed: 3718165183
seed: 3717820026
seed: 3695840370
seed: 3695831511
seed: 3695641933
seed: 3696484389
seed: 3696582068
seed: 3697105272
seed: 3697005264
seed: 3697217639
seed: 3696356659
seed: 3696363250
seed: 3697271927
seed: 3697557973
seed: 3697982107
seed: 3697719511
seed: 3697292777
seed: 3697406307
seed: 3697756817
seed: 3698059372
seed: 3697607988
seed: 3699285655
seed: 3698547742
seed: 3698547107
seed: 3698447013
seed: 3698921519
seed: 3699109361
seed: 3698723140
seed: 3700204080
seed: 3699654751
seed: 3700342212
seed: 3700029152
seed: 3699913848
seed: 3700420220
seed: 3699723584
seed: 3700287710
seed: 3700884903
seed: 3701121406
