Wed Feb 26 01:20:03 2014
tid:1609029376 /home/htmsql/develop/mysql/dbt2++/dbt2/src/db.c:186
Cannot execute_credit_check since the code does not exist
Wed Feb 26 01:20:07 2014
tid:1609295616 /home/htmsql/develop/mysql/dbt2++/dbt2/src/db.c:186
Cannot execute_credit_check since the code does not exist
Wed Feb 26 01:20:11 2014
tid:1609828096 /home/htmsql/develop/mysql/dbt2++/dbt2/src/db.c:186
Cannot execute_credit_check since the code does not exist
Wed Feb 26 01:20:31 2014
tid:1609828096 /home/htmsql/develop/mysql/dbt2++/dbt2/src/db.c:186
Cannot execute_credit_check since the code does not exist
Wed Feb 26 01:20:39 2014
tid:1609828096 /home/htmsql/develop/mysql/dbt2++/dbt2/src/db.c:186
Cannot execute_credit_check since the code does not exist
Wed Feb 26 01:20:51 2014
tid:1609828096 /home/htmsql/develop/mysql/dbt2++/dbt2/src/db.c:186
Cannot execute_credit_check since the code does not exist
Wed Feb 26 01:20:58 2014
tid:1609828096 /home/htmsql/develop/mysql/dbt2++/dbt2/src/db.c:186
Cannot execute_credit_check since the code does not exist
Wed Feb 26 01:21:01 2014
tid:1609295616 /home/htmsql/develop/mysql/dbt2++/dbt2/src/db.c:186
Cannot execute_credit_check since the code does not exist
Wed Feb 26 01:21:04 2014
tid:1609029376 /home/htmsql/develop/mysql/dbt2++/dbt2/src/db.c:186
Cannot execute_credit_check since the code does not exist
Wed Feb 26 01:21:07 2014
tid:1609561856 /home/htmsql/develop/mysql/dbt2++/dbt2/src/db.c:186
Cannot execute_credit_check since the code does not exist
Wed Feb 26 01:21:10 2014
tid:1609561856 /home/htmsql/develop/mysql/dbt2++/dbt2/src/db.c:186
Cannot execute_credit_check since the code does not exist
Wed Feb 26 01:21:18 2014
tid:1609561856 /home/htmsql/develop/mysql/dbt2++/dbt2/src/db.c:186
Cannot execute_credit_check since the code does not exist
Wed Feb 26 01:21:29 2014
tid:1609828096 /home/htmsql/develop/mysql/dbt2++/dbt2/src/db.c:186
Cannot execute_credit_check since the code does not exist
Wed Feb 26 01:21:29 2014
tid:1609561856 /home/htmsql/develop/mysql/dbt2++/dbt2/src/db.c:186
Cannot execute_credit_check since the code does not exist
Wed Feb 26 01:21:43 2014
tid:1609029376 /home/htmsql/develop/mysql/dbt2++/dbt2/src/db.c:186
Cannot execute_credit_check since the code does not exist
Wed Feb 26 01:21:54 2014
tid:1609828096 /home/htmsql/develop/mysql/dbt2++/dbt2/src/db.c:186
Cannot execute_credit_check since the code does not exist
Wed Feb 26 01:22:00 2014
tid:1609295616 /home/htmsql/develop/mysql/dbt2++/dbt2/src/db.c:186
Cannot execute_credit_check since the code does not exist
Wed Feb 26 01:22:09 2014
tid:1609561856 /home/htmsql/develop/mysql/dbt2++/dbt2/src/db.c:186
Cannot execute_credit_check since the code does not exist
Wed Feb 26 01:22:29 2014
tid:1609295616 /home/htmsql/develop/mysql/dbt2++/dbt2/src/db.c:186
Cannot execute_credit_check since the code does not exist
Wed Feb 26 01:22:29 2014
tid:1609561856 /home/htmsql/develop/mysql/dbt2++/dbt2/src/db.c:186
Cannot execute_credit_check since the code does not exist
Wed Feb 26 01:22:48 2014
tid:1609561856 /home/htmsql/develop/mysql/dbt2++/dbt2/src/db.c:186
Cannot execute_credit_check since the code does not exist
Wed Feb 26 01:22:49 2014
tid:1609295616 /home/htmsql/develop/mysql/dbt2++/dbt2/src/db.c:186
Cannot execute_credit_check since the code does not exist
Wed Feb 26 01:22:52 2014
tid:1609828096 /home/htmsql/develop/mysql/dbt2++/dbt2/src/db.c:186
Cannot execute_credit_check since the code does not exist
Wed Feb 26 01:22:54 2014
tid:1609828096 /home/htmsql/develop/mysql/dbt2++/dbt2/src/db.c:186
Cannot execute_credit_check since the code does not exist
Wed Feb 26 01:22:56 2014
tid:1609561856 /home/htmsql/develop/mysql/dbt2++/dbt2/src/mysql/dbc_new_order.c:108
NEW_ORDER ROLLBACK RC 1

Wed Feb 26 01:22:56 2014
tid:1609561856 /home/htmsql/develop/mysql/dbt2++/dbt2/src/mysql/dbc_common.c:97
ROLLBACK INITIATED

Wed Feb 26 01:22:57 2014
tid:1609295616 /home/htmsql/develop/mysql/dbt2++/dbt2/src/db.c:186
Cannot execute_credit_check since the code does not exist
Wed Feb 26 01:23:14 2014
tid:1609295616 /home/htmsql/develop/mysql/dbt2++/dbt2/src/db.c:186
Cannot execute_credit_check since the code does not exist
Wed Feb 26 01:23:14 2014
tid:1609029376 /home/htmsql/develop/mysql/dbt2++/dbt2/src/db.c:186
Cannot execute_credit_check since the code does not exist
Wed Feb 26 01:23:15 2014
tid:1609561856 /home/htmsql/develop/mysql/dbt2++/dbt2/src/db.c:186
Cannot execute_credit_check since the code does not exist
Wed Feb 26 01:23:28 2014
tid:1609295616 /home/htmsql/develop/mysql/dbt2++/dbt2/src/db.c:186
Cannot execute_credit_check since the code does not exist
Wed Feb 26 01:23:30 2014
tid:1609029376 /home/htmsql/develop/mysql/dbt2++/dbt2/src/db.c:186
Cannot execute_credit_check since the code does not exist
Wed Feb 26 01:23:32 2014
tid:1609561856 /home/htmsql/develop/mysql/dbt2++/dbt2/src/db.c:186
Cannot execute_credit_check since the code does not exist
Wed Feb 26 01:23:33 2014
tid:1609828096 /home/htmsql/develop/mysql/dbt2++/dbt2/src/db.c:186
Cannot execute_credit_check since the code does not exist
Wed Feb 26 01:23:40 2014
tid:1609295616 /home/htmsql/develop/mysql/dbt2++/dbt2/src/db.c:186
Cannot execute_credit_check since the code does not exist
Wed Feb 26 01:23:59 2014
tid:1609828096 /home/htmsql/develop/mysql/dbt2++/dbt2/src/db.c:186
Cannot execute_credit_check since the code does not exist
Wed Feb 26 01:24:01 2014
tid:1609029376 /home/htmsql/develop/mysql/dbt2++/dbt2/src/db.c:186
Cannot execute_credit_check since the code does not exist
Wed Feb 26 01:24:17 2014
tid:1609561856 /home/htmsql/develop/mysql/dbt2++/dbt2/src/db.c:186
Cannot execute_credit_check since the code does not exist
Wed Feb 26 01:24:22 2014
tid:1609295616 /home/htmsql/develop/mysql/dbt2++/dbt2/src/db.c:186
Cannot execute_credit_check since the code does not exist
Wed Feb 26 01:24:25 2014
tid:1609561856 /home/htmsql/develop/mysql/dbt2++/dbt2/src/db.c:186
Cannot execute_credit_check since the code does not exist
Wed Feb 26 01:24:34 2014
tid:1609828096 /home/htmsql/develop/mysql/dbt2++/dbt2/src/db.c:186
Cannot execute_credit_check since the code does not exist
Wed Feb 26 01:24:45 2014
tid:1609295616 /home/htmsql/develop/mysql/dbt2++/dbt2/src/db.c:186
Cannot execute_credit_check since the code does not exist
Wed Feb 26 01:24:46 2014
tid:1609561856 /home/htmsql/develop/mysql/dbt2++/dbt2/src/db.c:186
Cannot execute_credit_check since the code does not exist
Wed Feb 26 01:25:07 2014
tid:1609295616 /home/htmsql/develop/mysql/dbt2++/dbt2/src/db.c:186
Cannot execute_credit_check since the code does not exist
Wed Feb 26 01:25:20 2014
tid:1609295616 /home/htmsql/develop/mysql/dbt2++/dbt2/src/db.c:186
Cannot execute_credit_check since the code does not exist
Wed Feb 26 01:25:27 2014
tid:1609828096 /home/htmsql/develop/mysql/dbt2++/dbt2/src/db.c:186
Cannot execute_credit_check since the code does not exist
Wed Feb 26 01:25:30 2014
tid:1609029376 /home/htmsql/develop/mysql/dbt2++/dbt2/src/db.c:186
Cannot execute_credit_check since the code does not exist
Wed Feb 26 01:25:43 2014
tid:1609561856 /home/htmsql/develop/mysql/dbt2++/dbt2/src/db.c:186
Cannot execute_credit_check since the code does not exist
Wed Feb 26 01:26:02 2014
tid:1609828096 /home/htmsql/develop/mysql/dbt2++/dbt2/src/db.c:186
Cannot execute_credit_check since the code does not exist
Wed Feb 26 01:26:06 2014
tid:1609828096 /home/htmsql/develop/mysql/dbt2++/dbt2/src/db.c:186
Cannot execute_credit_check since the code does not exist
Wed Feb 26 01:26:23 2014
tid:1609029376 /home/htmsql/develop/mysql/dbt2++/dbt2/src/db.c:186
Cannot execute_credit_check since the code does not exist
Wed Feb 26 01:26:27 2014
tid:1609029376 /home/htmsql/develop/mysql/dbt2++/dbt2/src/db.c:186
Cannot execute_credit_check since the code does not exist
Wed Feb 26 01:26:36 2014
tid:1609029376 /home/htmsql/develop/mysql/dbt2++/dbt2/src/db.c:186
Cannot execute_credit_check since the code does not exist
Wed Feb 26 01:26:44 2014
tid:1609828096 /home/htmsql/develop/mysql/dbt2++/dbt2/src/db.c:186
Cannot execute_credit_check since the code does not exist
Wed Feb 26 01:26:46 2014
tid:1609828096 /home/htmsql/develop/mysql/dbt2++/dbt2/src/db.c:186
Cannot execute_credit_check since the code does not exist
Wed Feb 26 01:26:53 2014
tid:1609029376 /home/htmsql/develop/mysql/dbt2++/dbt2/src/db.c:186
Cannot execute_credit_check since the code does not exist
Wed Feb 26 01:27:02 2014
tid:1609295616 /home/htmsql/develop/mysql/dbt2++/dbt2/src/db.c:186
Cannot execute_credit_check since the code does not exist
Wed Feb 26 01:27:09 2014
tid:1609295616 /home/htmsql/develop/mysql/dbt2++/dbt2/src/db.c:186
Cannot execute_credit_check since the code does not exist
Wed Feb 26 01:27:18 2014
tid:1609828096 /home/htmsql/develop/mysql/dbt2++/dbt2/src/db.c:186
Cannot execute_credit_check since the code does not exist
Wed Feb 26 01:27:22 2014
tid:1609828096 /home/htmsql/develop/mysql/dbt2++/dbt2/src/db.c:186
Cannot execute_credit_check since the code does not exist
Wed Feb 26 01:27:26 2014
tid:1609295616 /home/htmsql/develop/mysql/dbt2++/dbt2/src/db.c:186
Cannot execute_credit_check since the code does not exist
Wed Feb 26 01:27:28 2014
tid:1609561856 /home/htmsql/develop/mysql/dbt2++/dbt2/src/db.c:186
Cannot execute_credit_check since the code does not exist
Wed Feb 26 01:27:30 2014
tid:1609295616 /home/htmsql/develop/mysql/dbt2++/dbt2/src/db.c:186
Cannot execute_credit_check since the code does not exist
Wed Feb 26 01:27:56 2014
tid:1609029376 /home/htmsql/develop/mysql/dbt2++/dbt2/src/db.c:186
Cannot execute_credit_check since the code does not exist
Wed Feb 26 01:28:06 2014
tid:1609561856 /home/htmsql/develop/mysql/dbt2++/dbt2/src/db.c:186
Cannot execute_credit_check since the code does not exist
Wed Feb 26 01:28:07 2014
tid:1609029376 /home/htmsql/develop/mysql/dbt2++/dbt2/src/db.c:186
Cannot execute_credit_check since the code does not exist
Wed Feb 26 01:28:12 2014
tid:1609295616 /home/htmsql/develop/mysql/dbt2++/dbt2/src/db.c:186
Cannot execute_credit_check since the code does not exist
Wed Feb 26 01:28:18 2014
tid:1609295616 /home/htmsql/develop/mysql/dbt2++/dbt2/src/db.c:186
Cannot execute_credit_check since the code does not exist
Wed Feb 26 01:28:20 2014
tid:1609828096 /home/htmsql/develop/mysql/dbt2++/dbt2/src/db.c:186
Cannot execute_credit_check since the code does not exist
Wed Feb 26 01:28:42 2014
tid:1609561856 /home/htmsql/develop/mysql/dbt2++/dbt2/src/db.c:186
Cannot execute_credit_check since the code does not exist
Wed Feb 26 01:28:42 2014
tid:1609029376 /home/htmsql/develop/mysql/dbt2++/dbt2/src/db.c:186
Cannot execute_credit_check since the code does not exist
