Started on:   Do 27. Feb 06:00:37 CET 2014
Expected end: Do 27. Feb 06:01:37 CET 2014
Restoring backed up mysql data
STOPPING DATABASE: /home/htmsql/develop/mysql/mysql-5.6.10-sssi/install/bin/mysqladmin --no-defaults -u root shutdown
/home/htmsql/develop/mysql/mysql-5.6.10-sssi/install/bin/mysqladmin: connect to server at 'localhost' failed
error: 'Can't connect to local MySQL server through socket '/tmp/mysql.sock' (2)'
Check that mysqld is running and that the socket: '/tmp/mysql.sock' exists!
rm: cannot remove ‘/home/htmsql/develop/mysql/mysql-5.6.10-sssi/install/my.cnf’: No such file or directory
Data restored
STARTING DATABASE: /home/htmsql/develop/mysql/mysql-5.6.10-sssi/install/bin/mysqld --no-defaults 		--max_connections=1000 		--performance_schema=OFF 		--table_open_cache_instances=32 		--query_cache_type=0 		--query_cache_size=0 		--innodb_buffer_pool_size=21474836480 		--innodb_log_file_size=268435456 		--innodb_log_buffer_size=16777216 		--innodb_flush_method=fsync 		--innodb_flush_log_at_trx_commit=2
2014-02-27 06:01:18 0 [Warning] TIMESTAMP with implicit DEFAULT value is deprecated. Please use --explicit_defaults_for_timestamp server option (see documentation for more details).
2014-02-27 06:01:18 0 [Warning] Changed limits: max_open_files: 4096  max_connections: 1000  table_cache: 1543
2014-02-27 06:01:18 10962 [Note] Plugin 'FEDERATED' is disabled.
2014-02-27 06:01:18 10962 [Note] InnoDB: The InnoDB memory heap is disabled
2014-02-27 06:01:18 10962 [Note] InnoDB: Mutexes and rw_locks use GCC atomic builtins
2014-02-27 06:01:18 10962 [Note] InnoDB: Compressed tables use zlib 1.2.3
2014-02-27 06:01:18 10962 [Note] InnoDB: CPU does not support crc32 instructions
2014-02-27 06:01:18 10962 [Note] InnoDB: Initializing buffer pool, size = 20.0G
2014-02-27 06:01:19 10962 [Note] InnoDB: Completed initialization of buffer pool
output: /home/htmsql/develop/mysql/report-ssi/203-20140227_0600-c_4-w_4
RUNNING TEST: ./dbt2-run-workload 		-a mysql 		-c 4 		-d 60 		-w 4 		-o /home/htmsql/develop/mysql/report-ssi/203-20140227_0600-c_4-w_4
Sleeping for 30 sec before profiling
MySQL pid file '/home/htmsql/develop/mysql/mysql-5.6.10-sssi/deskkemper05.pid' does not exist.
MySQL was not stopped, if it was running.
DBT-2 test for mysql started...

DATABASE SYSTEM: localhost
DATABASE NAME: dbt2
DATABASE SOCKET: /tmp/mysql.sock
DATABASE PORT: 3306
DATABASE CONNECTIONS: 4
TERMINAL THREADS: 40
TERMINALS PER WAREHOUSE: 10
WAREHOUSES PER THREAD/CLIENT PAIR: 4
SCALE FACTOR (WAREHOUSES): 4
DURATION OF TEST (in sec): 60
1 client stared every 1000 millisecond(s)

waiting for server
Stage 1. Starting up client...
./dbt2-client -t /tmp/mysql.sock -l 3306 -d dbt2 -u root -h localhost -f -c 4 -s 1000 -p 30000 -o /home/htmsql/develop/mysql/report-ssi/203-20140227_0600-c_4-w_4/client/deskkemper05.1
Sleeping 5 seconds
2014-02-27 06:01:48 10962 [Note] InnoDB: Highest supported file format is Barracuda.
2014-02-27 06:01:49 10962 [Note] InnoDB: 128 rollback segment(s) are active.
2014-02-27 06:01:49 10962 [Note] InnoDB: Waiting for purge to start
2014-02-27 06:01:49 10962 [Note] InnoDB: 1.2.10 started; log sequence number 8854937535
2014-02-27 06:01:49 10962 [Note] Server hostname (bind-address): '*'; port: 3306
2014-02-27 06:01:49 10962 [Note] IPv6 is available.
2014-02-27 06:01:49 10962 [Note]   - '::' resolves to '::';
2014-02-27 06:01:49 10962 [Note] Server socket created on IP: '::'.
2014-02-27 06:01:49 10962 [Note] Event Scheduler: Loaded 0 events
2014-02-27 06:01:49 10962 [Note] /home/htmsql/develop/mysql/mysql-5.6.10-sssi/install/bin/mysqld: ready for connections.
Version: '5.6.10'  socket: '/tmp/mysql.sock'  port: 3306  Source distribution
collecting database statistics...
./dbt2-run-workload: line 650: ./vacuumdb: No such file or directory

Stage 2. Starting up driver...
1000 threads started per millisecond
estimated rampup time: Sleeping 50 seconds
PROFILING PERF STAT: perf stat 		-T 		-p 10962 		&>/home/htmsql/develop/mysql/report-ssi/203-20140227_0600-c_4-w_4/perf.stat
PROFILING PERF STAT - HLE_RETIRED.ABORTED: perf stat 			-e r04C8 			-p 10962 			&>/home/htmsql/develop/mysql/report-ssi/203-20140227_0600-c_4-w_4/perf.stat.events.HLE_RETIRED.ABORTED
PROFILING PERF STAT - TX_MEM.ABORT_HLE_STORE_TO_ELIDED_LOCK: perf stat 			-e r0454 			-p 10962 			&>/home/htmsql/develop/mysql/report-ssi/203-20140227_0600-c_4-w_4/perf.stat.events.TX_MEM.ABORT_HLE_STORE_TO_ELIDED_LOCK
PROFILING PERF STAT - TX_MEM.ABORT_HLE_ELISION_BUFFER_NOT_EMPTY: perf stat 			-e r1054 			-p 10962 			&>/home/htmsql/develop/mysql/report-ssi/203-20140227_0600-c_4-w_4/perf.stat.events.TX_MEM.ABORT_HLE_ELISION_BUFFER_NOT_EMPTY
PROFILING PERF STAT - HLE_RETIRED.START: perf stat 			-e r01C8 			-p 10962 			&>/home/htmsql/develop/mysql/report-ssi/203-20140227_0600-c_4-w_4/perf.stat.events.HLE_RETIRED.START
PROFILING PERF STAT - HLE_RETIRED.COMMIT: perf stat 			-e r02C8 			-p 10962 			&>/home/htmsql/develop/mysql/report-ssi/203-20140227_0600-c_4-w_4/perf.stat.events.HLE_RETIRED.COMMIT
PROFILING PERF STAT - TX_MEM.ABORT_HLE_ELISION_BUFFER_UNSUPPORTED_ALIGNMENT: perf stat 			-e r2054 			-p 10962 			&>/home/htmsql/develop/mysql/report-ssi/203-20140227_0600-c_4-w_4/perf.stat.events.TX_MEM.ABORT_HLE_ELISION_BUFFER_UNSUPPORTED_ALIGNMENT
PROFILING PERF RECORD: perf record -g -p 10962 -o /home/htmsql/develop/mysql/report-ssi/203-20140227_0600-c_4-w_4/perf.data
PROFILING PERF STAT - HLE_RETIRED.ABORTED_MISC5: perf stat 			-e r80C8 			-p 10962 			&>/home/htmsql/develop/mysql/report-ssi/203-20140227_0600-c_4-w_4/perf.stat.events.HLE_RETIRED.ABORTED_MISC5
PROFILING PERF STAT - HLE_RETIRED.ABORTED_MISC4: perf stat 			-e r40C8 			-p 10962 			&>/home/htmsql/develop/mysql/report-ssi/203-20140227_0600-c_4-w_4/perf.stat.events.HLE_RETIRED.ABORTED_MISC4
PROFILING PERF STAT - HLE_RETIRED.ABORTED_MISC1: perf stat 			-e r08C8 			-p 10962 			&>/home/htmsql/develop/mysql/report-ssi/203-20140227_0600-c_4-w_4/perf.stat.events.HLE_RETIRED.ABORTED_MISC1
PROFILING PERF STAT - TX_MEM.ABORT_CONFLICT: perf stat 			-e r0154 			-p 10962 			&>/home/htmsql/develop/mysql/report-ssi/203-20140227_0600-c_4-w_4/perf.stat.events.TX_MEM.ABORT_CONFLICT
PROFILING PERF STAT - HLE_RETIRED.ABORTED_MISC3: perf stat 			-e r20C8 			-p 10962 			&>/home/htmsql/develop/mysql/report-ssi/203-20140227_0600-c_4-w_4/perf.stat.events.HLE_RETIRED.ABORTED_MISC3
PROFILING PERF STAT - HLE_RETIRED.ABORTED_MISC2: perf stat 			-e r10C8 			-p 10962 			&>/home/htmsql/develop/mysql/report-ssi/203-20140227_0600-c_4-w_4/perf.stat.events.HLE_RETIRED.ABORTED_MISC2
PROFILING PERF STAT - TX_MEM.HLE_ELISION_BUFFER_FULL: perf stat 			-e r4054 			-p 10962 			&>/home/htmsql/develop/mysql/report-ssi/203-20140227_0600-c_4-w_4/perf.stat.events.TX_MEM.HLE_ELISION_BUFFER_FULL
PROFILING PERF STAT - TX_MEM.ABORT_CAPACITY_WRITE: perf stat 			-e r0254 			-p 10962 			&>/home/htmsql/develop/mysql/report-ssi/203-20140227_0600-c_4-w_4/perf.stat.events.TX_MEM.ABORT_CAPACITY_WRITE
estimated rampup time has elapsed
estimated steady state time: Sleeping 60 seconds

Stage 3. Processing of results...
Killing client...
MySQL pid file '/home/htmsql/develop/mysql/mysql-5.6.10-sssi/deskkemper05.pid' does not exist.
MySQL was not stopped, if it was running.
Test completed.
Results are in: /home/htmsql/develop/mysql/report-ssi/203-20140227_0600-c_4-w_4

No data was collected during the steady state portion of the test.
[ perf record: Woken up 1 times to write data ]
[ perf record: Captured and wrote 0.037 MB /home/htmsql/develop/mysql/report-ssi/203-20140227_0600-c_4-w_4/perf.data (~1602 samples) ]
Profiling stopped
ANALYZING RESULTS: Generating report: python ../../dbttools/bin/dbt2-generate-report 		--dbms mysql 		--i /home/htmsql/develop/mysql/report-ssi/203-20140227_0600-c_4-w_4
Fehler in FUN(X[[1L]], ...) : 
  nur für einen data frame definiert, mit nur nummerischen Variablen
Traceback (most recent call last):
  File "./../../dbttools/bin/dbt-plot-transaction-distribution", line 95, in <module>
    xmax = r.max(elapsed_time.rx(1))[0]
  File "/usr/local/lib/python2.7/dist-packages/rpy2/robjects/functions.py", line 86, in __call__
    return super(SignatureTranslatedFunction, self).__call__(*args, **kwargs)
  File "/usr/local/lib/python2.7/dist-packages/rpy2/robjects/functions.py", line 35, in __call__
    res = super(Function, self).__call__(*new_args, **new_kwargs)
rpy2.rinterface.RRuntimeError: Fehler in FUN(X[[1L]], ...) : 
  nur für einen data frame definiert, mit nur nummerischen Variablen

Fehler in FUN(X[[1L]], ...) : 
  nur für einen data frame definiert, mit nur nummerischen Variablen
Traceback (most recent call last):
  File "./../../dbttools/bin/dbt-plot-transaction-distribution", line 95, in <module>
    xmax = r.max(elapsed_time.rx(1))[0]
  File "/usr/local/lib/python2.7/dist-packages/rpy2/robjects/functions.py", line 86, in __call__
    return super(SignatureTranslatedFunction, self).__call__(*args, **kwargs)
  File "/usr/local/lib/python2.7/dist-packages/rpy2/robjects/functions.py", line 35, in __call__
    res = super(Function, self).__call__(*new_args, **new_kwargs)
rpy2.rinterface.RRuntimeError: Fehler in FUN(X[[1L]], ...) : 
  nur für einen data frame definiert, mit nur nummerischen Variablen

Fehler in FUN(X[[1L]], ...) : 
  nur für einen data frame definiert, mit nur nummerischen Variablen
Traceback (most recent call last):
  File "./../../dbttools/bin/dbt-plot-transaction-distribution", line 95, in <module>
    xmax = r.max(elapsed_time.rx(1))[0]
  File "/usr/local/lib/python2.7/dist-packages/rpy2/robjects/functions.py", line 86, in __call__
    return super(SignatureTranslatedFunction, self).__call__(*args, **kwargs)
  File "/usr/local/lib/python2.7/dist-packages/rpy2/robjects/functions.py", line 35, in __call__
    res = super(Function, self).__call__(*new_args, **new_kwargs)
rpy2.rinterface.RRuntimeError: Fehler in FUN(X[[1L]], ...) : 
  nur für einen data frame definiert, mit nur nummerischen Variablen

Fehler in FUN(X[[1L]], ...) : 
  nur für einen data frame definiert, mit nur nummerischen Variablen
Traceback (most recent call last):
  File "./../../dbttools/bin/dbt-plot-transaction-distribution", line 95, in <module>
    xmax = r.max(elapsed_time.rx(1))[0]
  File "/usr/local/lib/python2.7/dist-packages/rpy2/robjects/functions.py", line 86, in __call__
    return super(SignatureTranslatedFunction, self).__call__(*args, **kwargs)
  File "/usr/local/lib/python2.7/dist-packages/rpy2/robjects/functions.py", line 35, in __call__
    res = super(Function, self).__call__(*new_args, **new_kwargs)
rpy2.rinterface.RRuntimeError: Fehler in FUN(X[[1L]], ...) : 
  nur für einen data frame definiert, mit nur nummerischen Variablen

Fehler in FUN(X[[1L]], ...) : 
  nur für einen data frame definiert, mit nur nummerischen Variablen
Traceback (most recent call last):
  File "./../../dbttools/bin/dbt-plot-transaction-distribution", line 95, in <module>
    xmax = r.max(elapsed_time.rx(1))[0]
  File "/usr/local/lib/python2.7/dist-packages/rpy2/robjects/functions.py", line 86, in __call__
    return super(SignatureTranslatedFunction, self).__call__(*args, **kwargs)
  File "/usr/local/lib/python2.7/dist-packages/rpy2/robjects/functions.py", line 35, in __call__
    res = super(Function, self).__call__(*new_args, **new_kwargs)
rpy2.rinterface.RRuntimeError: Fehler in FUN(X[[1L]], ...) : 
  nur für einen data frame definiert, mit nur nummerischen Variablen

Output flag not set - setting output=input
Generating mpstat, iostat, and vmstat charts for driver systems...
Moving on to database system stats...
Generating transaction distribution charts...
Generating mpstat charts...
Generating iostat charts...
Generating vmstat charts...
Generating transaction rate charts...
Generating database statistics charts...
Traceback (most recent call last):
  File "../../dbttools/bin/dbt2-generate-report", line 196, in <module>
    h.write('<td>%s</td>\n' % p.communicate()[0].split()[0])
IndexError: list index out of range
STOPPING DATABASE: /home/htmsql/develop/mysql/mysql-5.6.10-sssi/install/bin/mysqladmin --no-defaults -u root shutdown
2014-02-27 06:03:46 10962 [Note] /home/htmsql/develop/mysql/mysql-5.6.10-sssi/install/bin/mysqld: Normal shutdown

2014-02-27 06:03:46 10962 [Note] Giving 0 client threads a chance to die gracefully
2014-02-27 06:03:46 10962 [Note] Event Scheduler: Purging the queue. 0 events
2014-02-27 06:03:46 10962 [Note] Shutting down slave threads
2014-02-27 06:03:46 10962 [Note] Forcefully disconnecting 0 remaining clients
2014-02-27 06:03:46 10962 [Note] Binlog end
2014-02-27 06:03:46 10962 [Note] Shutting down plugin 'partition'
2014-02-27 06:03:46 10962 [Note] Shutting down plugin 'PERFORMANCE_SCHEMA'
2014-02-27 06:03:46 10962 [Note] Shutting down plugin 'ARCHIVE'
2014-02-27 06:03:46 10962 [Note] Shutting down plugin 'BLACKHOLE'
2014-02-27 06:03:46 10962 [Note] Shutting down plugin 'INNODB_SYS_DATAFILES'
2014-02-27 06:03:46 10962 [Note] Shutting down plugin 'INNODB_SYS_TABLESPACES'
2014-02-27 06:03:46 10962 [Note] Shutting down plugin 'INNODB_SYS_FOREIGN_COLS'
2014-02-27 06:03:46 10962 [Note] Shutting down plugin 'INNODB_SYS_FOREIGN'
2014-02-27 06:03:46 10962 [Note] Shutting down plugin 'INNODB_SYS_FIELDS'
2014-02-27 06:03:46 10962 [Note] Shutting down plugin 'INNODB_SYS_COLUMNS'
2014-02-27 06:03:46 10962 [Note] Shutting down plugin 'INNODB_SYS_INDEXES'
2014-02-27 06:03:46 10962 [Note] Shutting down plugin 'INNODB_SYS_TABLESTATS'
2014-02-27 06:03:46 10962 [Note] Shutting down plugin 'INNODB_SYS_TABLES'
2014-02-27 06:03:46 10962 [Note] Shutting down plugin 'INNODB_FT_INDEX_TABLE'
2014-02-27 06:03:46 10962 [Note] Shutting down plugin 'INNODB_FT_INDEX_CACHE'
2014-02-27 06:03:46 10962 [Note] Shutting down plugin 'INNODB_FT_CONFIG'
2014-02-27 06:03:46 10962 [Note] Shutting down plugin 'INNODB_FT_BEING_DELETED'
2014-02-27 06:03:46 10962 [Note] Shutting down plugin 'INNODB_FT_DELETED'
2014-02-27 06:03:46 10962 [Note] Shutting down plugin 'INNODB_FT_INSERTED'
2014-02-27 06:03:46 10962 [Note] Shutting down plugin 'INNODB_FT_DEFAULT_STOPWORD'
2014-02-27 06:03:46 10962 [Note] Shutting down plugin 'INNODB_METRICS'
2014-02-27 06:03:46 10962 [Note] Shutting down plugin 'INNODB_BUFFER_POOL_STATS'
2014-02-27 06:03:46 10962 [Note] Shutting down plugin 'INNODB_BUFFER_PAGE_LRU'
2014-02-27 06:03:46 10962 [Note] Shutting down plugin 'INNODB_BUFFER_PAGE'
2014-02-27 06:03:46 10962 [Note] Shutting down plugin 'INNODB_CMP_PER_INDEX_RESET'
2014-02-27 06:03:46 10962 [Note] Shutting down plugin 'INNODB_CMP_PER_INDEX'
2014-02-27 06:03:46 10962 [Note] Shutting down plugin 'INNODB_CMPMEM_RESET'
2014-02-27 06:03:46 10962 [Note] Shutting down plugin 'INNODB_CMPMEM'
2014-02-27 06:03:46 10962 [Note] Shutting down plugin 'INNODB_CMP_RESET'
2014-02-27 06:03:46 10962 [Note] Shutting down plugin 'INNODB_CMP'
2014-02-27 06:03:46 10962 [Note] Shutting down plugin 'INNODB_LOCK_WAITS'
2014-02-27 06:03:46 10962 [Note] Shutting down plugin 'INNODB_LOCKS'
2014-02-27 06:03:46 10962 [Note] Shutting down plugin 'INNODB_TRX'
2014-02-27 06:03:46 10962 [Note] Shutting down plugin 'InnoDB'
2014-02-27 06:03:46 10962 [Note] InnoDB: FTS optimize thread exiting.
2014-02-27 06:03:46 10962 [Note] InnoDB: Starting shutdown...
05:03:47 UTC - mysqld got signal 11 ;
This could be because you hit a bug. It is also possible that this binary
or one of the libraries it was linked against is corrupt, improperly built,
or misconfigured. This error can also be caused by malfunctioning hardware.
We will try our best to scrape up some info that will hopefully help
diagnose the problem, but since we have already crashed, 
something is definitely wrong and this may fail.

key_buffer_size=8388608
read_buffer_size=131072
max_used_connections=1
max_threads=1000
thread_count=0
connection_count=0
It is possible that mysqld could use up to 
key_buffer_size + (read_buffer_size + sort_buffer_size)*max_threads = 405684 K  bytes of memory
Hope that's ok; if not, decrease some variables in the equation.

Thread pointer: 0x0
Attempting backtrace. You can use the following information to find out
where mysqld died. If you see no messages after this, something went
terribly wrong...
stack_bottom = 0 thread_stack 0x40000
/home/htmsql/develop/mysql/mysql-5.6.10-sssi/install/bin/mysqld(my_print_stacktrace+0x2c)[0x8ef97c]
/home/htmsql/develop/mysql/mysql-5.6.10-sssi/install/bin/mysqld(handle_fatal_signal+0x364)[0x66ce14]
/lib/x86_64-linux-gnu/libpthread.so.0(+0xfbb0)[0x7fe4bf96ebb0]
/home/htmsql/develop/mysql/mysql-5.6.10-sssi/install/bin/mysqld[0xa16dcb]
/home/htmsql/develop/mysql/mysql-5.6.10-sssi/install/bin/mysqld[0xa24ed8]
/home/htmsql/develop/mysql/mysql-5.6.10-sssi/install/bin/mysqld[0xa0ef05]
/home/htmsql/develop/mysql/mysql-5.6.10-sssi/install/bin/mysqld[0x950ca3]
/home/htmsql/develop/mysql/mysql-5.6.10-sssi/install/bin/mysqld(_Z22ha_finalize_handlertonP13st_plugin_int+0x2c)[0x5a6c8c]
/home/htmsql/develop/mysql/mysql-5.6.10-sssi/install/bin/mysqld[0x6f91a9]
/home/htmsql/develop/mysql/mysql-5.6.10-sssi/install/bin/mysqld(_Z15plugin_shutdownv+0x193)[0x6fb883]
/home/htmsql/develop/mysql/mysql-5.6.10-sssi/install/bin/mysqld[0x59a804]
/home/htmsql/develop/mysql/mysql-5.6.10-sssi/install/bin/mysqld(_Z10unireg_endv+0x2d)[0x59ab5d]
/home/htmsql/develop/mysql/mysql-5.6.10-sssi/install/bin/mysqld[0x59f73e]
/home/htmsql/develop/mysql/mysql-5.6.10-sssi/install/bin/mysqld(kill_server_thread+0xe)[0x59f7be]
/lib/x86_64-linux-gnu/libpthread.so.0(+0x7f6e)[0x7fe4bf966f6e]
/lib/x86_64-linux-gnu/libc.so.6(clone+0x6d)[0x7fe4bee739cd]
The manual page at http://dev.mysql.com/doc/mysql/en/crashing.html contains
information that should help you find out what is causing the crash.
Warning;  Aborted waiting on pid file: '/home/htmsql/develop/mysql/mysql-5.6.10-sssi/install/data/deskkemper05.pid' after 17 seconds
Run was interrupted by Control-C.
./dbt2-run-workload: no process found
Profiling stopped
