Started on:   Do 27. Feb 01:50:19 CET 2014
Expected end: Do 27. Feb 01:51:19 CET 2014
STARTING DATABASE: /home/htmsql/develop/mysql/mysql-5.6.10-sssi/install/bin/mysqld --no-defaults 		--max_connections=1000 		--performance_schema=OFF 		--table_open_cache_instances=32 		--query_cache_type=0 		--query_cache_size=0 		--innodb_buffer_pool_size=21474836480 		--innodb_log_file_size=268435456 		--innodb_log_buffer_size=16777216 		--innodb_flush_method=fsync 		--innodb_flush_log_at_trx_commit=2
./util.sh: line 74: /home/htmsql/develop/mysql/mysql-5.6.10-sssi/install/bin/mysqld: No such file or directory
LOADING TABLES: ./dbt2-mysql-build-db 			-d dbt2 			-w 75 			-s /tmp/mysql.sock 			-f /tmp/dbt2_data
Started on:   Do 27. Feb 01:51:52 CET 2014
Expected end: Do 27. Feb 01:52:52 CET 2014
STARTING DATABASE: /home/htmsql/develop/mysql/mysql-5.6.10-sssi/install/bin/mysqld --no-defaults 		--max_connections=1000 		--performance_schema=OFF 		--table_open_cache_instances=32 		--query_cache_type=0 		--query_cache_size=0 		--innodb_buffer_pool_size=21474836480 		--innodb_log_file_size=268435456 		--innodb_log_buffer_size=16777216 		--innodb_flush_method=fsync 		--innodb_flush_log_at_trx_commit=2
2014-02-27 01:51:52 0 [Warning] TIMESTAMP with implicit DEFAULT value is deprecated. Please use --explicit_defaults_for_timestamp server option (see documentation for more details).
2014-02-27 01:51:52 0 [Warning] Changed limits: max_open_files: 4096  max_connections: 1000  table_cache: 1543
2014-02-27 01:51:52 7144 [Note] Plugin 'FEDERATED' is disabled.
2014-02-27 01:51:52 7144 [Note] InnoDB: The InnoDB memory heap is disabled
2014-02-27 01:51:52 7144 [Note] InnoDB: Mutexes and rw_locks use GCC atomic builtins
2014-02-27 01:51:52 7144 [Note] InnoDB: Compressed tables use zlib 1.2.3
2014-02-27 01:51:52 7144 [Note] InnoDB: CPU does not support crc32 instructions
2014-02-27 01:51:52 7144 [Note] InnoDB: Initializing buffer pool, size = 20.0G
2014-02-27 01:51:53 7144 [Note] InnoDB: Completed initialization of buffer pool
2014-02-27 01:51:55 7144 [Note] InnoDB: Highest supported file format is Barracuda.
2014-02-27 01:51:56 7144 [Warning] InnoDB: Resizing redo log from 2*3072 to 2*16384 pages, LSN=1625997
2014-02-27 01:51:56 7144 [Warning] InnoDB: Starting to delete and rewrite log files.
2014-02-27 01:51:56 7144 [Note] InnoDB: Setting log file ./ib_logfile101 size to 256 MB
InnoDB: Progress in MB: 100 200
2014-02-27 01:51:56 7144 [Note] InnoDB: Setting log file ./ib_logfile1 size to 256 MB
InnoDB: Progress in MB: 100 200
2014-02-27 01:51:57 7144 [Note] InnoDB: Renaming log file ./ib_logfile101 to ./ib_logfile0
2014-02-27 01:51:57 7144 [Warning] InnoDB: New log files created, LSN=1625997
2014-02-27 01:51:57 7144 [Note] InnoDB: 128 rollback segment(s) are active.
2014-02-27 01:51:57 7144 [Note] InnoDB: Waiting for purge to start
2014-02-27 01:51:57 7144 [Note] InnoDB: 1.2.10 started; log sequence number 1625987
2014-02-27 01:51:57 7144 [Warning] No existing UUID has been found, so we assume that this is the first time that this server has been started. Generating a new UUID: 5bd7a630-9f49-11e3-918a-001320fb6902.
2014-02-27 01:51:57 7144 [Note] Server hostname (bind-address): '*'; port: 3306
2014-02-27 01:51:57 7144 [Note] IPv6 is available.
2014-02-27 01:51:57 7144 [Note]   - '::' resolves to '::';
2014-02-27 01:51:57 7144 [Note] Server socket created on IP: '::'.
2014-02-27 01:51:57 7144 [Note] Event Scheduler: Loaded 0 events
2014-02-27 01:51:57 7144 [Note] /home/htmsql/develop/mysql/mysql-5.6.10-sssi/install/bin/mysqld: ready for connections.
Version: '5.6.10'  socket: '/tmp/mysql.sock'  port: 3306  Source distribution
LOADING TABLES: ./dbt2-mysql-build-db 			-d dbt2 			-w 75 			-s /tmp/mysql.sock 			-f /tmp/dbt2_data

Loading of DBT2 dataset located in /tmp/dbt2_data to database dbt2.

DB_ENGINE:      INNODB
DB_SCHEME:      OPTIMIZED
DB_HOST:        localhost
DB_USER:        root
DB_SOCKET:      /tmp/mysql.sock
DEFAULTS_FILE:  

Creating table STOCK
Creating table ITEM
Creating table ORDER_LINE
Creating table ORDERS
Creating table NEW_ORDER
Creating table HISTORY
Creating table CUSTOMER
Creating table DISTRICT
Creating table WAREHOUSE

Loading table customer
Loading table district
Loading table history
Loading table item
Loading table new_order
Loading table order_line
Loading table orders
Loading table stock
Loading table warehouse
LOADING STORED PROCEDURES: ./dbt2-mysql-load-stored-procs 			-d dbt2 			-s /tmp/mysql.sock 			-f ../storedproc/mysql

Loading of DBT2 SPs located in ../storedproc/mysql to database dbt2.

Load SP: delivery
Load SP: new_order
Load SP: new_order_2
Load SP: order_status
Load SP: payment
Load SP: stock_level
STOPPING DATABASE: /home/htmsql/develop/mysql/mysql-5.6.10-sssi/install/bin/mysqladmin --no-defaults -u root shutdown
2014-02-27 01:56:05 7144 [Note] /home/htmsql/develop/mysql/mysql-5.6.10-sssi/install/bin/mysqld: Normal shutdown

2014-02-27 01:56:05 7144 [Note] Giving 0 client threads a chance to die gracefully
2014-02-27 01:56:05 7144 [Note] Event Scheduler: Purging the queue. 0 events
2014-02-27 01:56:05 7144 [Note] Shutting down slave threads
2014-02-27 01:56:05 7144 [Note] Forcefully disconnecting 0 remaining clients
2014-02-27 01:56:05 7144 [Note] Binlog end
2014-02-27 01:56:05 7144 [Note] Shutting down plugin 'partition'
2014-02-27 01:56:05 7144 [Note] Shutting down plugin 'PERFORMANCE_SCHEMA'
2014-02-27 01:56:05 7144 [Note] Shutting down plugin 'ARCHIVE'
2014-02-27 01:56:05 7144 [Note] Shutting down plugin 'BLACKHOLE'
2014-02-27 01:56:05 7144 [Note] Shutting down plugin 'INNODB_SYS_DATAFILES'
2014-02-27 01:56:05 7144 [Note] Shutting down plugin 'INNODB_SYS_TABLESPACES'
2014-02-27 01:56:05 7144 [Note] Shutting down plugin 'INNODB_SYS_FOREIGN_COLS'
2014-02-27 01:56:05 7144 [Note] Shutting down plugin 'INNODB_SYS_FOREIGN'
2014-02-27 01:56:05 7144 [Note] Shutting down plugin 'INNODB_SYS_FIELDS'
2014-02-27 01:56:05 7144 [Note] Shutting down plugin 'INNODB_SYS_COLUMNS'
2014-02-27 01:56:05 7144 [Note] Shutting down plugin 'INNODB_SYS_INDEXES'
2014-02-27 01:56:05 7144 [Note] Shutting down plugin 'INNODB_SYS_TABLESTATS'
2014-02-27 01:56:05 7144 [Note] Shutting down plugin 'INNODB_SYS_TABLES'
2014-02-27 01:56:05 7144 [Note] Shutting down plugin 'INNODB_FT_INDEX_TABLE'
2014-02-27 01:56:05 7144 [Note] Shutting down plugin 'INNODB_FT_INDEX_CACHE'
2014-02-27 01:56:05 7144 [Note] Shutting down plugin 'INNODB_FT_CONFIG'
2014-02-27 01:56:05 7144 [Note] Shutting down plugin 'INNODB_FT_BEING_DELETED'
2014-02-27 01:56:05 7144 [Note] Shutting down plugin 'INNODB_FT_DELETED'
2014-02-27 01:56:05 7144 [Note] Shutting down plugin 'INNODB_FT_INSERTED'
2014-02-27 01:56:05 7144 [Note] Shutting down plugin 'INNODB_FT_DEFAULT_STOPWORD'
2014-02-27 01:56:05 7144 [Note] Shutting down plugin 'INNODB_METRICS'
2014-02-27 01:56:05 7144 [Note] Shutting down plugin 'INNODB_BUFFER_POOL_STATS'
2014-02-27 01:56:05 7144 [Note] Shutting down plugin 'INNODB_BUFFER_PAGE_LRU'
2014-02-27 01:56:05 7144 [Note] Shutting down plugin 'INNODB_BUFFER_PAGE'
2014-02-27 01:56:05 7144 [Note] Shutting down plugin 'INNODB_CMP_PER_INDEX_RESET'
2014-02-27 01:56:05 7144 [Note] Shutting down plugin 'INNODB_CMP_PER_INDEX'
2014-02-27 01:56:05 7144 [Note] Shutting down plugin 'INNODB_CMPMEM_RESET'
2014-02-27 01:56:05 7144 [Note] Shutting down plugin 'INNODB_CMPMEM'
2014-02-27 01:56:05 7144 [Note] Shutting down plugin 'INNODB_CMP_RESET'
2014-02-27 01:56:05 7144 [Note] Shutting down plugin 'INNODB_CMP'
2014-02-27 01:56:05 7144 [Note] Shutting down plugin 'INNODB_LOCK_WAITS'
2014-02-27 01:56:05 7144 [Note] Shutting down plugin 'INNODB_LOCKS'
2014-02-27 01:56:05 7144 [Note] Shutting down plugin 'INNODB_TRX'
2014-02-27 01:56:05 7144 [Note] Shutting down plugin 'InnoDB'
2014-02-27 01:56:05 7144 [Note] InnoDB: FTS optimize thread exiting.
2014-02-27 01:56:05 7144 [Note] InnoDB: Starting shutdown...
00:56:20 UTC - mysqld got signal 11 ;
This could be because you hit a bug. It is also possible that this binary
or one of the libraries it was linked against is corrupt, improperly built,
or misconfigured. This error can also be caused by malfunctioning hardware.
We will try our best to scrape up some info that will hopefully help
diagnose the problem, but since we have already crashed, 
something is definitely wrong and this may fail.

key_buffer_size=8388608
read_buffer_size=131072
max_used_connections=1
max_threads=1000
thread_count=0
connection_count=0
It is possible that mysqld could use up to 
key_buffer_size + (read_buffer_size + sort_buffer_size)*max_threads = 405684 K  bytes of memory
Hope that's ok; if not, decrease some variables in the equation.

Thread pointer: 0x0
Attempting backtrace. You can use the following information to find out
where mysqld died. If you see no messages after this, something went
terribly wrong...
stack_bottom = 0 thread_stack 0x40000
/home/htmsql/develop/mysql/mysql-5.6.10-sssi/install/bin/mysqld(my_print_stacktrace+0x2c)[0x8ef97c]
/home/htmsql/develop/mysql/mysql-5.6.10-sssi/install/bin/mysqld(handle_fatal_signal+0x364)[0x66ce14]
/lib/x86_64-linux-gnu/libpthread.so.0(+0xfbb0)[0x7f7ecb745bb0]
/home/htmsql/develop/mysql/mysql-5.6.10-sssi/install/bin/mysqld[0xa16dcb]
/home/htmsql/develop/mysql/mysql-5.6.10-sssi/install/bin/mysqld[0xa24ed8]
/home/htmsql/develop/mysql/mysql-5.6.10-sssi/install/bin/mysqld[0xa0ef05]
/home/htmsql/develop/mysql/mysql-5.6.10-sssi/install/bin/mysqld[0x950ca3]
/home/htmsql/develop/mysql/mysql-5.6.10-sssi/install/bin/mysqld(_Z22ha_finalize_handlertonP13st_plugin_int+0x2c)[0x5a6c8c]
/home/htmsql/develop/mysql/mysql-5.6.10-sssi/install/bin/mysqld[0x6f91a9]
/home/htmsql/develop/mysql/mysql-5.6.10-sssi/install/bin/mysqld(_Z15plugin_shutdownv+0x193)[0x6fb883]
/home/htmsql/develop/mysql/mysql-5.6.10-sssi/install/bin/mysqld[0x59a804]
/home/htmsql/develop/mysql/mysql-5.6.10-sssi/install/bin/mysqld(_Z10unireg_endv+0x2d)[0x59ab5d]
/home/htmsql/develop/mysql/mysql-5.6.10-sssi/install/bin/mysqld[0x59f73e]
/home/htmsql/develop/mysql/mysql-5.6.10-sssi/install/bin/mysqld(kill_server_thread+0xe)[0x59f7be]
/lib/x86_64-linux-gnu/libpthread.so.0(+0x7f6e)[0x7f7ecb73df6e]
/lib/x86_64-linux-gnu/libc.so.6(clone+0x6d)[0x7f7ecac4a9cd]
The manual page at http://dev.mysql.com/doc/mysql/en/crashing.html contains
information that should help you find out what is causing the crash.
Warning;  Aborted waiting on pid file: '/home/htmsql/develop/mysql/mysql-5.6.10-sssi/install/data/deskkemper05.pid' after 71 seconds
Run was interrupted by Control-C.
./dbt2-run-workload: no process found
perf: no process found
Profiling stopped
Backing up data to /home/htmsql/develop/mysql/mysql-5.6.10-sssi/install/data.backup
Run was interrupted by Control-C.
./dbt2-run-workload: no process found
perf: no process found
Profiling stopped
Backup written
STARTING DATABASE: /home/htmsql/develop/mysql/mysql-5.6.10-sssi/install/bin/mysqld --no-defaults 		--max_connections=1000 		--performance_schema=OFF 		--table_open_cache_instances=32 		--query_cache_type=0 		--query_cache_size=0 		--innodb_buffer_pool_size=21474836480 		--innodb_log_file_size=268435456 		--innodb_log_buffer_size=16777216 		--innodb_flush_method=fsync 		--innodb_flush_log_at_trx_commit=2
Run was interrupted by Control-C.
./dbt2-run-workload: no process found
perf: no process found
Profiling stopped
output: /home/htmsql/develop/mysql/report-ssi/196-20140227_0151-c_4-w_4
RUNNING TEST: ./dbt2-run-workload 		-a mysql 		-c 4 		-d 60 		-w 4 		-o /home/htmsql/develop/mysql/report-ssi/196-20140227_0151-c_4-w_4
Sleeping for 30 sec before profiling
2014-02-27 01:57:22 0 [Warning] TIMESTAMP with implicit DEFAULT value is deprecated. Please use --explicit_defaults_for_timestamp server option (see documentation for more details).
2014-02-27 01:57:22 0 [Warning] Changed limits: max_open_files: 4096  max_connections: 1000  table_cache: 1543
2014-02-27 01:57:22 7418 [Note] Plugin 'FEDERATED' is disabled.
2014-02-27 01:57:22 7418 [Note] InnoDB: The InnoDB memory heap is disabled
2014-02-27 01:57:22 7418 [Note] InnoDB: Mutexes and rw_locks use GCC atomic builtins
2014-02-27 01:57:22 7418 [Note] InnoDB: Compressed tables use zlib 1.2.3
2014-02-27 01:57:22 7418 [Note] InnoDB: CPU does not support crc32 instructions
2014-02-27 01:57:22 7418 [Note] InnoDB: Initializing buffer pool, size = 20.0G
MySQL pid file '/home/htmsql/develop/mysql/mysql-5.6.10-sssi/deskkemper05.pid' does not exist.
MySQL was not stopped, if it was running.
Run was interrupted by Control-C.
./dbt2-run-workload: no process found
perf: no process found
Profiling stopped
Profiling stopped
2014-02-27 01:57:22 7418 [Note] InnoDB: Completed initialization of buffer pool
ANALYZING RESULTS: Generating report: python ../../dbttools/bin/dbt2-generate-report 		--dbms mysql 		--i /home/htmsql/develop/mysql/report-ssi/196-20140227_0151-c_4-w_4
cannot open file: /home/htmsql/develop/mysql/report-ssi/196-20140227_0151-c_4-w_4/mix.log
cannot open file: /home/htmsql/develop/mysql/report-ssi/196-20140227_0151-c_4-w_4/mix.log
cannot open file: /home/htmsql/develop/mysql/report-ssi/196-20140227_0151-c_4-w_4/mix.log
cannot open file: /home/htmsql/develop/mysql/report-ssi/196-20140227_0151-c_4-w_4/mix.log
2014-02-27 01:57:25 7418 [Note] InnoDB: Highest supported file format is Barracuda.
cannot open file: /home/htmsql/develop/mysql/report-ssi/196-20140227_0151-c_4-w_4/mix.log
cannot open file: /home/htmsql/develop/mysql/report-ssi/196-20140227_0151-c_4-w_4/mix.log
grep: /home/htmsql/develop/mysql/report-ssi/196-20140227_0151-c_4-w_4/report.txt: No such file or directory
Output flag not set - setting output=input
Generating mpstat, iostat, and vmstat charts for driver systems...
Moving on to database system stats...
Generating transaction distribution charts...
Generating mpstat charts...
Generating iostat charts...
Generating vmstat charts...
Generating transaction rate charts...
Generating database statistics charts...
Traceback (most recent call last):
  File "../../dbttools/bin/dbt2-generate-report", line 196, in <module>
    h.write('<td>%s</td>\n' % p.communicate()[0].split()[0])
IndexError: list index out of range
STOPPING DATABASE: /home/htmsql/develop/mysql/mysql-5.6.10-sssi/install/bin/mysqladmin --no-defaults -u root shutdown
/home/htmsql/develop/mysql/mysql-5.6.10-sssi/install/bin/mysqladmin: connect to server at 'localhost' failed
error: 'Can't connect to local MySQL server through socket '/tmp/mysql.sock' (2)'
Check that mysqld is running and that the socket: '/tmp/mysql.sock' exists!
2014-02-27 01:57:25 7fa0aa1eb740  InnoDB: Operating system error number 2 in a file operation.
InnoDB: The error means the system cannot find the path specified.
InnoDB: If you are installing InnoDB, remember that you must create
InnoDB: directories yourself, InnoDB does not create them.
2014-02-27 01:57:25 7418 [ERROR] InnoDB: Could not find a valid tablespace file for 'dbt2/customer'. See http://dev.mysql.com/doc/refman/5.6/en/innodb-troubleshooting-datadict.html for how to resolve the issue.
2014-02-27 01:57:25 7418 [ERROR] InnoDB: Tablespace open failed for '"dbt2"."customer"', ignored.
2014-02-27 01:57:25 7fa0aa1eb740  InnoDB: Operating system error number 2 in a file operation.
InnoDB: The error means the system cannot find the path specified.
InnoDB: If you are installing InnoDB, remember that you must create
InnoDB: directories yourself, InnoDB does not create them.
2014-02-27 01:57:25 7418 [ERROR] InnoDB: Could not find a valid tablespace file for 'dbt2/history'. See http://dev.mysql.com/doc/refman/5.6/en/innodb-troubleshooting-datadict.html for how to resolve the issue.
2014-02-27 01:57:25 7418 [ERROR] InnoDB: Tablespace open failed for '"dbt2"."history"', ignored.
2014-02-27 01:57:25 7fa0aa1eb740  InnoDB: Operating system error number 2 in a file operation.
InnoDB: The error means the system cannot find the path specified.
InnoDB: If you are installing InnoDB, remember that you must create
InnoDB: directories yourself, InnoDB does not create them.
2014-02-27 01:57:25 7418 [ERROR] InnoDB: Could not find a valid tablespace file for 'dbt2/order_line'. See http://dev.mysql.com/doc/refman/5.6/en/innodb-troubleshooting-datadict.html for how to resolve the issue.
2014-02-27 01:57:25 7418 [ERROR] InnoDB: Tablespace open failed for '"dbt2"."order_line"', ignored.
2014-02-27 01:57:25 7fa0aa1eb740  InnoDB: Operating system error number 2 in a file operation.
InnoDB: The error means the system cannot find the path specified.
InnoDB: If you are installing InnoDB, remember that you must create
InnoDB: directories yourself, InnoDB does not create them.
2014-02-27 01:57:25 7418 [ERROR] InnoDB: Could not find a valid tablespace file for 'dbt2/orders'. See http://dev.mysql.com/doc/refman/5.6/en/innodb-troubleshooting-datadict.html for how to resolve the issue.
2014-02-27 01:57:25 7418 [ERROR] InnoDB: Tablespace open failed for '"dbt2"."orders"', ignored.
2014-02-27 01:57:25 7418 [Note] InnoDB: 128 rollback segment(s) are active.
2014-02-27 01:57:25 7418 [Note] InnoDB: Waiting for purge to start
2014-02-27 01:57:25 7418 [Note] InnoDB: 1.2.10 started; log sequence number 7123549208
2014-02-27 01:57:25 7418 [Warning] No existing UUID has been found, so we assume that this is the first time that this server has been started. Generating a new UUID: 1fa727e8-9f4a-11e3-918f-001320fb6902.
/home/htmsql/develop/mysql/mysql-5.6.10-sssi/install/bin/mysqld: File './auto.cnf' not found (Errcode: 2 - No such file or directory)
2014-02-27 01:57:25 7418 [ERROR] Failed to create file(file: './auto.cnf', errno 2)
2014-02-27 01:57:25 7418 [ERROR] Initialzation of the server's UUID failed because it could not be read from the auto.cnf file. If this is a new server, the initialization failed because it was not possible to generate a new UUID.
2014-02-27 01:57:25 7418 [ERROR] Aborting

2014-02-27 01:57:25 7418 [Note] Binlog end
2014-02-27 01:57:25 7418 [Note] Shutting down plugin 'partition'
2014-02-27 01:57:25 7418 [Note] Shutting down plugin 'PERFORMANCE_SCHEMA'
2014-02-27 01:57:25 7418 [Note] Shutting down plugin 'ARCHIVE'
2014-02-27 01:57:25 7418 [Note] Shutting down plugin 'BLACKHOLE'
2014-02-27 01:57:25 7418 [Note] Shutting down plugin 'INNODB_SYS_DATAFILES'
2014-02-27 01:57:25 7418 [Note] Shutting down plugin 'INNODB_SYS_TABLESPACES'
2014-02-27 01:57:25 7418 [Note] Shutting down plugin 'INNODB_SYS_FOREIGN_COLS'
2014-02-27 01:57:25 7418 [Note] Shutting down plugin 'INNODB_SYS_FOREIGN'
2014-02-27 01:57:25 7418 [Note] Shutting down plugin 'INNODB_SYS_FIELDS'
2014-02-27 01:57:25 7418 [Note] Shutting down plugin 'INNODB_SYS_COLUMNS'
2014-02-27 01:57:25 7418 [Note] Shutting down plugin 'INNODB_SYS_INDEXES'
2014-02-27 01:57:25 7418 [Note] Shutting down plugin 'INNODB_SYS_TABLESTATS'
2014-02-27 01:57:25 7418 [Note] Shutting down plugin 'INNODB_SYS_TABLES'
2014-02-27 01:57:25 7418 [Note] Shutting down plugin 'INNODB_FT_INDEX_TABLE'
2014-02-27 01:57:25 7418 [Note] Shutting down plugin 'INNODB_FT_INDEX_CACHE'
2014-02-27 01:57:25 7418 [Note] Shutting down plugin 'INNODB_FT_CONFIG'
2014-02-27 01:57:25 7418 [Note] Shutting down plugin 'INNODB_FT_BEING_DELETED'
2014-02-27 01:57:25 7418 [Note] Shutting down plugin 'INNODB_FT_DELETED'
2014-02-27 01:57:25 7418 [Note] Shutting down plugin 'INNODB_FT_INSERTED'
2014-02-27 01:57:25 7418 [Note] Shutting down plugin 'INNODB_FT_DEFAULT_STOPWORD'
2014-02-27 01:57:25 7418 [Note] Shutting down plugin 'INNODB_METRICS'
2014-02-27 01:57:25 7418 [Note] Shutting down plugin 'INNODB_BUFFER_POOL_STATS'
2014-02-27 01:57:25 7418 [Note] Shutting down plugin 'INNODB_BUFFER_PAGE_LRU'
2014-02-27 01:57:25 7418 [Note] Shutting down plugin 'INNODB_BUFFER_PAGE'
2014-02-27 01:57:25 7418 [Note] Shutting down plugin 'INNODB_CMP_PER_INDEX_RESET'
2014-02-27 01:57:25 7418 [Note] Shutting down plugin 'INNODB_CMP_PER_INDEX'
2014-02-27 01:57:25 7418 [Note] Shutting down plugin 'INNODB_CMPMEM_RESET'
2014-02-27 01:57:25 7418 [Note] Shutting down plugin 'INNODB_CMPMEM'
2014-02-27 01:57:25 7418 [Note] Shutting down plugin 'INNODB_CMP_RESET'
2014-02-27 01:57:25 7418 [Note] Shutting down plugin 'INNODB_CMP'
2014-02-27 01:57:25 7418 [Note] Shutting down plugin 'INNODB_LOCK_WAITS'
2014-02-27 01:57:25 7418 [Note] Shutting down plugin 'INNODB_LOCKS'
2014-02-27 01:57:25 7418 [Note] Shutting down plugin 'INNODB_TRX'
2014-02-27 01:57:25 7418 [Note] Shutting down plugin 'InnoDB'
2014-02-27 01:57:25 7418 [Note] InnoDB: FTS optimize thread exiting.
2014-02-27 01:57:25 7418 [Note] InnoDB: Starting shutdown...
00:57:27 UTC - mysqld got signal 11 ;
This could be because you hit a bug. It is also possible that this binary
or one of the libraries it was linked against is corrupt, improperly built,
or misconfigured. This error can also be caused by malfunctioning hardware.
We will try our best to scrape up some info that will hopefully help
diagnose the problem, but since we have already crashed, 
something is definitely wrong and this may fail.

key_buffer_size=8388608
read_buffer_size=131072
max_used_connections=0
max_threads=1000
thread_count=0
connection_count=0
It is possible that mysqld could use up to 
key_buffer_size + (read_buffer_size + sort_buffer_size)*max_threads = 405684 K  bytes of memory
Hope that's ok; if not, decrease some variables in the equation.

Thread pointer: 0x0
Attempting backtrace. You can use the following information to find out
where mysqld died. If you see no messages after this, something went
terribly wrong...
stack_bottom = 0 thread_stack 0x40000
/home/htmsql/develop/mysql/mysql-5.6.10-sssi/install/bin/mysqld(my_print_stacktrace+0x2c)[0x8ef97c]
/home/htmsql/develop/mysql/mysql-5.6.10-sssi/install/bin/mysqld(handle_fatal_signal+0x364)[0x66ce14]
/lib/x86_64-linux-gnu/libpthread.so.0(+0xfbb0)[0x7fa0a99a1bb0]
/home/htmsql/develop/mysql/mysql-5.6.10-sssi/install/bin/mysqld[0xa16dcb]
/home/htmsql/develop/mysql/mysql-5.6.10-sssi/install/bin/mysqld[0xa24ed8]
/home/htmsql/develop/mysql/mysql-5.6.10-sssi/install/bin/mysqld[0xa0ef05]
/home/htmsql/develop/mysql/mysql-5.6.10-sssi/install/bin/mysqld[0x950ca3]
/home/htmsql/develop/mysql/mysql-5.6.10-sssi/install/bin/mysqld(_Z22ha_finalize_handlertonP13st_plugin_int+0x2c)[0x5a6c8c]
/home/htmsql/develop/mysql/mysql-5.6.10-sssi/install/bin/mysqld[0x6f91a9]
/home/htmsql/develop/mysql/mysql-5.6.10-sssi/install/bin/mysqld(_Z15plugin_shutdownv+0x193)[0x6fb883]
/home/htmsql/develop/mysql/mysql-5.6.10-sssi/install/bin/mysqld[0x59a804]
/home/htmsql/develop/mysql/mysql-5.6.10-sssi/install/bin/mysqld(unireg_abort+0x26e)[0x59c40e]
/home/htmsql/develop/mysql/mysql-5.6.10-sssi/install/bin/mysqld(_Z11mysqld_mainiPPc+0xd29)[0x5a04f9]
/lib/x86_64-linux-gnu/libc.so.6(__libc_start_main+0xf5)[0x7fa0a8dcdde5]
/home/htmsql/develop/mysql/mysql-5.6.10-sssi/install/bin/mysqld[0x5946fa]
The manual page at http://dev.mysql.com/doc/mysql/en/crashing.html contains
information that should help you find out what is causing the crash.
DBT-2 test for mysql started...

DATABASE SYSTEM: localhost
DATABASE NAME: dbt2
DATABASE SOCKET: /tmp/mysql.sock
DATABASE PORT: 3306
DATABASE CONNECTIONS: 4
TERMINAL THREADS: 40
TERMINALS PER WAREHOUSE: 10
WAREHOUSES PER THREAD/CLIENT PAIR: 4
SCALE FACTOR (WAREHOUSES): 4
DURATION OF TEST (in sec): 60
1 client stared every 1000 millisecond(s)

waiting for server
Stage 1. Starting up client...
./dbt2-client -t /tmp/mysql.sock -l 3306 -d dbt2 -u root -h localhost -f -c 4 -s 1000 -p 30000 -o /home/htmsql/develop/mysql/report-ssi/196-20140227_0151-c_4-w_4/client/deskkemper05.1
Sleeping 5 seconds
