Started on:   Mo 24. Feb 07:10:33 CET 2014
Expected end: Mo 24. Feb 07:11:33 CET 2014
LOADING TABLES: ./dbt2-mysql-build-db 			-d dbt2 			-w 75 			-g 
			-s /tmp/mysql.sock 			-f /tmp/dbt2_data
Neither host 'deskkemper05' nor 'localhost' could be looked up with
/usr/bin/resolveip
Please configure the 'hostname' command to return a correct
hostname.
If you want to solve this at a later stage, restart this script
with the --force option
Error status -> exit
Started on:   Mo 24. Feb 07:11:39 CET 2014
Expected end: Mo 24. Feb 07:12:39 CET 2014
LOADING TABLES: ./dbt2-mysql-build-db 			-d dbt2 			-w 75 			-g 			-s /tmp/mysql.sock 			-f /tmp/dbt2_data
Neither host 'deskkemper05' nor 'localhost' could be looked up with
/usr/bin/resolveip
Please configure the 'hostname' command to return a correct
hostname.
If you want to solve this at a later stage, restart this script
with the --force option
Error status -> exit
Started on:   Mo 24. Feb 07:12:05 CET 2014
Expected end: Mo 24. Feb 07:13:05 CET 2014
LOADING TABLES: ./dbt2-mysql-build-db 			-d dbt2 			-w 75 			-s /tmp/mysql.sock 			-f /tmp/dbt2_data
Neither host 'deskkemper05' nor 'localhost' could be looked up with
/usr/bin/resolveip
Please configure the 'hostname' command to return a correct
hostname.
If you want to solve this at a later stage, restart this script
with the --force option
Error status -> exit
Started on:   Mo 24. Feb 07:12:47 CET 2014
Expected end: Mo 24. Feb 07:13:47 CET 2014
LOADING TABLES: ./dbt2-mysql-build-db 			-d dbt2 			-w 75 			-g 			-s /tmp/mysql.sock 			-f /tmp/dbt2_data
Neither host 'deskkemper05' nor 'localhost' could be looked up with
/usr/bin/resolveip
Please configure the 'hostname' command to return a correct
hostname.
If you want to solve this at a later stage, restart this script
with the --force option
Error status -> exit
Started on:   Mo 24. Feb 07:13:00 CET 2014
Expected end: Mo 24. Feb 07:14:00 CET 2014
[unmodified]
LOADING TABLES: ./dbt2-mysql-build-db 			-d dbt2 			-w 75 			-g 			-s /tmp/mysql.sock 			-f /tmp/dbt2_data
Neither host 'deskkemper05' nor 'localhost' could be looked up with
/usr/bin/resolveip
Please configure the 'hostname' command to return a correct
hostname.
If you want to solve this at a later stage, restart this script
with the --force option
Error status -> exit
Started on:   Mo 24. Feb 07:13:31 CET 2014
Expected end: Mo 24. Feb 07:14:31 CET 2014
datadir: [unmodified]
LOADING TABLES: ./dbt2-mysql-build-db 			-d dbt2 			-w 75 			-g 			-s /tmp/mysql.sock 			-f /tmp/dbt2_data
Neither host 'deskkemper05' nor 'localhost' could be looked up with
/usr/bin/resolveip
Please configure the 'hostname' command to return a correct
hostname.
If you want to solve this at a later stage, restart this script
with the --force option
Error status -> exit
Started on:   Mo 24. Feb 07:14:03 CET 2014
Expected end: Mo 24. Feb 07:15:03 CET 2014
datadir: /home/htmsql/develop/mysql/mysql-5.6.10-unmodified
LOADING TABLES: ./dbt2-mysql-build-db 			-d dbt2 			-w 75 			-g 			-s /tmp/mysql.sock 			-f /tmp/dbt2_data
warehouses = 75
districts = 10
customers = 3000
items = 100000
orders = 3000
stock = 100000
new_orders = 900

Output directory of data files: /tmp/dbt2_data

Generating data files for 75 warehouse(s)...
Generating item table data...
Finished item table data...
Generating warehouse table data...
Finished warehouse table data...
Generating stock table data...
Finished stock table data...
Generating district table data...
Finished district table data...
Generating customer table data...
Finished customer table data...
Generating history table data...
Finished history table data...
Generating order and order-line table data...
Finished order and order-line table data...
Generating new-order table data...
Finished new-order table data...

Loading of DBT2 dataset located in /tmp/dbt2_data to database dbt2.

DB_ENGINE:      INNODB
DB_SCHEME:      OPTIMIZED
DB_HOST:        localhost
DB_USER:        root
DB_SOCKET:      /tmp/mysql.sock
DEFAULTS_FILE:  

Creating table STOCK
Creating table ITEM
Creating table ORDER_LINE
Creating table ORDERS
Creating table NEW_ORDER
Creating table HISTORY
Creating table CUSTOMER
Creating table DISTRICT
Creating table WAREHOUSE

Loading table customer
Loading table district
Loading table history
Loading table item
Loading table new_order
Loading table order_line
Loading table orders
Loading table stock
Loading table warehouse
LOADING STORED PROCEDURES: ./dbt2-mysql-load-stored-procs 			-d dbt2 			-s /tmp/mysql.sock 			-f ../storedproc/mysql

Loading of DBT2 SPs located in ../storedproc/mysql to database dbt2.

Load SP: delivery
Load SP: new_order
Load SP: new_order_2
Load SP: order_status
Load SP: payment
Load SP: stock_level
Backing up data to /home/htmsql/develop/mysql/mysql-5.6.10-unmodified/install/data_backup
output: /home/htmsql/develop/mysql/report-unmodified/137-20140224_0714-c_4-w_4
RUNNING TEST: ./dbt2-run-workload 		-a mysql 		-c 4 		-d 60 		-w 4 		-o /home/htmsql/develop/mysql/report-unmodified/137-20140224_0714-c_4-w_4
Sleeping for 30 sec before profiling
MySQL pid file '/home/htmsql/develop/mysql/mysql-5.6.10-unmodified/deskkemper05.pid' does not exist.
MySQL was not stopped, if it was running.
DBT-2 test for mysql started...

DATABASE SYSTEM: localhost
DATABASE NAME: dbt2
DATABASE SOCKET: /tmp/mysql.sock
DATABASE PORT: 3306
DATABASE CONNECTIONS: 4
TERMINAL THREADS: 40
TERMINALS PER WAREHOUSE: 10
WAREHOUSES PER THREAD/CLIENT PAIR: 4
SCALE FACTOR (WAREHOUSES): 4
DURATION OF TEST (in sec): 60
1 client stared every 1000 millisecond(s)

waiting for server
Stage 1. Starting up client...
./dbt2-client -t /tmp/mysql.sock -l 3306 -d dbt2 -u root -h localhost -f -c 4 -s 1000 -p 30000 -o /home/htmsql/develop/mysql/report-unmodified/137-20140224_0714-c_4-w_4/client/deskkemper05.1
Sleeping 5 seconds
collecting database statistics...

Stage 2. Starting up driver...
1000 threads started per millisecond
./dbt2-run-workload: line 650: ./vacuumdb: No such file or directory
estimated rampup time: Sleeping 50 seconds
PROFILING PERF: perf stat 		-T -p 5237 		sleep 120 		&>/home/htmsql/develop/mysql/report-unmodified/137-20140224_0714-c_4-w_4/perf.txt
estimated rampup time has elapsed
estimated steady state time: Sleeping 60 seconds

Stage 3. Processing of results...
Killing client...
MySQL pid file '/home/htmsql/develop/mysql/mysql-5.6.10-unmodified/deskkemper05.pid' does not exist.
MySQL was not stopped, if it was running.
Test completed.
Results are in: /home/htmsql/develop/mysql/report-unmodified/137-20140224_0714-c_4-w_4

No data was collected during the steady state portion of the test.
ANALYZING RESULTS: python ../../dbttools/bin/dbt2-generate-report 	--dbms mysql 	--i /home/htmsql/develop/mysql/report-unmodified/137-20140224_0714-c_4-w_4
Fehler in FUN(X[[1L]], ...) : 
  nur für einen data frame definiert, mit nur nummerischen Variablen
Traceback (most recent call last):
  File "./../../dbttools/bin/dbt-plot-transaction-distribution", line 95, in <module>
    xmax = r.max(elapsed_time.rx(1))[0]
  File "/usr/local/lib/python2.7/dist-packages/rpy2/robjects/functions.py", line 86, in __call__
    return super(SignatureTranslatedFunction, self).__call__(*args, **kwargs)
  File "/usr/local/lib/python2.7/dist-packages/rpy2/robjects/functions.py", line 35, in __call__
    res = super(Function, self).__call__(*new_args, **new_kwargs)
rpy2.rinterface.RRuntimeError: Fehler in FUN(X[[1L]], ...) : 
  nur für einen data frame definiert, mit nur nummerischen Variablen

Fehler in FUN(X[[1L]], ...) : 
  nur für einen data frame definiert, mit nur nummerischen Variablen
Traceback (most recent call last):
  File "./../../dbttools/bin/dbt-plot-transaction-distribution", line 95, in <module>
    xmax = r.max(elapsed_time.rx(1))[0]
  File "/usr/local/lib/python2.7/dist-packages/rpy2/robjects/functions.py", line 86, in __call__
    return super(SignatureTranslatedFunction, self).__call__(*args, **kwargs)
  File "/usr/local/lib/python2.7/dist-packages/rpy2/robjects/functions.py", line 35, in __call__
    res = super(Function, self).__call__(*new_args, **new_kwargs)
rpy2.rinterface.RRuntimeError: Fehler in FUN(X[[1L]], ...) : 
  nur für einen data frame definiert, mit nur nummerischen Variablen

Fehler in FUN(X[[1L]], ...) : 
  nur für einen data frame definiert, mit nur nummerischen Variablen
Traceback (most recent call last):
  File "./../../dbttools/bin/dbt-plot-transaction-distribution", line 95, in <module>
    xmax = r.max(elapsed_time.rx(1))[0]
  File "/usr/local/lib/python2.7/dist-packages/rpy2/robjects/functions.py", line 86, in __call__
    return super(SignatureTranslatedFunction, self).__call__(*args, **kwargs)
  File "/usr/local/lib/python2.7/dist-packages/rpy2/robjects/functions.py", line 35, in __call__
    res = super(Function, self).__call__(*new_args, **new_kwargs)
rpy2.rinterface.RRuntimeError: Fehler in FUN(X[[1L]], ...) : 
  nur für einen data frame definiert, mit nur nummerischen Variablen

Fehler in FUN(X[[1L]], ...) : 
  nur für einen data frame definiert, mit nur nummerischen Variablen
Traceback (most recent call last):
  File "./../../dbttools/bin/dbt-plot-transaction-distribution", line 95, in <module>
    xmax = r.max(elapsed_time.rx(1))[0]
  File "/usr/local/lib/python2.7/dist-packages/rpy2/robjects/functions.py", line 86, in __call__
    return super(SignatureTranslatedFunction, self).__call__(*args, **kwargs)
  File "/usr/local/lib/python2.7/dist-packages/rpy2/robjects/functions.py", line 35, in __call__
    res = super(Function, self).__call__(*new_args, **new_kwargs)
rpy2.rinterface.RRuntimeError: Fehler in FUN(X[[1L]], ...) : 
  nur für einen data frame definiert, mit nur nummerischen Variablen

Traceback (most recent call last):
  File "./../../dbttools/bin/dbt-plot-transaction-distribution", line 14, in <module>
    import rpy2.robjects as robjects
  File "/usr/local/lib/python2.7/dist-packages/rpy2/robjects/__init__.py", line 19, in <module>
    from rpy2.robjects.vectors import *
  File "/usr/local/lib/python2.7/dist-packages/rpy2/robjects/vectors.py", line 1, in <module>
    from rpy2.robjects.robject import RObjectMixin, RObject
KeyboardInterrupt
Output flag not set - setting output=input
Generating mpstat, iostat, and vmstat charts for driver systems...
Moving on to database system stats...
Generating transaction distribution charts...
Generating mpstat charts...
Generating iostat charts...
Generating vmstat charts...
Generating transaction rate charts...
Generating database statistics charts...
Traceback (most recent call last):
  File "../../dbttools/bin/dbt2-generate-report", line 196, in <module>
    h.write('<td>%s</td>\n' % p.communicate()[0].split()[0])
IndexError: list index out of range
Run was interrupted by Control-C.
./dbt2-run-workload: no process found
Error status -> exit
Started on:   Mo 24. Feb 07:32:22 CET 2014
Expected end: Mo 24. Feb 07:33:22 CET 2014
LOADING TABLES: ./dbt2-mysql-build-db 			-d dbt2 			-w 75 			-g 			-s /tmp/mysql.sock 			-f /tmp/dbt2_data
warehouses = 75
districts = 10
customers = 3000
items = 100000
orders = 3000
stock = 100000
new_orders = 900

Output directory of data files: /tmp/dbt2_data

Generating data files for 75 warehouse(s)...
Generating item table data...
Finished item table data...
Generating warehouse table data...
Finished warehouse table data...
Generating stock table data...
Finished stock table data...
Generating district table data...
Finished district table data...
Generating customer table data...
Finished customer table data...
Generating history table data...
Finished history table data...
Generating order and order-line table data...
Finished order and order-line table data...
Generating new-order table data...
Finished new-order table data...

Loading of DBT2 dataset located in /tmp/dbt2_data to database dbt2.

DB_ENGINE:      INNODB
DB_SCHEME:      OPTIMIZED
DB_HOST:        localhost
DB_USER:        root
DB_SOCKET:      /tmp/mysql.sock
DEFAULTS_FILE:  

Creating table STOCK
Creating table ITEM
Creating table ORDER_LINE
Creating table ORDERS
Creating table NEW_ORDER
Creating table HISTORY
Creating table CUSTOMER
Creating table DISTRICT
Creating table WAREHOUSE

Loading table customer
Loading table district
Loading table history
Loading table item
Loading table new_order
Loading table order_line
Loading table orders
Loading table stock
Started on:   Di 25. Feb 01:07:15 CET 2014
Expected end: Di 25. Feb 01:08:15 CET 2014
STOPPING DATABASE: /home/htmsql/develop/mysql/mysql-5.6.10-unmodified/install/bin/mysqladmin --no-defaults -u root shutdown
/home/htmsql/develop/mysql/mysql-5.6.10-unmodified/install/bin/mysqladmin: connect to server at 'localhost' failed
error: 'Can't connect to local MySQL server through socket '/tmp/mysql.sock' (2)'
Check that mysqld is running and that the socket: '/tmp/mysql.sock' exists!
cp: cannot stat ‘/home/htmsql/develop/mysql/mysql-5.6.10-unmodified/install/data.backup/*’: No such file or directory
cp: cannot stat ‘/home/htmsql/develop/mysql/mysql-5.6.10-unmodified/my.cnf.backup’: No such file or directory
output: /home/htmsql/develop/mysql/report-unmodified/142-20140225_0107-c_4-w_4
STARTING DATABASE: /home/htmsql/develop/mysql/mysql-5.6.10-unmodified/install/bin/mysqld --no-defaults 		--max_connections=1000 		--performance_schema=OFF 		--table_open_cache_instances=32 		--query_cache_type=0 		--query_cache_size=0 		--innodb_buffer_pool_size=21474836480 		--innodb_log_file_size=268435456 		--innodb_log_buffer_size=16777216 		--innodb_flush_method=fsync 		--innodb_flush_log_at_trx_commit=2
RUNNING TEST: ./dbt2-run-workload 		-a mysql 		-c 4 		-d 60 		-w 4 		-o /home/htmsql/develop/mysql/report-unmodified/142-20140225_0107-c_4-w_4
2014-02-25 01:07:15 0 [Warning] TIMESTAMP with implicit DEFAULT value is deprecated. Please use --explicit_defaults_for_timestamp server option (see documentation for more details).
2014-02-25 01:07:15 0 [Warning] Changed limits: max_open_files: 4096  max_connections: 1000  table_cache: 1543
Sleeping for 30 sec before profiling
2014-02-25 01:07:15 19549 [Warning] Can't create test file /home/htmsql/develop/mysql/mysql-5.6.10-unmodified/install/data/deskkemper05.lower-test
2014-02-25 01:07:15 19549 [Warning] Can't create test file /home/htmsql/develop/mysql/mysql-5.6.10-unmodified/install/data/deskkemper05.lower-test
/home/htmsql/develop/mysql/mysql-5.6.10-unmodified/install/bin/mysqld: Can't change dir to '/home/htmsql/develop/mysql/mysql-5.6.10-unmodified/install/data/' (Errcode: 2 - No such file or directory)
2014-02-25 01:07:15 19549 [ERROR] Aborting

2014-02-25 01:07:15 19549 [Note] Binlog end
2014-02-25 01:07:15 19549 [Note] /home/htmsql/develop/mysql/mysql-5.6.10-unmodified/install/bin/mysqld: Shutdown complete

ERROR: DBT2DATADIR must be set
cleaning up results...
PROFILING PERF: perf stat 		-T -p 19549 		sleep 120 		&>/home/htmsql/develop/mysql/report-unmodified/142-20140225_0107-c_4-w_4/perf.txt
./util.sh: line 38: /home/htmsql/develop/mysql/report-unmodified/142-20140225_0107-c_4-w_4/perf.txt: No such file or directory
Run was interrupted by Control-C.
./dbt2-run-workload: no process found
perf: no process found
ANALYZING RESULTS: python ../../dbttools/bin/dbt2-generate-report 	--dbms mysql 	--i /home/htmsql/develop/mysql/report-unmodified/142-20140225_0107-c_4-w_4
Output flag not set - setting output=input
Generating mpstat, iostat, and vmstat charts for driver systems...
Traceback (most recent call last):
  File "../../dbttools/bin/dbt2-generate-report", line 84, in <module>
    for dir in listdir('%s/driver' % indir):
OSError: [Errno 2] No such file or directory: '/home/htmsql/develop/mysql/report-unmodified/142-20140225_0107-c_4-w_4/driver'
mv: cannot move ‘/home/htmsql/develop/mysql/report-unmodified/stdout.log’ to ‘/home/htmsql/develop/mysql/report-unmodified/142-20140225_0107-c_4-w_4/stdout.log’: No such file or directory
Started on:   Di 25. Feb 04:37:09 CET 2014
Expected end: Di 25. Feb 04:38:09 CET 2014
STARTING DATABASE: /home/htmsql/develop/mysql/mysql-5.6.10-unmodified/install/bin/mysqld --no-defaults 		--max_connections=1000 		--performance_schema=OFF 		--table_open_cache_instances=32 		--query_cache_type=0 		--query_cache_size=0 		--innodb_buffer_pool_size=21474836480 		--innodb_log_file_size=268435456 		--innodb_log_buffer_size=16777216 		--innodb_flush_method=fsync 		--innodb_flush_log_at_trx_commit=2
2014-02-25 04:37:09 0 [Warning] TIMESTAMP with implicit DEFAULT value is deprecated. Please use --explicit_defaults_for_timestamp server option (see documentation for more details).
2014-02-25 04:37:09 0 [Warning] Changed limits: max_open_files: 4096  max_connections: 1000  table_cache: 1543
2014-02-25 04:37:09 17723 [Note] Plugin 'FEDERATED' is disabled.
2014-02-25 04:37:09 17723 [Note] InnoDB: The InnoDB memory heap is disabled
2014-02-25 04:37:09 17723 [Note] InnoDB: Mutexes and rw_locks use GCC atomic builtins
2014-02-25 04:37:09 17723 [Note] InnoDB: Compressed tables use zlib 1.2.3
2014-02-25 04:37:09 17723 [Note] InnoDB: CPU does not support crc32 instructions
2014-02-25 04:37:09 17723 [Note] InnoDB: Initializing buffer pool, size = 20.0G
2014-02-25 04:37:10 17723 [Note] InnoDB: Completed initialization of buffer pool
2014-02-25 04:37:10 17723 [Note] InnoDB: Highest supported file format is Barracuda.
2014-02-25 04:37:10 17723 [Warning] InnoDB: Resizing redo log from 2*3072 to 2*16384 pages, LSN=1625997
2014-02-25 04:37:10 17723 [Warning] InnoDB: Starting to delete and rewrite log files.
2014-02-25 04:37:10 17723 [Note] InnoDB: Setting log file ./ib_logfile101 size to 256 MB
InnoDB: Progress in MB: 100 200
2014-02-25 04:37:11 17723 [Note] InnoDB: Setting log file ./ib_logfile1 size to 256 MB
InnoDB: Progress in MB: 100 200
2014-02-25 04:37:11 17723 [Note] InnoDB: Renaming log file ./ib_logfile101 to ./ib_logfile0
2014-02-25 04:37:11 17723 [Warning] InnoDB: New log files created, LSN=1625997
2014-02-25 04:37:11 17723 [Note] InnoDB: 128 rollback segment(s) are active.
2014-02-25 04:37:11 17723 [Note] InnoDB: Waiting for purge to start
2014-02-25 04:37:11 17723 [Note] InnoDB: 1.2.10 started; log sequence number 1625997
2014-02-25 04:37:11 17723 [Note] Server hostname (bind-address): '*'; port: 3306
2014-02-25 04:37:11 17723 [Note] IPv6 is available.
2014-02-25 04:37:11 17723 [Note]   - '::' resolves to '::';
2014-02-25 04:37:11 17723 [Note] Server socket created on IP: '::'.
2014-02-25 04:37:11 17723 [Note] Event Scheduler: Loaded 0 events
2014-02-25 04:37:11 17723 [Note] /home/htmsql/develop/mysql/mysql-5.6.10-unmodified/install/bin/mysqld: ready for connections.
Version: '5.6.10'  socket: '/tmp/mysql.sock'  port: 3306  Source distribution
LOADING TABLES: ./dbt2-mysql-build-db 			-d dbt2 			-w 75 			-g 			-s /tmp/mysql.sock 			-f /tmp/dbt2_data
warehouses = 75
districts = 10
customers = 3000
items = 100000
orders = 3000
stock = 100000
new_orders = 900

Output directory of data files: /tmp/dbt2_data

Generating data files for 75 warehouse(s)...
Generating item table data...
Finished item table data...
Generating warehouse table data...
Finished warehouse table data...
Generating stock table data...
Finished stock table data...
Generating district table data...
Finished district table data...
Generating customer table data...
Finished customer table data...
Generating history table data...
Finished history table data...
Generating order and order-line table data...
Finished order and order-line table data...
Generating new-order table data...
Finished new-order table data...

Loading of DBT2 dataset located in /tmp/dbt2_data to database dbt2.

DB_ENGINE:      INNODB
DB_SCHEME:      OPTIMIZED
DB_HOST:        localhost
DB_USER:        root
DB_SOCKET:      /tmp/mysql.sock
DEFAULTS_FILE:  

Creating table STOCK
Creating table ITEM
Creating table ORDER_LINE
Creating table ORDERS
Creating table NEW_ORDER
Creating table HISTORY
Creating table CUSTOMER
Creating table DISTRICT
Creating table WAREHOUSE

Loading table customer
Loading table district
Loading table history
Loading table item
Loading table new_order
Loading table order_line
Loading table orders
Loading table stock
