1393376878,s,C,0.031656,140056100022016
1393376879,s,C,0.018681,140056099886848
1393376880,D,C,0.040423,140056099751680
1393376880,D,C,0.047804,140056099751680
1393376880,D,C,0.055876,140056099751680
1393376880,D,C,0.064474,140056099751680
1393376880,D,C,0.073309,140056099751680
1393376880,D,C,0.081076,140056099751680
1393376880,D,C,0.089909,140056099751680
1393376880,D,C,0.099412,140056099751680
1393376880,D,C,0.106318,140056099751680
1393376880,d,C,0.113109,140056099751680
1393376881,s,C,0.012837,140056099616512
1393376882,o,C,0.012528,140056099481344
1393376882,s,C,0.003322,140056100022016
1393376883,o,C,0.012040,140056099346176
1393376885,p,C,0.005739,140056099211008
1393376885,s,C,0.014941,140056099751680
1393376886,p,C,0.011104,140056099075840
1393376886,s,C,0.001698,140056099616512
1393376886,s,C,0.004144,140056100022016
1393376886,s,C,0.025769,140056098940672
1393376887,s,C,0.021775,140056098805504
1393376888,D,C,0.014523,140056098670336
1393376888,D,C,0.021604,140056098670336
1393376888,D,C,0.027999,140056098670336
1393376888,D,C,0.035487,140056098670336
1393376888,D,C,0.042058,140056098670336
1393376888,D,C,0.048896,140056098670336
1393376888,D,C,0.056038,140056098670336
1393376888,D,C,0.064874,140056098670336
1393376888,D,C,0.071136,140056098670336
1393376888,d,C,0.077894,140056098670336
1393376889,o,C,0.008416,140056099616512
1393376889,s,C,0.003700,140056100022016
1393376889,s,C,0.012957,140056098535168
1393376890,o,C,0.007321,140056099886848
1393376890,o,C,0.011088,140056098400000
1393376891,o,C,0.009375,140056098670336
1393376891,s,C,0.015866,140056098264832
1393376891,s,C,0.023337,140056099481344
1393376892,o,C,0.007083,140056086427392
1393376892,p,C,0.008683,140056098805504
1393376893,o,C,0.005529,140056099751680
1393376894,o,C,0.010786,140056086157056
1393376894,o,C,0.011353,140056098264832
1393376894,p,C,0.005727,140056098535168
1393376894,p,C,0.006600,140056086292224
1393376894,s,C,0.001654,140056098805504
1393376894,s,C,0.014170,140056099211008
1393376895,c,C,0.000682,140056099751680
1393376895,s,C,0.004689,140056099616512
1393376895,s,C,0.021741,140056086021888
1393376896,o,C,0.007831,140056099481344
1393376896,s,C,0.001581,140056100022016
1393376896,s,C,0.016898,140056085886720
1393376897,o,C,0.003253,140056099075840
1393376897,o,C,0.008821,140056085751552
1393376897,s,C,0.018449,140056098670336
1393376898,c,C,0.000508,140056099751680
1393376898,o,C,0.004737,140056099616512
1393376898,s,C,0.017617,140056085616384
1393376899,o,C,0.012018,140056085481216
1393376900,o,C,0.003901,140056085346048
1393376900,o,C,0.007792,140056099616512
1393376900,s,C,0.003287,140056100022016
1393376901,o,C,0.007340,140056085886720
1393376901,s,C,0.009778,140056085210880
1393376902,o,C,0.010378,140056085751552
1393376902,o,C,0.010727,140056085075712
1393376902,p,C,0.011244,140056098805504
1393376902,s,C,0.002101,140056099886848
1393376903,o,C,0.007470,140056098535168
1393376903,s,C,0.011893,140056084940544
1393376904,o,C,0.005199,140056084805376
1393376904,o,C,0.005925,140056098670336
1393376904,o,C,0.005951,140056099346176
1393376904,s,C,0.004049,140056085616384
1393376906,o,C,0.002390,140056084535040
1393376906,o,C,0.002803,140056099075840
1393376906,o,C,0.010278,140056085751552
1393376906,s,C,0.003564,140056085616384
1393376907,o,C,0.008023,140056084399872
1393376908,D,C,0.027894,140056099886848
1393376908,D,C,0.034375,140056099886848
1393376908,D,C,0.040413,140056099886848
1393376908,D,C,0.047750,140056099886848
1393376908,D,C,0.054516,140056099886848
1393376908,D,C,0.062839,140056099886848
1393376908,n,C,0.007975,140056098940672
1393376908,o,C,0.005847,140056099751680
1393376908,o,C,0.007886,140056099616512
1393376908,s,C,0.002901,140056085616384
1393376909,D,C,0.070294,140056099886848
1393376909,D,C,0.077997,140056099886848
1393376909,D,C,0.084969,140056099886848
1393376909,d,C,0.091589,140056099886848
1393376910,o,C,0.003602,140056099211008
1393376910,o,C,0.005988,140056099751680
1393376910,p,C,0.006967,140056084805376
1393376911,o,C,0.004678,140056098535168
1393376911,p,C,0.011724,140056083994368
1393376911,s,C,0.018279,140056083859200
1393376912,o,C,0.002978,140056099616512
1393376912,o,C,0.005996,140056083724032
1393376913,o,C,0.003284,140056083588864
1393376913,o,C,0.008667,140056084940544
1393376914,o,C,0.001961,140056099346176
1393376914,s,C,0.023198,140056083453696
1393376915,n,C,0.028208,140056086021888
1393376915,o,C,0.002881,140056083318528
1393376915,s,C,0.011939,140056085751552
1393376916,n,C,0.022629,140056086292224
1393376916,o,C,0.003863,140056083183360
1393376916,START,,,
1393376917,n,C,0.016019,140056086157056
1393376917,o,C,0.007371,140056083048192
1393376917,s,C,0.003324,140056083453696
1393376918,s,C,0.001421,140056084940544
1393376918,s,C,0.001620,140056099211008
1393376919,o,C,0.003536,140056085481216
1393376919,s,C,0.014633,140056085075712
1393376919,s,C,0.017822,140056083994368
1393376920,n,C,0.010347,140056100022016
1393376920,p,C,0.004369,140056085616384
1393376920,s,C,0.001342,140056086021888
1393376920,s,C,0.004132,140056083859200
1393376920,s,C,0.008707,140056086292224
1393376920,s,C,0.012932,140056084399872
1393376921,c,C,0.000451,140056084805376
1393376921,c,C,0.000561,140056083048192
1393376921,D,C,0.014714,140056085886720
1393376921,D,C,0.023625,140056085886720
1393376921,D,C,0.029677,140056085886720
1393376921,D,C,0.036182,140056085886720
1393376921,D,C,0.043160,140056085886720
1393376921,D,C,0.050864,140056085886720
1393376921,D,C,0.058693,140056085886720
1393376921,D,C,0.064631,140056085886720
1393376921,D,C,0.071024,140056085886720
1393376921,d,C,0.076827,140056085886720
1393376921,n,C,0.024124,140056084670208
1393376921,o,C,0.002819,140056099346176
1393376922,n,C,0.011663,140056086427392
1393376922,s,C,0.003795,140056084940544
1393376923,o,C,0.001360,140056083859200
1393376923,o,C,0.005522,140056085481216
1393376923,p,C,0.005724,140056098535168
1393376923,s,C,0.003901,140056084399872
1393376923,s,C,0.010629,140056083048192
1393376924,c,C,0.000268,140056083453696
1393376924,n,C,0.013783,140056084264704
1393376924,o,C,0.003287,140056085075712
1393376924,o,C,0.005710,140056098670336
1393376924,p,C,0.009579,140056083994368
1393376925,c,C,0.000514,140056098264832
1393376925,n,C,0.014475,140056085210880
1393376925,n,C,0.059020,140056084129536
1393376925,o,C,0.003465,140056086292224
1393376926,o,C,0.002444,140056085886720
1393376926,o,C,0.006497,140056083183360
1393376926,o,C,0.006897,140056083453696
1393376926,p,C,0.008055,140056098940672
1393376927,o,C,0.001838,140056086292224
1393376927,o,C,0.004810,140056083994368
1393376927,o,C,0.007004,140056085481216
1393376928,c,C,0.000567,140056099211008
1393376928,p,C,0.005427,140056084399872
1393376929,D,C,0.026673,140056083994368
1393376929,D,C,0.033955,140056083994368
1393376929,D,C,0.040658,140056083994368
1393376929,D,C,0.047375,140056083994368
1393376929,D,C,0.054031,140056083994368
1393376929,D,C,0.060342,140056083994368
1393376929,D,C,0.066310,140056083994368
1393376929,D,C,0.073503,140056083994368
1393376929,D,C,0.079766,140056083994368
1393376929,d,C,0.086821,140056083994368
1393376929,o,C,0.002602,140056086292224
1393376929,o,C,0.002607,140056085346048
1393376930,o,C,0.001514,140056099211008
1393376930,o,C,0.008606,140056084670208
1393376930,s,C,0.007818,140056084535040
1393376930,s,C,0.014603,140056083318528
1393376931,o,C,0.003010,140056083859200
1393376931,o,C,0.003996,140056083048192
1393376931,p,C,0.004639,140056083724032
1393376932,o,C,0.002443,140056084940544
1393376932,o,C,0.005903,140056085751552
1393376932,p,C,0.004879,140056084805376
1393376933,o,C,0.009244,140056099616512
1393376933,p,C,0.005277,140056084535040
1393376933,s,C,0.002897,140056085616384
1393376933,s,C,0.004176,140056098805504
1393376934,o,C,0.002352,140056084670208
1393376934,o,C,0.003093,140056084805376
1393376934,p,C,0.004828,140056083048192
1393376934,s,C,0.001331,140056099751680
1393376935,p,C,0.003360,140056083859200
1393376935,s,C,0.002776,140056085616384
1393376936,o,C,0.006316,140056083048192
1393376936,s,C,0.003386,140056083994368
1393376937,o,C,0.010253,140056084940544
1393376938,o,C,0.003394,140056099211008
1393376938,o,C,0.004798,140056086021888
1393376938,s,C,0.012546,140056083724032
1393376939,o,C,0.007995,140056084805376
1393376939,s,C,0.013285,140056086427392
1393376940,n,C,0.005188,140056098400000
1393376940,o,C,0.002395,140056098670336
1393376940,o,C,0.002787,140056099886848
1393376940,s,C,0.003690,140056086292224
1393376941,o,C,0.000973,140056099751680
1393376941,o,C,0.002617,140056086427392
1393376941,s,C,0.003537,140056099616512
1393376941,s,C,0.004361,140056086021888
1393376942,o,C,0.002233,140056084805376
1393376942,o,C,0.003014,140056099211008
1393376942,o,C,0.005596,140056085075712
1393376942,o,C,0.010226,140056099481344
1393376942,s,C,0.002919,140056098805504
1393376943,c,C,0.000165,140056100022016
1393376943,D,C,0.024222,140056086292224
1393376943,D,C,0.030742,140056086292224
1393376943,D,C,0.038789,140056086292224
1393376943,D,C,0.045050,140056086292224
1393376943,D,C,0.052720,140056086292224
1393376943,D,C,0.060442,140056086292224
1393376943,D,C,0.067967,140056086292224
1393376943,D,C,0.073447,140056086292224
1393376943,D,C,0.078604,140056086292224
1393376943,d,C,0.084974,140056086292224
1393376943,o,C,0.001754,140056083724032
1393376943,o,C,0.007407,140056085616384
1393376945,o,C,0.002079,140056099616512
1393376945,o,C,0.003067,140056086157056
1393376945,o,C,0.005315,140056084535040
1393376945,o,C,0.005452,140056098535168
1393376945,o,C,0.005564,140056085751552
1393376945,o,C,0.007354,140056086021888
1393376945,s,C,0.004030,140056099211008
1393376945,s,C,0.004451,140056083859200
1393376945,s,C,0.016737,140056085346048
1393376946,o,C,0.006790,140056084805376
1393376946,o,C,0.007139,140056098805504
1393376946,s,C,0.002295,140056083724032
1393376947,D,C,0.010167,140056083994368
1393376947,D,C,0.016711,140056083994368
1393376947,D,C,0.022956,140056083994368
1393376947,D,C,0.030342,140056083994368
1393376947,D,C,0.036446,140056083994368
1393376947,D,C,0.044508,140056083994368
1393376947,D,C,0.073549,140056083994368
1393376947,D,C,0.080472,140056083994368
1393376947,D,C,0.086140,140056083994368
1393376947,d,C,0.091309,140056083994368
1393376947,s,C,0.003409,140056100022016
1393376948,D,C,0.016256,140056085751552
1393376948,D,C,0.022565,140056085751552
1393376948,D,C,0.029717,140056085751552
1393376948,D,C,0.034888,140056085751552
1393376948,D,C,0.039819,140056085751552
1393376948,D,C,0.046871,140056085751552
1393376948,D,C,0.054265,140056085751552
1393376948,D,C,0.060290,140056085751552
1393376948,D,C,0.066857,140056085751552
1393376948,d,C,0.073348,140056085751552
1393376948,o,C,0.004076,140056084535040
1393376948,o,C,0.005751,140056086292224
1393376948,p,C,0.005301,140056084264704
1393376948,s,C,0.003248,140056085616384
1393376948,s,C,0.004064,140056083724032
1393376949,D,C,0.006211,140056099616512
1393376949,D,C,0.011380,140056099616512
1393376949,D,C,0.016146,140056099616512
1393376949,D,C,0.021013,140056099616512
1393376949,D,C,0.027353,140056099616512
1393376949,D,C,0.033181,140056099616512
1393376949,D,C,0.038997,140056099616512
1393376949,D,C,0.044007,140056099616512
1393376949,D,C,0.048563,140056099616512
1393376949,d,C,0.053577,140056099616512
1393376949,s,C,0.003661,140056083994368
1393376950,s,C,0.002861,140056083859200
1393376950,s,C,0.003641,140056083318528
1393376950,s,C,0.004023,140056098264832
1393376951,n,C,0.009446,140056085481216
1393376951,n,C,0.023723,140056084129536
1393376951,o,C,0.003229,140056085346048
1393376951,p,C,0.004085,140056086292224
1393376952,o,C,0.002657,140056098535168
1393376952,s,C,0.002938,140056083994368
1393376952,s,C,0.003771,140056085751552
1393376953,o,C,0.002441,140056099616512
1393376953,o,C,0.006022,140056099346176
1393376953,s,C,0.002898,140056084940544
1393376953,s,C,0.003282,140056083724032
1393376953,s,C,0.003702,140056083318528
1393376953,s,C,0.003911,140056085886720
1393376954,o,C,0.003233,140056099211008
1393376954,s,C,0.002755,140056086021888
1393376954,s,C,0.003166,140056085616384
1393376954,s,C,0.003621,140056099886848
1393376954,s,C,0.003743,140056098264832
1393376955,n,C,0.011884,140056098940672
1393376955,n,C,0.024804,140056099075840
1393376955,o,C,0.002697,140056084129536
1393376956,o,C,0.003298,140056084805376
1393376956,s,C,0.010768,140056098400000
1393376957,o,C,0.002150,140056084264704
1393376957,s,C,0.002216,140056085886720
1393376957,s,C,0.002780,140056098805504
1393376958,c,C,0.000489,140056085616384
1393376958,n,C,0.006335,140056083588864
1393376958,o,C,0.003205,140056085481216
1393376958,o,C,0.003417,140056098940672
1393376959,o,C,0.002237,140056099886848
1393376959,s,C,0.001690,140056083048192
1393376959,s,C,0.002824,140056098400000
1393376959,s,C,0.003099,140056083318528
1393376961,n,C,0.009619,140056085075712
1393376961,o,C,0.002681,140056083453696
1393376961,s,C,0.002623,140056083994368
1393376961,s,C,0.003397,140056083318528
1393376962,D,C,0.012474,140056083183360
1393376962,D,C,0.018380,140056083183360
1393376962,D,C,0.024491,140056083183360
1393376962,D,C,0.028679,140056083183360
1393376962,D,C,0.034582,140056083183360
1393376962,o,C,0.006404,140056098264832
1393376962,s,C,0.010129,140056084129536
1393376963,c,C,0.000400,140056099481344
1393376963,D,C,0.040825,140056083183360
1393376963,D,C,0.045488,140056083183360
1393376963,D,C,0.054952,140056083183360
1393376963,D,C,0.060733,140056083183360
1393376963,d,C,0.066956,140056083183360
1393376963,o,C,0.001268,140056084264704
1393376963,o,C,0.003700,140056099346176
1393376963,s,C,0.003225,140056085886720
1393376963,s,C,0.003995,140056085075712
1393376963,s,C,0.004378,140056083048192
1393376964,s,C,0.003781,140056086427392
1393376965,n,C,0.012577,140056086157056
1393376965,o,C,0.002384,140056098400000
1393376965,o,C,0.003282,140056086021888
1393376965,o,C,0.004053,140056099075840
1393376965,o,C,0.006729,140056083048192
1393376965,p,C,0.001705,140056098670336
1393376965,p,C,0.004098,140056083318528
1393376965,p,C,0.006195,140056084940544
1393376965,s,C,0.003431,140056083859200
1393376965,s,C,0.021054,140056085481216
1393376966,c,C,0.000505,140056083183360
1393376966,D,C,0.017491,140056098264832
1393376966,D,C,0.027532,140056098264832
1393376966,D,C,0.035820,140056098264832
1393376966,D,C,0.043870,140056098264832
1393376966,D,C,0.051258,140056098264832
1393376966,D,C,0.058755,140056098264832
1393376966,D,C,0.066120,140056098264832
1393376966,D,C,0.072892,140056098264832
1393376966,D,C,0.079630,140056098264832
1393376966,d,C,0.087204,140056098264832
1393376966,s,C,0.003395,140056085886720
1393376966,s,C,0.003587,140056099481344
1393376966,s,C,0.007990,140056084264704
1393376967,o,C,0.002096,140056086292224
1393376967,o,C,0.002538,140056099346176
1393376968,o,C,0.002627,140056099886848
1393376968,p,C,0.002666,140056099751680
1393376968,s,C,0.003270,140056100022016
1393376968,s,C,0.010401,140056086157056
1393376969,p,C,0.004275,140056084940544
1393376969,p,C,0.004503,140056086427392
1393376969,s,C,0.009538,140056084670208
1393376970,D,C,0.015469,140056084129536
1393376970,D,C,0.021386,140056084129536
1393376970,D,C,0.027172,140056084129536
1393376970,D,C,0.033269,140056084129536
1393376970,D,C,0.037291,140056084129536
1393376970,n,C,0.007223,140056084399872
1393376970,o,C,0.003959,140056083183360
1393376970,s,C,0.001427,140056083859200
1393376971,c,C,0.000516,140056086292224
1393376971,D,C,0.043648,140056084129536
1393376971,D,C,0.050691,140056084129536
1393376971,D,C,0.056562,140056084129536
1393376971,D,C,0.062070,140056084129536
1393376971,d,C,0.068393,140056084129536
1393376971,n,C,0.010052,140056085346048
1393376971,n,C,0.014247,140056085751552
1393376971,o,C,0.002342,140056084264704
1393376971,s,C,0.004111,140056085481216
1393376972,o,C,0.006213,140056099075840
1393376972,o,C,0.006649,140056099616512
1393376973,o,C,0.001519,140056099211008
1393376973,o,C,0.006112,140056083318528
1393376974,c,C,0.000360,140056084535040
1393376974,o,C,0.002783,140056086157056
1393376974,o,C,0.007649,140056098940672
1393376974,s,C,0.002838,140056083724032
1393376974,s,C,0.003888,140056085346048
1393376974,s,C,0.010217,140056084805376
1393376975,o,C,0.002510,140056086292224
1393376975,o,C,0.002674,140056083453696
1393376975,s,C,0.002217,140056084129536
1393376975,s,C,0.002853,140056099886848
1393376975,s,C,0.003287,140056086021888
1393376976,D,C,0.011556,140056083048192
1393376976,D,C,0.016429,140056083048192
1393376976,D,C,0.022572,140056083048192
1393376976,D,C,0.030616,140056083048192
1393376976,D,C,0.037820,140056083048192
1393376976,D,C,0.043780,140056083048192
1393376976,D,C,0.050211,140056083048192
1393376976,D,C,0.059111,140056083048192
1393376976,D,C,0.067088,140056083048192
1393376976,d,C,0.076545,140056083048192
1393376976,o,C,0.002542,140056085751552
1393376976,s,C,0.003859,140056085481216
1393376977,c,C,0.000523,140056083724032
1393376977,D,C,0.009680,140056100022016
1393376977,D,C,0.017636,140056100022016
1393376977,D,C,0.024308,140056100022016
1393376977,D,C,0.030846,140056100022016
1393376977,D,C,0.036531,140056100022016
1393376977,D,C,0.042241,140056100022016
1393376977,D,C,0.048494,140056100022016
1393376977,D,C,0.053540,140056100022016
1393376977,D,C,0.059307,140056100022016
1393376977,d,C,0.068416,140056100022016
1393376977,o,C,0.008335,140056098805504
1393376977,s,C,0.003392,140056086157056
1393376978,n,C,0.020272,140056085616384
1393376978,o,C,0.004312,140056099886848
1393376978,p,C,0.002689,140056098264832
1393376978,s,C,0.001810,140056085886720
1393376979,D,C,0.013326,140056084670208
1393376979,D,C,0.017857,140056084670208
1393376979,D,C,0.022357,140056084670208
1393376979,D,C,0.029195,140056084670208
1393376979,D,C,0.034619,140056084670208
1393376979,D,C,0.042257,140056084670208
1393376979,D,C,0.049219,140056084670208
1393376979,D,C,0.053029,140056084670208
1393376979,D,C,0.057776,140056084670208
1393376979,d,C,0.062499,140056084670208
1393376979,o,C,0.006011,140056098940672
1393376979,s,C,0.001795,140056098535168
1393376980,o,C,0.005893,140056099075840
1393376980,s,C,0.002556,140056086157056
1393376981,o,C,0.002377,140056084129536
1393376981,s,C,0.008696,140056099346176
1393376982,o,C,0.002854,140056098940672
1393376982,o,C,0.006869,140056086021888
1393376984,o,C,0.003211,140056086157056
1393376984,s,C,0.003898,140056085346048
1393376985,o,C,0.006903,140056085481216
1393376985,o,C,0.009085,140056084535040
1393376985,s,C,0.004324,140056083453696
1393376986,c,R,0.000532,140056085616384
1393376986,n,C,0.010202,140056083994368
1393376986,n,C,0.023799,140056099481344
1393376986,s,C,0.003191,140056085886720
1393376987,n,C,0.012283,140056083588864
1393376987,o,C,0.001708,140056084670208
1393376987,o,C,0.003770,140056083859200
1393376988,c,C,0.000519,140056085346048
1393376988,D,C,0.012449,140056085075712
1393376988,D,C,0.018422,140056085075712
1393376988,D,C,0.024983,140056085075712
1393376988,D,C,0.031951,140056085075712
1393376988,D,C,0.038254,140056085075712
1393376988,o,C,0.005915,140056099346176
1393376989,D,C,0.044795,140056085075712
1393376989,D,C,0.051873,140056085075712
1393376989,D,C,0.059537,140056085075712
1393376989,D,C,0.068848,140056085075712
1393376989,d,C,0.077369,140056085075712
1393376989,s,C,0.003005,140056083724032
1393376990,o,C,0.002562,140056098400000
1393376990,o,C,0.003606,140056085481216
1393376990,s,C,0.003159,140056099751680
1393376990,s,C,0.003596,140056086427392
1393376991,o,C,0.002165,140056085616384
1393376991,o,C,0.005407,140056084670208
1393376991,s,C,0.004240,140056086292224
1393376992,o,C,0.002338,140056098805504
1393376992,s,C,0.003116,140056084264704
1393376992,s,C,0.003992,140056085481216
1393376992,s,C,0.008984,140056099075840
1393376993,n,C,0.025876,140056084805376
1393376994,p,C,0.004103,140056086021888
1393376995,o,C,0.001845,140056085346048
1393376995,o,C,0.006038,140056084264704
1393376995,p,C,0.004129,140056084670208
1393376995,s,C,0.003220,140056099751680
1393376996,s,C,0.003213,140056086427392
1393376996,s,C,0.003472,140056084805376
1393376996,s,C,0.003702,140056084535040
1393376996,s,C,0.013269,140056083183360
1393376997,o,C,0.006487,140056098940672
1393376997,s,C,0.002847,140056086292224
1393376998,D,C,0.010309,140056085886720
1393376998,D,C,0.024369,140056085886720
1393376998,D,C,0.029963,140056085886720
1393376998,D,C,0.034753,140056085886720
1393376998,D,C,0.039154,140056085886720
1393376998,D,C,0.044878,140056085886720
1393376998,D,C,0.053324,140056085886720
1393376998,D,C,0.063881,140056085886720
1393376998,D,C,0.072976,140056085886720
1393376998,d,C,0.079715,140056085886720
1393376998,o,C,0.002464,140056083994368
1393376998,o,C,0.002654,140056085481216
1393376998,o,C,0.005317,140056083048192
1393376998,s,C,0.001905,140056083318528
1393376998,s,C,0.003793,140056098400000
1393376999,n,C,0.009048,140056098264832
1393376999,o,C,0.005777,140056084805376
1393376999,s,C,0.003364,140056085346048
1393377000,n,C,0.015805,140056099886848
1393377000,o,C,0.001733,140056083588864
1393377000,o,C,0.002496,140056084399872
1393377000,o,C,0.005880,140056100022016
1393377000,p,C,0.002990,140056086292224
1393377001,c,C,0.000526,140056085075712
1393377001,s,C,0.003511,140056083183360
1393377002,n,C,0.026275,140056099616512
1393377002,o,C,0.001843,140056084535040
1393377002,p,C,0.004158,140056085210880
1393377003,n,C,0.011030,140056083453696
1393377003,o,C,0.001443,140056083994368
1393377003,o,C,0.005605,140056099751680
1393377003,s,C,0.002846,140056086292224
1393377003,s,C,0.003895,140056083183360
1393377005,o,C,0.002128,140056084670208
1393377005,o,C,0.003511,140056084805376
1393377005,o,C,0.005479,140056098400000
1393377005,o,C,0.006486,140056085075712
1393377005,p,C,0.004072,140056098535168
1393377005,s,C,0.002814,140056083318528
1393377005,s,C,0.003004,140056099616512
1393377007,D,C,0.010143,140056083588864
1393377007,D,C,0.015582,140056084805376
1393377007,D,C,0.018180,140056083588864
1393377007,D,C,0.026557,140056083588864
1393377007,D,C,0.027950,140056084805376
1393377007,D,C,0.031586,140056083588864
1393377007,D,C,0.037158,140056084805376
1393377007,D,C,0.039672,140056083588864
1393377007,D,C,0.043931,140056084805376
1393377007,D,C,0.049503,140056083588864
1393377007,D,C,0.050603,140056084805376
1393377007,D,C,0.056774,140056083588864
1393377007,D,C,0.057230,140056084805376
1393377007,D,C,0.064091,140056083588864
1393377007,D,C,0.064517,140056084805376
1393377007,D,C,0.073297,140056084805376
1393377007,D,C,0.074889,140056083588864
1393377007,D,C,0.082149,140056084805376
1393377007,d,C,0.083517,140056083588864
1393377007,d,C,0.090553,140056084805376
1393377007,o,C,0.000929,140056085751552
1393377008,o,C,0.002420,140056083183360
1393377008,o,C,0.003229,140056099211008
1393377008,o,C,0.004067,140056083859200
1393377008,o,C,0.005463,140056099616512
1393377008,o,C,0.006796,140056086157056
1393377009,o,C,0.005331,140056098535168
1393377009,s,C,0.002759,140056085616384
1393377009,s,C,0.003300,140056083318528
1393377010,o,C,0.001842,140056084399872
1393377010,o,C,0.007559,140056100022016
1393377011,o,C,0.002518,140056084805376
1393377011,s,C,0.003154,140056085481216
1393377012,o,C,0.002083,140056083588864
1393377012,o,C,0.002085,140056085346048
1393377012,o,C,0.002355,140056083048192
1393377012,o,C,0.005426,140056085616384
1393377012,s,C,0.003896,140056085075712
1393377013,o,C,0.002054,140056086292224
1393377013,s,C,0.003166,140056100022016
1393377014,c,C,0.000434,140056085210880
1393377015,o,C,0.005424,140056099616512
1393377015,o,C,0.005797,140056084670208
1393377015,s,C,0.003445,140056098264832
1393377016,n,C,0.008495,140056099346176
1393377016,n,C,0.025016,140056084940544
1393377016,s,C,0.001178,140056083724032
1393377017,D,C,0.009002,140056098940672
1393377017,D,C,0.013043,140056098940672
1393377017,D,C,0.018645,140056098940672
1393377017,D,C,0.024851,140056098940672
1393377017,D,C,0.029644,140056098940672
1393377017,D,C,0.036710,140056098940672
1393377017,D,C,0.043010,140056098940672
1393377017,D,C,0.050502,140056098940672
1393377017,D,C,0.057739,140056098940672
1393377017,d,C,0.066230,140056098940672
1393377017,o,C,0.001386,140056099886848
1393377017,o,C,0.002335,140056099075840
1393377017,o,C,0.003340,140056085481216
1393377017,o,C,0.004651,140056085886720
1393377017,s,C,0.003546,140056085346048
1393377018,o,C,0.001617,140056099616512
1393377018,o,C,0.002437,140056083588864
1393377018,o,C,0.002759,140056084535040
1393377018,s,C,0.002495,140056086292224
1393377019,s,C,0.003762,140056099481344
1393377020,p,C,0.004232,140056083724032
1393377020,s,C,0.001997,140056086157056
1393377020,s,C,0.002791,140056083859200
1393377021,n,C,0.009924,140056084129536
1393377021,o,C,0.005784,140056083183360
1393377021,s,C,0.002861,140056098805504
1393377021,s,C,0.003331,140056083318528
1393377022,o,C,0.001540,140056100022016
1393377022,o,C,0.002791,140056085346048
1393377023,n,C,0.011682,140056086427392
1393377023,o,C,0.003314,140056086021888
1393377024,o,C,0.002239,140056099481344
1393377024,o,C,0.003897,140056099616512
1393377024,o,C,0.005559,140056085616384
1393377024,p,C,0.002670,140056086157056
1393377024,p,C,0.004606,140056099211008
1393377025,o,C,0.005678,140056085210880
1393377025,s,C,0.002778,140056100022016
1393377025,s,C,0.003537,140056099075840
1393377026,o,C,0.000841,140056086157056
1393377026,o,C,0.002558,140056098400000
1393377026,o,C,0.005549,140056086292224
1393377026,s,C,0.002917,140056083318528
1393377027,s,C,0.001720,140056099751680
1393377027,s,C,0.003868,140056084399872
1393377028,n,C,0.006337,140056083453696
1393377028,o,C,0.002477,140056098940672
1393377028,p,C,0.001495,140056099481344
1393377028,s,C,0.003013,140056085481216
1393377028,s,C,0.004991,140056083588864
1393377029,p,C,0.003995,140056085751552
1393377029,s,C,0.002644,140056098400000
1393377029,s,C,0.004273,140056098670336
1393377030,n,C,0.010791,140056084264704
1393377031,o,C,0.002483,140056085886720
1393377031,s,C,0.002010,140056085616384
1393377031,s,C,0.002134,140056100022016
1393377032,o,C,0.002497,140056099481344
1393377032,s,C,0.003872,140056083588864
1393377033,o,C,0.002170,140056085210880
1393377033,o,C,0.002627,140056084670208
1393377033,o,C,0.005576,140056099886848
1393377033,s,C,0.003850,140056099346176
1393377034,c,C,0.000525,140056100022016
1393377034,n,C,0.004874,140056083048192
1393377035,c,C,0.000516,140056085616384
1393377035,s,C,0.003898,140056083588864
1393377036,c,C,0.000521,140056083318528
1393377036,c,R,0.000528,140056083453696
1393377036,n,C,0.008795,140056084805376
1393377036,n,C,0.009282,140056085075712
1393377036,n,C,0.014387,140056098264832
1393377036,s,C,0.001261,140056083724032
1393377036,s,C,0.001555,140056084129536
1393377036,s,C,0.003113,140056099751680
1393377037,o,C,0.002824,140056084399872
1393377037,s,C,0.002746,140056085886720
1393377037,s,C,0.003147,140056086292224
1393377037,s,C,0.003149,140056085346048
1393377038,o,C,0.005730,140056099481344
1393377038,s,C,0.002839,140056099211008
1393377039,o,C,0.001376,140056083318528
1393377039,o,C,0.002620,140056098535168
1393377039,o,C,0.003966,140056099751680
1393377039,s,C,0.003294,140056083724032
1393377040,o,C,0.002320,140056098400000
1393377040,p,C,0.002870,140056085210880
1393377040,p,C,0.007108,140056099346176
1393377040,s,C,0.003233,140056084940544
1393377041,n,C,0.021053,140056098805504
1393377041,o,C,0.006076,140056085616384
1393377041,p,C,0.004122,140056083048192
1393377041,s,C,0.002641,140056100022016
1393377041,s,C,0.002711,140056086292224
1393377041,s,C,0.003078,140056086157056
1393377042,n,C,0.010152,140056083859200
1393377042,s,C,0.003263,140056085481216
1393377043,o,C,0.003084,140056084940544
1393377043,s,C,0.002937,140056099211008
1393377045,s,C,0.002181,140056099075840
1393377046,o,C,0.001135,140056085481216
1393377046,p,C,0.003774,140056086292224
1393377046,s,C,0.004098,140056098670336
1393377047,o,C,0.005354,140056100022016
1393377047,s,C,0.002717,140056098400000
1393377047,s,C,0.002854,140056083453696
1393377047,s,C,0.003210,140056099751680
1393377048,n,C,0.022358,140056084535040
1393377048,o,C,0.002803,140056099211008
1393377048,p,C,0.003877,140056099886848
1393377049,o,C,0.003522,140056084264704
1393377049,o,C,0.005815,140056083588864
1393377049,s,C,0.001633,140056085886720
1393377050,c,C,0.000524,140056086292224
1393377050,o,C,0.002251,140056086157056
1393377050,o,C,0.009082,140056083859200
1393377050,s,C,0.003141,140056100022016
1393377051,o,C,0.001875,140056098940672
1393377051,s,C,0.002756,140056098400000
1393377051,s,C,0.003452,140056084264704
1393377052,o,C,0.003316,140056083318528
1393377052,o,C,0.003723,140056083859200
1393377053,c,R,0.000558,140056083183360
1393377053,o,C,0.002530,140056098670336
1393377053,o,C,0.002554,140056086427392
1393377054,n,C,0.009381,140056083994368
1393377054,o,C,0.001007,140056084129536
1393377054,p,C,0.004178,140056084535040
1393377054,p,C,0.005498,140056099075840
1393377055,c,R,0.000443,140056098805504
1393377055,o,C,0.001962,140056083318528
1393377055,o,C,0.002591,140056084670208
1393377055,p,C,0.003855,140056085886720
1393377055,s,C,0.003662,140056084805376
1393377056,s,C,0.002900,140056083453696
1393377056,s,C,0.003314,140056099616512
1393377057,n,C,0.011185,140056085346048
1393377057,o,C,0.001030,140056084264704
1393377057,s,C,0.003492,140056085481216
1393377058,n,C,0.015855,140056085075712
1393377058,o,C,0.002102,140056098400000
1393377058,p,C,0.004047,140056098535168
1393377059,o,C,0.002456,140056083048192
1393377059,o,C,0.002660,140056099751680
1393377059,s,C,0.002075,140056086021888
1393377060,D,C,0.012750,140056083588864
1393377060,D,C,0.025551,140056083588864
1393377060,D,C,0.030089,140056083588864
1393377060,D,C,0.033726,140056083588864
1393377060,D,C,0.037745,140056083588864
1393377060,D,C,0.042314,140056083588864
1393377060,D,C,0.046878,140056083588864
1393377060,D,C,0.051057,140056083588864
1393377060,D,C,0.056044,140056083588864
1393377060,d,C,0.062317,140056083588864
1393377060,o,C,0.001102,140056099346176
1393377060,o,C,0.001226,140056085210880
1393377061,o,C,0.002554,140056085886720
1393377061,o,C,0.005875,140056084670208
1393377061,s,C,0.001176,140056083318528
1393377062,o,C,0.002235,140056099481344
1393377062,o,C,0.006381,140056099346176
1393377063,n,C,0.012834,140056085616384
1393377063,o,C,0.001591,140056099751680
1393377063,p,C,0.003075,140056086427392
1393377063,s,C,0.001177,140056099616512
1393377063,s,C,0.003248,140056083994368
1393377063,s,C,0.004113,140056098940672
1393377064,n,C,0.016439,140056083724032
1393377064,o,C,0.002585,140056099481344
1393377064,o,C,0.002758,140056099886848
1393377064,o,C,0.007142,140056098400000
1393377065,o,C,0.002150,140056083994368
1393377065,o,C,0.005340,140056084264704
1393377065,o,C,0.005596,140056098264832
1393377065,p,C,0.004148,140056099075840
1393377066,n,C,0.006009,140056084940544
1393377066,o,C,0.005436,140056086427392
1393377067,s,C,0.002788,140056083183360
1393377068,s,C,0.001173,140056083318528
1393377068,s,C,0.001341,140056083724032
1393377069,n,C,0.010249,140056084399872
1393377069,o,C,0.005373,140056083453696
1393377069,s,C,0.001374,140056086427392
1393377070,p,C,0.004040,140056084264704
1393377070,s,C,0.003077,140056083183360
1393377070,s,C,0.003097,140056099481344
1393377070,s,C,0.003191,140056083859200
1393377071,c,C,0.000534,140056098400000
1393377071,o,C,0.002813,140056086427392
1393377071,p,C,0.004335,140056086292224
1393377071,s,C,0.003144,140056085210880
1393377071,s,C,0.003290,140056083318528
1393377072,s,C,0.003485,140056085481216
1393377073,o,C,0.002405,140056098940672
1393377073,o,C,0.005620,140056098535168
1393377073,p,C,0.004421,140056083724032
1393377073,s,C,0.003089,140056084399872
1393377073,s,C,0.003368,140056084940544
1393377074,n,C,0.018225,140056100022016
1393377074,o,C,0.002415,140056083859200
1393377074,o,C,0.003018,140056083318528
1393377074,p,C,0.004606,140056084535040
1393377075,n,C,0.015559,140056084805376
1393377075,n,C,0.025536,140056099211008
1393377076,s,C,0.001193,140056086427392
1393377076,s,C,0.001474,140056083724032
1393377076,s,C,0.002775,140056084399872
1393377077,n,C,0.006152,140056086021888
1393377077,n,C,0.014343,140056098805504
1393377077,o,C,0.002629,140056084264704
1393377078,o,C,0.005764,140056085075712
1393377078,o,C,0.005863,140056098940672
1393377078,s,C,0.003411,140056085481216
1393377079,n,C,0.019150,140056083588864
1393377079,o,C,0.002585,140056083994368
1393377079,o,C,0.003743,140056083859200
1393377079,o,C,0.005318,140056098535168
1393377079,s,C,0.003188,140056098264832
1393377079,s,C,0.003422,140056086427392
1393377080,s,C,0.002957,140056098670336
1393377080,s,C,0.003263,140056099616512
1393377081,D,C,0.012564,140056099481344
1393377081,D,C,0.016607,140056099481344
1393377081,D,C,0.020244,140056099481344
1393377081,D,C,0.024764,140056099481344
1393377081,D,C,0.029157,140056099481344
1393377081,D,C,0.034099,140056099481344
1393377081,D,C,0.038244,140056099481344
1393377081,D,C,0.043416,140056099481344
1393377081,D,C,0.049197,140056099481344
1393377081,d,C,0.056576,140056099481344
1393377081,n,C,0.010121,140056083048192
1393377082,s,C,0.003374,140056099075840
1393377083,o,C,0.005525,140056099616512
1393377084,o,C,0.006344,140056084399872
1393377084,o,C,0.007230,140056099886848
1393377084,s,C,0.002660,140056083994368
1393377085,o,C,0.005220,140056083183360
1393377085,o,C,0.006733,140056098264832
1393377085,s,C,0.002729,140056100022016
1393377085,s,C,0.002956,140056085481216
1393377086,s,C,0.002950,140056084129536
1393377086,s,C,0.003152,140056084670208
1393377086,s,C,0.003407,140056084264704
1393377087,s,C,0.001320,140056098940672
1393377087,s,C,0.002162,140056099886848
1393377088,c,R,0.000274,140056099616512
1393377088,D,C,0.015702,140056084940544
1393377088,D,C,0.026444,140056084940544
1393377088,D,C,0.033203,140056084940544
1393377088,D,C,0.039374,140056084940544
1393377088,D,C,0.047526,140056084940544
1393377088,D,C,0.055028,140056084940544
1393377088,D,C,0.061065,140056084940544
1393377088,D,C,0.068481,140056084940544
1393377088,D,C,0.078570,140056084940544
1393377088,d,C,0.086922,140056084940544
1393377088,n,C,0.024719,140056086157056
1393377088,p,C,0.005310,140056084535040
1393377088,s,C,0.001913,140056099211008
1393377088,s,C,0.002813,140056083724032
1393377088,s,C,0.003436,140056098805504
1393377089,n,C,0.010552,140056085210880
1393377089,o,C,0.002263,140056083859200
1393377089,s,C,0.002824,140056085886720
1393377090,D,C,0.012932,140056098670336
1393377090,D,C,0.023989,140056098670336
1393377090,D,C,0.031772,140056098670336
1393377090,D,C,0.035832,140056098670336
1393377090,D,C,0.041156,140056098670336
1393377090,D,C,0.045096,140056098670336
1393377090,D,C,0.048783,140056098670336
1393377090,D,C,0.055578,140056098670336
1393377090,D,C,0.064007,140056098670336
1393377090,d,C,0.068277,140056098670336
1393377090,o,C,0.004508,140056100022016
1393377090,s,C,0.002733,140056083994368
1393377090,s,C,0.002778,140056099886848
1393377090,s,C,0.003377,140056085481216
1393377091,o,C,0.001511,140056098940672
1393377091,p,C,0.004779,140056099481344
1393377091,s,C,0.003342,140056084940544
1393377092,o,C,0.005496,140056084805376
1393377092,s,C,0.002848,140056083994368
1393377092,s,C,0.003415,140056086021888
1393377093,n,C,0.008811,140056098400000
1393377093,o,C,0.005513,140056085346048
1393377093,p,C,0.005796,140056083859200
1393377093,s,C,0.003299,140056083588864
1393377094,o,C,0.002566,140056084940544
1393377094,o,C,0.006791,140056099346176
1393377094,s,C,0.002731,140056098940672
1393377094,s,C,0.002746,140056099751680
1393377094,s,C,0.003018,140056083318528
1393377094,s,C,0.003115,140056084129536
1393377094,s,C,0.003215,140056085886720
1393377095,s,C,0.001178,140056098670336
1393377095,s,C,0.001364,140056085616384
1393377095,s,C,0.002674,140056099886848
1393377095,s,C,0.003162,140056083588864
1393377096,o,C,0.002599,140056084264704
1393377096,s,C,0.003178,140056083183360
1393377097,n,R,0.013327,140056086292224
1393377097,o,C,0.001642,140056099211008
1393377097,o,C,0.002825,140056086021888
1393377097,s,C,0.001044,140056084129536
1393377097,s,C,0.003499,140056085886720
1393377098,o,C,0.002495,140056083588864
1393377098,o,C,0.002507,140056083453696
1393377098,o,C,0.005566,140056083859200
1393377098,o,C,0.006203,140056083724032
1393377099,D,C,0.014419,140056084535040
1393377099,D,C,0.026272,140056084535040
1393377099,D,C,0.029878,140056084535040
1393377099,D,C,0.033498,140056084535040
1393377099,D,C,0.036630,140056084535040
1393377099,D,C,0.040065,140056084535040
1393377099,D,C,0.046303,140056084535040
1393377099,D,C,0.054904,140056084535040
1393377099,D,C,0.063063,140056084535040
1393377099,d,C,0.071266,140056084535040
1393377099,o,C,0.001657,140056085346048
1393377099,p,C,0.002966,140056086157056
1393377099,s,C,0.003311,140056085075712
1393377099,s,C,0.003438,140056099481344
1393377100,s,C,0.002752,140056085886720
1393377101,n,C,0.011339,140056086427392
1393377101,o,C,0.005840,140056098940672
1393377101,s,C,0.004132,140056085751552
1393377102,s,C,0.002862,140056083453696
1393377102,s,C,0.002960,140056099616512
1393377102,s,C,0.003680,140056099346176
1393377103,o,C,0.001917,140056085481216
1393377103,s,C,0.003223,140056085616384
1393377103,s,C,0.003444,140056083724032
1393377104,o,C,0.002270,140056099481344
1393377104,s,C,0.002070,140056083859200
1393377104,s,C,0.002753,140056098400000
1393377104,s,C,0.003118,140056083183360
1393377105,o,C,0.002362,140056085075712
1393377105,p,C,0.002224,140056086021888
1393377105,s,C,0.002810,140056085751552
1393377106,o,C,0.002362,140056099616512
1393377106,o,C,0.004879,140056085616384
1393377106,o,C,0.005677,140056083453696
1393377106,o,C,0.005793,140056099751680
1393377106,s,C,0.002910,140056099211008
1393377107,D,C,0.014973,140056099886848
1393377107,D,C,0.026109,140056099886848
1393377107,D,C,0.033009,140056099886848
1393377107,D,C,0.039671,140056099886848
1393377107,D,C,0.046929,140056099886848
1393377107,D,C,0.052027,140056099886848
1393377107,D,C,0.057143,140056099886848
1393377107,D,C,0.061965,140056099886848
1393377107,D,C,0.067003,140056099886848
1393377107,d,C,0.072717,140056099886848
1393377107,o,C,0.002310,140056098670336
1393377107,p,C,0.004171,140056083724032
1393377108,o,C,0.002210,140056085886720
1393377108,s,C,0.001189,140056086292224
1393377108,s,C,0.002816,140056083859200
1393377109,c,R,0.000483,140056083994368
1393377109,D,C,0.014677,140056084670208
1393377109,D,C,0.018323,140056084670208
1393377109,D,C,0.022530,140056084670208
1393377109,D,C,0.025916,140056084670208
1393377109,D,C,0.030266,140056084670208
1393377109,D,C,0.033865,140056084670208
1393377109,D,C,0.040247,140056084670208
1393377109,D,C,0.044184,140056084670208
1393377109,D,C,0.049344,140056084670208
1393377109,d,C,0.054052,140056084670208
1393377109,o,C,0.002549,140056083724032
1393377109,o,C,0.002733,140056083183360
1393377109,o,C,0.005424,140056085346048
1393377109,p,C,0.002024,140056084535040
1393377109,s,C,0.001624,140056086427392
1393377109,s,C,0.003008,140056085210880
1393377110,D,C,0.014738,140056099346176
1393377110,D,C,0.020676,140056099346176
1393377110,D,C,0.028056,140056099346176
1393377110,D,C,0.032465,140056099346176
1393377110,D,C,0.038643,140056099346176
1393377110,D,C,0.046117,140056099346176
1393377110,D,C,0.056722,140056099346176
1393377110,D,C,0.061641,140056099346176
1393377110,D,C,0.069028,140056099346176
1393377110,d,C,0.076410,140056099346176
1393377110,o,C,0.003966,140056099211008
1393377110,o,C,0.005283,140056099075840
1393377110,p,C,0.004467,140056098940672
1393377110,s,C,0.003146,140056084264704
1393377111,n,C,0.018843,140056098535168
1393377111,o,C,0.002468,140056098264832
1393377111,p,C,0.002508,140056098400000
1393377111,p,C,0.002746,140056085751552
1393377111,s,C,0.000964,140056099751680
1393377111,s,C,0.001066,140056085886720
1393377111,s,C,0.001082,140056085481216
1393377111,s,C,0.001466,140056099481344
1393377112,o,C,0.002321,140056098670336
1393377112,o,C,0.003815,140056083859200
1393377113,n,C,0.004231,140056098805504
1393377113,s,C,0.003546,140056084264704
1393377114,s,C,0.001267,140056098670336
1393377115,n,C,0.010101,140056083318528
1393377115,o,C,0.005211,140056084264704
1393377115,o,C,0.006066,140056086292224
1393377115,s,C,0.003006,140056100022016
1393377115,s,C,0.003036,140056084399872
1393377115,s,C,0.003699,140056083724032
1393377116,p,C,0.002240,140056099751680
1393377116,p,C,0.004764,140056085481216
1393377116,s,C,0.002797,140056085886720
1393377117,s,C,0.003072,140056084670208
1393377117,s,C,0.003595,140056083183360
1393377117,s,C,0.003713,140056084129536
1393377119,D,C,0.016144,140056098535168
1393377119,D,C,0.027232,140056098535168
1393377119,D,C,0.033507,140056098535168
1393377119,D,C,0.041063,140056098535168
1393377119,D,C,0.044922,140056098535168
1393377119,D,C,0.048580,140056098535168
1393377119,D,C,0.052147,140056098535168
1393377119,D,C,0.055638,140056098535168
1393377119,D,C,0.059651,140056098535168
1393377119,d,C,0.066437,140056098535168
1393377119,o,C,0.002723,140056084535040
1393377119,s,C,0.003485,140056100022016
1393377120,s,C,0.002846,140056083724032
1393377121,o,C,0.002324,140056098670336
1393377121,o,C,0.002366,140056083994368
1393377121,p,C,0.004289,140056084129536
1393377121,p,C,0.005285,140056085886720
1393377121,s,C,0.003521,140056099346176
1393377121,s,C,0.003819,140056083183360
1393377122,o,C,0.005479,140056084940544
1393377122,o,C,0.005959,140056084670208
1393377122,s,C,0.001205,140056083724032
1393377122,s,C,0.002893,140056085751552
1393377122,s,C,0.003356,140056085481216
1393377123,o,C,0.002424,140056086292224
1393377123,o,C,0.005583,140056083048192
1393377123,s,C,0.002677,140056083453696
1393377123,s,C,0.002745,140056098400000
1393377123,s,C,0.003331,140056099886848
1393377123,s,C,0.003367,140056086427392
1393377124,D,C,0.010109,140056085075712
1393377124,D,C,0.013893,140056085075712
1393377124,D,C,0.018314,140056085075712
1393377124,D,C,0.022186,140056085075712
1393377124,D,C,0.026834,140056085075712
1393377124,D,C,0.032624,140056085075712
1393377124,D,C,0.035847,140056085075712
1393377124,D,C,0.039364,140056085075712
1393377124,D,C,0.042889,140056085075712
1393377124,d,C,0.051274,140056085075712
1393377124,o,C,0.000756,140056083859200
1393377124,o,C,0.002475,140056100022016
1393377124,o,C,0.005353,140056083994368
1393377124,o,C,0.005660,140056099751680
1393377124,s,C,0.002808,140056085886720
1393377125,o,C,0.005426,140056084805376
1393377125,s,C,0.002887,140056099346176
1393377126,o,C,0.000981,140056083453696
1393377126,o,C,0.002451,140056083859200
1393377126,o,C,0.003326,140056099481344
1393377127,o,C,0.002242,140056085481216
1393377127,o,C,0.002486,140056098670336
1393377127,o,C,0.005825,140056085751552
1393377127,s,C,0.003246,140056084670208
1393377127,s,C,0.003331,140056099346176
1393377128,o,C,0.005658,140056099211008
1393377129,n,C,0.004967,140056085210880
1393377129,o,C,0.001979,140056084535040
1393377129,o,C,0.002585,140056099075840
1393377129,p,C,0.004283,140056083724032
1393377129,p,C,0.004535,140056085886720
1393377129,s,C,0.002788,140056098940672
1393377129,s,C,0.003493,140056085075712
1393377130,o,C,0.002115,140056084670208
1393377130,p,C,0.000964,140056099886848
1393377130,s,C,0.001267,140056084940544
1393377131,o,C,0.005529,140056083994368
1393377131,s,C,0.002920,140056098670336
1393377131,s,C,0.004058,140056098535168
1393377132,n,C,0.011408,140056099616512
1393377132,o,C,0.005610,140056085075712
1393377132,o,C,0.005743,140056099075840
1393377132,s,C,0.001179,140056098400000
1393377132,s,C,0.002909,140056083453696
1393377133,o,C,0.005820,140056084264704
1393377134,c,C,0.000511,140056083318528
1393377134,D,C,0.014256,140056099211008
1393377134,D,C,0.019772,140056099211008
1393377134,D,C,0.025352,140056099211008
1393377134,D,C,0.029177,140056099211008
1393377134,D,C,0.034255,140056099211008
1393377134,D,C,0.037646,140056099211008
1393377134,D,C,0.041697,140056099211008
1393377134,D,C,0.046956,140056099211008
1393377134,D,C,0.052089,140056099211008
1393377134,d,C,0.057150,140056099211008
1393377134,o,C,0.001228,140056098940672
1393377134,o,C,0.003747,140056084940544
1393377134,o,C,0.005404,140056084535040
1393377135,s,C,0.003318,140056098670336
1393377136,c,C,0.000383,140056083453696
1393377136,D,C,0.008654,140056085210880
1393377136,D,C,0.013043,140056085210880
1393377136,D,C,0.016984,140056085210880
1393377136,D,C,0.026078,140056085210880
1393377136,D,C,0.032778,140056085210880
1393377136,D,C,0.036566,140056085210880
1393377136,D,C,0.040405,140056085210880
1393377136,D,C,0.043733,140056085210880
1393377136,D,C,0.047828,140056085210880
1393377136,d,C,0.051315,140056085210880
1393377136,o,C,0.006751,140056085481216
1393377136,s,C,0.001997,140056098535168
1393377137,o,C,0.002444,140056086021888
1393377137,o,C,0.002459,140056083724032
1393377137,o,C,0.005719,140056086157056
1393377137,s,C,0.003125,140056085346048
1393377137,s,C,0.003431,140056085075712
1393377138,n,C,0.013436,140056085616384
1393377138,o,C,0.005868,140056099211008
1393377138,s,C,0.002640,140056084670208
1393377138,s,C,0.002812,140056083859200
1393377139,o,C,0.005779,140056083048192
1393377139,s,C,0.003186,140056085075712
1393377139,s,C,0.003270,140056084129536
1393377140,o,C,0.002176,140056098264832
1393377140,o,C,0.002284,140056085616384
1393377140,o,C,0.002290,140056099481344
1393377140,o,C,0.002321,140056084264704
1393377140,o,C,0.002546,140056098400000
1393377140,o,C,0.005282,140056099751680
1393377141,p,C,0.002465,140056084399872
1393377141,s,C,0.002849,140056099075840
1393377141,s,C,0.003539,140056085481216
1393377142,o,C,0.002548,140056099346176
1393377142,o,C,0.005833,140056098535168
1393377142,s,C,0.001118,140056098264832
1393377142,s,C,0.001429,140056098670336
1393377142,s,C,0.002732,140056083859200
1393377142,s,C,0.002988,140056085346048
1393377142,s,C,0.003116,140056083183360
1393377143,o,C,0.005792,140056099211008
1393377143,s,C,0.002751,140056084129536
1393377144,p,C,0.002217,140056083994368
1393377144,s,C,0.001204,140056098535168
1393377144,s,C,0.002829,140056085075712
1393377144,s,C,0.003270,140056084399872
1393377145,o,C,0.002539,140056084264704
1393377145,s,C,0.002828,140056099346176
1393377145,s,C,0.003150,140056098264832
1393377146,n,C,0.018035,140056085751552
1393377146,o,C,0.002181,140056098940672
1393377146,o,C,0.002228,140056084399872
1393377146,o,C,0.005605,140056083453696
1393377146,o,C,0.005631,140056098535168
1393377147,c,C,0.000525,140056085075712
1393377147,D,C,0.011509,140056084805376
1393377147,D,C,0.015174,140056084805376
1393377147,D,C,0.018159,140056084805376
1393377147,D,C,0.020938,140056084805376
1393377147,D,C,0.024679,140056084805376
1393377147,D,C,0.028910,140056084805376
1393377147,D,C,0.033500,140056084805376
1393377147,D,C,0.036970,140056084805376
1393377147,D,C,0.040199,140056084805376
1393377147,d,C,0.043802,140056084805376
1393377147,o,C,0.000935,140056085886720
1393377147,o,C,0.001868,140056084264704
1393377147,o,C,0.002705,140056086157056
1393377147,s,C,0.001019,140056084670208
1393377147,s,C,0.001172,140056085346048
1393377149,c,C,0.000508,140056084399872
1393377149,o,C,0.001116,140056084129536
1393377149,o,C,0.002635,140056083724032
1393377149,s,C,0.003438,140056086292224
1393377150,n,C,0.010918,140056098805504
1393377150,o,C,0.002221,140056086157056
1393377150,o,C,0.002685,140056098264832
1393377150,o,C,0.005726,140056085075712
1393377151,D,C,0.010307,140056085481216
1393377151,D,C,0.013937,140056085481216
1393377151,D,C,0.017306,140056085481216
1393377151,D,C,0.021167,140056085481216
1393377151,D,C,0.026024,140056085481216
1393377151,D,C,0.030961,140056085481216
1393377151,D,C,0.036036,140056085481216
1393377151,D,C,0.041430,140056085481216
1393377151,D,C,0.049109,140056085481216
1393377151,d,C,0.057103,140056085481216
1393377151,o,C,0.002102,140056084129536
1393377151,s,C,0.002910,140056099346176
1393377151,s,C,0.003268,140056086292224
1393377151,s,C,0.003882,140056084535040
1393377152,o,C,0.001043,140056085346048
1393377152,s,C,0.002698,140056084264704
1393377152,s,C,0.002857,140056099075840
1393377153,n,C,0.009623,140056083318528
1393377153,o,C,0.002468,140056099481344
1393377153,o,C,0.005123,140056084940544
1393377153,s,C,0.001211,140056084399872
1393377153,s,C,0.003318,140056098670336
1393377154,o,C,0.002508,140056099346176
1393377154,s,C,0.003039,140056085346048
1393377155,n,C,0.011108,140056086427392
1393377155,o,C,0.002611,140056100022016
1393377155,s,C,0.002742,140056085886720
1393377155,s,C,0.003301,140056098805504
1393377155,s,C,0.003429,140056084264704
1393377156,D,C,0.007242,140056083859200
1393377156,D,C,0.011726,140056083859200
1393377156,D,C,0.015257,140056083859200
1393377156,D,C,0.018975,140056083859200
1393377156,D,C,0.026819,140056083859200
1393377156,D,C,0.034980,140056083859200
1393377156,D,C,0.041604,140056083859200
1393377156,D,C,0.045595,140056083859200
1393377156,D,C,0.049220,140056083859200
1393377156,d,C,0.053048,140056083859200
1393377157,D,C,0.013763,140056085346048
1393377157,D,C,0.018042,140056085346048
1393377157,D,C,0.021303,140056085346048
1393377157,D,C,0.024872,140056085346048
1393377157,D,C,0.030052,140056085346048
1393377157,D,C,0.036195,140056085346048
1393377157,D,C,0.041530,140056085346048
1393377157,D,C,0.047383,140056085346048
1393377157,D,C,0.052415,140056085346048
1393377157,d,C,0.058050,140056085346048
1393377157,n,C,0.014412,140056083588864
1393377157,p,C,0.004001,140056099751680
1393377157,s,C,0.001455,140056084264704
1393377157,s,C,0.002639,140056098400000
1393377158,c,C,0.000245,140056098535168
1393377158,o,C,0.002416,140056084670208
1393377158,o,C,0.002517,140056099616512
1393377158,p,C,0.004322,140056098805504
1393377159,o,C,0.005834,140056098670336
1393377159,s,C,0.003384,140056099075840
1393377160,n,C,0.008476,140056085616384
1393377160,o,C,0.002547,140056083724032
1393377160,o,C,0.006602,140056098535168
1393377160,p,C,0.003593,140056098264832
1393377160,s,C,0.002760,140056099346176
1393377160,s,C,0.003229,140056085210880
1393377160,s,C,0.003237,140056083859200
1393377161,o,C,0.001017,140056085346048
1393377161,o,C,0.002812,140056085751552
1393377162,o,C,0.001921,140056100022016
1393377163,n,C,0.009606,140056086021888
1393377163,o,C,0.005752,140056098400000
1393377163,o,C,0.005779,140056084399872
1393377164,o,C,0.002722,140056099346176
1393377164,s,C,0.002800,140056085886720
1393377165,o,C,0.002169,140056085210880
1393377165,s,C,0.001190,140056083183360
1393377166,n,C,0.003853,140056084805376
1393377166,o,C,0.000870,140056098400000
1393377166,s,C,0.001132,140056083318528
1393377166,s,C,0.001211,140056099075840
1393377166,s,C,0.003162,140056085886720
1393377167,o,C,0.002543,140056086157056
1393377168,o,C,0.002131,140056083724032
1393377168,s,C,0.001191,140056099075840
1393377169,c,C,0.000524,140056098940672
1393377169,n,C,0.012805,140056084129536
1393377169,o,C,0.002440,140056083453696
1393377169,s,C,0.002749,140056083318528
1393377169,s,C,0.003281,140056099481344
1393377170,n,C,0.008748,140056084535040
1393377170,o,C,0.005272,140056085616384
1393377170,s,C,0.002887,140056098670336
1393377170,s,C,0.002907,140056084670208
1393377170,s,C,0.002976,140056083588864
1393377172,n,C,0.012048,140056084940544
1393377172,o,C,0.002027,140056099886848
1393377172,o,C,0.005889,140056086157056
1393377172,p,C,0.002611,140056084264704
1393377172,s,C,0.003311,140056098400000
1393377173,c,C,0.000516,140056085886720
1393377173,n,C,0.004295,140056086292224
1393377173,o,C,0.001163,140056084670208
1393377173,s,C,0.002792,140056100022016
1393377173,s,C,0.003121,140056085616384
1393377174,o,C,0.002063,140056098670336
1393377174,o,C,0.002430,140056085751552
1393377174,s,C,0.002635,140056099481344
1393377174,s,C,0.002671,140056083588864
1393377174,s,C,0.002737,140056099075840
1393377174,s,C,0.002891,140056098940672
1393377175,o,C,0.002287,140056098400000
1393377175,o,C,0.005528,140056084670208
1393377175,o,C,0.005772,140056086292224
1393377176,o,C,0.001811,140056100022016
1393377176,o,C,0.002153,140056083588864
1393377176,o,C,0.002603,140056085346048
1393377176,o,C,0.002808,140056098264832
1393377176,p,C,0.004316,140056083453696
1393377177,o,C,0.002054,140056099886848
1393377177,o,C,0.002398,140056099346176
1393377177,s,C,0.002870,140056099751680
1393377177,s,C,0.003245,140056083048192
1393377178,n,C,0.019699,140056083859200
1393377179,o,C,0.005723,140056085616384
1393377179,s,C,0.002834,140056085886720
1393377180,o,C,0.002276,140056099211008
1393377180,o,C,0.005461,140056100022016
1393377180,p,C,0.004715,140056083048192
1393377180,s,C,0.001171,140056098940672
1393377180,s,C,0.003215,140056099075840
1393377181,o,C,0.006528,140056084399872
1393377181,s,C,0.002742,140056086427392
1393377182,c,C,0.000526,140056099751680
1393377182,s,C,0.002669,140056084670208
1393377182,s,C,0.003095,140056083183360
1393377183,n,C,0.003870,140056085481216
1393377183,n,C,0.014660,140056098805504
1393377183,o,C,0.002117,140056098400000
1393377183,o,C,0.002362,140056085886720
1393377183,o,C,0.007448,140056099616512
1393377183,s,C,0.002654,140056086427392
1393377183,s,C,0.002695,140056085346048
1393377183,s,C,0.003140,140056083453696
1393377184,o,C,0.002682,140056083994368
1393377184,s,C,0.002748,140056083048192
1393377184,s,C,0.002809,140056083724032
1393377184,s,C,0.002956,140056098264832
1393377185,o,C,0.002275,140056085346048
1393377185,s,C,0.002798,140056084940544
1393377186,o,C,0.005666,140056085616384
1393377186,o,C,0.006218,140056099075840
1393377186,s,C,0.002604,140056085210880
1393377186,s,C,0.003355,140056099211008
1393377187,o,C,0.002558,140056083994368
1393377187,o,C,0.005600,140056098670336
1393377188,o,C,0.002255,140056086292224
1393377188,o,C,0.002314,140056084129536
1393377188,o,C,0.004441,140056084264704
1393377188,o,C,0.007008,140056084535040
1393377188,s,C,0.002669,140056084670208
1393377188,s,C,0.003119,140056083453696
1393377188,s,C,0.003208,140056085346048
1393377189,n,C,0.012333,140056098535168
1393377189,o,C,0.000849,140056085210880
1393377189,o,C,0.002427,140056098805504
1393377189,s,C,0.001371,140056085751552
1393377189,s,C,0.002796,140056083588864
1393377189,s,C,0.002893,140056086427392
1393377190,n,C,0.008041,140056086021888
1393377190,n,C,0.011325,140056083318528
1393377190,o,C,0.002722,140056083048192
1393377191,o,C,0.002761,140056099211008
1393377191,p,C,0.004271,140056083994368
1393377191,s,C,0.003262,140056084940544
1393377191,s,C,0.003312,140056086157056
1393377192,o,C,0.006560,140056083183360
1393377192,s,C,0.002644,140056085886720
1393377192,s,C,0.002783,140056098400000
1393377193,o,C,0.002366,140056084805376
1393377193,o,C,0.005783,140056085075712
1393377194,s,C,0.002850,140056083859200
1393377194,s,C,0.003258,140056099481344
1393377195,s,C,0.002618,140056083048192
1393377195,s,C,0.002855,140056086157056
1393377196,o,C,0.002541,140056085886720
1393377197,n,C,0.007821,140056099886848
1393377197,o,C,0.001713,140056084670208
1393377197,o,C,0.005795,140056084399872
1393377197,p,C,0.002822,140056083724032
1393377197,p,C,0.003961,140056085751552
1393377197,s,C,0.001884,140056099481344
1393377197,s,C,0.002756,140056098400000
1393377197,s,C,0.002993,140056098535168
1393377198,o,C,0.002420,140056083048192
1393377198,s,C,0.002409,140056085075712
1393377199,o,C,0.002112,140056098670336
1393377199,o,C,0.002350,140056084940544
1393377199,s,C,0.001147,140056083994368
1393377199,s,C,0.002758,140056086427392
1393377199,s,C,0.002777,140056100022016
1393377199,s,C,0.003178,140056099751680
1393377200,o,C,0.005379,140056084670208
1393377200,s,C,0.002599,140056084264704
1393377200,s,C,0.002983,140056084399872
1393377201,o,C,0.002615,140056085886720
1393377201,o,C,0.005799,140056098535168
1393377201,s,C,0.002434,140056086427392
1393377201,s,C,0.002782,140056083318528
1393377202,D,C,0.009229,140056084805376
1393377202,o,C,0.002505,140056099481344
1393377202,o,C,0.003632,140056084264704
1393377202,s,C,0.002596,140056099751680
1393377202,s,C,0.003476,140056099886848
1393377203,D,C,0.012771,140056084805376
1393377203,D,C,0.016386,140056084805376
1393377203,D,C,0.020737,140056084805376
1393377203,D,C,0.025840,140056084805376
1393377203,D,C,0.031696,140056084805376
1393377203,D,C,0.039527,140056084805376
1393377203,D,C,0.048214,140056084805376
1393377203,D,C,0.055776,140056084805376
1393377203,d,C,0.059452,140056084805376
1393377203,p,C,0.001962,140056100022016
1393377203,s,C,0.001125,140056085210880
1393377203,s,C,0.001690,140056086157056
1393377204,D,C,0.013107,140056084940544
1393377204,D,C,0.017387,140056084940544
1393377204,D,C,0.021508,140056084940544
1393377204,D,C,0.025101,140056084940544
1393377204,D,C,0.030422,140056084940544
1393377204,D,C,0.035579,140056084940544
1393377204,D,C,0.040375,140056084940544
1393377204,D,C,0.049123,140056084940544
1393377204,D,C,0.052697,140056084940544
1393377204,d,C,0.055886,140056084940544
1393377204,o,C,0.002402,140056084535040
1393377204,o,C,0.005679,140056086427392
1393377204,s,C,0.001474,140056098805504
1393377204,s,C,0.003168,140056098400000
1393377204,s,C,0.003340,140056084670208
1393377205,n,C,0.016310,140056099346176
1393377205,o,C,0.002011,140056085346048
1393377205,o,C,0.005832,140056098670336
1393377205,p,C,0.004506,140056083453696
1393377206,c,C,0.000268,140056084805376
1393377206,D,C,0.014301,140056083318528
1393377206,D,C,0.026817,140056083318528
1393377206,D,C,0.030921,140056083318528
1393377206,D,C,0.035254,140056083318528
1393377206,D,C,0.039082,140056083318528
1393377206,D,C,0.042250,140056083318528
1393377206,D,C,0.049062,140056083318528
1393377206,D,C,0.056072,140056083318528
1393377206,D,C,0.063935,140056083318528
1393377206,d,C,0.075140,140056083318528
1393377206,o,C,0.001952,140056083183360
1393377206,o,C,0.002458,140056083994368
1393377206,p,C,0.004310,140056083859200
1393377207,o,C,0.002527,140056085075712
1393377207,o,C,0.005643,140056086427392
1393377207,o,C,0.005777,140056085210880
1393377207,o,C,0.005887,140056098805504
1393377208,o,C,0.005682,140056083588864
1393377209,n,C,0.008374,140056086021888
1393377209,o,C,0.002500,140056099346176
1393377209,o,C,0.002602,140056098670336
1393377210,D,C,0.008918,140056086157056
1393377210,D,C,0.012775,140056086157056
1393377210,D,C,0.016465,140056086157056
1393377210,D,C,0.019729,140056086157056
1393377210,D,C,0.023388,140056086157056
1393377210,D,C,0.030755,140056086157056
1393377210,D,C,0.036908,140056086157056
1393377210,D,C,0.042794,140056086157056
1393377210,D,C,0.048939,140056086157056
1393377210,d,C,0.054292,140056086157056
1393377210,n,C,0.004073,140056098264832
1393377210,o,C,0.002528,140056083453696
1393377211,o,C,0.002366,140056098670336
1393377211,s,C,0.002780,140056084670208
1393377211,s,C,0.002795,140056083994368
1393377211,s,C,0.003132,140056084535040
1393377211,s,C,0.003187,140056083048192
1393377212,c,C,0.000242,140056083724032
1393377212,c,C,0.000525,140056098264832
1393377212,n,C,0.012180,140056099616512
1393377212,o,C,0.005863,140056085346048
1393377212,p,C,0.004056,140056084399872
1393377213,o,C,0.001931,140056086021888
1393377213,s,C,0.002753,140056099886848
1393377214,D,C,0.008426,140056098805504
1393377214,D,C,0.012709,140056098805504
1393377214,D,C,0.017534,140056098805504
1393377214,D,C,0.021298,140056098805504
1393377214,D,C,0.024688,140056098805504
1393377214,D,C,0.028269,140056098805504
1393377214,D,C,0.031922,140056098805504
1393377214,D,C,0.035717,140056098805504
1393377214,D,C,0.039055,140056098805504
1393377214,d,C,0.042745,140056098805504
1393377214,o,C,0.000970,140056083724032
1393377214,o,C,0.002270,140056084940544
1393377214,o,C,0.005832,140056084805376
1393377215,n,C,0.011282,140056098940672
1393377216,D,C,0.014248,140056083048192
1393377216,D,C,0.022653,140056083048192
1393377216,D,C,0.028145,140056083048192
1393377216,D,C,0.033322,140056083048192
1393377216,D,C,0.037149,140056083048192
1393377216,D,C,0.041124,140056083048192
1393377216,D,C,0.044781,140056083048192
1393377216,D,C,0.047922,140056083048192
1393377216,D,C,0.050935,140056083048192
1393377216,d,C,0.056704,140056083048192
1393377216,o,C,0.002540,140056098264832
1393377216,p,C,0.004281,140056084129536
1393377216,s,C,0.002911,140056085346048
1393377216,s,C,0.003139,140056083859200
1393377216,s,C,0.003280,140056086292224
1393377217,p,C,0.002558,140056084670208
1393377217,s,C,0.002882,140056098670336
1393377217,s,C,0.003058,140056098805504
1393377218,c,C,0.000527,140056083318528
1393377218,s,C,0.003277,140056086427392
1393377219,o,C,0.002317,140056083048192
1393377219,s,C,0.001039,140056083453696
1393377219,s,C,0.002780,140056086292224
1393377219,s,C,0.003352,140056098670336
1393377220,o,C,0.002430,140056098805504
1393377220,o,C,0.005823,140056084670208
1393377220,s,C,0.001304,140056083859200
1393377221,o,C,0.002489,140056085346048
1393377221,o,C,0.005685,140056099616512
1393377221,p,C,0.003575,140056086021888
1393377222,o,C,0.001009,140056083048192
1393377222,o,C,0.002763,140056100022016
1393377222,p,C,0.002421,140056098940672
1393377222,s,C,0.002614,140056084264704
1393377224,c,R,0.000544,140056084129536
1393377224,o,C,0.002480,140056083048192
1393377224,o,C,0.005540,140056084535040
1393377224,s,C,0.002738,140056085751552
1393377224,s,C,0.003360,140056086427392
1393377225,D,C,0.004908,140056099075840
1393377225,D,C,0.016213,140056099075840
1393377225,D,C,0.019969,140056099075840
1393377225,D,C,0.024309,140056099075840
1393377225,D,C,0.030507,140056099075840
1393377225,D,C,0.040804,140056099075840
1393377225,D,C,0.043847,140056099075840
1393377225,D,C,0.047147,140056099075840
1393377225,D,C,0.050241,140056099075840
1393377225,d,C,0.053824,140056099075840
1393377225,n,C,0.013374,140056098400000
1393377225,o,C,0.005500,140056098670336
1393377225,o,C,0.005856,140056083994368
1393377226,o,C,0.006746,140056099886848
1393377226,s,C,0.001083,140056099751680
1393377226,s,C,0.002787,140056084264704
1393377227,n,C,0.005156,140056098535168
1393377227,n,C,0.012570,140056085616384
1393377227,n,C,0.013253,140056085886720
1393377227,o,C,0.002191,140056098264832
1393377227,p,C,0.003842,140056099481344
1393377227,s,C,0.002949,140056085075712
1393377228,c,C,0.000531,140056098670336
1393377228,o,C,0.002750,140056083453696
1393377228,o,C,0.005704,140056083724032
1393377228,p,C,0.004474,140056084940544
1393377228,s,C,0.002788,140056084535040
1393377229,o,C,0.002683,140056086427392
1393377229,o,C,0.002980,140056083318528
1393377229,o,C,0.006023,140056083859200
1393377229,s,C,0.001207,140056098805504
1393377230,p,C,0.004054,140056100022016
1393377230,p,C,0.005154,140056086292224
1393377230,s,C,0.003060,140056084264704
1393377230,s,C,0.003107,140056099751680
1393377230,s,C,0.003166,140056085346048
1393377230,s,C,0.003308,140056085075712
1393377231,n,C,0.008678,140056099346176
1393377231,o,C,0.001621,140056084535040
1393377231,s,C,0.001129,140056085210880
1393377232,n,C,0.010212,140056086157056
1393377232,o,C,0.002492,140056085751552
1393377232,s,C,0.002752,140056084399872
1393377232,s,C,0.002963,140056099075840
1393377233,n,C,0.006938,140056099211008
1393377233,o,C,0.002036,140056084264704
1393377233,s,C,0.002891,140056085481216
1393377234,o,C,0.001926,140056084670208
1393377234,p,C,0.003134,140056084129536
1393377234,p,C,0.004316,140056098805504
1393377234,s,C,0.002692,140056098940672
1393377235,s,C,0.002594,140056099886848
1393377235,s,C,0.003158,140056085210880
1393377236,D,C,0.012469,140056083859200
1393377236,D,C,0.015898,140056083859200
1393377236,D,C,0.019389,140056083859200
1393377236,D,C,0.022624,140056083859200
1393377236,D,C,0.026050,140056083859200
1393377236,D,C,0.029606,140056083859200
1393377236,D,C,0.033584,140056083859200
1393377236,D,C,0.036676,140056083859200
1393377236,D,C,0.039942,140056083859200
1393377236,d,C,0.043268,140056083859200
1393377236,o,C,0.002399,140056083453696
1393377236,o,C,0.002586,140056100022016
1393377236,o,C,0.005375,140056083318528
1393377236,s,C,0.003482,140056098264832
1393377237,o,C,0.002013,140056085075712
1393377237,o,C,0.002520,140056086021888
1393377237,o,C,0.005481,140056098535168
1393377237,o,C,0.005794,140056085346048
1393377237,s,C,0.001610,140056099481344
1393377237,s,C,0.003441,140056085481216
1393377238,D,C,0.013235,140056084264704
1393377238,D,C,0.025630,140056084264704
1393377238,D,C,0.033421,140056084264704
1393377238,D,C,0.038294,140056084264704
1393377238,D,C,0.042467,140056084264704
1393377238,D,C,0.046600,140056084264704
1393377238,D,C,0.049653,140056084264704
1393377238,D,C,0.053084,140056084264704
1393377238,D,C,0.056217,140056084264704
1393377238,d,C,0.060484,140056084264704
1393377238,o,C,0.002360,140056084805376
1393377238,p,C,0.004255,140056084535040
1393377239,o,C,0.005696,140056086427392
1393377239,o,C,0.005939,140056085210880
1393377239,s,C,0.002125,140056099751680
1393377240,D,C,0.009820,140056098535168
1393377240,D,C,0.010131,140056083859200
1393377240,D,C,0.013266,140056098535168
1393377240,D,C,0.013276,140056083859200
1393377240,D,C,0.016433,140056083859200
1393377240,D,C,0.016832,140056098535168
1393377240,D,C,0.019621,140056083859200
1393377240,D,C,0.019772,140056098535168
1393377240,D,C,0.022788,140056098535168
1393377240,D,C,0.022968,140056083859200
1393377240,D,C,0.025859,140056098535168
1393377240,D,C,0.026917,140056083859200
1393377240,D,C,0.029272,140056098535168
1393377240,D,C,0.032327,140056098535168
1393377240,D,C,0.033905,140056083859200
1393377240,D,C,0.035749,140056098535168
1393377240,D,C,0.037247,140056083859200
1393377240,d,C,0.039094,140056098535168
1393377240,D,C,0.040792,140056083859200
1393377240,d,C,0.044027,140056083859200
1393377240,o,C,0.000975,140056099481344
1393377240,o,C,0.002349,140056099346176
1393377240,s,C,0.002579,140056098264832
1393377240,s,C,0.002670,140056083994368
1393377240,s,C,0.002842,140056099075840
1393377241,o,C,0.002286,140056085075712
1393377241,o,C,0.005906,140056098805504
1393377241,p,C,0.004291,140056084399872
1393377241,p,C,0.004375,140056083183360
1393377242,o,C,0.001956,140056085481216
1393377242,s,C,0.001351,140056086292224
1393377242,s,C,0.002886,140056083588864
1393377243,s,C,0.002745,140056083724032
1393377244,c,C,0.000522,140056098670336
1393377244,o,C,0.002251,140056083994368
1393377244,o,C,0.002263,140056084264704
1393377244,o,C,0.002360,140056085210880
1393377244,o,C,0.002651,140056086021888
1393377244,o,C,0.005775,140056098264832
1393377244,o,C,0.005827,140056098805504
1393377244,s,C,0.001142,140056083453696
1393377244,s,C,0.001147,140056083859200
1393377244,s,C,0.002616,140056086292224
1393377245,s,C,0.002922,140056085481216
1393377245,s,C,0.003075,140056083588864
1393377246,c,R,0.000535,140056098940672
1393377246,n,C,0.009138,140056083048192
1393377246,o,C,0.002264,140056099886848
1393377246,s,C,0.002683,140056099075840
1393377246,s,C,0.002797,140056086157056
1393377246,s,C,0.002885,140056086427392
1393377246,s,C,0.003132,140056098805504
1393377247,o,C,0.002568,140056098264832
1393377247,o,C,0.005667,140056099481344
1393377247,s,C,0.003328,140056084940544
1393377248,c,C,0.000396,140056083994368
1393377248,s,C,0.002764,140056086292224
1393377248,s,C,0.003439,140056086427392
1393377249,n,C,0.010537,140056098400000
1393377249,o,C,0.000883,140056083859200
1393377249,s,C,0.002592,140056098940672
1393377249,s,C,0.003452,140056099346176
1393377250,c,R,0.000566,140056085075712
1393377250,o,C,0.002671,140056083318528
1393377250,o,C,0.005338,140056085616384
1393377250,s,C,0.002852,140056098670336
1393377250,s,C,0.002876,140056098535168
1393377251,o,C,0.000845,140056098805504
1393377251,o,C,0.001954,140056086157056
1393377251,s,C,0.001166,140056083048192
1393377252,o,C,0.002477,140056084670208
1393377252,o,C,0.002647,140056083724032
1393377252,o,C,0.005454,140056099075840
1393377253,s,C,0.002715,140056083453696
1393377254,o,C,0.005312,140056085075712
1393377254,o,C,0.005676,140056083588864
1393377254,s,C,0.002502,140056085886720
1393377255,s,C,0.002711,140056098940672
1393377255,s,C,0.003201,140056085346048
1393377256,o,C,0.005903,140056085481216
1393377256,s,C,0.002852,140056086292224
1393377256,s,C,0.003001,140056098264832
1393377256,s,C,0.003397,140056086427392
1393377257,o,C,0.002349,140056083453696
1393377257,o,C,0.006015,140056083183360
1393377257,p,C,0.002677,140056083588864
1393377258,s,C,0.001120,140056098264832
1393377258,s,C,0.001333,140056099616512
1393377259,o,C,0.002076,140056085481216
1393377259,o,C,0.002343,140056083994368
1393377259,o,C,0.005497,140056085210880
1393377259,o,C,0.005676,140056085346048
1393377260,n,C,0.011431,140056084805376
1393377260,o,C,0.005163,140056084535040
1393377260,s,C,0.001153,140056098940672
1393377260,s,C,0.003087,140056098670336
1393377261,c,C,0.000520,140056083994368
1393377261,o,C,0.002291,140056085481216
1393377261,o,C,0.002550,140056083048192
1393377261,s,C,0.002810,140056098535168
1393377262,n,C,0.015065,140056099211008
1393377262,o,C,0.002625,140056084264704
1393377262,o,C,0.002801,140056098400000
1393377262,p,C,0.004365,140056085886720
1393377263,o,C,0.001591,140056084535040
1393377263,o,C,0.002127,140056098670336
1393377263,o,C,0.002187,140056086427392
1393377263,s,C,0.003116,140056099616512
1393377263,s,C,0.003352,140056086292224
1393377263,s,C,0.003523,140056085075712
1393377265,o,C,0.002996,140056083859200
1393377265,o,C,0.005785,140056099481344
1393377265,o,C,0.005790,140056084264704
1393377265,p,C,0.004204,140056099346176
1393377265,s,C,0.002731,140056099616512
1393377265,s,C,0.003082,140056098264832
1393377266,o,C,0.001005,140056086292224
1393377266,o,C,0.002358,140056083318528
1393377267,o,C,0.002120,140056083724032
1393377267,p,C,0.002609,140056084670208
1393377267,s,C,0.002850,140056085886720
1393377267,s,C,0.003231,140056099346176
1393377268,s,C,0.003069,140056098805504
1393377269,c,R,0.000486,140056086427392
1393377269,n,C,0.012307,140056100022016
1393377269,s,C,0.002663,140056083318528
1393377270,n,C,0.012595,140056084940544
1393377270,o,C,0.002550,140056083453696
1393377270,o,C,0.005607,140056085481216
1393377270,o,C,0.005721,140056085075712
1393377270,s,C,0.002906,140056084399872
1393377271,D,C,0.008285,140056099346176
1393377271,D,C,0.015276,140056099346176
1393377271,D,C,0.022333,140056099346176
1393377271,D,C,0.025687,140056099346176
1393377271,D,C,0.028916,140056099346176
1393377271,D,C,0.032137,140056099346176
1393377271,D,C,0.036655,140056099346176
1393377271,D,C,0.042873,140056099346176
1393377271,D,C,0.049000,140056099346176
1393377271,d,C,0.055322,140056099346176
1393377271,o,C,0.000989,140056098940672
1393377271,o,C,0.002160,140056099211008
1393377271,o,C,0.005555,140056100022016
1393377271,s,C,0.002445,140056098805504
1393377271,s,C,0.003251,140056086427392
1393377272,o,C,0.006330,140056098670336
1393377272,s,C,0.003301,140056083859200
1393377273,D,C,0.011363,140056084129536
1393377273,D,C,0.016430,140056084129536
1393377273,D,C,0.019486,140056084129536
1393377273,D,C,0.022837,140056084129536
1393377273,D,C,0.027463,140056084129536
1393377273,D,C,0.031661,140056084129536
1393377273,D,C,0.035628,140056084129536
1393377273,D,C,0.038717,140056084129536
1393377273,D,C,0.042210,140056084129536
1393377273,d,C,0.045558,140056084129536
1393377273,n,C,0.008988,140056099751680
1393377273,s,C,0.002861,140056085481216
1393377273,s,C,0.003068,140056084805376
1393377274,o,C,0.002472,140056085210880
1393377274,o,C,0.004934,140056098805504
1393377275,p,C,0.003885,140056086427392
1393377276,n,C,0.004519,140056085751552
1393377276,o,C,0.002388,140056084129536
1393377276,o,C,0.002479,140056084940544
1393377276,p,C,0.001662,140056083859200
1393377276,s,C,0.001316,140056086021888
1393377277,o,C,0.001716,140056083048192
1393377277,o,C,0.002408,140056100022016
1393377277,s,C,0.002763,140056084670208
1393377277,s,C,0.003415,140056085481216
1393377278,o,C,0.005376,140056099481344
1393377278,p,C,0.004343,140056084264704
1393377279,o,C,0.004866,140056085751552
1393377279,s,C,0.002665,140056085886720
1393377279,s,C,0.003102,140056086021888
1393377279,s,C,0.003130,140056084805376
1393377280,n,C,0.006377,140056086157056
1393377280,n,C,0.011203,140056083588864
1393377280,o,C,0.001600,140056085075712
1393377280,p,C,0.002941,140056098940672
1393377281,n,C,0.012793,140056084535040
1393377282,n,C,0.008920,140056083994368
1393377282,n,C,0.010225,140056083183360
1393377282,o,C,0.000992,140056098535168
1393377282,s,C,0.002081,140056099346176
1393377282,s,C,0.002641,140056085616384
1393377283,n,C,0.025497,140056099075840
1393377283,o,C,0.010030,140056099886848
1393377283,s,C,0.002794,140056085346048
1393377283,s,C,0.002857,140056085075712
1393377284,c,R,0.000490,140056085616384
1393377284,s,C,0.002809,140056086157056
1393377285,o,C,0.005285,140056083859200
1393377285,o,C,0.006379,140056098670336
1393377285,s,C,0.001171,140056098535168
1393377285,s,C,0.002810,140056086021888
1393377286,n,C,0.003902,140056098264832
1393377286,n,C,0.015967,140056099616512
1393377286,s,C,0.002955,140056085886720
1393377287,o,C,0.000910,140056085210880
1393377287,p,C,0.004307,140056083588864
1393377288,o,C,0.003518,140056085886720
1393377289,o,C,0.005544,140056085616384
1393377290,n,C,0.009385,140056099211008
1393377290,p,C,0.004405,140056099075840
1393377290,s,C,0.002969,140056098264832
1393377291,o,C,0.005325,140056086157056
1393377291,s,C,0.002557,140056099751680
1393377291,s,C,0.002804,140056083453696
1393377292,o,C,0.002059,140056084129536
1393377292,o,C,0.002393,140056083588864
1393377292,s,C,0.002768,140056085346048
1393377292,s,C,0.002800,140056086021888
1393377293,n,C,0.008400,140056083318528
1393377293,s,C,0.002978,140056085210880
1393377294,c,C,0.000527,140056085886720
1393377294,s,C,0.003101,140056099886848
1393377295,s,C,0.003099,140056099616512
1393377296,o,C,0.004651,140056083588864
1393377296,s,C,0.002692,140056083048192
1393377296,s,C,0.002847,140056085075712
1393377297,o,C,0.002164,140056084129536
1393377298,n,C,0.009257,140056084399872
1393377298,o,C,0.002010,140056099616512
1393377298,o,C,0.002118,140056083453696
1393377298,o,C,0.002555,140056085886720
1393377298,p,C,0.004389,140056086021888
1393377298,s,C,0.002724,140056099886848
1393377298,s,C,0.002773,140056083859200
1393377299,o,C,0.002209,140056099481344
1393377299,s,C,0.002626,140056085210880
1393377299,s,C,0.003220,140056084805376
1393377300,n,C,0.008787,140056084940544
1393377300,p,C,0.000961,140056085346048
1393377300,s,C,0.001452,140056085751552
1393377300,s,C,0.002923,140056099211008
1393377301,n,C,0.010739,140056083994368
1393377301,n,C,0.014248,140056099346176
1393377301,s,C,0.001261,140056099751680
1393377302,n,C,0.014105,140056084670208
1393377302,o,C,0.001861,140056085210880
1393377302,s,C,0.002711,140056100022016
1393377302,s,C,0.002745,140056084805376
1393377302,s,C,0.002830,140056083859200
1393377302,s,C,0.003107,140056098535168
1393377302,s,C,0.003660,140056099886848
1393377303,o,C,0.005864,140056085616384
1393377303,s,C,0.001157,140056099481344
1393377303,s,C,0.002573,140056083453696
1393377304,D,C,0.009570,140056099616512
1393377304,D,C,0.012921,140056099616512
1393377304,D,C,0.016346,140056099616512
1393377304,D,C,0.019496,140056099616512
1393377304,D,C,0.022680,140056099616512
1393377304,D,C,0.025870,140056099616512
1393377304,D,C,0.029217,140056099616512
1393377304,D,C,0.032885,140056099616512
1393377304,D,C,0.036340,140056099616512
1393377304,d,C,0.039709,140056099616512
1393377304,s,C,0.001116,140056083724032
1393377304,s,C,0.002733,140056084535040
1393377304,s,C,0.003354,140056085481216
1393377305,o,C,0.002569,140056084129536
1393377305,o,C,0.005940,140056099886848
1393377305,o,C,0.006059,140056085886720
1393377305,s,C,0.002666,140056084805376
1393377305,s,C,0.002873,140056084399872
1393377305,s,C,0.003058,140056100022016
1393377306,s,C,0.002851,140056085481216
1393377307,n,C,0.005495,140056083183360
1393377307,s,C,0.002534,140056099886848
1393377307,s,C,0.002863,140056099346176
1393377308,s,C,0.002725,140056084399872
1393377309,o,C,0.002307,140056083183360
1393377309,s,C,0.002690,140056099751680
1393377309,s,C,0.003183,140056099481344
1393377309,s,C,0.003342,140056083724032
1393377310,p,C,0.004256,140056085210880
1393377310,s,C,0.002761,140056083994368
1393377310,s,C,0.003083,140056084670208
1393377311,o,C,0.007250,140056086427392
1393377311,s,C,0.001209,140056084399872
1393377312,s,C,0.002681,140056099481344
1393377312,s,C,0.003295,140056086021888
1393377313,p,C,0.004107,140056085751552
1393377313,p,C,0.004448,140056099211008
1393377313,s,C,0.003094,140056099886848
1393377313,s,C,0.003463,140056084399872
1393377314,o,C,0.000963,140056084670208
1393377314,o,C,0.005850,140056098940672
1393377314,s,C,0.001205,140056083183360
1393377314,s,C,0.002568,140056098264832
1393377314,s,C,0.003146,140056083588864
1393377314,s,C,0.003261,140056085075712
1393377314,s,C,0.003284,140056084264704
1393377315,D,C,0.007304,140056099346176
1393377315,D,C,0.012164,140056099346176
1393377315,D,C,0.015781,140056099346176
1393377315,D,C,0.018918,140056099346176
1393377315,D,C,0.022239,140056099346176
1393377315,D,C,0.025680,140056099346176
1393377315,D,C,0.029121,140056099346176
1393377315,D,C,0.032534,140056099346176
1393377315,D,C,0.045053,140056099346176
1393377315,d,C,0.053694,140056099346176
1393377315,n,C,0.004226,140056083048192
1393377315,o,C,0.000903,140056086021888
1393377315,o,C,0.002618,140056083994368
1393377315,o,C,0.005932,140056099886848
1393377315,s,C,0.002424,140056084940544
1393377316,c,C,0.000522,140056083183360
1393377316,o,C,0.003252,140056099481344
1393377316,o,C,0.006025,140056084670208
1393377316,s,C,0.002702,140056084264704
1393377317,c,C,0.000527,140056085210880
1393377317,o,C,0.004591,140056083453696
1393377318,o,C,0.002526,140056083724032
1393377318,o,C,0.005877,140056086157056
1393377318,p,C,0.003866,140056099346176
1393377318,s,C,0.002627,140056085886720
1393377318,s,C,0.002799,140056083183360
1393377319,o,C,0.002382,140056083453696
1393377319,o,C,0.005453,140056085751552
1393377319,o,C,0.005482,140056083588864
1393377319,p,C,0.002525,140056098264832
1393377319,p,C,0.003921,140056084399872
1393377319,s,C,0.002941,140056098805504
1393377320,D,C,0.008847,140056100022016
1393377320,D,C,0.013931,140056100022016
1393377320,D,C,0.017678,140056100022016
1393377320,D,C,0.026595,140056100022016
1393377320,D,C,0.037699,140056100022016
1393377320,D,C,0.045081,140056100022016
1393377320,D,C,0.048518,140056100022016
1393377320,D,C,0.051845,140056100022016
1393377320,D,C,0.057485,140056100022016
1393377320,d,C,0.065858,140056100022016
1393377320,s,C,0.003244,140056083724032
1393377321,D,C,0.008315,140056099751680
1393377321,D,C,0.010443,140056098805504
1393377321,D,C,0.013396,140056099751680
1393377321,D,C,0.014452,140056098805504
1393377321,D,C,0.017220,140056099751680
1393377321,D,C,0.018044,140056098805504
1393377321,D,C,0.020301,140056099751680
1393377321,D,C,0.021290,140056098805504
1393377321,D,C,0.024003,140056099751680
1393377321,D,C,0.024730,140056098805504
1393377321,D,C,0.027240,140056099751680
1393377321,D,C,0.027950,140056098805504
1393377321,D,C,0.030906,140056099751680
1393377321,D,C,0.031009,140056098805504
1393377321,D,C,0.034077,140056098805504
1393377321,D,C,0.034128,140056099751680
1393377321,D,C,0.037327,140056098805504
1393377321,d,C,0.041435,140056098805504
1393377321,D,C,0.041800,140056099751680
1393377321,d,C,0.051668,140056099751680
1393377321,n,C,0.011972,140056098535168
1393377322,p,C,0.002193,140056085886720
1393377323,p,C,0.001679,140056085075712
1393377323,s,C,0.001394,140056099346176
1393377324,o,C,0.002491,140056098264832
1393377325,n,C,0.014312,140056084535040
1393377325,o,C,0.002161,140056083318528
1393377325,p,C,0.004011,140056098940672
1393377325,p,C,0.004323,140056086021888
1393377325,s,C,0.003359,140056084940544
1393377326,o,C,0.002185,140056099616512
1393377326,s,C,0.003362,140056083859200
1393377326,s,C,0.003524,140056084805376
1393377327,o,C,0.002354,140056099886848
1393377327,p,C,0.004000,140056083724032
1393377327,s,C,0.003315,140056086292224
1393377328,p,C,0.004210,140056086157056
1393377328,s,C,0.002526,140056098805504
1393377328,s,C,0.002676,140056098940672
1393377328,s,C,0.003154,140056083318528
1393377329,o,C,0.000905,140056085481216
1393377329,o,C,0.002540,140056084535040
1393377329,o,C,0.005721,140056083859200
1393377330,o,C,0.002769,140056086292224
1393377331,o,C,0.002332,140056099346176
1393377331,o,C,0.005879,140056099211008
1393377331,s,C,0.002781,140056084940544
1393377332,o,C,0.002422,140056086157056
1393377332,s,C,0.003199,140056084264704
1393377334,o,C,0.002412,140056099481344
1393377334,s,C,0.001148,140056084129536
1393377335,s,C,0.002673,140056083453696
1393377335,s,C,0.003009,140056083318528
1393377336,n,C,0.006907,140056099075840
1393377336,o,C,0.002300,140056098535168
1393377336,o,C,0.002396,140056098805504
1393377336,s,C,0.002889,140056099751680
1393377337,o,C,0.002401,140056098940672
1393377337,p,C,0.001077,140056084940544
1393377337,s,C,0.003124,140056085616384
1393377338,n,C,0.009968,140056100022016
1393377338,p,C,0.002316,140056085210880
1393377338,p,C,0.004531,140056086292224
1393377338,s,C,0.001821,140056083048192
1393377339,n,C,0.011032,140056086427392
1393377339,o,C,0.005681,140056084535040
1393377340,s,C,0.001350,140056098940672
1393377340,s,C,0.002742,140056084129536
1393377340,s,C,0.003222,140056085075712
1393377341,o,C,0.002192,140056084264704
1393377341,p,C,0.004446,140056083453696
1393377342,o,C,0.002223,140056084129536
1393377342,o,C,0.003954,140056098670336
1393377343,c,C,0.000491,140056099751680
1393377343,o,C,0.002338,140056098264832
1393377344,o,C,0.005510,140056099211008
1393377344,s,C,0.002756,140056085075712
1393377344,s,C,0.002850,140056084535040
1393377345,n,C,0.008201,140056084805376
1393377346,D,C,0.012869,140056099751680
1393377346,D,C,0.024730,140056099751680
1393377346,D,C,0.030733,140056099751680
1393377346,D,C,0.035887,140056099751680
1393377346,D,C,0.041091,140056099751680
1393377346,D,C,0.046003,140056099751680
1393377346,D,C,0.050828,140056099751680
1393377346,D,C,0.055790,140056099751680
1393377346,D,C,0.062207,140056099751680
1393377346,d,C,0.068716,140056099751680
1393377346,o,C,0.002435,140056083724032
1393377346,s,C,0.001542,140056083453696
1393377346,s,C,0.002569,140056083048192
1393377347,n,C,0.008810,140056083183360
1393377347,o,C,0.002235,140056084805376
1393377347,s,C,0.002377,140056084535040
1393377348,c,C,0.000438,140056085075712
1393377348,o,C,0.005502,140056085886720
1393377348,p,C,0.002197,140056098940672
1393377348,s,C,0.002783,140056086157056
1393377349,o,C,0.000874,140056083859200
1393377349,s,C,0.002573,140056084670208
1393377349,s,C,0.002737,140056083048192
1393377349,s,C,0.002770,140056086021888
1393377349,s,C,0.003427,140056083994368
1393377350,c,C,0.000524,140056085751552
1393377350,o,C,0.005158,140056084399872
1393377350,s,C,0.000978,140056086157056
1393377351,o,C,0.001385,140056098400000
1393377351,s,C,0.002961,140056083859200
1393377351,s,C,0.003194,140056084264704
1393377352,o,C,0.001553,140056084670208
1393377353,n,C,0.013049,140056083588864
1393377353,o,C,0.002551,140056098805504
1393377353,o,C,0.005395,140056086427392
1393377353,o,C,0.005823,140056084805376
1393377354,s,C,0.001881,140056083859200
1393377355,n,C,0.008890,140056099481344
1393377355,n,C,0.012867,140056099616512
1393377355,o,C,0.002256,140056085346048
1393377355,o,C,0.002325,140056098400000
1393377355,o,C,0.002698,140056098940672
1393377356,o,C,0.005331,140056084670208
1393377356,o,C,0.005546,140056086292224
1393377356,s,C,0.001229,140056085481216
1393377356,s,C,0.002758,140056083588864
1393377356,s,C,0.003232,140056085751552
1393377357,s,C,0.002656,140056099751680
1393377358,o,C,0.002431,140056084535040
1393377358,s,C,0.001020,140056086021888
1393377358,s,C,0.002975,140056099886848
1393377358,s,C,0.003313,140056085075712
1393377359,n,C,0.008620,140056084940544
1393377359,o,C,0.002143,140056083859200
1393377359,o,C,0.002389,140056085481216
1393377359,o,C,0.002573,140056086292224
1393377359,o,C,0.005846,140056084264704
1393377359,s,C,0.002661,140056099075840
1393377359,s,C,0.002821,140056098400000
1393377359,s,C,0.003072,140056086157056
1393377360,D,C,0.003837,140056084805376
1393377360,D,C,0.007505,140056084805376
1393377360,D,C,0.011341,140056084805376
1393377360,D,C,0.015076,140056084805376
1393377360,D,C,0.018694,140056084805376
1393377360,D,C,0.022301,140056084805376
1393377360,D,C,0.026127,140056084805376
1393377360,D,C,0.029516,140056084805376
1393377360,D,C,0.033027,140056084805376
1393377360,d,C,0.036568,140056084805376
1393377360,s,C,0.002572,140056084399872
1393377360,s,C,0.002794,140056098535168
1393377360,s,C,0.002975,140056099751680
1393377360,s,C,0.003251,140056085886720
1393377362,c,C,0.000519,140056085075712
1393377362,n,C,0.009008,140056084129536
1393377362,n,C,0.012349,140056100022016
1393377362,o,C,0.002561,140056086021888
1393377362,p,C,0.004181,140056099886848
1393377362,s,C,0.002724,140056085751552
1393377362,s,C,0.003286,140056099751680
1393377363,n,C,0.006114,140056099346176
1393377363,o,C,0.006149,140056086157056
1393377363,s,C,0.001707,140056083724032
1393377364,o,C,0.002174,140056098535168
1393377364,o,C,0.002461,140056085886720
1393377364,o,C,0.002746,140056099481344
1393377365,o,C,0.003448,140056083859200
1393377365,p,C,0.004251,140056086021888
1393377366,o,C,0.002181,140056084535040
1393377366,o,C,0.002348,140056084940544
1393377366,o,C,0.002614,140056084805376
1393377366,p,C,0.004261,140056086292224
1393377366,s,C,0.001085,140056083724032
1393377366,s,C,0.002689,140056099751680
1393377366,s,C,0.003071,140056083994368
1393377366,s,C,0.003277,140056099481344
1393377367,c,C,0.000557,140056083588864
1393377367,n,C,0.014588,140056085616384
1393377367,o,C,0.002298,140056085346048
1393377367,o,C,0.005499,140056099616512
1393377367,s,C,0.001232,140056085481216
1393377367,s,C,0.002667,140056099075840
1393377368,o,C,0.005315,140056098400000
1393377368,s,C,0.003229,140056099481344
1393377369,o,C,0.002573,140056098670336
1393377370,n,C,0.007021,140056083048192
1393377370,n,C,0.011872,140056098264832
1393377370,o,C,0.002229,140056083453696
1393377370,o,C,0.002384,140056099346176
1393377370,s,C,0.001293,140056085886720
1393377370,s,C,0.002190,140056098535168
1393377370,s,C,0.002706,140056099075840
1393377370,s,C,0.003313,140056099211008
1393377371,n,C,0.012754,140056083318528
1393377371,o,C,0.002245,140056085751552
1393377371,o,C,0.002457,140056086157056
1393377371,p,C,0.001720,140056083724032
1393377371,s,C,0.001417,140056083183360
1393377372,c,C,0.000562,140056099886848
1393377372,n,C,0.012864,140056086427392
1393377372,o,C,0.002029,140056085210880
1393377372,o,C,0.002605,140056084805376
1393377372,s,C,0.002720,140056084399872
1393377373,D,C,0.007117,140056099481344
1393377373,D,C,0.012055,140056099481344
1393377373,D,C,0.015356,140056099481344
1393377373,D,C,0.018602,140056099481344
1393377373,D,C,0.022222,140056099481344
1393377373,D,C,0.025681,140056099481344
1393377373,D,C,0.029358,140056099481344
1393377373,D,C,0.036034,140056099481344
1393377373,D,C,0.041900,140056099481344
1393377373,d,C,0.045202,140056099481344
1393377373,o,C,0.002184,140056085481216
1393377373,p,C,0.001014,140056085075712
1393377373,s,C,0.001161,140056084670208
1393377373,s,C,0.002981,140056083048192
1393377374,s,C,0.002735,140056084535040
1393377374,s,C,0.002833,140056086157056
1393377374,s,C,0.003258,140056083588864
1393377375,o,C,0.002575,140056099075840
1393377375,o,C,0.003995,140056085886720
1393377375,s,C,0.002534,140056084805376
1393377376,o,C,0.002279,140056083048192
1393377376,o,C,0.002292,140056083453696
1393377376,o,C,0.002551,140056086292224
1393377376,o,C,0.005812,140056098805504
1393377377,o,C,0.002406,140056100022016
1393377377,o,C,0.002579,140056099751680
1393377377,o,C,0.003296,140056099346176
1393377377,o,C,0.005255,140056085346048
1393377377,s,C,0.002788,140056099211008
1393377378,o,C,0.002331,140056098400000
1393377378,o,C,0.005294,140056098535168
1393377378,o,C,0.005304,140056098670336
1393377378,p,C,0.004161,140056086157056
1393377379,o,C,0.002085,140056084399872
1393377379,o,C,0.002106,140056086427392
1393377379,o,C,0.005498,140056083183360
1393377379,o,C,0.005715,140056098264832
1393377379,s,C,0.002572,140056083994368
1393377379,s,C,0.002990,140056083048192
1393377380,o,C,0.000963,140056099481344
1393377380,o,C,0.005263,140056086292224
1393377380,p,C,0.003220,140056084264704
1393377380,s,C,0.003155,140056099346176
1393377381,D,C,0.012230,140056098805504
1393377381,D,C,0.024117,140056098805504
1393377381,D,C,0.030161,140056098805504
1393377381,D,C,0.033071,140056098805504
1393377381,D,C,0.035961,140056098805504
1393377381,D,C,0.039250,140056098805504
1393377381,D,C,0.042342,140056098805504
1393377381,D,C,0.045576,140056098805504
1393377381,D,C,0.048612,140056098805504
1393377381,d,C,0.052613,140056098805504
1393377381,o,C,0.001590,140056084535040
1393377381,o,C,0.002037,140056083588864
1393377381,s,C,0.003301,140056083724032
1393377382,D,C,0.012736,140056099751680
1393377382,D,C,0.017018,140056099751680
1393377382,D,C,0.022379,140056099751680
1393377382,D,C,0.035629,140056099751680
1393377382,D,C,0.039237,140056099751680
1393377382,D,C,0.042409,140056099751680
1393377382,D,C,0.045539,140056099751680
1393377382,D,C,0.048374,140056099751680
1393377382,D,C,0.051713,140056099751680
1393377382,d,C,0.054661,140056099751680
1393377382,s,C,0.002674,140056086292224
1393377382,s,C,0.003461,140056098670336
1393377383,o,C,0.002352,140056098264832
1393377383,o,C,0.005627,140056083724032
1393377383,o,C,0.005783,140056098805504
1393377383,s,C,0.002554,140056084670208
1393377383,s,C,0.002834,140056084264704
1393377384,o,C,0.005606,140056098535168
1393377384,s,C,0.002220,140056099751680
1393377385,c,C,0.000480,140056083048192
1393377385,n,C,0.012744,140056099616512
1393377385,o,C,0.005669,140056099075840
1393377385,p,C,0.002257,140056083994368
1393377385,s,C,0.002580,140056083318528
1393377385,s,C,0.003136,140056085210880
1393377385,s,C,0.003241,140056084399872
1393377386,n,C,0.008480,140056083859200
1393377387,o,C,0.005761,140056084264704
1393377388,o,C,0.002599,140056085346048
1393377388,o,C,0.005787,140056099751680
1393377388,s,C,0.003067,140056085210880
1393377389,o,C,0.002320,140056083453696
1393377389,o,C,0.002637,140056098264832
1393377389,s,C,0.002441,140056083048192
1393377389,s,C,0.002929,140056098535168
1393377389,s,C,0.003326,140056086427392
1393377390,o,C,0.005415,140056085616384
1393377390,o,C,0.005460,140056086157056
1393377390,p,C,0.004230,140056084264704
1393377390,s,C,0.002709,140056084399872
1393377391,n,C,0.006567,140056098940672
1393377391,o,C,0.005561,140056085346048
1393377391,o,C,0.005700,140056098670336
1393377391,o,C,0.005842,140056083994368
1393377391,s,C,0.002618,140056086427392
1393377392,s,C,0.002534,140056083048192
1393377392,s,C,0.003115,140056084670208
1393377394,D,C,0.004921,140056098264832
1393377394,D,C,0.015762,140056098264832
1393377394,D,C,0.018940,140056098264832
1393377394,D,C,0.022293,140056098264832
1393377394,D,C,0.025485,140056098264832
1393377394,D,C,0.028776,140056098264832
1393377394,D,C,0.032525,140056098264832
1393377394,D,C,0.036073,140056098264832
1393377394,D,C,0.043257,140056098264832
1393377394,d,C,0.051294,140056098264832
1393377394,n,C,0.013492,140056099886848
1393377394,o,C,0.002018,140056099346176
1393377394,o,C,0.004981,140056085075712
1393377394,p,C,0.001735,140056083183360
1393377394,p,C,0.003175,140056099075840
1393377395,n,C,0.030590,140056099211008
1393377395,o,C,0.000894,140056083724032
1393377395,o,C,0.000995,140056084805376
1393377395,o,C,0.005717,140056098670336
1393377396,n,C,0.010024,140056084940544
1393377396,o,C,0.001548,140056085075712
1393377396,o,C,0.005666,140056098535168
1393377396,o,C,0.005667,140056084399872
1393377396,s,C,0.001173,140056083859200
1393377396,s,C,0.002782,140056084670208
1393377397,o,C,0.005669,140056084535040
1393377397,o,C,0.005716,140056085886720
1393377397,s,C,0.002771,140056085616384
1393377398,p,C,0.004265,140056083453696
1393377398,s,C,0.002733,140056099886848
1393377399,n,C,0.012126,140056100022016
1393377399,o,C,0.002468,140056083048192
1393377399,p,C,0.004304,140056099346176
1393377399,s,C,0.002693,140056099751680
1393377399,s,C,0.002869,140056099075840
1393377399,s,C,0.002914,140056098535168
1393377400,o,C,0.000965,140056083453696
1393377400,p,C,0.001611,140056099481344
1393377400,s,C,0.002922,140056098670336
1393377400,s,C,0.003118,140056084535040
1393377400,s,C,0.003151,140056083183360
1393377401,c,C,0.000522,140056086427392
1393377401,o,C,0.002165,140056099886848
1393377401,o,C,0.002622,140056098940672
1393377401,o,C,0.005599,140056084805376
1393377401,o,C,0.005681,140056099211008
1393377401,s,C,0.002584,140056083859200
1393377402,s,C,0.002609,140056083994368
1393377403,D,C,0.006967,140056085886720
1393377403,D,C,0.017930,140056085886720
1393377403,D,C,0.021649,140056085886720
1393377403,D,C,0.024726,140056085886720
1393377403,D,C,0.028127,140056085886720
1393377403,D,C,0.031264,140056085886720
1393377403,D,C,0.037616,140056085886720
1393377403,D,C,0.043815,140056085886720
1393377403,D,C,0.048153,140056085886720
1393377403,d,C,0.052458,140056085886720
1393377403,o,C,0.000710,140056099075840
1393377403,o,C,0.002090,140056083183360
1393377403,o,C,0.002169,140056084535040
1393377403,s,C,0.002717,140056085751552
1393377404,o,C,0.000945,140056085616384
1393377404,o,C,0.005567,140056083859200
1393377405,o,C,0.005702,140056099751680
1393377406,n,C,0.009830,140056086292224
1393377406,n,C,0.013857,140056083318528
1393377406,s,C,0.001745,140056083048192
1393377406,TERMINATED,,,1494492928
1393377406,TERMINATED,,,1494763264
1393377406,TERMINATED,,,1495439104
1393377406,TERMINATED,,,1497196288
1393377406,TERMINATED,,,1497736960
1393377407,o,C,0.002051,140056100022016
1393377407,s,C,0.002603,140056099886848
1393377407,TERMINATED,,,1495979776
1393377407,TERMINATED,,,1510115072
1393377407,TERMINATED,,,1511331584
1393377407,TERMINATED,,,1511466752
1393377408,TERMINATED,,,1494898432
1393377408,TERMINATED,,,1495033600
1393377409,TERMINATED,,,1496250112
1393377409,TERMINATED,,,1496925952
1393377409,TERMINATED,,,1497872128
1393377409,TERMINATED,,,1510250240
1393377410,TERMINATED,,,1496385280
1393377411,TERMINATED,,,1495303936
1393377413,n,C,0.009691,140056086157056
1393377413,TERMINATED,,,1497331456
1393377413,TERMINATED,,,1497601792
1393377414,n,C,0.013896,140056086021888
1393377414,TERMINATED,,,1497466624
1393377415,n,C,0.013578,140056084670208
1393377415,TERMINATED,,,1496114944
1393377416,n,C,0.009873,140056085210880
1393377416,TERMINATED,,,1496655616
1393377416,TERMINATED,,,1497061120
1393377416,TERMINATED,,,1509979904
1393377417,n,C,0.009014,140056084264704
1393377417,n,C,0.014958,140056098264832
1393377417,TERMINATED,,,1495709440
1393377417,TERMINATED,,,1509709568
1393377418,n,C,0.012286,140056084129536
1393377418,TERMINATED,,,1495574272
1393377419,n,C,0.013173,140056085075712
1393377419,TERMINATED,,,1496520448
1393377419,TERMINATED,,,1510790912
1393377422,n,C,0.008229,140056098400000
1393377422,TERMINATED,,,1509844736
1393377422,TERMINATED,,,1510520576
1393377423,TERMINATED,,,1496790784
1393377425,TERMINATED,,,1510926080
