Started on:   Mi 26. Feb 02:06:54 CET 2014
Expected end: Mi 26. Feb 02:15:14 CET 2014
Restoring backed up mysql data
STOPPING DATABASE: /home/htmsql/develop/mysql/mysql-5.6.10-alpha/install/bin/mysqladmin --no-defaults -u root shutdown
Data restored
STARTING DATABASE: /home/htmsql/develop/mysql/mysql-5.6.10-alpha/install/bin/mysqld --no-defaults 		--max_connections=1000 		--performance_schema=OFF 		--table_open_cache_instances=32 		--query_cache_type=0 		--query_cache_size=0 		--innodb_buffer_pool_size=21474836480 		--innodb_log_file_size=268435456 		--innodb_log_buffer_size=16777216 		--innodb_flush_method=fsync 		--innodb_flush_log_at_trx_commit=2
2014-02-26 02:07:26 0 [Warning] TIMESTAMP with implicit DEFAULT value is deprecated. Please use --explicit_defaults_for_timestamp server option (see documentation for more details).
2014-02-26 02:07:26 0 [Warning] Changed limits: max_open_files: 4096  max_connections: 1000  table_cache: 1543
2014-02-26 02:07:26 7855 [Note] Plugin 'FEDERATED' is disabled.
2014-02-26 02:07:26 7855 [Note] InnoDB: The InnoDB memory heap is disabled
2014-02-26 02:07:26 7855 [Note] InnoDB: Mutexes and rw_locks use GCC atomic builtins
2014-02-26 02:07:26 7855 [Note] InnoDB: Compressed tables use zlib 1.2.3
2014-02-26 02:07:26 7855 [Note] InnoDB: CPU does not support crc32 instructions
2014-02-26 02:07:26 7855 [Note] InnoDB: Initializing buffer pool, size = 20.0G
2014-02-26 02:07:27 7855 [Note] InnoDB: Completed initialization of buffer pool
2014-02-26 02:07:27 7855 [Note] InnoDB: Highest supported file format is Barracuda.
2014-02-26 02:07:28 7855 [Note] InnoDB: 128 rollback segment(s) are active.
2014-02-26 02:07:28 7855 [Note] InnoDB: Waiting for purge to start
2014-02-26 02:07:28 7855 [Note] InnoDB: 1.2.10 started; log sequence number 17719764156
2014-02-26 02:07:28 7855 [Note] Server hostname (bind-address): '*'; port: 3306
2014-02-26 02:07:28 7855 [Note] IPv6 is available.
2014-02-26 02:07:28 7855 [Note]   - '::' resolves to '::';
2014-02-26 02:07:28 7855 [Note] Server socket created on IP: '::'.
2014-02-26 02:07:28 7855 [Note] Event Scheduler: Loaded 0 events
2014-02-26 02:07:28 7855 [Note] /home/htmsql/develop/mysql/mysql-5.6.10-alpha/install/bin/mysqld: ready for connections.
Version: '5.6.10'  socket: '/tmp/mysql.sock'  port: 3306  Source distribution
output: /home/htmsql/develop/mysql/report-alpha/167-20140226_0206-c_500-w_4
RUNNING TEST: ./dbt2-run-workload 		-a mysql 		-c 500 		-d 500 		-w 4 		-o /home/htmsql/develop/mysql/report-alpha/167-20140226_0206-c_500-w_4
Sleeping for 30 sec before profiling
MySQL pid file '/home/htmsql/develop/mysql/mysql-5.6.10-alpha/deskkemper05.pid' does not exist.
MySQL was not stopped, if it was running.
DBT-2 test for mysql started...

DATABASE SYSTEM: localhost
DATABASE NAME: dbt2
DATABASE SOCKET: /tmp/mysql.sock
DATABASE PORT: 3306
DATABASE CONNECTIONS: 500
TERMINAL THREADS: 40
TERMINALS PER WAREHOUSE: 10
WAREHOUSES PER THREAD/CLIENT PAIR: 4
SCALE FACTOR (WAREHOUSES): 4
DURATION OF TEST (in sec): 500
1 client stared every 1000 millisecond(s)

waiting for server
Stage 1. Starting up client...
./dbt2-client -t /tmp/mysql.sock -l 3306 -d dbt2 -u root -h localhost -f -c 500 -s 1000 -p 30000 -o /home/htmsql/develop/mysql/report-alpha/167-20140226_0206-c_500-w_4/client/deskkemper05.1
Sleeping 5 seconds
collecting database statistics...
./dbt2-run-workload: line 650: ./vacuumdb: No such file or directory

Stage 2. Starting up driver...
1000 threads started per millisecond
estimated rampup time: Sleeping 50 seconds
_PROFILE_PERF_STAT_PID: 7998
_PROFILE_PERF_RECORD_PID: 7999
PROFILING PERF STAT: perf stat 		-T -p 7855 		&>/home/htmsql/develop/mysql/report-alpha/167-20140226_0206-c_500-w_4/perf.stat
PROFILING PERF RECORD: perf record -p 7855 -o /home/htmsql/develop/mysql/report-alpha/167-20140226_0206-c_500-w_4/perf.data
estimated rampup time has elapsed
estimated steady state time: Sleeping 500 seconds

Stage 3. Processing of results...
Killing client...
./dbt2-run-workload: line 680:  7970 Terminated              ./dbt2-driver ${DRIVER_COMMAND_ARGS} > ${DRIVER_OUTPUT_DIR}/`hostname`/driver-${SEG}.out 2>&1
MySQL pid file '/home/htmsql/develop/mysql/mysql-5.6.10-alpha/deskkemper05.pid' does not exist.
MySQL was not stopped, if it was running.
./dbt2-run-workload: line 605:  7924 Terminated              ./dbt2-client ${CLIENT_COMMAND_ARGS} -p ${PORT} -o ${CDIR} > ${CLIENT_OUTPUT_DIR}/`hostname`/client-${SEG}.out 2>&1
Test completed.
Results are in: /home/htmsql/develop/mysql/report-alpha/167-20140226_0206-c_500-w_4

                         Response Time (s)
 Transaction      %    Average :    90th %        Total        Rollbacks      %     Ser. Retries      %
------------  -----  ---------------------  -----------  ---------------  -----  ---------------  -----
    Delivery   3.41      0.062 :     0.084           58                0   0.00                0   0.00
   New Order   9.30      0.012 :     0.019          158                1   0.63                0   0.00
Order Status  38.32      0.004 :     0.006          651                0   0.00                0   0.00
     Payment   7.77      0.004 :     0.005          132                0   0.00                0   0.00
 Stock Level  37.79      0.003 :     0.004          642                0   0.00                0   0.00
Credit Check   3.41      0.000 :     0.001           58               11  18.97                0   0.00
------------  -----  ---------------------  -----------  ---------------  -----

18.62 new-order transactions per minute (NOTPM)
200.28 total transactions per minute (TTPM)
8.5 minute duration
0 total unknown errors
0.6 second(s) ramping up
------------  -----  ---------------------  -----------  ---------------  -----  ---------------  -----
ANALYZING RESULTS: python ../../dbttools/bin/dbt2-generate-report 	--dbms mysql 	--i /home/htmsql/develop/mysql/report-alpha/167-20140226_0206-c_500-w_4
Output flag not set - setting output=input
Generating mpstat, iostat, and vmstat charts for driver systems...
Moving on to database system stats...
Generating transaction distribution charts...
Generating mpstat charts...
Generating iostat charts...
Generating vmstat charts...
Generating transaction rate charts...
Generating database statistics charts...
./util.sh: line 48:  8000 Hangup                  perf stat -T -p 7855 &>/home/htmsql/develop/mysql/report-alpha/167-20140226_0206-c_500-w_4/perf.stat
[ perf record: Woken up 2 times to write data ]
[ perf record: Captured and wrote 0.863 MB /home/htmsql/develop/mysql/report-alpha/167-20140226_0206-c_500-w_4/perf.data (~37701 samples) ]
