Mon Feb 24 04:01:17 2014
tid:1668359936 /home/htmsql/develop/mysql/dbt2++/dbt2/src/db.c:186
Cannot execute_credit_check since the code does not exist
Mon Feb 24 04:01:24 2014
tid:1668093696 /home/htmsql/develop/mysql/dbt2++/dbt2/src/db.c:186
Cannot execute_credit_check since the code does not exist
Mon Feb 24 04:01:32 2014
tid:1668093696 /home/htmsql/develop/mysql/dbt2++/dbt2/src/db.c:186
Cannot execute_credit_check since the code does not exist
Mon Feb 24 04:01:38 2014
tid:1668892416 /home/htmsql/develop/mysql/dbt2++/dbt2/src/db.c:186
Cannot execute_credit_check since the code does not exist
Mon Feb 24 04:01:40 2014
tid:1668626176 /home/htmsql/develop/mysql/dbt2++/dbt2/src/db.c:186
Cannot execute_credit_check since the code does not exist
Mon Feb 24 04:01:43 2014
tid:1668359936 /home/htmsql/develop/mysql/dbt2++/dbt2/src/db.c:186
Cannot execute_credit_check since the code does not exist
Mon Feb 24 04:01:46 2014
tid:1668359936 /home/htmsql/develop/mysql/dbt2++/dbt2/src/db.c:186
Cannot execute_credit_check since the code does not exist
Mon Feb 24 04:01:59 2014
tid:1668093696 /home/htmsql/develop/mysql/dbt2++/dbt2/src/db.c:186
Cannot execute_credit_check since the code does not exist
Mon Feb 24 04:02:00 2014
tid:1668093696 /home/htmsql/develop/mysql/dbt2++/dbt2/src/db.c:186
Cannot execute_credit_check since the code does not exist
Mon Feb 24 04:02:01 2014
tid:1668626176 /home/htmsql/develop/mysql/dbt2++/dbt2/src/db.c:186
Cannot execute_credit_check since the code does not exist
Mon Feb 24 04:02:02 2014
tid:1668359936 /home/htmsql/develop/mysql/dbt2++/dbt2/src/db.c:186
Cannot execute_credit_check since the code does not exist
Mon Feb 24 04:02:09 2014
tid:1668359936 /home/htmsql/develop/mysql/dbt2++/dbt2/src/db.c:186
Cannot execute_credit_check since the code does not exist
Mon Feb 24 04:02:13 2014
tid:1668359936 /home/htmsql/develop/mysql/dbt2++/dbt2/src/db.c:186
Cannot execute_credit_check since the code does not exist
Mon Feb 24 04:02:14 2014
tid:1668892416 /home/htmsql/develop/mysql/dbt2++/dbt2/src/db.c:186
Cannot execute_credit_check since the code does not exist
Mon Feb 24 04:02:15 2014
tid:1668892416 /home/htmsql/develop/mysql/dbt2++/dbt2/src/db.c:186
Cannot execute_credit_check since the code does not exist
Mon Feb 24 04:02:19 2014
tid:1668892416 /home/htmsql/develop/mysql/dbt2++/dbt2/src/db.c:186
Cannot execute_credit_check since the code does not exist
Mon Feb 24 04:02:23 2014
tid:1668892416 /home/htmsql/develop/mysql/dbt2++/dbt2/src/db.c:186
Cannot execute_credit_check since the code does not exist
Mon Feb 24 04:02:29 2014
tid:1668359936 /home/htmsql/develop/mysql/dbt2++/dbt2/src/db.c:186
Cannot execute_credit_check since the code does not exist
Mon Feb 24 04:02:34 2014
tid:1668892416 /home/htmsql/develop/mysql/dbt2++/dbt2/src/db.c:186
Cannot execute_credit_check since the code does not exist
Mon Feb 24 04:02:37 2014
tid:1668093696 /home/htmsql/develop/mysql/dbt2++/dbt2/src/db.c:186
Cannot execute_credit_check since the code does not exist
Mon Feb 24 04:02:37 2014
tid:1668359936 /home/htmsql/develop/mysql/dbt2++/dbt2/src/db.c:186
Cannot execute_credit_check since the code does not exist
Mon Feb 24 04:02:38 2014
tid:1668892416 /home/htmsql/develop/mysql/dbt2++/dbt2/src/db.c:186
Cannot execute_credit_check since the code does not exist
Mon Feb 24 04:02:40 2014
tid:1668626176 /home/htmsql/develop/mysql/dbt2++/dbt2/src/db.c:186
Cannot execute_credit_check since the code does not exist
Mon Feb 24 04:02:41 2014
tid:1668892416 /home/htmsql/develop/mysql/dbt2++/dbt2/src/db.c:186
Cannot execute_credit_check since the code does not exist
Mon Feb 24 04:02:41 2014
tid:1668626176 /home/htmsql/develop/mysql/dbt2++/dbt2/src/db.c:186
Cannot execute_credit_check since the code does not exist
Mon Feb 24 04:02:59 2014
tid:1668359936 /home/htmsql/develop/mysql/dbt2++/dbt2/src/db.c:186
Cannot execute_credit_check since the code does not exist
Mon Feb 24 04:03:02 2014
tid:1668093696 /home/htmsql/develop/mysql/dbt2++/dbt2/src/db.c:186
Cannot execute_credit_check since the code does not exist
Mon Feb 24 04:03:02 2014
tid:1668359936 /home/htmsql/develop/mysql/dbt2++/dbt2/src/db.c:186
Cannot execute_credit_check since the code does not exist
Mon Feb 24 04:03:10 2014
tid:1668359936 /home/htmsql/develop/mysql/dbt2++/dbt2/src/db.c:186
Cannot execute_credit_check since the code does not exist
Mon Feb 24 04:03:12 2014
tid:1668359936 /home/htmsql/develop/mysql/dbt2++/dbt2/src/db.c:186
Cannot execute_credit_check since the code does not exist
Mon Feb 24 04:03:13 2014
tid:1668359936 /home/htmsql/develop/mysql/dbt2++/dbt2/src/mysql/dbc_new_order.c:108
NEW_ORDER ROLLBACK RC 1

Mon Feb 24 04:03:13 2014
tid:1668359936 /home/htmsql/develop/mysql/dbt2++/dbt2/src/mysql/dbc_common.c:97
ROLLBACK INITIATED

Mon Feb 24 04:03:14 2014
tid:1668626176 /home/htmsql/develop/mysql/dbt2++/dbt2/src/db.c:186
Cannot execute_credit_check since the code does not exist
Mon Feb 24 04:03:16 2014
tid:1668359936 /home/htmsql/develop/mysql/dbt2++/dbt2/src/db.c:186
Cannot execute_credit_check since the code does not exist
Mon Feb 24 04:03:22 2014
tid:1668093696 /home/htmsql/develop/mysql/dbt2++/dbt2/src/db.c:186
Cannot execute_credit_check since the code does not exist
Mon Feb 24 04:03:26 2014
tid:1668359936 /home/htmsql/develop/mysql/dbt2++/dbt2/src/db.c:186
Cannot execute_credit_check since the code does not exist
Mon Feb 24 04:03:28 2014
tid:1668093696 /home/htmsql/develop/mysql/dbt2++/dbt2/src/db.c:186
Cannot execute_credit_check since the code does not exist
Mon Feb 24 04:03:30 2014
tid:1668093696 /home/htmsql/develop/mysql/dbt2++/dbt2/src/db.c:186
Cannot execute_credit_check since the code does not exist
Mon Feb 24 04:03:33 2014
tid:1668093696 /home/htmsql/develop/mysql/dbt2++/dbt2/src/db.c:186
Cannot execute_credit_check since the code does not exist
