Started on:   Do 27. Feb 06:06:02 CET 2014
Expected end: Do 27. Feb 06:07:02 CET 2014
Restoring backed up mysql data
STOPPING DATABASE: /home/htmsql/develop/mysql/mysql-5.6.10-sssi/install/bin/mysqladmin --no-defaults -u root shutdown
/home/htmsql/develop/mysql/mysql-5.6.10-sssi/install/bin/mysqladmin: connect to server at 'localhost' failed
error: 'Can't connect to local MySQL server through socket '/tmp/mysql.sock' (2)'
Check that mysqld is running and that the socket: '/tmp/mysql.sock' exists!
rm: cannot remove ‘/home/htmsql/develop/mysql/mysql-5.6.10-sssi/install/my.cnf’: No such file or directory
Data restored
STARTING DATABASE: /home/htmsql/develop/mysql/mysql-5.6.10-sssi/install/bin/mysqld --no-defaults 		--max_connections=10 		--performance_schema=OFF 		--table_open_cache_instances=32 		--query_cache_type=0 		--query_cache_size=0 		--innodb_buffer_pool_size=21474836480 		--innodb_log_file_size=268435456 		--innodb_log_buffer_size=16777216 		--innodb_flush_method=fsync 		--innodb_flush_log_at_trx_commit=2
2014-02-27 06:07:25 0 [Warning] TIMESTAMP with implicit DEFAULT value is deprecated. Please use --explicit_defaults_for_timestamp server option (see documentation for more details).
2014-02-27 06:07:25 11360 [Note] Plugin 'FEDERATED' is disabled.
2014-02-27 06:07:25 11360 [Note] InnoDB: The InnoDB memory heap is disabled
2014-02-27 06:07:25 11360 [Note] InnoDB: Mutexes and rw_locks use GCC atomic builtins
2014-02-27 06:07:25 11360 [Note] InnoDB: Compressed tables use zlib 1.2.3
2014-02-27 06:07:25 11360 [Note] InnoDB: CPU does not support crc32 instructions
2014-02-27 06:07:25 11360 [Note] InnoDB: Initializing buffer pool, size = 20.0G
2014-02-27 06:07:26 11360 [Note] InnoDB: Completed initialization of buffer pool
2014-02-27 06:07:29 11360 [Note] InnoDB: Highest supported file format is Barracuda.
2014-02-27 06:07:30 11360 [Note] InnoDB: 128 rollback segment(s) are active.
2014-02-27 06:07:30 11360 [Note] InnoDB: Waiting for purge to start
2014-02-27 06:07:30 11360 [Note] InnoDB: 1.2.10 started; log sequence number 8854937535
2014-02-27 06:07:30 11360 [Note] Server hostname (bind-address): '*'; port: 3306
2014-02-27 06:07:30 11360 [Note] IPv6 is available.
2014-02-27 06:07:30 11360 [Note]   - '::' resolves to '::';
2014-02-27 06:07:30 11360 [Note] Server socket created on IP: '::'.
2014-02-27 06:07:30 11360 [Note] Event Scheduler: Loaded 0 events
2014-02-27 06:07:30 11360 [Note] /home/htmsql/develop/mysql/mysql-5.6.10-sssi/install/bin/mysqld: ready for connections.
Version: '5.6.10'  socket: '/tmp/mysql.sock'  port: 3306  Source distribution
output: /home/htmsql/develop/mysql/report-ssi/204-20140227_0606-c_4-w_4
RUNNING TEST: ./dbt2-run-workload 		-a mysql 		-c 4 		-d 60 		-w 4 		-o /home/htmsql/develop/mysql/report-ssi/204-20140227_0606-c_4-w_4
Sleeping for 30 sec before profiling
MySQL pid file '/home/htmsql/develop/mysql/mysql-5.6.10-sssi/deskkemper05.pid' does not exist.
MySQL was not stopped, if it was running.
DBT-2 test for mysql started...

DATABASE SYSTEM: localhost
DATABASE NAME: dbt2
DATABASE SOCKET: /tmp/mysql.sock
DATABASE PORT: 3306
DATABASE CONNECTIONS: 4
TERMINAL THREADS: 40
TERMINALS PER WAREHOUSE: 10
WAREHOUSES PER THREAD/CLIENT PAIR: 4
SCALE FACTOR (WAREHOUSES): 4
DURATION OF TEST (in sec): 60
1 client stared every 1000 millisecond(s)

waiting for server
Stage 1. Starting up client...
./dbt2-client -t /tmp/mysql.sock -l 3306 -d dbt2 -u root -h localhost -f -c 4 -s 1000 -p 30000 -o /home/htmsql/develop/mysql/report-ssi/204-20140227_0606-c_4-w_4/client/deskkemper05.1
Sleeping 5 seconds
collecting database statistics...
./dbt2-run-workload: line 650: ./vacuumdb: No such file or directory

Stage 2. Starting up driver...
1000 threads started per millisecond
estimated rampup time: Sleeping 50 seconds
05:07:58 UTC - mysqld got signal 11 ;
This could be because you hit a bug. It is also possible that this binary
or one of the libraries it was linked against is corrupt, improperly built,
or misconfigured. This error can also be caused by malfunctioning hardware.
We will try our best to scrape up some info that will hopefully help
diagnose the problem, but since we have already crashed, 
something is definitely wrong and this may fail.

key_buffer_size=8388608
read_buffer_size=131072
max_used_connections=4
max_threads=10
thread_count=4
connection_count=4
It is possible that mysqld could use up to 
key_buffer_size + (read_buffer_size + sort_buffer_size)*max_threads = 12166 K  bytes of memory
Hope that's ok; if not, decrease some variables in the equation.

Thread pointer: 0x17f3d6a70
Attempting backtrace. You can use the following information to find out
where mysqld died. If you see no messages after this, something went
terribly wrong...
stack_bottom = 7f2f4812de60 thread_stack 0x40000
/home/htmsql/develop/mysql/mysql-5.6.10-sssi/install/bin/mysqld(my_print_stacktrace+0x2c)[0x8ef97c]
/home/htmsql/develop/mysql/mysql-5.6.10-sssi/install/bin/mysqld(handle_fatal_signal+0x364)[0x66ce14]
/lib/x86_64-linux-gnu/libpthread.so.0(+0xfbb0)[0x7f3d570b2bb0]
/home/htmsql/develop/mysql/mysql-5.6.10-sssi/install/bin/mysqld[0x983b8e]
/home/htmsql/develop/mysql/mysql-5.6.10-sssi/install/bin/mysqld[0x9f86ac]
/home/htmsql/develop/mysql/mysql-5.6.10-sssi/install/bin/mysqld[0x95db87]
/home/htmsql/develop/mysql/mysql-5.6.10-sssi/install/bin/mysqld(_Z18join_read_last_keyP13st_join_table+0x111)[0x6cc5f1]
/home/htmsql/develop/mysql/mysql-5.6.10-sssi/install/bin/mysqld[0x6cb74d]
/home/htmsql/develop/mysql/mysql-5.6.10-sssi/install/bin/mysqld(_ZN4JOIN4execEv+0x273)[0x6c9953]
/home/htmsql/develop/mysql/mysql-5.6.10-sssi/install/bin/mysqld(_Z12mysql_selectP3THDP10TABLE_LISTjR4ListI4ItemEPS4_P10SQL_I_ListI8st_orderESB_S7_yP13select_resultP18st_select_lex_unitP13st_select_lex+0x235)[0x70f735]
/home/htmsql/develop/mysql/mysql-5.6.10-sssi/install/bin/mysqld(_Z13handle_selectP3THDP13select_resultm+0x165)[0x710005]
/home/htmsql/develop/mysql/mysql-5.6.10-sssi/install/bin/mysqld[0x56e880]
/home/htmsql/develop/mysql/mysql-5.6.10-sssi/install/bin/mysqld(_Z21mysql_execute_commandP3THD+0x35b6)[0x6f1746]
/home/htmsql/develop/mysql/mysql-5.6.10-sssi/install/bin/mysqld(_ZN13sp_instr_stmt9exec_coreEP3THDPj+0x53)[0x81dce3]
/home/htmsql/develop/mysql/mysql-5.6.10-sssi/install/bin/mysqld(_ZN12sp_lex_instr23reset_lex_and_exec_coreEP3THDPjb+0x1f4)[0x81fa64]
/home/htmsql/develop/mysql/mysql-5.6.10-sssi/install/bin/mysqld(_ZN12sp_lex_instr29validate_lex_and_execute_coreEP3THDPjb+0x9d)[0x82015d]
/home/htmsql/develop/mysql/mysql-5.6.10-sssi/install/bin/mysqld(_ZN13sp_instr_stmt7executeEP3THDPj+0x170)[0x820500]
/home/htmsql/develop/mysql/mysql-5.6.10-sssi/install/bin/mysqld(_ZN7sp_head7executeEP3THDb+0x408)[0x673148]
/home/htmsql/develop/mysql/mysql-5.6.10-sssi/install/bin/mysqld(_ZN7sp_head17execute_procedureEP3THDP4ListI4ItemE+0x693)[0x6749d3]
/home/htmsql/develop/mysql/mysql-5.6.10-sssi/install/bin/mysqld(_Z21mysql_execute_commandP3THD+0x1e24)[0x6effb4]
/home/htmsql/develop/mysql/mysql-5.6.10-sssi/install/bin/mysqld(_Z11mysql_parseP3THDPcjP12Parser_state+0x388)[0x6f3bc8]
/home/htmsql/develop/mysql/mysql-5.6.10-sssi/install/bin/mysqld(_Z16dispatch_command19enum_server_commandP3THDPcj+0xcf5)[0x6f4f35]
/home/htmsql/develop/mysql/mysql-5.6.10-sssi/install/bin/mysqld(_Z24do_handle_one_connectionP3THD+0x1ed)[0x6be5bd]
/home/htmsql/develop/mysql/mysql-5.6.10-sssi/install/bin/mysqld(handle_one_connection+0x39)[0x6be609]
/lib/x86_64-linux-gnu/libpthread.so.0(+0x7f6e)[0x7f3d570aaf6e]
/lib/x86_64-linux-gnu/libc.so.6(clone+0x6d)[0x7f3d565b79cd]

Trying to get some variables.
Some pointers may be invalid and cause the dump to abort.
Query (7f2f280cea70): SELECT o_id, o_carrier_id, o_entry_d, o_ol_cnt  INTO out_o_id, out_o_carrier_id, out_o_entry_d, out_o_ol_cnt  FROM orders  WHERE o_w_id = in_c_w_id    AND o_d_id = in_c_d_id    AND o_c_id = out_c_id  ORDER BY o_id DESC limit 1
Connection ID (thread ID): 2
Status: NOT_KILLED

The manual page at http://dev.mysql.com/doc/mysql/en/crashing.html contains
information that should help you find out what is causing the crash.
PROFILING PERF STAT: perf stat 		-T 		-p 11360 		&>/home/htmsql/develop/mysql/report-ssi/204-20140227_0606-c_4-w_4/perf.stat
PROFILING PERF STAT - HLE_RETIRED.ABORTED: perf stat 			-e r04C8 			-p 11360 			&>/home/htmsql/develop/mysql/report-ssi/204-20140227_0606-c_4-w_4/perf.stat.events.HLE_RETIRED.ABORTED
PROFILING PERF STAT - HLE_RETIRED.START: perf stat 			-e r01C8 			-p 11360 			&>/home/htmsql/develop/mysql/report-ssi/204-20140227_0606-c_4-w_4/perf.stat.events.HLE_RETIRED.START
PROFILING PERF STAT - TX_MEM.ABORT_HLE_ELISION_BUFFER_UNSUPPORTED_ALIGNMENT: perf stat 			-e r2054 			-p 11360 			&>/home/htmsql/develop/mysql/report-ssi/204-20140227_0606-c_4-w_4/perf.stat.events.TX_MEM.ABORT_HLE_ELISION_BUFFER_UNSUPPORTED_ALIGNMENT
PROFILING PERF STAT - TX_MEM.ABORT_HLE_STORE_TO_ELIDED_LOCK: perf stat 			-e r0454 			-p 11360 			&>/home/htmsql/develop/mysql/report-ssi/204-20140227_0606-c_4-w_4/perf.stat.events.TX_MEM.ABORT_HLE_STORE_TO_ELIDED_LOCK
PROFILING PERF STAT - HLE_RETIRED.COMMIT: perf stat 			-e r02C8 			-p 11360 			&>/home/htmsql/develop/mysql/report-ssi/204-20140227_0606-c_4-w_4/perf.stat.events.HLE_RETIRED.COMMIT
PROFILING PERF STAT - HLE_RETIRED.ABORTED_MISC5: perf stat 			-e r80C8 			-p 11360 			&>/home/htmsql/develop/mysql/report-ssi/204-20140227_0606-c_4-w_4/perf.stat.events.HLE_RETIRED.ABORTED_MISC5
PROFILING PERF STAT - TX_MEM.ABORT_HLE_ELISION_BUFFER_NOT_EMPTY: perf stat 			-e r1054 			-p 11360 			&>/home/htmsql/develop/mysql/report-ssi/204-20140227_0606-c_4-w_4/perf.stat.events.TX_MEM.ABORT_HLE_ELISION_BUFFER_NOT_EMPTY
PROFILING PERF STAT - HLE_RETIRED.ABORTED_MISC4: perf stat 			-e r40C8 			-p 11360 			&>/home/htmsql/develop/mysql/report-ssi/204-20140227_0606-c_4-w_4/perf.stat.events.HLE_RETIRED.ABORTED_MISC4
PROFILING PERF RECORD: perf record -g -p 11360 -o /home/htmsql/develop/mysql/report-ssi/204-20140227_0606-c_4-w_4/perf.data
PROFILING PERF STAT - HLE_RETIRED.ABORTED_MISC3: perf stat 			-e r20C8 			-p 11360 			&>/home/htmsql/develop/mysql/report-ssi/204-20140227_0606-c_4-w_4/perf.stat.events.HLE_RETIRED.ABORTED_MISC3
PROFILING PERF STAT - HLE_RETIRED.ABORTED_MISC1: perf stat 			-e r08C8 			-p 11360 			&>/home/htmsql/develop/mysql/report-ssi/204-20140227_0606-c_4-w_4/perf.stat.events.HLE_RETIRED.ABORTED_MISC1
PROFILING PERF STAT - TX_MEM.ABORT_CONFLICT: perf stat 			-e r0154 			-p 11360 			&>/home/htmsql/develop/mysql/report-ssi/204-20140227_0606-c_4-w_4/perf.stat.events.TX_MEM.ABORT_CONFLICT
PROFILING PERF STAT - HLE_RETIRED.ABORTED_MISC2: perf stat 			-e r10C8 			-p 11360 			&>/home/htmsql/develop/mysql/report-ssi/204-20140227_0606-c_4-w_4/perf.stat.events.HLE_RETIRED.ABORTED_MISC2
PROFILING PERF STAT - TX_MEM.ABORT_CAPACITY_WRITE: perf stat 			-e r0254 			-p 11360 			&>/home/htmsql/develop/mysql/report-ssi/204-20140227_0606-c_4-w_4/perf.stat.events.TX_MEM.ABORT_CAPACITY_WRITE
PROFILING PERF STAT - TX_MEM.HLE_ELISION_BUFFER_FULL: perf stat 			-e r4054 			-p 11360 			&>/home/htmsql/develop/mysql/report-ssi/204-20140227_0606-c_4-w_4/perf.stat.events.TX_MEM.HLE_ELISION_BUFFER_FULL

 usage: perf record [<options>] [<command>]
    or: perf record [<options>] -- <command> [<options>]

    -e, --event <event>   event selector. use 'perf list' to list available events
        --filter <filter>
                          event filter
    -p, --pid <pid>       record events on existing process id
    -t, --tid <tid>       record events on existing thread id
    -r, --realtime <n>    collect data with this RT SCHED_FIFO priority
    -D, --no-delay        collect data without buffering
    -R, --raw-samples     collect raw sample records from all opened counters
    -a, --all-cpus        system-wide collection from all CPUs
    -C, --cpu <cpu>       list of cpus to monitor
    -c, --count <n>       event period to sample
    -o, --output <file>   output file name
    -i, --no-inherit      child tasks do not inherit counters
    -F, --freq <n>        profile at this frequency
    -m, --mmap-pages <n>  number of mmap data pages
        --group           put the counters into a counter group
    -g, --call-graph <mode[,dump_size]>
                          do call-graph (stack chain/backtrace) recording: [fp] dwarf
    -v, --verbose         be more verbose (show counter open errors, etc)
    -q, --quiet           don't print any message
    -s, --stat            per thread counts
    -d, --data            Sample addresses
    -T, --timestamp       Sample timestamps
    -P, --period          Sample period
    -n, --no-samples      don't sample
    -N, --no-buildid-cache
                          do not update the buildid cache
    -B, --no-buildid      do not collect buildids in perf.data
    -G, --cgroup <name>   monitor event in cgroup name only
    -u, --uid <user>      user to profile
    -b, --branch-any      sample any taken branches
    -j, --branch-filter <branch filter mask>
                          branch stack filter modes
    -W, --weight          sample by weight (on special events only)
        --transaction     sample transaction flags (special events only)

estimated rampup time has elapsed
estimated steady state time: Sleeping 60 seconds

Stage 3. Processing of results...
Killing client...
./dbt2-run-workload: line 605: 11429 Terminated              ./dbt2-client ${CLIENT_COMMAND_ARGS} -p ${PORT} -o ${CDIR} > ${CLIENT_OUTPUT_DIR}/`hostname`/client-${SEG}.out 2>&1
./dbt2-run-workload: line 680: 11471 Terminated              ./dbt2-driver ${DRIVER_COMMAND_ARGS} > ${DRIVER_OUTPUT_DIR}/`hostname`/driver-${SEG}.out 2>&1
MySQL pid file '/home/htmsql/develop/mysql/mysql-5.6.10-sssi/deskkemper05.pid' does not exist.
MySQL was not stopped, if it was running.
Test completed.
Results are in: /home/htmsql/develop/mysql/report-ssi/204-20140227_0606-c_4-w_4

                         Response Time (s)
 Transaction      %    Average :    90th %        Total        Rollbacks      %     Ser. Retries      %
------------  -----  ---------------------  -----------  ---------------  -----  ---------------  -----
    Delivery   2.35      0.003 :     0.003            4                0   0.00                0   0.00
   New Order  12.94      0.000 :     0.000           22                0   0.00                0   0.00
Order Status  44.71      0.000 :     0.000           76                0   0.00                0   0.00
     Payment   7.65      0.000 :     0.000           13                0   0.00                0   0.00
 Stock Level  29.41      0.000 :     0.000           50                0   0.00                0   0.00
Credit Check   2.94      0.000 :     0.000            5                0   0.00                0   0.00
------------  -----  ---------------------  -----------  ---------------  -----

20.31 new-order transactions per minute (NOTPM)
156.92 total transactions per minute (TTPM)
1.1 minute duration
206 total unknown errors
0.6 second(s) ramping up
------------  -----  ---------------------  -----------  ---------------  -----  ---------------  -----
Profiling stopped
ANALYZING RESULTS: Generating report: python ../../dbttools/bin/dbt2-generate-report 		--dbms mysql 		--i /home/htmsql/develop/mysql/report-ssi/204-20140227_0606-c_4-w_4
Output flag not set - setting output=input
Generating mpstat, iostat, and vmstat charts for driver systems...
Moving on to database system stats...
Generating transaction distribution charts...
Generating mpstat charts...
Generating iostat charts...
Generating vmstat charts...
Generating transaction rate charts...
Generating database statistics charts...
STOPPING DATABASE: /home/htmsql/develop/mysql/mysql-5.6.10-sssi/install/bin/mysqladmin --no-defaults -u root shutdown
/home/htmsql/develop/mysql/mysql-5.6.10-sssi/install/bin/mysqladmin: connect to server at 'localhost' failed
error: 'Can't connect to local MySQL server through socket '/tmp/mysql.sock' (111)'
Check that mysqld is running and that the socket: '/tmp/mysql.sock' exists!
