connecting to client at 'localhost'
connecting to client port at '30000'

database table cardinalities:
warehouses = 30
districts = 10
customers = 3000
items = 100000
orders = 3000
stock = 100000
new-orders = 900

transaction mix:
new-order mix 0.09
payment mix 0.08
order-status mix 0.38
delivery mix 0.04
stock-level mix 0.38
credit-check mix 0.04

transaction thresholds:
new-order threshold 0.09
payment threshold 0.17
order-status threshold 0.54
delivery threshold 0.58
stock-level threshold 0.96
credit-check threshold 1.00

delivery keying time 2 s
new_order keying time 18 s
order-status keying time 2 s
payment keying time 3 s
stock-level keying time 2 s
credit-check keying time 2 s

delivery thinking time 5000 ms
new_order thinking time 12000 ms
order-status thinking time 10000 ms
payment thinking time 12000 ms
stock-level thinking time 5000 ms
credit-check thinking time 5000 ms

w_id range 1 to 30

10 terminals per warehouse

300 second steady state duration

driver is starting to ramp up at time 1393213685
driver will ramp up in  290 seconds
will stop test at time 1393214275
seed for 30088:fdbee700 : 2930799445
seed for 30088:fdbcd700 : 2930917457
seed for 30088:fdbac700 : 2931052727
seed for 30088:fdb8b700 : 2931171593
seed for 30088:fdb6a700 : 2931308061
seed for 30088:fdb49700 : 2931427678
seed for 30088:fdb28700 : 2931561541
seed for 30088:fdb07700 : 2931746160
seed for 30088:fdae6700 : 2929784200
seed for 30088:fdac5700 : 2929904371
seed for 30088:fdaa4700 : 2930039807
seed for 30088:fda83700 : 2930158055
seed for 30088:fda62700 : 2930292913
seed for 30088:fda41700 : 2930411629
seed for 30088:fcef7700 : 2950819832
seed for 30088:fced6700 : 2950954643
seed for 30088:fceb5700 : 2951073391
seed for 30088:fce94700 : 2951208242
seed for 30088:fce73700 : 2951326750
seed for 30088:fce52700 : 2951455729
seed for 30088:fce31700 : 2951582403
seed for 30088:fce10700 : 2951709062
seed for 30088:fcdef700 : 2949673257
seed for 30088:fcdce700 : 2949799947
seed for 30088:fcdad700 : 2949928904
seed for 30088:fcd8c700 : 2950055790
seed for 30088:fcd6b700 : 2950182499
seed for 30088:fcd4a700 : 2950309363
seed for 30088:fcd29700 : 2950436002
seed for 30088:fcd08700 : 2950564765
seed for 30088:fcce7700 : 2948660015
seed for 30088:fccc6700 : 2948786702
seed for 30088:fcca5700 : 2948913606
seed for 30088:fcc84700 : 2949040302
seed for 30088:fcc63700 : 2949167202
seed for 30088:fcc42700 : 2949295968
seed for 30088:fcc21700 : 2949422624
seed for 30088:fcc00700 : 2949549321
seed for 30088:fcbdf700 : 2947775512
seed for 30088:fcbbe700 : 2947879869
seed for 30088:fcb9d700 : 2948014747
seed for 30088:fcb7c700 : 2948149863
seed for 30088:fcb5b700 : 2948284761
seed for 30088:fcb3a700 : 2948419738
seed for 30088:fcb19700 : 2948554820
seed for 30088:fcaf8700 : 2946594686
seed for 30088:fcad7700 : 2946729480
seed for 30088:fcab6700 : 2946864407
seed for 30088:fca95700 : 2946999637
seed for 30088:fca74700 : 2947134533
seed for 30088:fca53700 : 2947271520
seed for 30088:fca32700 : 2947406550
seed for 30088:fca11700 : 2947541293
seed for 30088:fc9f0700 : 2945579241
seed for 30088:fc9cf700 : 2945583197
seed for 30088:fc9ae700 : 2945720189
seed for 30088:fc98d700 : 2945855030
seed for 30088:fc96c700 : 2945990142
seed for 30088:fc94b700 : 2946125046
seed for 30088:fc92a700 : 2946260034
seed for 30088:fc909700 : 2946396931
seed for 30088:fc8e8700 : 2944426596
seed for 30088:fc8c7700 : 2944569615
seed for 30088:fc8a6700 : 2944696355
seed for 30088:fc885700 : 2944841672
seed for 30088:fc864700 : 2944968342
seed for 30088:fc843700 : 2945111470
seed for 30088:fc822700 : 2945238346
seed for 30088:fc801700 : 2945381471
seed for 30088:fc7e0700 : 2943413004
seed for 30088:fc7bf700 : 2943687260
seed for 30088:fc79e700 : 2943814113
seed for 30088:fc77d700 : 2943957172
seed for 30088:fc75c700 : 2944084054
seed for 30088:fc73b700 : 2944229150
seed for 30088:fc71a700 : 2944355946
seed for 30088:fc6f9700 : 2942401859
seed for 30088:fc6d8700 : 2942528679
seed for 30088:fc6b7700 : 2942673818
seed for 30088:fc696700 : 2942808827
seed for 30088:fc675700 : 2942927318
seed for 30088:fc654700 : 2943062222
seed for 30088:fc633700 : 2943213607
seed for 30088:fc612700 : 2943350655
seed for 30088:fc5f1700 : 2941372024
seed for 30088:fc5d0700 : 2941506896
seed for 30088:fc5af700 : 2941527271
seed for 30088:fc58e700 : 2941664226
seed for 30088:fc56d700 : 2941782904
seed for 30088:fc54c700 : 2941917776
seed for 30088:fc52b700 : 2942069085
seed for 30088:fc50a700 : 2942204040
seed for 30088:fc4e9700 : 2940225563
seed for 30088:fc4c8700 : 2940362571
seed for 30088:fc4a7700 : 2940513935
seed for 30088:fc486700 : 2940648950
seed for 30088:fc465700 : 2940767434
seed for 30088:fc444700 : 2940902446
seed for 30088:fc423700 : 2941055756
100 / 300 threads started...
seed for 30088:fc402700 : 2941182544
seed for 30088:fc3e1700 : 2939212121
seed for 30088:fc3c0700 : 2939338920
seed for 30088:fc39f700 : 2939631548
seed for 30088:fc37e700 : 2939758232
seed for 30088:fc35d700 : 2939885019
seed for 30088:fc33c700 : 2940011812
seed for 30088:fc31b700 : 2940171319
seed for 30088:fc2fa700 : 2938202931
seed for 30088:fc2d9700 : 2938329678
seed for 30088:fc2b8700 : 2938456452
seed for 30088:fc297700 : 2938616031
seed for 30088:fc276700 : 2938744802
seed for 30088:fc255700 : 2938871535
seed for 30088:fc234700 : 2938998276
seed for 30088:fc213700 : 2939157792
seed for 30088:fc1f2700 : 2937187506
seed for 30088:fc1d1700 : 2937267124
seed for 30088:fc1b0700 : 2937402057
seed for 30088:fc18f700 : 2937504207
seed for 30088:fc16e700 : 2937639227
seed for 30088:fc14d700 : 2937774173
seed for 30088:fc12c700 : 2937911208
seed for 30088:fc10b700 : 2938013397
seed for 30088:fc0ea700 : 2936051149
seed for 30088:fc0c9700 : 2936186214
seed for 30088:fc0a8700 : 2936321135
seed for 30088:fc087700 : 2936425374
seed for 30088:fc066700 : 2936560370
seed for 30088:fc045700 : 2936695316
seed for 30088:fc024700 : 2936830243
seed for 30088:7ffff700 : 754042949
seed for 30088:7ffde700 : 754179946
seed for 30088:7ffbd700 : 754314939
seed for 30088:7ff9c700 : 754449858
seed for 30088:7ff7b700 : 754552034
seed for 30088:7ff5a700 : 754680823
seed for 30088:7ff39700 : 754823953
seed for 30088:7ff18700 : 754950705
seed for 30088:7fef7700 : 752963949
seed for 30088:7fed6700 : 753090693
seed for 30088:7feb5700 : 753235836
seed for 30088:7fe94700 : 753362515
seed for 30088:7fe73700 : 753472820
seed for 30088:7fe52700 : 753599535
seed for 30088:7fe31700 : 753744643
seed for 30088:7fe10700 : 753871803
seed for 30088:7fdef700 : 751884932
seed for 30088:7fdce700 : 752011555
seed for 30088:7fdad700 : 752154656
seed for 30088:7fd8c700 : 752283396
seed for 30088:7fd6b700 : 752394163
seed for 30088:7fd4a700 : 752520830
seed for 30088:7fd29700 : 752663931
seed for 30088:7fd08700 : 752790581
seed for 30088:7fce7700 : 750804174
seed for 30088:7fcc6700 : 750941104
seed for 30088:7fca5700 : 751059577
seed for 30088:7fc84700 : 751194411
seed for 30088:7fc63700 : 751313399
seed for 30088:7fc42700 : 751448175
seed for 30088:7fc21700 : 751568766
seed for 30088:7fc00700 : 751703636
seed for 30088:7fbdf700 : 749987512
seed for 30088:7fbbe700 : 750122423
seed for 30088:7fb9d700 : 750240855
seed for 30088:7fb7c700 : 750377788
seed for 30088:7fb5b700 : 750496738
seed for 30088:7fb3a700 : 750631582
seed for 30088:7fb19700 : 750750006
seed for 30088:7faf8700 : 748788135
seed for 30088:7fad7700 : 748906629
seed for 30088:7fab6700 : 749043617
seed for 30088:7fa95700 : 749162052
seed for 30088:7fa74700 : 749296956
seed for 30088:7fa53700 : 749415475
seed for 30088:7fa32700 : 749544204
seed for 30088:7fa11700 : 749671363
seed for 30088:7f9f0700 : 747700991
seed for 30088:7f9cf700 : 747827601
seed for 30088:7f9ae700 : 747954251
seed for 30088:7f98d700 : 748082986
seed for 30088:7f96c700 : 748210058
seed for 30088:7f94b700 : 748336705
seed for 30088:7f92a700 : 748463365
seed for 30088:7f909700 : 748590591
seed for 30088:7f8e8700 : 746621734
seed for 30088:7f8c7700 : 746748822
seed for 30088:7f8a6700 : 746875505
seed for 30088:7f885700 : 747002170
seed for 30088:7f864700 : 747129218
seed for 30088:7f843700 : 747255925
seed for 30088:7f822700 : 747384593
seed for 30088:7f801700 : 747511326
seed for 30088:7f7e0700 : 745540877
seed for 30088:7f7bf700 : 745930068
seed for 30088:7f79e700 : 746056791
seed for 30088:7f77d700 : 746169113
seed for 30088:7f75c700 : 746304488
seed for 30088:7f73b700 : 746439411
200 / 300 threads started...
seed for 30088:7f71a700 : 746574225
seed for 30088:7f6f9700 : 744612000
seed for 30088:7f6d8700 : 744748981
seed for 30088:7f6b7700 : 744818209
seed for 30088:7f696700 : 744953535
seed for 30088:7f675700 : 745088387
seed for 30088:7f654700 : 745223215
seed for 30088:7f633700 : 745360194
seed for 30088:7f612700 : 745495453
seed for 30088:7f5f1700 : 743533284
seed for 30088:7f5d0700 : 743668176
seed for 30088:7f5af700 : 743737548
seed for 30088:7f58e700 : 743874342
seed for 30088:7f56d700 : 744009223
seed for 30088:7f54c700 : 744144233
seed for 30088:7f52b700 : 744279424
seed for 30088:7f50a700 : 744414434
seed for 30088:7f4e9700 : 742454100
seed for 30088:7f4c8700 : 742580809
seed for 30088:7f4a7700 : 742658709
seed for 30088:7f486700 : 742785507
seed for 30088:7f465700 : 742928589
seed for 30088:7f444700 : 743057358
seed for 30088:7f423700 : 743200298
seed for 30088:7f402700 : 743327102
seed for 30088:7f3e1700 : 741373033
seed for 30088:7f3c0700 : 741500074
seed for 30088:7f39f700 : 741841689
seed for 30088:7f37e700 : 741968479
seed for 30088:7f35d700 : 742111920
seed for 30088:7f33c700 : 742238608
seed for 30088:7f31b700 : 742381762
seed for 30088:7f2fa700 : 740413244
seed for 30088:7f2d9700 : 740556359
seed for 30088:7f2b8700 : 740683519
seed for 30088:7f297700 : 740760880
seed for 30088:7f276700 : 740887562
seed for 30088:7f255700 : 741016327
seed for 30088:7f234700 : 741151247
seed for 30088:7f213700 : 741302974
seed for 30088:7f1f2700 : 739340781
seed for 30088:7f1d1700 : 739459180
seed for 30088:7f1b0700 : 739594406
seed for 30088:7f18f700 : 739682223
seed for 30088:7f16e700 : 739817143
seed for 30088:7f14d700 : 739935678
seed for 30088:7f12c700 : 740070461
seed for 30088:7f10b700 : 740223825
seed for 30088:7f0ea700 : 738261916
seed for 30088:7f0c9700 : 738380450
seed for 30088:7f0a8700 : 738515238
seed for 30088:7f087700 : 738600999
seed for 30088:7f066700 : 738738039
seed for 30088:7f045700 : 738856916
seed for 30088:7f024700 : 738991702
seed for 30088:7f003700 : 739143026
seed for 30088:7efe2700 : 770735550
seed for 30088:7efc1700 : 770853913
seed for 30088:7efa0700 : 770982678
seed for 30088:7ef7f700 : 771338809
seed for 30088:7ef5e700 : 771465567
seed for 30088:7ef3d700 : 771592293
seed for 30088:7ef1c700 : 771721076
seed for 30088:7eefb700 : 769783709
seed for 30088:7eeda700 : 769910497
seed for 30088:7eeb9700 : 770037182
seed for 30088:7ee98700 : 770163730
seed for 30088:7ee77700 : 770259787
seed for 30088:7ee56700 : 770386036
seed for 30088:7ee35700 : 770513545
seed for 30088:7ee14700 : 770640489
seed for 30088:7edf3700 : 768703322
seed for 30088:7edd2700 : 768830518
seed for 30088:7edb1700 : 768957740
seed for 30088:7ed90700 : 769084934
seed for 30088:7ed6f700 : 769179618
seed for 30088:7ed4e700 : 769347788
seed for 30088:7ed2d700 : 769483177
seed for 30088:7ed0c700 : 769618267
seed for 30088:7eceb700 : 767623778
seed for 30088:7ecca700 : 767759162
seed for 30088:7eca9700 : 767894571
seed for 30088:7ec88700 : 768029953
seed for 30088:7ec67700 : 768198170
seed for 30088:7ec46700 : 768333800
seed for 30088:7ec25700 : 768469197
seed for 30088:7ec04700 : 768604579
seed for 30088:7ebe3700 : 766609760
seed for 30088:7ebc2700 : 766745287
seed for 30088:7eba1700 : 766880666
seed for 30088:7eb80700 : 767016123
seed for 30088:7eb5f700 : 767183998
seed for 30088:7eb3e700 : 767319380
seed for 30088:7eb1d700 : 767454753
seed for 30088:7eafc700 : 765492996
seed for 30088:7eadb700 : 765595675
seed for 30088:7eaba700 : 765723134
seed for 30088:7ea99700 : 765866718
seed for 30088:7ea78700 : 765993914
seed for 30088:7ea57700 : 766169962
300 / 300 threads started...
seed for 30088:7ea36700 : 766297182
