output_base: ../report-alpha/
Started on:   Do 20. Feb 04:16:30 CET 2014
Expected end: Do 20. Feb 04:19:30 CET 2014
RUNNING TEST: ./scripts/run_mysql.sh 		--connections 500 		--time 180 		--warehouses 4 		--output-base ../report-alpha/
Waiting for 151 sec before profiling
************************************************************************
*                     DBT2 test for MySQL  started                     *
*                                                                      *
*            Results can be found in output/115 directory               *
************************************************************************
*                                                                      *
*  Test consists of 4 stages:                                          *
*                                                                      *
*  1. Start of client to create pool of databases connections          *
*  2. Start of driver to emulate terminals and transactions generation *
*  3. Test                                                             *
*  4. Processing of results                                            *
*                                                                      *
************************************************************************

DATABASE NAME:                dbt2
DATABASE USER:                root
CLIENT PORT:                  30000
DATABASE HOST:                127.0.0.1
DATABASE PORT:                3306
DATABASE CONNECTIONS:         500
TERMINAL THREADS:             40
SCALE FACTOR(WAREHOUSES):     4
FIRST WAREHOUSE:              1
LAST WAREHOUSE:               4
SPREAD                        1
TERMINALS PER WAREHOUSE:      10
DURATION OF TEST(in sec):     180
SLEEPY in (msec)              300
ZERO DELAYS MODE:             


Stage 1. Starting up client...
STARTING CLIENT CONNECTIONS:   /home/htmsql/develop/mysql/dbt2-0.37.50.3/src/client  -u root -l 3306 -p 30000 -h 127.0.0.1 -d dbt2 -c 500 -s 300 -o ../report-alpha//115-20140220_0416-c_500-w_4/client -f
Delay for each thread - 300 msec. Will sleep for 151 sec to start 500 database connections
PROFILING PERF: perf stat -T -p 4734 sleep 175 &>../report-alpha//115-20140220_0416-c_500-w_4//perf.txt
Number of threads = 40
WARMUPTIME = 16
Sleepytime = 216

Stage 2. Starting up driver...
Delay for each thread - 300 msec. Will sleep for 16 sec to start 40 terminal threads

Stage 3. Starting of the test. Duration of the test 180 sec
STARTING DRIVER COMMAND:   /home/htmsql/develop/mysql/dbt2-0.37.50.3/src/driver -d 127.0.0.1 -l 180 -wmin 1 -wmax 4 -spread 1 -w 4 -sleep 300 -tpw 10 -outdir ../report-alpha//115-20140220_0416-c_500-w_4/driver -p 30000 -warmup 0 -cooldown 20 -intermediate_timer_resolution 0 
Shutdown clients. Send TERM signal to 4856.
Waiting for driver (pid 5871)
./scripts/run_mysql.sh: line 623:  4856 Killed                  nohup $CLIENT_COMMAND > $OUTPUT_DIR/client.out 2>&1

Stage 4. Processing of results...
                         Response Time (s)
 Transaction      %    Average :    90th %        Total        Rollbacks      %
------------  -----  ---------------------  -----------  ---------------  -----
    Delivery   4.48      0.011 :     0.013           15                0   0.00
   New Order  44.78      0.013 :     0.018          150                2   1.33
Order Status   3.88      0.005 :     0.006           13                0   0.00
     Payment  41.19      0.004 :     0.005          138                0   0.00
 Stock Level   3.58      0.003 :     0.004           12                0   0.00

49.61 new-order transactions per minute (NOTPM)
3.0 minute duration
0 total unknown errors
2.00 rollback transactions
3 second(s) ramping up

Test completed.
ANALYZING RESULTS: python dbttools/bin/dbt2-generate-report 	--dbms mysql 	--i ../report-alpha//115-20140220_0416-c_500-w_4/
Output flag not set - setting output=input
Generating mpstat, iostat, and vmstat charts for driver systems...
Moving on to database system stats...
Generating transaction distribution charts...
Generating mpstat charts...
Generating iostat charts...
Generating vmstat charts...
Generating transaction rate charts...
Generating database statistics charts...
