connecting to client at 'localhost'
connecting to client port at '30000'

database table cardinalities:
warehouses = 4
districts = 10
customers = 3000
items = 100000
orders = 3000
stock = 100000
new-orders = 900

transaction mix:
new-order mix 0.09
payment mix 0.08
order-status mix 0.38
delivery mix 0.04
stock-level mix 0.38
credit-check mix 0.04

transaction thresholds:
new-order threshold 0.09
payment threshold 0.17
order-status threshold 0.54
delivery threshold 0.58
stock-level threshold 0.96
credit-check threshold 1.00

delivery keying time 2 s
new_order keying time 18 s
order-status keying time 2 s
payment keying time 3 s
stock-level keying time 2 s
credit-check keying time 2 s

delivery thinking time 5000 ms
new_order thinking time 12000 ms
order-status thinking time 10000 ms
payment thinking time 12000 ms
stock-level thinking time 5000 ms
credit-check thinking time 5000 ms

w_id range 1 to 4

10 terminals per warehouse

60 second steady state duration

driver is starting to ramp up at time 1393477310
driver will ramp up in  30 seconds
will stop test at time 1393477400
seed for 11066:9c28c700 : 3475466300
connect: Connection refused
Can't connect to client socket
connect_to_client() failed, thread exiting...
seed for 11066:9c26b700 : 3475577146
connect: Connection refused
Can't connect to client socket
connect_to_client() failed, thread exiting...
seed for 11066:9c24a700 : 3475705447
connect: Connection refused
Can't connect to client socket
connect_to_client() failed, thread exiting...
seed for 11066:9c229700 : 3475849095
connect: Connection refused
Can't connect to client socket
connect_to_client() failed, thread exiting...
seed for 11066:9c208700 : 3475975412
connect: Connection refused
Can't connect to client socket
connect_to_client() failed, thread exiting...
seed for 11066:9c1e7700 : 3474054650
connect: Connection refused
Can't connect to client socket
connect_to_client() failed, thread exiting...
seed for 11066:9c1c6700 : 3474181403
connect: Connection refused
Can't connect to client socket
connect_to_client() failed, thread exiting...
seed for 11066:9c1a5700 : 3474321973
connect: Connection refused
Can't connect to client socket
connect_to_client() failed, thread exiting...
seed for 11066:9c184700 : 3474449226
connect: Connection refused
Can't connect to client socket
connect_to_client() failed, thread exiting...
seed for 11066:9c163700 : 3474559158
connect: Connection refused
Can't connect to client socket
connect_to_client() failed, thread exiting...
seed for 11066:9c142700 : 3474686393
connect: Connection refused
Can't connect to client socket
connect_to_client() failed, thread exiting...
seed for 11066:9c121700 : 3474831070
connect: Connection refused
Can't connect to client socket
connect_to_client() failed, thread exiting...
seed for 11066:9c100700 : 3474958307
connect: Connection refused
Can't connect to client socket
connect_to_client() failed, thread exiting...
seed for 11066:9c0df700 : 3473037143
connect: Connection refused
Can't connect to client socket
connect_to_client() failed, thread exiting...
seed for 11066:9b37f700 : 3359134827
connect: Connection refused
Can't connect to client socket
connect_to_client() failed, thread exiting...
seed for 11066:9b35e700 : 3359262068
connect: Connection refused
Can't connect to client socket
connect_to_client() failed, thread exiting...
seed for 11066:9b33d700 : 3359402647
connect: Connection refused
Can't connect to client socket
connect_to_client() failed, thread exiting...
seed for 11066:9b31c700 : 3359538143
connect: Connection refused
Can't connect to client socket
connect_to_client() failed, thread exiting...
seed for 11066:9b2fb700 : 3357543254
connect: Connection refused
Can't connect to client socket
connect_to_client() failed, thread exiting...
seed for 11066:9b2da700 : 3357677708
connect: Connection refused
Can't connect to client socket
connect_to_client() failed, thread exiting...
seed for 11066:9b2b9700 : 3357813131
connect: Connection refused
Can't connect to client socket
connect_to_client() failed, thread exiting...
seed for 11066:9b298700 : 3357948191
connect: Connection refused
Can't connect to client socket
connect_to_client() failed, thread exiting...
seed for 11066:9b277700 : 3358117379
connect: Connection refused
Can't connect to client socket
connect_to_client() failed, thread exiting...
seed for 11066:9b256700 : 3358252858
connect: Connection refused
Can't connect to client socket
connect_to_client() failed, thread exiting...
seed for 11066:9b235700 : 3358387285
connect: Connection refused
Can't connect to client socket
connect_to_client() failed, thread exiting...
seed for 11066:9b214700 : 3358522742
connect: Connection refused
Can't connect to client socket
connect_to_client() failed, thread exiting...
seed for 11066:9b1f3700 : 3356525215
connect: Connection refused
Can't connect to client socket
connect_to_client() failed, thread exiting...
seed for 11066:9b1d2700 : 3356660720
connect: Connection refused
Can't connect to client socket
connect_to_client() failed, thread exiting...
seed for 11066:9b1b1700 : 3356795112
connect: Connection refused
Can't connect to client socket
connect_to_client() failed, thread exiting...
seed for 11066:9b190700 : 3356930062
connect: Connection refused
Can't connect to client socket
connect_to_client() failed, thread exiting...
seed for 11066:9b16f700 : 3357098348
connect: Connection refused
Can't connect to client socket
connect_to_client() failed, thread exiting...
seed for 11066:9b14e700 : 3357234763
connect: Connection refused
Can't connect to client socket
connect_to_client() failed, thread exiting...
seed for 11066:9b12d700 : 3357370272
connect: Connection refused
Can't connect to client socket
connect_to_client() failed, thread exiting...
seed for 11066:9b10c700 : 3357505289
connect: Connection refused
Can't connect to client socket
connect_to_client() failed, thread exiting...
seed for 11066:9b0eb700 : 3355509823
connect: Connection refused
Can't connect to client socket
connect_to_client() failed, thread exiting...
seed for 11066:9b0ca700 : 3355645202
connect: Connection refused
Can't connect to client socket
connect_to_client() failed, thread exiting...
seed for 11066:9b0a9700 : 3355777708
connect: Connection refused
Can't connect to client socket
connect_to_client() failed, thread exiting...
seed for 11066:9b088700 : 3355904980
connect: Connection refused
Can't connect to client socket
connect_to_client() failed, thread exiting...
seed for 11066:9b067700 : 3356097384
connect: Connection refused
Can't connect to client socket
connect_to_client() failed, thread exiting...
seed for 11066:9b046700 : 3356223597
connect: Connection refused
Can't connect to client socket
connect_to_client() failed, thread exiting...
terminals started...
driver is exiting normally
