connecting to client at 'localhost'
connecting to client port at '30000'

database table cardinalities:
warehouses = 4
districts = 10
customers = 3000
items = 100000
orders = 3000
stock = 100000
new-orders = 900

transaction mix:
new-order mix 0.09
payment mix 0.08
order-status mix 0.38
delivery mix 0.04
stock-level mix 0.38
credit-check mix 0.04

transaction thresholds:
new-order threshold 0.09
payment threshold 0.17
order-status threshold 0.54
delivery threshold 0.58
stock-level threshold 0.96
credit-check threshold 1.00

delivery keying time 2 s
new_order keying time 18 s
order-status keying time 2 s
payment keying time 3 s
stock-level keying time 2 s
credit-check keying time 2 s

delivery thinking time 5000 ms
new_order thinking time 12000 ms
order-status thinking time 10000 ms
payment thinking time 12000 ms
stock-level thinking time 5000 ms
credit-check thinking time 5000 ms

w_id range 1 to 4

10 terminals per warehouse

60 second steady state duration

driver is starting to ramp up at time 1393460113
driver will ramp up in  30 seconds
will stop test at time 1393460203
seed for 22391:c01a1700 : 2467301002
seed for 22391:c0180700 : 2467435910
seed for 22391:c015f700 : 2468341021
seed for 22391:c013e700 : 2467951650
seed for 22391:c011d700 : 2468072306
seed for 22391:c00fc700 : 2466634558
seed for 22391:c00db700 : 2466753111
seed for 22391:c00ba700 : 2466363719
seed for 22391:c0099700 : 2466482352
seed for 22391:c0078700 : 2467143607
seed for 22391:c0057700 : 2467262173
seed for 22391:c0036700 : 2466872855
seed for 22391:c0015700 : 2466991383
seed for 22391:bfff4700 : 3975502909
seed for 22391:bf4aa700 : 3963659051
seed for 22391:bf489700 : 3963785831
seed for 22391:bf468700 : 3964436801
seed for 22391:bf447700 : 3964563621
seed for 22391:bf426700 : 3964168116
seed for 22391:bf405700 : 3964294805
seed for 22391:bf3e4700 : 3962848770
seed for 22391:bf3c3700 : 3962975514
seed for 22391:bf3a2700 : 3962577984
seed for 22391:bf381700 : 3962706821
seed for 22391:bf360700 : 3963357942
seed for 22391:bf33f700 : 3963222521
seed for 22391:bf31e700 : 3963349185
seed for 22391:bf2fd700 : 3961903135
seed for 22391:bf2dc700 : 3962031977
seed for 22391:bf2bb700 : 3961634490
seed for 22391:bf29a700 : 3961761399
seed for 22391:bf279700 : 3962412295
seed for 22391:bf258700 : 3962539242
seed for 22391:bf237700 : 3962141758
seed for 22391:bf216700 : 3962262393
seed for 22391:bf1f5700 : 3960824472
seed for 22391:bf1d4700 : 3960959397
seed for 22391:bf1b3700 : 3960537342
seed for 22391:bf192700 : 3960672341
seed for 22391:bf171700 : 3961333612
