connecting to client at 'localhost'
connecting to client port at '30000'

database table cardinalities:
warehouses = 4
districts = 10
customers = 3000
items = 100000
orders = 3000
stock = 100000
new-orders = 900

transaction mix:
new-order mix 0.09
payment mix 0.08
order-status mix 0.38
delivery mix 0.04
stock-level mix 0.38
credit-check mix 0.04

transaction thresholds:
new-order threshold 0.09
payment threshold 0.17
order-status threshold 0.54
delivery threshold 0.58
stock-level threshold 0.96
credit-check threshold 1.00

delivery keying time 2 s
new_order keying time 18 s
order-status keying time 2 s
payment keying time 3 s
stock-level keying time 2 s
credit-check keying time 2 s

delivery thinking time 5000 ms
new_order thinking time 12000 ms
order-status thinking time 10000 ms
payment thinking time 12000 ms
stock-level thinking time 5000 ms
credit-check thinking time 5000 ms

w_id range 1 to 4

10 terminals per warehouse

60 second steady state duration

driver is starting to ramp up at time 1393570584
driver will ramp up in  30 seconds
will stop test at time 1393570674
seed for 23855:100e6700 : 1125575209
seed for 23855:100c5700 : 1125440807
seed for 23855:100a4700 : 1125305796
seed for 23855:10083700 : 1125170384
seed for 23855:10062700 : 1126084601
seed for 23855:10041700 : 1125949055
seed for 23855:10020700 : 1125810461
seed for 23855:ffff700 : 1558671361
seed for 23855:ffde700 : 1558536374
seed for 23855:ffbd700 : 1558401972
seed for 23855:ff9c700 : 1558266518
seed for 23855:ff7b700 : 1559180648
seed for 23855:ff5a700 : 1559045245
seed for 23855:ff39700 : 1558910772
seed for 23855:f3ef700 : 1546024950
seed for 23855:f3ce700 : 1545889482
seed for 23855:f3ad700 : 1545750962
seed for 23855:f38c700 : 1545623662
seed for 23855:f36b700 : 1546529609
seed for 23855:f34a700 : 1546402384
seed for 23855:f329700 : 1546259808
seed for 23855:f308700 : 1546132489
seed for 23855:f2e7700 : 1547103468
seed for 23855:f2c6700 : 1546977188
seed for 23855:f2a5700 : 1546833550
seed for 23855:f284700 : 1546703210
seed for 23855:f263700 : 1547608186
seed for 23855:f242700 : 1547481936
seed for 23855:f221700 : 1547338282
seed for 23855:f200700 : 1547212034
seed for 23855:f1df700 : 1543857177
seed for 23855:f1be700 : 1543730394
seed for 23855:f19d700 : 1543587719
seed for 23855:f17c700 : 1544508995
seed for 23855:f15b700 : 1544345907
seed for 23855:f13a700 : 1544210440
seed for 23855:f119700 : 1544092438
seed for 23855:f0f8700 : 1545006022
seed for 23855:f0d7700 : 1544821422
seed for 23855:f0b6700 : 1544687028
