
database table cardinalities:
warehouses = 1
districts = 10
customers = 3000
items = 100000
orders = 3000
stock = 100000
new-orders = 900

transaction mix:
new-order mix 0.45
payment mix 0.43
order-status mix 0.04
delivery mix 0.04
stock-level mix 0.04

transaction thresholds:
new-order threshold 0.45
payment threshold 0.88
order-status threshold 0.92
delivery threshold 0.96
stock-level threshold 1.00

delivery keying time 2 s
new_order keying time 18 s
order-status keying time 2 s
payment keying time 3 s
stock-level keying time 2 s

delivery thinking time 5000 ms
new_order thinking time 12000 ms
order-status thinking time 10000 ms
payment thinking time 12000 ms
stock-level thinking time 5000 ms

w_id range 1 to 1

10 terminals per warehouse

180 second steady state duration

driver is starting to ramp up at time 1392786412
driver will ramp up in  0 seconds
will stop test at time 1392786612
seed: 4165275029
seed: 4165899976
seed: 4165728779
seed: 4164442503
seed: 4164877577
seed: 4164134517
seed: 4164740585
seed: 4164234970
seed: 4164571665
seed: 4164366351
terminals started...
driver is exiting normally
