connecting to client at 'localhost'
connecting to client port at '30000'

database table cardinalities:
warehouses = 30
districts = 10
customers = 3000
items = 100000
orders = 3000
stock = 100000
new-orders = 900

transaction mix:
new-order mix 0.09
payment mix 0.08
order-status mix 0.38
delivery mix 0.04
stock-level mix 0.38
credit-check mix 0.04

transaction thresholds:
new-order threshold 0.09
payment threshold 0.17
order-status threshold 0.54
delivery threshold 0.58
stock-level threshold 0.96
credit-check threshold 1.00

delivery keying time 2 s
new_order keying time 18 s
order-status keying time 2 s
payment keying time 3 s
stock-level keying time 2 s
credit-check keying time 2 s

delivery thinking time 5000 ms
new_order thinking time 12000 ms
order-status thinking time 10000 ms
payment thinking time 12000 ms
stock-level thinking time 5000 ms
credit-check thinking time 5000 ms

w_id range 1 to 30

10 terminals per warehouse

150 second steady state duration

driver is starting to ramp up at time 1393215740
driver will ramp up in  290 seconds
will stop test at time 1393216180
seed for 32444:c7198700 : 2484943955
seed for 32444:c7177700 : 2484326216
seed for 32444:c7156700 : 2484199343
seed for 32444:c7135700 : 2484596445
seed for 32444:c7114700 : 2484461777
seed for 32444:c70f3700 : 2483786223
seed for 32444:c70d2700 : 2483651215
seed for 32444:c70b1700 : 2484056994
seed for 32444:c7090700 : 2483921738
seed for 32444:c706f700 : 2483180662
seed for 32444:c704e700 : 2483045643
seed for 32444:c702d700 : 2483451430
seed for 32444:c700c700 : 2483316676
seed for 32444:c6feb700 : 2516195571
seed for 32444:c64a1700 : 2504964480
seed for 32444:c6480700 : 2504829596
seed for 32444:c645f700 : 2504088128
seed for 32444:c643e700 : 2504477520
seed for 32444:c641d700 : 2504358926
seed for 32444:c63fc700 : 2503699751
seed for 32444:c63db700 : 2503548569
seed for 32444:c63ba700 : 2503937548
seed for 32444:c6399700 : 2503819065
seed for 32444:c6378700 : 2503151828
seed for 32444:c6357700 : 2503074294
seed for 32444:c6336700 : 2503471771
seed for 32444:c6315700 : 2503328452
seed for 32444:c62f4700 : 2502677455
seed for 32444:c62d3700 : 2502534283
seed for 32444:c62b2700 : 2502931900
seed for 32444:c6291700 : 2502788772
seed for 32444:c6270700 : 2502137767
seed for 32444:c624f700 : 2501928764
seed for 32444:c622e700 : 2502326305
seed for 32444:c620d700 : 2502183395
seed for 32444:c61ec700 : 2501531990
seed for 32444:c61cb700 : 2501388911
seed for 32444:c61aa700 : 2501786473
seed for 32444:c6189700 : 2501643326
seed for 32444:c6168700 : 2500992315
seed for 32444:c6147700 : 2500914906
seed for 32444:c6126700 : 2501312388
seed for 32444:c6105700 : 2501169023
seed for 32444:c60e4700 : 2500509746
seed for 32444:c60c3700 : 2500374805
seed for 32444:c60a2700 : 2500764403
seed for 32444:c6081700 : 2500629098
seed for 32444:c6060700 : 2499969890
seed for 32444:c603f700 : 2500293661
seed for 32444:c601e700 : 2500158939
seed for 32444:c5ffd700 : 2533054135
seed for 32444:c5fdc700 : 2532918870
seed for 32444:c5fbb700 : 2533308210
seed for 32444:c5f9a700 : 2533173250
seed for 32444:c5f79700 : 2532514288
seed for 32444:c5f58700 : 2532379331
seed for 32444:c5f37700 : 2532834252
seed for 32444:c5f16700 : 2532699280
seed for 32444:c5ef5700 : 2532040101
seed for 32444:c5ed4700 : 2531904826
seed for 32444:c5eb3700 : 2532294343
seed for 32444:c5e92700 : 2532159093
seed for 32444:c5e71700 : 2531499867
seed for 32444:c5e50700 : 2531389509
seed for 32444:c5e2f700 : 2531656188
seed for 32444:c5e0e700 : 2531529445
seed for 32444:c5ded700 : 2530878342
seed for 32444:c5dcc700 : 2530751284
seed for 32444:c5dab700 : 2531148941
seed for 32444:c5d8a700 : 2531022250
seed for 32444:c5d69700 : 2530371271
seed for 32444:c5d48700 : 2530244508
seed for 32444:c5d27700 : 2530641734
seed for 32444:c5d06700 : 2530515046
seed for 32444:c5ce5700 : 2529864050
seed for 32444:c5cc4700 : 2529737450
seed for 32444:c5ca3700 : 2530135024
seed for 32444:c5c82700 : 2530007895
seed for 32444:c5c61700 : 2529356929
seed for 32444:c5c40700 : 2529230261
seed for 32444:c5c1f700 : 2529496322
seed for 32444:c5bfe700 : 2528845370
seed for 32444:c5bdd700 : 2528718749
seed for 32444:c5bbc700 : 2529108162
seed for 32444:c5b9b700 : 2528989685
seed for 32444:c5b7a700 : 2528330051
seed for 32444:c5b59700 : 2528211543
seed for 32444:c5b38700 : 2528600966
seed for 32444:c5b17700 : 2528482439
seed for 32444:c5af6700 : 2527823232
seed for 32444:c5ad5700 : 2527704763
seed for 32444:c5ab4700 : 2528093725
seed for 32444:c5a93700 : 2527975241
seed for 32444:c5a72700 : 2527315726
seed for 32444:c5a51700 : 2527197343
seed for 32444:c5a30700 : 2527586803
seed for 32444:c5a0f700 : 2527336789
seed for 32444:c59ee700 : 2526677688
seed for 32444:c59cd700 : 2526558754
100 / 300 threads started...
seed for 32444:c59ac700 : 2526948225
seed for 32444:c598b700 : 2526829712
seed for 32444:c596a700 : 2526170610
seed for 32444:c5949700 : 2526051693
seed for 32444:c5928700 : 2526441136
seed for 32444:c5907700 : 2526322686
seed for 32444:c58e6700 : 2525671626
seed for 32444:c58c5700 : 2525528147
seed for 32444:c58a4700 : 2525925409
seed for 32444:c5883700 : 2525815145
seed for 32444:c5862700 : 2525164199
seed for 32444:c5841700 : 2525020732
seed for 32444:c5820700 : 2525418330
seed for 32444:c57ff700 : 2524652788
seed for 32444:c57de700 : 2524525734
seed for 32444:c57bd700 : 2524906898
seed for 32444:c579c700 : 2524779781
seed for 32444:c577b700 : 2524145247
seed for 32444:c575a700 : 2524018675
seed for 32444:c5739700 : 2524399868
seed for 32444:c5718700 : 2524273096
seed for 32444:c56f7700 : 2523638059
seed for 32444:c56d6700 : 2523511301
seed for 32444:c56b5700 : 2523892596
seed for 32444:c5694700 : 2523765940
seed for 32444:c5673700 : 2523131391
seed for 32444:c5652700 : 2523004613
seed for 32444:c5631700 : 2523385365
seed for 32444:c5610700 : 2523258700
seed for 32444:c55ef700 : 2522493112
seed for 32444:c55ce700 : 2522358090
seed for 32444:c55ad700 : 2522747540
seed for 32444:c558c700 : 2522612727
seed for 32444:c556b700 : 2521986080
seed for 32444:c554a700 : 2521851186
seed for 32444:c5529700 : 2522240460
seed for 32444:c5508700 : 2522105572
seed for 32444:c54e7700 : 2521479043
seed for 32444:c54c6700 : 2521344159
seed for 32444:c54a5700 : 2521733553
seed for 32444:c5484700 : 2521598539
seed for 32444:c5463700 : 2520972069
seed for 32444:c5442700 : 2520837111
seed for 32444:c5421700 : 2521226337
seed for 32444:c5400700 : 2521091350
seed for 32444:c53df700 : 2520333802
seed for 32444:c53be700 : 2520723008
seed for 32444:c539d700 : 2520588034
seed for 32444:c537c700 : 2519928831
seed for 32444:c535b700 : 2519826521
seed for 32444:c533a700 : 2520224009
seed for 32444:c5319700 : 2520097174
seed for 32444:c52f8700 : 2519446252
seed for 32444:c52d7700 : 2519286616
seed for 32444:c52b6700 : 2519684216
seed for 32444:c5295700 : 2519557395
seed for 32444:c5274700 : 2518906255
seed for 32444:c5253700 : 2518746756
seed for 32444:c5232700 : 2519144370
seed for 32444:c5211700 : 2519017539
seed for 32444:c51f0700 : 2518366518
seed for 32444:c51cf700 : 2518206938
seed for 32444:c51ae700 : 2518604485
seed for 32444:c518d700 : 2518477714
seed for 32444:c516c700 : 2517826751
seed for 32444:c514b700 : 2517667196
seed for 32444:c512a700 : 2518064744
seed for 32444:c5109700 : 2517937926
seed for 32444:c50e8700 : 2517278746
seed for 32444:c50c7700 : 2517127481
seed for 32444:c50a6700 : 2517516734
seed for 32444:c5085700 : 2517398139
seed for 32444:c5064700 : 2516738898
seed for 32444:c5043700 : 2516587527
seed for 32444:c5022700 : 2516976890
seed for 32444:c5001700 : 2516858326
seed for 32444:c4fe0700 : 2549753552
seed for 32444:c4fbf700 : 2550126482
seed for 32444:c4f9e700 : 2549991578
seed for 32444:c4f7d700 : 2549348604
seed for 32444:c4f5c700 : 2549213595
seed for 32444:c4f3b700 : 2549586495
seed for 32444:c4f1a700 : 2549451476
seed for 32444:c4ef9700 : 2548808622
seed for 32444:c4ed8700 : 2548673586
seed for 32444:c4eb7700 : 2549046528
seed for 32444:c4e96700 : 2548911566
seed for 32444:c4e75700 : 2548268746
seed for 32444:c4e54700 : 2548133803
seed for 32444:c4e33700 : 2548506708
seed for 32444:c4e12700 : 2548379997
seed for 32444:c4df1700 : 2547712548
seed for 32444:c4dd0700 : 2547585744
seed for 32444:c4daf700 : 2547966935
seed for 32444:c4d8e700 : 2547840202
seed for 32444:c4d6d700 : 2547172767
seed for 32444:c4d4c700 : 2547045921
seed for 32444:c4d2b700 : 2547427163
seed for 32444:c4d0a700 : 2547300451
seed for 32444:c4ce9700 : 2546633079
200 / 300 threads started...
seed for 32444:c4cc8700 : 2546506146
seed for 32444:c4ca7700 : 2546887548
seed for 32444:c4c86700 : 2546760659
seed for 32444:c4c65700 : 2546093294
seed for 32444:c4c44700 : 2545966412
seed for 32444:c4c23700 : 2546347578
seed for 32444:c4c02700 : 2546220895
seed for 32444:c4be1700 : 2545553346
seed for 32444:c4bc0700 : 2545418247
seed for 32444:c4b9f700 : 2545807713
seed for 32444:c4b7e700 : 2545148174
seed for 32444:c4b5d700 : 2545013253
seed for 32444:c4b3c700 : 2545402658
seed for 32444:c4b1b700 : 2545267796
seed for 32444:c4afa700 : 2544608412
seed for 32444:c4ad9700 : 2544473546
seed for 32444:c4ab8700 : 2544862744
seed for 32444:c4a97700 : 2544727835
seed for 32444:c4a76700 : 2544068841
seed for 32444:c4a55700 : 2543933754
seed for 32444:c4a34700 : 2544323114
seed for 32444:c4a13700 : 2544188040
seed for 32444:c49f2700 : 2543528944
seed for 32444:c49d1700 : 2543393845
seed for 32444:c49b0700 : 2543783215
seed for 32444:c498f700 : 2543648346
seed for 32444:c496e700 : 2542989120
seed for 32444:c494d700 : 2542854075
seed for 32444:c492c700 : 2543235245
seed for 32444:c490b700 : 2543108401
seed for 32444:c48ea700 : 2542457446
seed for 32444:c48c9700 : 2542330728
seed for 32444:c48a8700 : 2542728277
seed for 32444:c4887700 : 2542535855
seed for 32444:c4866700 : 2541884908
seed for 32444:c4845700 : 2541758151
seed for 32444:c4824700 : 2542155451
seed for 32444:c4803700 : 2542028732
seed for 32444:c47e2700 : 2541377666
seed for 32444:c47c1700 : 2541250873
seed for 32444:c47a0700 : 2541648509
seed for 32444:c477f700 : 2540931915
seed for 32444:c475e700 : 2540805119
seed for 32444:c473d700 : 2541202467
seed for 32444:c471c700 : 2541075769
seed for 32444:c46fb700 : 2540424714
seed for 32444:c46da700 : 2540298098
seed for 32444:c46b9700 : 2540695635
seed for 32444:c4698700 : 2540560731
seed for 32444:c4677700 : 2539852208
seed for 32444:c4656700 : 2539717281
seed for 32444:c4635700 : 2540123015
seed for 32444:c4614700 : 2539988220
seed for 32444:c45f3700 : 2539345176
seed for 32444:c45d2700 : 2539210149
seed for 32444:c45b1700 : 2539615970
seed for 32444:c4590700 : 2539481063
seed for 32444:c456f700 : 2538772537
seed for 32444:c454e700 : 2538637631
seed for 32444:c452d700 : 2539043440
seed for 32444:c450c700 : 2538908494
seed for 32444:c44eb700 : 2538264660
seed for 32444:c44ca700 : 2538131221
seed for 32444:c44a9700 : 2538536801
seed for 32444:c4488700 : 2538401282
seed for 32444:c4467700 : 2537692439
seed for 32444:c4446700 : 2537557039
seed for 32444:c4425700 : 2537948119
seed for 32444:c4404700 : 2537820992
seed for 32444:c43e3700 : 2537185717
seed for 32444:c43c2700 : 2537058638
seed for 32444:c43a1700 : 2537439357
seed for 32444:c4380700 : 2537314053
seed for 32444:c435f700 : 2536613612
seed for 32444:c433e700 : 2537010590
seed for 32444:c431d700 : 2536867071
seed for 32444:c42fc700 : 2536217482
seed for 32444:c42db700 : 2536106634
seed for 32444:c42ba700 : 2536504004
seed for 32444:c4299700 : 2536360375
seed for 32444:c4278700 : 2535708858
seed for 32444:c4257700 : 2535532763
seed for 32444:c4236700 : 2535929931
seed for 32444:c4215700 : 2535788386
seed for 32444:c41f4700 : 2535136779
seed for 32444:c41d3700 : 2535025955
seed for 32444:c41b2700 : 2535423002
seed for 32444:c4191700 : 2535281646
seed for 32444:c4170700 : 2534621826
seed for 32444:c414f700 : 2534453689
seed for 32444:c412e700 : 2534842528
seed for 32444:c410d700 : 2534707453
seed for 32444:c40ec700 : 2534047827
seed for 32444:c40cb700 : 2533947263
seed for 32444:c40aa700 : 2534336206
seed for 32444:c4089700 : 2534200913
seed for 32444:c4068700 : 2533541361
seed for 32444:c4047700 : 2533373151
seed for 32444:c4026700 : 2533762155
seed for 32444:47fff700 : 352041733
300 / 300 threads started...
seed for 32444:47fde700 : 351906481
