connecting to client at 'localhost'
connecting to client port at '30000'

database table cardinalities:
warehouses = 4
districts = 10
customers = 3000
items = 100000
orders = 3000
stock = 100000
new-orders = 900

transaction mix:
new-order mix 0.09
payment mix 0.08
order-status mix 0.38
delivery mix 0.04
stock-level mix 0.38
credit-check mix 0.04

transaction thresholds:
new-order threshold 0.09
payment threshold 0.17
order-status threshold 0.54
delivery threshold 0.58
stock-level threshold 0.96
credit-check threshold 1.00

delivery keying time 2 s
new_order keying time 18 s
order-status keying time 2 s
payment keying time 3 s
stock-level keying time 2 s
credit-check keying time 2 s

delivery thinking time 5000 ms
new_order thinking time 12000 ms
order-status thinking time 10000 ms
payment thinking time 12000 ms
stock-level thinking time 5000 ms
credit-check thinking time 5000 ms

w_id range 1 to 4

10 terminals per warehouse

60 second steady state duration

driver is starting to ramp up at time 1393461097
driver will ramp up in  30 seconds
will stop test at time 1393461187
seed for 23385:3f11700 : 1358856423
connect: Connection refused
Can't connect to client socket
connect_to_client() failed, thread exiting...
seed for 23385:3ef0700 : 1356896197
connect: Connection refused
Can't connect to client socket
connect_to_client() failed, thread exiting...
seed for 23385:3ecf700 : 1357080302
connect: Connection refused
Can't connect to client socket
connect_to_client() failed, thread exiting...
seed for 23385:3eae700 : 1357215217
connect: Connection refused
Can't connect to client socket
connect_to_client() failed, thread exiting...
seed for 23385:3e8d700 : 1357333661
connect: Connection refused
Can't connect to client socket
connect_to_client() failed, thread exiting...
seed for 23385:3e6c700 : 1357466552
connect: Connection refused
Can't connect to client socket
connect_to_client() failed, thread exiting...
seed for 23385:3e4b700 : 1357593157
connect: Connection refused
Can't connect to client socket
connect_to_client() failed, thread exiting...
seed for 23385:3e2a700 : 1357719923
connect: Connection refused
Can't connect to client socket
connect_to_client() failed, thread exiting...
seed for 23385:3e09700 : 1357846635
connect: Connection refused
Can't connect to client socket
connect_to_client() failed, thread exiting...
seed for 23385:3de8700 : 1355878146
connect: Connection refused
Can't connect to client socket
connect_to_client() failed, thread exiting...
seed for 23385:3dc7700 : 1356070437
connect: Connection refused
Can't connect to client socket
connect_to_client() failed, thread exiting...
seed for 23385:3da6700 : 1356197515
connect: Connection refused
Can't connect to client socket
connect_to_client() failed, thread exiting...
seed for 23385:3d85700 : 1356324237
connect: Connection refused
Can't connect to client socket
connect_to_client() failed, thread exiting...
seed for 23385:3d64700 : 1356450977
connect: Connection refused
Can't connect to client socket
connect_to_client() failed, thread exiting...
seed for 23385:3004700 : 1343210330
connect: Connection refused
Can't connect to client socket
connect_to_client() failed, thread exiting...
seed for 23385:2fe3700 : 1374794304
connect: Connection refused
Can't connect to client socket
connect_to_client() failed, thread exiting...
seed for 23385:2fc2700 : 1374921059
connect: Connection refused
Can't connect to client socket
connect_to_client() failed, thread exiting...
seed for 23385:2fa1700 : 1375047691
connect: Connection refused
Can't connect to client socket
connect_to_client() failed, thread exiting...
seed for 23385:2f80700 : 1375176489
connect: Connection refused
Can't connect to client socket
connect_to_client() failed, thread exiting...
seed for 23385:2f5f700 : 1375369147
connect: Connection refused
Can't connect to client socket
connect_to_client() failed, thread exiting...
seed for 23385:2f3e700 : 1375495865
connect: Connection refused
Can't connect to client socket
connect_to_client() failed, thread exiting...
seed for 23385:2f1d700 : 1375622565
connect: Connection refused
Can't connect to client socket
connect_to_client() failed, thread exiting...
seed for 23385:2efc700 : 1373652037
connect: Connection refused
Can't connect to client socket
connect_to_client() failed, thread exiting...
seed for 23385:2edb700 : 1373779001
connect: Connection refused
Can't connect to client socket
connect_to_client() failed, thread exiting...
seed for 23385:2eba700 : 1373903638
connect: Connection refused
Can't connect to client socket
connect_to_client() failed, thread exiting...
seed for 23385:2e99700 : 1374038639
connect: Connection refused
Can't connect to client socket
connect_to_client() failed, thread exiting...
seed for 23385:2e78700 : 1374173516
connect: Connection refused
Can't connect to client socket
connect_to_client() failed, thread exiting...
seed for 23385:2e57700 : 1374341280
connect: Connection refused
Can't connect to client socket
connect_to_client() failed, thread exiting...
seed for 23385:2e36700 : 1374478264
connect: Connection refused
Can't connect to client socket
connect_to_client() failed, thread exiting...
seed for 23385:2e15700 : 1374613137
connect: Connection refused
Can't connect to client socket
connect_to_client() failed, thread exiting...
seed for 23385:2df4700 : 1372650985
connect: Connection refused
Can't connect to client socket
connect_to_client() failed, thread exiting...
seed for 23385:2dd3700 : 1372753099
connect: Connection refused
Can't connect to client socket
connect_to_client() failed, thread exiting...
seed for 23385:2db2700 : 1372888190
connect: Connection refused
Can't connect to client socket
connect_to_client() failed, thread exiting...
seed for 23385:2d91700 : 1373021054
connect: Connection refused
Can't connect to client socket
connect_to_client() failed, thread exiting...
seed for 23385:2d70700 : 1373155904
connect: Connection refused
Can't connect to client socket
connect_to_client() failed, thread exiting...
seed for 23385:2d4f700 : 1373323760
connect: Connection refused
Can't connect to client socket
connect_to_client() failed, thread exiting...
seed for 23385:2d2e700 : 1373458635
connect: Connection refused
Can't connect to client socket
connect_to_client() failed, thread exiting...
seed for 23385:2d0d700 : 1373595639
connect: Connection refused
Can't connect to client socket
connect_to_client() failed, thread exiting...
seed for 23385:2cec700 : 1371633507
connect: Connection refused
Can't connect to client socket
connect_to_client() failed, thread exiting...
seed for 23385:2ccb700 : 1371735654
connect: Connection refused
Can't connect to client socket
connect_to_client() failed, thread exiting...
terminals started...
driver is exiting normally
