Wed Feb 26 02:08:15 2014
tid:-478157056 /home/htmsql/develop/mysql/dbt2++/dbt2/src/db.c:186
Cannot execute_credit_check since the code does not exist
Wed Feb 26 02:08:18 2014
tid:-478959872 /home/htmsql/develop/mysql/dbt2++/dbt2/src/db.c:186
Cannot execute_credit_check since the code does not exist
Wed Feb 26 02:08:41 2014
tid:-483375360 /home/htmsql/develop/mysql/dbt2++/dbt2/src/db.c:186
Cannot execute_credit_check since the code does not exist
Wed Feb 26 02:08:41 2014
tid:-365754624 /home/htmsql/develop/mysql/dbt2++/dbt2/src/db.c:186
Cannot execute_credit_check since the code does not exist
Wed Feb 26 02:08:44 2014
tid:-399173888 /home/htmsql/develop/mysql/dbt2++/dbt2/src/db.c:186
Cannot execute_credit_check since the code does not exist
Wed Feb 26 02:08:45 2014
tid:-478157056 /home/htmsql/develop/mysql/dbt2++/dbt2/src/db.c:186
Cannot execute_credit_check since the code does not exist
Wed Feb 26 02:08:48 2014
tid:-365488384 /home/htmsql/develop/mysql/dbt2++/dbt2/src/db.c:186
Cannot execute_credit_check since the code does not exist
Wed Feb 26 02:09:03 2014
tid:-486988032 /home/htmsql/develop/mysql/dbt2++/dbt2/src/db.c:186
Cannot execute_credit_check since the code does not exist
Wed Feb 26 02:09:18 2014
tid:-491530496 /home/htmsql/develop/mysql/dbt2++/dbt2/src/db.c:186
Cannot execute_credit_check since the code does not exist
Wed Feb 26 02:09:23 2014
tid:-481368320 /home/htmsql/develop/mysql/dbt2++/dbt2/src/db.c:186
Cannot execute_credit_check since the code does not exist
Wed Feb 26 02:09:26 2014
tid:-485382400 /home/htmsql/develop/mysql/dbt2++/dbt2/src/db.c:186
Cannot execute_credit_check since the code does not exist
Wed Feb 26 02:09:31 2014
tid:-482973952 /home/htmsql/develop/mysql/dbt2++/dbt2/src/db.c:186
Cannot execute_credit_check since the code does not exist
Wed Feb 26 02:09:34 2014
tid:-480164096 /home/htmsql/develop/mysql/dbt2++/dbt2/src/db.c:186
Cannot execute_credit_check since the code does not exist
Wed Feb 26 02:09:37 2014
tid:-401848576 /home/htmsql/develop/mysql/dbt2++/dbt2/src/db.c:186
Cannot execute_credit_check since the code does not exist
Wed Feb 26 02:09:46 2014
tid:-503777536 /home/htmsql/develop/mysql/dbt2++/dbt2/src/db.c:186
Cannot execute_credit_check since the code does not exist
Wed Feb 26 02:09:46 2014
tid:-503777536 /home/htmsql/develop/mysql/dbt2++/dbt2/src/mysql/dbc_common.c:97
ROLLBACK INITIATED

Wed Feb 26 02:09:48 2014
tid:-499783936 /home/htmsql/develop/mysql/dbt2++/dbt2/src/db.c:186
Cannot execute_credit_check since the code does not exist
Wed Feb 26 02:10:01 2014
tid:-401447168 /home/htmsql/develop/mysql/dbt2++/dbt2/src/db.c:186
Cannot execute_credit_check since the code does not exist
Wed Feb 26 02:10:14 2014
tid:-490465536 /home/htmsql/develop/mysql/dbt2++/dbt2/src/db.c:186
Cannot execute_credit_check since the code does not exist
Wed Feb 26 02:10:34 2014
tid:-366287104 /home/htmsql/develop/mysql/dbt2++/dbt2/src/db.c:186
Cannot execute_credit_check since the code does not exist
Wed Feb 26 02:10:35 2014
tid:-506173696 /home/htmsql/develop/mysql/dbt2++/dbt2/src/db.c:186
Cannot execute_credit_check since the code does not exist
Wed Feb 26 02:10:36 2014
tid:-513095936 /home/htmsql/develop/mysql/dbt2++/dbt2/src/db.c:186
Cannot execute_credit_check since the code does not exist
Wed Feb 26 02:10:36 2014
tid:-513095936 /home/htmsql/develop/mysql/dbt2++/dbt2/src/mysql/dbc_common.c:97
ROLLBACK INITIATED

Wed Feb 26 02:10:36 2014
tid:-491796736 /home/htmsql/develop/mysql/dbt2++/dbt2/src/db.c:186
Cannot execute_credit_check since the code does not exist
Wed Feb 26 02:10:50 2014
tid:-478157056 /home/htmsql/develop/mysql/dbt2++/dbt2/src/db.c:186
Cannot execute_credit_check since the code does not exist
Wed Feb 26 02:10:53 2014
tid:-515225856 /home/htmsql/develop/mysql/dbt2++/dbt2/src/db.c:186
Cannot execute_credit_check since the code does not exist
Wed Feb 26 02:10:53 2014
tid:-515225856 /home/htmsql/develop/mysql/dbt2++/dbt2/src/mysql/dbc_common.c:97
ROLLBACK INITIATED

Wed Feb 26 02:10:55 2014
tid:-515758336 /home/htmsql/develop/mysql/dbt2++/dbt2/src/db.c:186
Cannot execute_credit_check since the code does not exist
Wed Feb 26 02:10:55 2014
tid:-515758336 /home/htmsql/develop/mysql/dbt2++/dbt2/src/mysql/dbc_common.c:97
ROLLBACK INITIATED

Wed Feb 26 02:11:11 2014
tid:-480164096 /home/htmsql/develop/mysql/dbt2++/dbt2/src/db.c:186
Cannot execute_credit_check since the code does not exist
Wed Feb 26 02:11:28 2014
tid:-523479296 /home/htmsql/develop/mysql/dbt2++/dbt2/src/db.c:186
Cannot execute_credit_check since the code does not exist
Wed Feb 26 02:11:28 2014
tid:-523479296 /home/htmsql/develop/mysql/dbt2++/dbt2/src/mysql/dbc_common.c:97
ROLLBACK INITIATED

Wed Feb 26 02:11:37 2014
tid:-515225856 /home/htmsql/develop/mysql/dbt2++/dbt2/src/mysql/dbc_new_order.c:108
NEW_ORDER ROLLBACK RC 1

Wed Feb 26 02:11:37 2014
tid:-515225856 /home/htmsql/develop/mysql/dbt2++/dbt2/src/mysql/dbc_common.c:97
ROLLBACK INITIATED

Wed Feb 26 02:11:49 2014
tid:-529602816 /home/htmsql/develop/mysql/dbt2++/dbt2/src/db.c:186
Cannot execute_credit_check since the code does not exist
Wed Feb 26 02:11:49 2014
tid:-529602816 /home/htmsql/develop/mysql/dbt2++/dbt2/src/mysql/dbc_common.c:97
ROLLBACK INITIATED

Wed Feb 26 02:12:14 2014
tid:-492329216 /home/htmsql/develop/mysql/dbt2++/dbt2/src/db.c:186
Cannot execute_credit_check since the code does not exist
Wed Feb 26 02:12:16 2014
tid:-525875456 /home/htmsql/develop/mysql/dbt2++/dbt2/src/db.c:186
Cannot execute_credit_check since the code does not exist
Wed Feb 26 02:12:27 2014
tid:-493127936 /home/htmsql/develop/mysql/dbt2++/dbt2/src/db.c:186
Cannot execute_credit_check since the code does not exist
Wed Feb 26 02:12:29 2014
tid:-528804096 /home/htmsql/develop/mysql/dbt2++/dbt2/src/db.c:186
Cannot execute_credit_check since the code does not exist
Wed Feb 26 02:12:38 2014
tid:-531998976 /home/htmsql/develop/mysql/dbt2++/dbt2/src/db.c:186
Cannot execute_credit_check since the code does not exist
Wed Feb 26 02:12:49 2014
tid:-480966912 /home/htmsql/develop/mysql/dbt2++/dbt2/src/db.c:186
Cannot execute_credit_check since the code does not exist
Wed Feb 26 02:12:53 2014
tid:-506173696 /home/htmsql/develop/mysql/dbt2++/dbt2/src/db.c:186
Cannot execute_credit_check since the code does not exist
Wed Feb 26 02:13:02 2014
tid:-502712576 /home/htmsql/develop/mysql/dbt2++/dbt2/src/db.c:186
Cannot execute_credit_check since the code does not exist
Wed Feb 26 02:13:26 2014
tid:-482171136 /home/htmsql/develop/mysql/dbt2++/dbt2/src/db.c:186
Cannot execute_credit_check since the code does not exist
Wed Feb 26 02:13:32 2014
tid:-517355776 /home/htmsql/develop/mysql/dbt2++/dbt2/src/db.c:186
Cannot execute_credit_check since the code does not exist
Wed Feb 26 02:13:32 2014
tid:-486988032 /home/htmsql/develop/mysql/dbt2++/dbt2/src/db.c:186
Cannot execute_credit_check since the code does not exist
Wed Feb 26 02:13:38 2014
tid:-478959872 /home/htmsql/develop/mysql/dbt2++/dbt2/src/db.c:186
Cannot execute_credit_check since the code does not exist
Wed Feb 26 02:13:44 2014
tid:1726990080 /home/htmsql/develop/mysql/dbt2++/dbt2/src/db.c:186
Cannot execute_credit_check since the code does not exist
Wed Feb 26 02:13:44 2014
tid:1726990080 /home/htmsql/develop/mysql/dbt2++/dbt2/src/mysql/dbc_common.c:97
ROLLBACK INITIATED

Wed Feb 26 02:13:48 2014
tid:-533063936 /home/htmsql/develop/mysql/dbt2++/dbt2/src/db.c:186
Cannot execute_credit_check since the code does not exist
Wed Feb 26 02:14:04 2014
tid:1734444800 /home/htmsql/develop/mysql/dbt2++/dbt2/src/db.c:186
Cannot execute_credit_check since the code does not exist
Wed Feb 26 02:14:06 2014
tid:1718736640 /home/htmsql/develop/mysql/dbt2++/dbt2/src/db.c:186
Cannot execute_credit_check since the code does not exist
Wed Feb 26 02:14:06 2014
tid:1718736640 /home/htmsql/develop/mysql/dbt2++/dbt2/src/mysql/dbc_common.c:97
ROLLBACK INITIATED

Wed Feb 26 02:14:08 2014
tid:1733646080 /home/htmsql/develop/mysql/dbt2++/dbt2/src/db.c:186
Cannot execute_credit_check since the code does not exist
Wed Feb 26 02:14:10 2014
tid:1717937920 /home/htmsql/develop/mysql/dbt2++/dbt2/src/db.c:186
Cannot execute_credit_check since the code does not exist
Wed Feb 26 02:14:10 2014
tid:1717937920 /home/htmsql/develop/mysql/dbt2++/dbt2/src/mysql/dbc_common.c:97
ROLLBACK INITIATED

Wed Feb 26 02:14:21 2014
tid:-526141696 /home/htmsql/develop/mysql/dbt2++/dbt2/src/db.c:186
Cannot execute_credit_check since the code does not exist
Wed Feb 26 02:14:29 2014
tid:1715009280 /home/htmsql/develop/mysql/dbt2++/dbt2/src/db.c:186
Cannot execute_credit_check since the code does not exist
Wed Feb 26 02:14:29 2014
tid:1715009280 /home/htmsql/develop/mysql/dbt2++/dbt2/src/mysql/dbc_common.c:97
ROLLBACK INITIATED

Wed Feb 26 02:14:44 2014
tid:1712613120 /home/htmsql/develop/mysql/dbt2++/dbt2/src/db.c:186
Cannot execute_credit_check since the code does not exist
Wed Feb 26 02:14:44 2014
tid:1712613120 /home/htmsql/develop/mysql/dbt2++/dbt2/src/mysql/dbc_common.c:97
ROLLBACK INITIATED

Wed Feb 26 02:14:54 2014
tid:-497654016 /home/htmsql/develop/mysql/dbt2++/dbt2/src/db.c:186
Cannot execute_credit_check since the code does not exist
Wed Feb 26 02:15:16 2014
tid:-520816896 /home/htmsql/develop/mysql/dbt2++/dbt2/src/db.c:186
Cannot execute_credit_check since the code does not exist
Wed Feb 26 02:15:17 2014
tid:-521083136 /home/htmsql/develop/mysql/dbt2++/dbt2/src/db.c:186
Cannot execute_credit_check since the code does not exist
Wed Feb 26 02:15:43 2014
tid:-488995072 /home/htmsql/develop/mysql/dbt2++/dbt2/src/db.c:186
Cannot execute_credit_check since the code does not exist
Wed Feb 26 02:15:48 2014
tid:1718470400 /home/htmsql/develop/mysql/dbt2++/dbt2/src/db.c:186
Cannot execute_credit_check since the code does not exist
Wed Feb 26 02:15:50 2014
tid:-525076736 /home/htmsql/develop/mysql/dbt2++/dbt2/src/db.c:186
Cannot execute_credit_check since the code does not exist
Wed Feb 26 02:16:02 2014
tid:1715808000 /home/htmsql/develop/mysql/dbt2++/dbt2/src/db.c:186
Cannot execute_credit_check since the code does not exist
Wed Feb 26 02:16:07 2014
tid:-526940416 /home/htmsql/develop/mysql/dbt2++/dbt2/src/db.c:186
Cannot execute_credit_check since the code does not exist
Wed Feb 26 02:16:12 2014
tid:-499783936 /home/htmsql/develop/mysql/dbt2++/dbt2/src/db.c:186
Cannot execute_credit_check since the code does not exist
Wed Feb 26 02:16:25 2014
tid:1740302080 /home/htmsql/develop/mysql/dbt2++/dbt2/src/db.c:186
Cannot execute_credit_check since the code does not exist
Wed Feb 26 02:16:41 2014
tid:1709950720 /home/htmsql/develop/mysql/dbt2++/dbt2/src/db.c:186
Cannot execute_credit_check since the code does not exist
