
database table cardinalities:
warehouses = 300
districts = 10
customers = 3000
items = 100000
orders = 3000
stock = 100000
new-orders = 900

transaction mix:
new-order mix 0.45
payment mix 0.43
order-status mix 0.04
delivery mix 0.04
stock-level mix 0.04

transaction thresholds:
new-order threshold 0.45
payment threshold 0.88
order-status threshold 0.92
delivery threshold 0.96
stock-level threshold 1.00

delivery keying time 2 s
new_order keying time 18 s
order-status keying time 2 s
payment keying time 3 s
stock-level keying time 2 s

delivery thinking time 5000 ms
new_order thinking time 12000 ms
order-status thinking time 10000 ms
payment thinking time 12000 ms
stock-level thinking time 5000 ms

w_id range 1 to 300

10 terminals per warehouse

60 second steady state duration

driver is starting to ramp up at time 1392858178
driver will ramp up in  897 seconds
will stop test at time 1392859155
seed: 2754401950
seed: 2754074638
seed: 2753716104
seed: 2752578417
seed: 2753062018
seed: 2753235070
seed: 2752802597
seed: 2753426156
seed: 2752690068
seed: 2753542998
seed: 2753117888
seed: 2752143433
seed: 2752448308
seed: 2751752950
seed: 2773519576
seed: 2773733474
seed: 2774357807
seed: 2772736535
seed: 2773213085
seed: 2772861715
seed: 2772444894
seed: 2772666375
seed: 2772889599
seed: 2773316276
seed: 2772710426
seed: 2772384689
seed: 2771500918
seed: 2771395105
seed: 2772404106
seed: 2772167427
seed: 2772258547
seed: 2771767401
seed: 2771605263
seed: 2770377344
seed: 2770983978
seed: 2771026903
seed: 2770610047
seed: 2771208947
seed: 2770529298
seed: 2771350451
seed: 2770990947
seed: 2769893398
seed: 2770321283
seed: 2769560428
seed: 2770175177
seed: 2769676395
seed: 2770292482
seed: 2769982158
seed: 2768852000
seed: 2768280477
seed: 2768379678
seed: 2769191101
seed: 2768512077
seed: 2768980982
seed: 2768694400
seed: 2768334918
seed: 2801006343
seed: 2801171151
seed: 2801646680
seed: 2801017635
seed: 2801714875
seed: 2801002700
seed: 2800831566
seed: 2801701659
seed: 2800440483
seed: 2800523301
seed: 2800099075
seed: 2799944537
seed: 2799707508
seed: 2800306243
seed: 2800463808
seed: 2800185622
seed: 2799564000
seed: 2798811198
seed: 2799680115
seed: 2799182168
seed: 2799355044
seed: 2799216658
seed: 2799127975
seed: 2797769024
seed: 2797868141
seed: 2798425655
seed: 2798263774
seed: 2798239914
seed: 2797609506
seed: 2797816312
seed: 2798496939
seed: 2796826687
seed: 2797336011
seed: 2796976433
seed: 2796616919
seed: 2796568185
seed: 2796995851
seed: 2797381764
seed: 2796898969
seed: 2796482139
seed: 2795509036
seed: 2795624638
seed: 2796427838
seed: 2796274080
seed: 2796381660
seed: 2795849595
seed: 2795743941
seed: 2794467829
seed: 2795107119
seed: 2795140952
seed: 2794781224
seed: 2795339361
seed: 2794636173
seed: 2795284229
seed: 2793802564
seed: 2794122428
seed: 2793934938
seed: 2793920443
seed: 2793544149
seed: 2793790606
seed: 2794414099
seed: 2794063753
seed: 2792991099
seed: 2792361126
seed: 2792534968
seed: 2793305599
seed: 2792683897
seed: 2793110753
seed: 2792799792
seed: 2792400301
seed: 2791442803
seed: 2791812299
seed: 2792099441
seed: 2791691768
seed: 2792315215
seed: 2791561918
seed: 2791398939
seed: 2792227400
seed: 2791024549
seed: 2791050181
seed: 2790698759
seed: 2790503117
seed: 2790323214
seed: 2790882256
seed: 2791046834
seed: 2789777637
seed: 2790131589
seed: 2789583620
seed: 2790001912
seed: 2789724263
seed: 2789824457
seed: 2789743280
seed: 2789694502
seed: 2788295566
seed: 2788517741
seed: 2788952200
seed: 2788863089
seed: 2788799293
seed: 2788226384
seed: 2788390945
seed: 2789080190
seed: 2787468234
seed: 2787771773
seed: 2787616821
seed: 2787168158
seed: 2787234263
seed: 2787595511
seed: 2787907660
seed: 2787466517
seed: 2786984081
seed: 2786288695
seed: 2786184084
seed: 2787028230
seed: 2786832543
seed: 2786866274
seed: 2786424346
seed: 2786327866
seed: 2785239239
seed: 2785935948
seed: 2785651148
seed: 2785594689
seed: 2785939577
seed: 2785367447
seed: 2785810801
seed: 2818022620
seed: 2818179500
seed: 2818139404
seed: 2818033915
seed: 2817698332
seed: 2817896927
seed: 2818323693
seed: 2818227104
seed: 2817129791
seed: 2816565458
seed: 2816656508
seed: 2817501570
seed: 2816789865
seed: 2817134816
seed: 2816954889
seed: 2816481733
seed: 2815532207
seed: 2815934588
seed: 2816173552
seed: 2815805785
seed: 2816371734
seed: 2815668664
seed: 2815440215
seed: 2816391228
seed: 2815163720
seed: 2815123894
seed: 2814821428
seed: 2815191895
seed: 2814692650
seed: 2815299655
seed: 2815005919
seed: 2813860209
seed: 2814352864
seed: 2813706263
seed: 2814206597
seed: 2813839858
seed: 2814012437
seed: 2813915270
seed: 2813343014
seed: 2812459117
seed: 2812624002
seed: 2813157701
seed: 2812986877
seed: 2812831799
seed: 2812332695
seed: 2812416452
seed: 2813301872
seed: 2811582654
seed: 2812123808
seed: 2811740544
seed: 2811241716
seed: 2811348620
seed: 2811653394
seed: 2812080560
seed: 2811507232
seed: 2811148575
seed: 2810396088
seed: 2810323013
seed: 2810626765
seed: 2810734908
seed: 2810940520
seed: 2810588864
seed: 2810025278
seed: 2809354346
seed: 2810157777
seed: 2809774342
seed: 2809669007
seed: 2810087453
seed: 2809293368
seed: 2809983315
seed: 2808575237
seed: 2808788888
seed: 2808691411
seed: 2808488273
seed: 2808267758
seed: 2808374818
seed: 2808974666
seed: 2808828316
seed: 2808058380
seed: 2807125638
seed: 2807225825
seed: 2808077938
seed: 2807308988
seed: 2807728597
seed: 2807458400
seed: 2807074498
seed: 2806084880
seed: 2806511737
seed: 2806725328
seed: 2806653297
seed: 2806875208
seed: 2806277679
seed: 2806222184
seed: 2805026882
seed: 2805568027
seed: 2805684579
seed: 2805390782
seed: 2805760151
seed: 2805212519
seed: 2805893559
seed: 2805541950
seed: 2804478283
seed: 2804905358
seed: 2804283402
seed: 2804759215
seed: 2804294138
seed: 2804647025
seed: 2804493127
seed: 2803993267
seed: 2803061221
seed: 2803160118
seed: 2803717769
seed: 2803555784
seed: 2803400714
seed: 2802852501
seed: 2803009813
seed: 2803838047
seed: 2802069729
seed: 2802677111
seed: 2802317698
seed: 2801826862
seed: 2801942154
seed: 2801894857
seed: 619776030
seed: 620341807
seed: 620441938
seed: 620148108
seed: 620607692
seed: 620034720
seed: 620650958
seed: 620299272
seed: 619226860
seed: 619645584
seed: 618811846
seed: 619516473
seed: 619173544
seed: 619339217
seed: 619249741
seed: 618685113
seed: 617810427
seed: 617901138
seed: 618467038
seed: 618313035
seed: 618641832
seed: 617675281
seed: 617767282
seed: 618595751
seed: 616851457
seed: 617417403
seed: 616976878
seed: 616616976
seed: 616683188
seed: 616979967
seed: 617283642
seed: 616850121
seed: 616368412
seed: 615804330
seed: 615772405
seed: 615953771
seed: 616151545
seed: 616250449
seed: 615939593
seed: 615318911
seed: 614754753
seed: 615451249
seed: 615100065
seed: 615044404
seed: 615455150
seed: 614619675
seed: 615325314
seed: 613917953
seed: 614139480
seed: 613968569
seed: 613544430
seed: 613593701
seed: 613922454
seed: 614284777
seed: 614113315
seed: 613352081
seed: 612395516
seed: 612551735
seed: 613396146
seed: 612685078
seed: 613226565
seed: 612784790
seed: 612565267
seed: 611427746
seed: 611436556
seed: 611871378
seed: 612102655
seed: 612201554
seed: 611694110
seed: 611532041
seed: 610705521
seed: 610861761
seed: 610822413
seed: 610716774
seed: 611127509
seed: 610587323
seed: 611260906
seed: 610901030
seed: 609820329
seed: 610248178
seed: 609470542
seed: 610036432
seed: 609612140
seed: 609973707
seed: 609728094
seed: 609303917
seed: 608346549
seed: 608453728
seed: 608986641
seed: 608881955
seed: 609161638
seed: 608227888
seed: 608246091
seed: 609197554
seed: 607854122
seed: 608019082
seed: 607504846
seed: 608119877
seed: 607375075
seed: 607221101
seed: 607713541
seed: 606812755
seed: 607035751
seed: 606356920
seed: 606889504
seed: 606522011
seed: 606671295
seed: 606835954
seed: 606541468
seed: 605920684
seed: 605306902
seed: 606053021
seed: 605800913
seed: 605629498
seed: 605146805
seed: 605255008
seed: 605878783
seed: 604404872
seed: 604676411
seed: 604521493
seed: 604055743
seed: 604162783
seed: 604443071
seed: 604869684
seed: 604313219
seed: 637508330
seed: 636502417
seed: 636675120
seed: 636602047
seed: 636955996
seed: 637186050
seed: 636842576
seed: 636287235
seed: 635600339
seed: 636403218
seed: 635978492
seed: 636168622
seed: 636325020
seed: 635793100
seed: 635671911
seed: 634804266
seed: 635017852
seed: 634929482
seed: 634840552
seed: 634635928
seed: 634727137
seed: 635351551
seed: 634926254
seed: 633927958
seed: 634289627
seed: 633593890
seed: 634143455
seed: 633678204
seed: 634096680
seed: 633826946
seed: 633443642
seed: 632445283
seed: 632609867
seed: 633101993
seed: 633005501
seed: 633113078
seed: 632760965
seed: 632467724
seed: 631256464
seed: 631830030
seed: 631929551
seed: 631628163
seed: 632063068
seed: 631449292
seed: 631344525
seed: 631820322
seed: 630952585
seed: 631134554
seed: 630513112
seed: 631004788
seed: 630645501
seed: 630753699
seed: 630844488
seed: 630623958
seed: 629945730
seed: 629487708
seed: 630094484
seed: 629924180
seed: 629704169
seed: 629221372
seed: 629377757
seed: 629985697
seed: 628446332
seed: 628774601
seed: 628677979
seed: 628195367
seed: 628286132
seed: 628132221
seed: 629140551
seed: 627740353
seed: 627848524
seed: 627522005
seed: 627227808
seed: 627179211
seed: 627606852
seed: 627763216
seed: 627411619
seed: 626839946
seed: 626217989
seed: 626939580
seed: 626580742
seed: 626754031
seed: 626926730
seed: 626296553
seed: 626912569
seed: 625439217
seed: 625488438
seed: 625555171
seed: 625393079
seed: 625212952
seed: 625246864
seed: 625928498
seed: 625692142
seed: 624438935
seed: 623990119
seed: 624138266
seed: 624745107
seed: 624263425
seed: 624567335
seed: 624199340
seed: 623897907
seed: 622948784
seed: 622916670
seed: 623851141
seed: 623557989
seed: 623649262
seed: 623149573
seed: 623044925
seed: 621890996
seed: 622341682
seed: 622547691
seed: 622172561
seed: 622599284
seed: 622042768
seed: 622732554
seed: 622414222
seed: 621406832
seed: 621768993
seed: 621082011
seed: 621622801
seed: 621198023
seed: 621289972
seed: 621397082
seed: 621209284
seed: 653479314
seed: 653627431
seed: 654135816
seed: 654022350
seed: 653794694
seed: 653368866
seed: 653402756
seed: 652429750
seed: 652651621
seed: 653086354
seed: 652539319
seed: 653162534
seed: 652393045
seed: 652222726
seed: 653247998
seed: 651879950
seed: 652036848
seed: 651661671
seed: 651301950
seed: 651269801
seed: 651697506
seed: 651870702
seed: 651568099
seed: 650987192
seed: 650292519
seed: 651120527
seed: 650703446
seed: 650803556
seed: 651165058
seed: 650395255
seed: 651018960
seed: 649570694
seed: 649808413
seed: 649695527
seed: 649467375
seed: 649303570
seed: 649337483
seed: 650035530
seed: 649815087
seed: 648758961
seed: 648457500
seed: 648032288
seed: 648082098
seed: 648444167
seed: 648936949
seed: 648298066
seed: 648004342
seed: 647080324
seed: 646974566
seed: 648015604
seed: 647632207
seed: 647813138
seed: 647240365
seed: 647151884
seed: 646014393
seed: 646530616
seed: 646621897
seed: 646197626
seed: 646821353
seed: 646084173
seed: 646970671
seed: 646537722
seed: 645514192
seed: 645899947
seed: 645139815
seed: 645787569
seed: 645272144
seed: 645454096
seed: 645487660
seed: 645324388
seed: 644047575
seed: 643959224
seed: 644786694
seed: 644091604
seed: 644593129
seed: 644249120
seed: 643955416
seed: 642998608
seed: 643171402
seed: 643671839
seed: 643042382
seed: 643781045
seed: 642913081
seed: 642832480
seed: 643784166
seed: 642441057
seed: 642606261
seed: 642124280
seed: 641953029
seed: 641741019
seed: 642364456
seed: 642431252
seed: 642251574
seed: 641556506
seed: 640812424
seed: 641705760
seed: 641207312
seed: 641290562
seed: 641717899
seed: 640997530
seed: 641555943
seed: 640024872
seed: 640377944
seed: 640289178
seed: 640249215
seed: 639643856
seed: 639874138
seed: 640596475
seed: 638860575
seed: 639328498
seed: 638977070
seed: 638675282
seed: 638586070
seed: 639062084
seed: 639489443
seed: 638899970
seed: 638540974
seed: 637665762
seed: 637576921
seed: 638453913
seed: 638282798
seed: 638382437
seed: 637907756
seed: 637712505
seed: 670055763
seed: 670662401
seed: 670696639
seed: 670525936
seed: 670944532
seed: 670388356
seed: 671077880
seed: 670570857
seed: 669604995
seed: 669909023
seed: 669296047
seed: 669124537
seed: 669347018
seed: 669839387
seed: 669676902
seed: 668907720
seed: 667958386
seed: 668180876
seed: 668861207
seed: 668297367
seed: 668716505
seed: 668381039
seed: 668062954
seed: 666900948
seed: 667327772
seed: 667549923
seed: 667198552
seed: 667863436
seed: 667118355
seed: 666955922
seed: 667841571
seed: 666548055
seed: 666647796
seed: 666214868
seed: 666060056
seed: 666331272
seed: 666488272
seed: 666505516
seed: 666358918
seed: 665589761
seed: 664968592
seed: 665722628
seed: 665363537
seed: 665503802
seed: 665333084
seed: 664858858
seed: 663909432
seed: 664140201
seed: 664550599
seed: 664510642
seed: 664356227
seed: 663840538
seed: 663997579
seed: 664670699
seed: 663000362
seed: 663492816
seed: 663133194
seed: 662782345
seed: 662741763
seed: 663144575
seed: 663498119
seed: 663015272
seed: 662598864
seed: 661911616
seed: 661749110
seed: 662282466
seed: 662389884
seed: 662448585
seed: 662031197
seed: 661786836
seed: 660640831
seed: 661133231
seed: 661298385
seed: 661078042
seed: 661513539
seed: 660785376
seed: 661400663
seed: 660058558
seed: 660239134
seed: 660207745
seed: 660045247
seed: 659799891
seed: 659899572
seed: 660351117
seed: 660245945
seed: 659451698
seed: 658543717
seed: 658725337
seed: 659463035
seed: 658849962
seed: 659285003
seed: 658950092
seed: 658516748
seed: 657567807
seed: 657929583
seed: 658241292
seed: 657816743
seed: 658432480
seed: 657671083
seed: 657467145
seed: 658410582
seed: 657092543
seed: 657232690
seed: 656758968
seed: 656661564
seed: 656891857
seed: 657057021
seed: 657033335
seed: 655895089
seed: 656379851
seed: 655700783
seed: 656275107
seed: 655850445
seed: 656080640
seed: 655983752
seed: 655369737
seed: 654478213
seed: 654692522
seed: 655135350
seed: 655054399
seed: 654957421
seed: 654400783
seed: 654565989
seed: 655329268
seed: 552921867
seed: 553488018
seed: 553071577
seed: 552613688
seed: 552696460
seed: 553058260
seed: 553354035
seed: 552871611
seed: 552503825
seed: 551759791
seed: 551572703
seed: 552162849
seed: 552328153
seed: 552370377
seed: 551936552
seed: 551389059
seed: 550825175
seed: 551521890
seed: 551105481
seed: 551040841
seed: 551533723
seed: 550698518
seed: 551387936
seed: 549972047
seed: 550144519
seed: 550055765
seed: 549475523
seed: 549672571
seed: 549837712
seed: 550273188
seed: 550184433
seed: 549423076
seed: 548465419
seed: 548565042
seed: 549401115
seed: 548681588
seed: 549305475
seed: 548863520
seed: 548635521
seed: 547481362
seed: 547769390
seed: 548089831
seed: 547640085
seed: 548313211
seed: 547609529
seed: 547397486
seed: 547955725
seed: 546932660
seed: 546892585
seed: 546730197
seed: 547222565
seed: 546584562
seed: 547339072
seed: 546906341
seed: 545883026
seed: 546301748
seed: 545410275
seed: 546123314
seed: 545543114
seed: 545953643
seed: 545856522
seed: 545300073
seed: 544416686
seed: 544491387
seed: 545057469
seed: 544886338
seed: 545256419
seed: 544224586
seed: 544324125
seed: 545210246
seed: 543916337
seed: 544073449
seed: 543574949
seed: 543199369
seed: 543183364
seed: 543594493
seed: 543890600
seed: 543465185
seed: 542974972
seed: 542394239
seed: 542960380
seed: 542527400
seed: 542765924
seed: 542865642
seed: 542620260
seed: 541933396
seed: 541377578
seed: 542107213
seed: 541739776
seed: 541626619
seed: 541086288
seed: 541235181
seed: 541924497
seed: 540524746
seed: 540746284
seed: 540559324
seed: 540125999
seed: 540167879
seed: 540537426
seed: 540899305
seed: 540392077
seed: 539966983
seed: 539018217
seed: 539142003
seed: 539904667
seed: 539291202
seed: 539825141
seed: 539399546
seed: 539171569
seed: 538042319
seed: 538517855
seed: 538461734
seed: 538684394
seed: 538775406
seed: 538309263
seed: 538146408
seed: 537328442
seed: 537476752
seed: 537444963
seed: 537306955
seed: 537020762
seed: 537194037
seed: 537858822
seed: 537515882
seed: 569973412
seed: 570417030
seed: 569533265
seed: 570181347
seed: 569748400
seed: 570101719
seed: 569897308
seed: 569472755
seed: 568523689
seed: 568622932
seed: 569164491
seed: 569026138
seed: 569314051
seed: 568388969
seed: 568398398
seed: 569366520
seed: 568007307
seed: 568188428
seed: 567698328
seed: 568264545
seed: 567519938
seed: 567349139
seed: 567849793
seed: 566981969
seed: 567212582
seed: 566525897
seed: 567066942
seed: 566666965
seed: 566823840
seed: 566996768
seed: 566694568
seed: 566089225
seed: 565468041
seed: 566222196
seed: 565863048
seed: 565774249
seed: 565291452
seed: 565382489
seed: 566014468
seed: 564508565
seed: 564853048
seed: 564690669
seed: 564200350
seed: 564307263
seed: 564595439
seed: 565030488
seed: 564466168
seed: 564123321
seed: 563108434
seed: 563158994
seed: 564027715
seed: 563545633
seed: 563768293
seed: 563416419
seed: 562868764
seed: 562280398
seed: 563018431
seed: 562593387
seed: 562758419
seed: 562981018
seed: 562367025
seed: 562278374
seed: 561435392
seed: 561632601
seed: 561535520
seed: 561454978
seed: 561144266
seed: 561317530
seed: 561933245
seed: 561762164
seed: 560509623
seed: 560051726
seed: 560151517
seed: 560758019
seed: 560267996
seed: 560621496
seed: 560400682
seed: 560049808
seed: 559075911
seed: 559355768
seed: 559700719
seed: 559226801
seed: 559915791
seed: 559351449
seed: 559049635
seed: 557961074
seed: 558412541
seed: 558610014
seed: 558185278
seed: 558669870
seed: 558039628
seed: 558786432
seed: 558418788
seed: 557559068
seed: 557765126
seed: 557127629
seed: 557603169
seed: 557260483
seed: 557425566
seed: 557434738
seed: 557214459
seed: 555994728
seed: 556102654
seed: 556643660
seed: 556481045
seed: 556318684
seed: 555811173
seed: 555902498
seed: 556583505
seed: 555052912
seed: 555406019
seed: 555161519
seed: 554802023
seed: 554770067
seed: 555196975
seed: 555730840
seed: 554330431
seed: 554553027
seed: 554136142
seed: 553842474
seed: 553728334
seed: 554221060
seed: 554320864
seed: 554067422
seed: 586991872
seed: 586378959
seed: 587124806
seed: 586749290
seed: 586914506
seed: 587095974
seed: 586523105
seed: 587056776
seed: 585575006
seed: 585878794
seed: 585724324
seed: 585561848
seed: 585316692
seed: 585416092
seed: 586039841
seed: 585836193
seed: 584632580
seed: 584150439
seed: 584291055
seed: 585045320
seed: 584423715
seed: 584736330
seed: 584556590
seed: 584041828
seed: 583084614
seed: 583044834
seed: 584020220
seed: 583726346
seed: 583825990
seed: 583318582
seed: 583156065
seed: 582034723
seed: 582535099
seed: 582708370
seed: 582324491
seed: 582768251
seed: 582195413
seed: 582900999
seed: 582541742
seed: 581551324
seed: 581904766
seed: 581209537
seed: 581791827
seed: 581366919
seed: 581466369
seed: 581566078
seed: 581320745
seed: 580068493
seed: 580225526
seed: 580742063
seed: 580620538
seed: 580408598
seed: 579966755
seed: 580017171
seed: 580706491
seed: 579241416
seed: 579676272
seed: 579111948
seed: 579744079
seed: 579007294
seed: 578844582
seed: 579861748
seed: 578436947
seed: 578626465
seed: 578259160
seed: 577908086
seed: 577867657
seed: 578311174
seed: 578476400
seed: 578182097
seed: 577560690
seed: 576881812
seed: 577709861
seed: 577276861
seed: 577384592
seed: 577713453
seed: 577009610
seed: 577633383
seed: 576094387
seed: 576398279
seed: 576292970
seed: 576072861
seed: 575901545
seed: 575951648
seed: 576641113
seed: 576429311
seed: 575201032
seed: 575046750
seed: 574744738
seed: 574655238
seed: 575025035
seed: 575485126
seed: 574912184
seed: 574618588
seed: 573734947
seed: 573629607
seed: 574588797
seed: 574237668
seed: 574443547
seed: 573854357
seed: 573757254
seed: 572627872
seed: 573103626
seed: 573211303
seed: 573040600
seed: 573394038
seed: 572665555
seed: 573518714
seed: 573093785
seed: 572127620
seed: 572489262
seed: 571794278
seed: 572360153
seed: 571878015
seed: 572214938
seed: 572101630
seed: 571921999
seed: 570661744
seed: 570695661
seed: 571376221
seed: 570812036
seed: 571165623
seed: 570830431
seed: 570503847
seed: 602978263
seed: 603339848
seed: 603815439
seed: 603251372
seed: 603932608
seed: 603073099
seed: 603016874
seed: 603952069
seed: 602592870
seed: 602774161
seed: 602152901
seed: 602096762
seed: 602400467
seed: 602491707
seed: 602599528
seed: 602354210
seed: 601667241
seed: 600980440
seed: 601849402
seed: 601416381
seed: 601442119
seed: 601877605
seed: 601050631
seed: 601723554
seed: 600184768
seed: 600545843
seed: 600317648
seed: 600392480
seed: 599909777
seed: 600001277
seed: 600764207
seed: 599028810
seed: 599569934
seed: 599145252
seed: 598851459
seed: 598794994
seed: 599213908
seed: 599649027
seed: 599084437
seed: 598708913
seed: 597825290
seed: 597744687
seed: 598220504
seed: 598426428
seed: 598517651
seed: 598034946
seed: 597880510
seed: 596669383
seed: 597210517
seed: 597310132
seed: 597147409
seed: 597533737
seed: 596985550
seed: 597682974
seed: 597168173
seed: 596218558
seed: 596514786
seed: 595909758
seed: 596385486
seed: 595935898
seed: 596420487
seed: 596249824
seed: 595521394
seed: 594572066
seed: 594802589
seed: 595474999
seed: 594919040
seed: 595305245
seed: 595019176
seed: 594668073
seed: 593497976
seed: 593941386
seed: 594155038
seed: 593812321
seed: 594501563
seed: 593707575
seed: 593536757
seed: 594414390
seed: 593161661
seed: 593261107
seed: 592836261
seed: 592673765
seed: 592952904
seed: 593076878
seed: 593102791
seed: 592963978
seed: 592187104
seed: 591582004
seed: 592319956
seed: 591977054
seed: 592010885
seed: 591922139
seed: 591439445
seed: 590482277
seed: 590720779
seed: 591163875
seed: 591132241
seed: 590969697
seed: 590462308
seed: 590586396
seed: 591267395
seed: 589605648
seed: 590089591
seed: 589746718
seed: 589387464
seed: 589355302
seed: 589782487
seed: 590086787
seed: 589604086
seed: 589171073
seed: 588492361
seed: 588296905
seed: 588903798
seed: 589003298
seed: 589102825
seed: 588620117
seed: 588383743
seed: 587246240
seed: 587730187
seed: 587911563
seed: 587683317
seed: 587995782
seed: 587554028
seed: 587989430
seed: 1022846550
seed: 1023019223
seed: 1022995837
seed: 1022407211
seed: 1022620890
seed: 1022720404
seed: 1023213131
seed: 1023107760
seed: 1022231821
seed: 1021356463
seed: 1021562458
seed: 1022284027
seed: 1021662611
seed: 1022106148
seed: 1021795499
seed: 1021313332
seed: 1020356063
seed: 1020709500
seed: 1021029600
seed: 1020572045
seed: 1021195812
seed: 1020491939
seed: 1020329293
seed: 1020879311
seed: 1019872352
seed: 1020045586
seed: 1019596129
seed: 1019351556
seed: 1019696320
seed: 1019746703
seed: 1019911681
seed: 1018691738
seed: 1019176250
seed: 1018349981
seed: 1019063320
seed: 1018474663
seed: 1018836344
seed: 1018804804
seed: 1018231989
seed: 1017340230
seed: 1017497071
seed: 1017948233
seed: 1017892056
seed: 1018040584
seed: 1017205642
seed: 1017124956
seed: 1018076413
seed: 1016381889
seed: 1016947716
seed: 1016514793
seed: 1016098187
seed: 1016115216
seed: 1016476840
seed: 1016838443
seed: 1016396781
seed: 1015898297
seed: 1015268664
seed: 1015048673
seed: 1015663692
seed: 1015681298
seed: 1015846338
seed: 1015289885
seed: 1015192798
seed: 1014284705
seed: 1014981620
seed: 1014679747
seed: 1014525281
seed: 1015018002
seed: 1014117502
seed: 1014872236
seed: 1013398916
seed: 1013669915
seed: 1013564599
seed: 1012951467
seed: 1013173234
seed: 1013321834
seed: 1013749001
seed: 1013192568
seed: 1012833326
seed: 1011925240
seed: 1012016513
seed: 1012844590
seed: 1012165874
seed: 1012789629
seed: 1012282244
seed: 1012119656
seed: 1010908378
seed: 1011449613
seed: 1011598394
seed: 1011116191
seed: 1011780921
seed: 1010970542
seed: 1010865162
seed: 1011439837
seed: 1010473823
seed: 1010360194
seed: 1010181212
seed: 1009960655
seed: 1010068390
seed: 1010823193
seed: 1010398358
seed: 1009366810
seed: 1009728572
seed: 1008869509
seed: 1009632044
seed: 1009018837
seed: 1009421493
seed: 1009135338
seed: 1008767847
seed: 1007900725
seed: 1008065715
seed: 1008525093
seed: 1008346056
seed: 1008699473
seed: 1007708982
seed: 1007783868
seed: 1008694262
seed: 1007400476
seed: 1007500025
seed: 1007042478
seed: 1006666760
seed: 1006659202
seed: 1007061854
seed: 1007374341
seed: 1006932551
seed: 1040013149
seed: 1039391759
seed: 1039982240
seed: 1039541108
seed: 1039763500
seed: 1039871198
seed: 1039634199
seed: 1038971818
seed: 1038416011
seed: 1039088324
seed: 1038761963
seed: 1038648426
seed: 1038116539
seed: 1038256906
seed: 1038970761
seed: 1037554807
seed: 1037784797
seed: 1037687561
seed: 1037148105
seed: 1037181535
seed: 1037535037
seed: 1037904780
seed: 1037405749
seed: 1037005464
seed: 1036056429
seed: 1036155953
seed: 1036926547
seed: 1036288876
seed: 1036855195
seed: 1036421701
seed: 1036218150
seed: 1035064194
seed: 1035556368
seed: 1035721382
seed: 1035706236
seed: 1035920335
seed: 1035306553
seed: 1035152121
seed: 1034342188
seed: 1034514849
seed: 1034483213
seed: 1034320454
seed: 1034042516
seed: 1034191195
seed: 1034888766
seed: 1034570388
seed: 1033465210
seed: 1033884213
seed: 1033016989
seed: 1033754999
seed: 1033215531
seed: 1033560829
seed: 1033340165
seed: 1032923607
seed: 1031982771
seed: 1032303428
seed: 1032648162
seed: 1032485471
seed: 1032847137
seed: 1031831909
seed: 1031874048
seed: 1032735485
seed: 1031499441
seed: 1031655976
seed: 1031181750
seed: 1030953154
seed: 1030987428
seed: 1031725545
seed: 1031292122
seed: 1030433375
seed: 1030671824
seed: 1030074697
seed: 1030551342
seed: 1030126105
seed: 1030356297
seed: 1030242485
seed: 1030170177
seed: 1028802983
seed: 1028959467
seed: 1029689934
seed: 1029346795
seed: 1029249218
seed: 1028759168
seed: 1028842084
seed: 1029457316
seed: 1027991922
seed: 1028312797
seed: 1028108813
seed: 1027683569
seed: 1027767207
seed: 1028128490
seed: 1028407773
seed: 1027942217
seed: 1027492488
seed: 1026600454
seed: 1026625880
seed: 1027512008
seed: 1027283569
seed: 1027235208
seed: 1027007338
seed: 1026311821
seed: 1025763884
seed: 1026478015
seed: 1026142966
seed: 1026242070
seed: 1026472381
seed: 1025900435
seed: 1026310855
seed: 1024910949
seed: 1025131520
seed: 1025027967
seed: 1024922271
seed: 1024626700
seed: 1024793524
seed: 1025400530
seed: 1025221180
seed: 1023952813
seed: 1023535926
seed: 1023610478
seed: 1024437298
seed: 1023751970
seed: 1024113219
seed: 1023932458
seed: 1023427506
seed: 1056106195
seed: 1056377380
seed: 1056747402
seed: 1056248703
seed: 1056954046
seed: 1056117802
seed: 1056071508
seed: 1054974717
seed: 1055408295
seed: 1055648705
seed: 1055199090
seed: 1055715987
seed: 1055076496
seed: 1055833045
seed: 1055440671
seed: 1054375043
seed: 1054795735
seed: 1054149490
seed: 1054648621
seed: 1054280804
seed: 1054463921
seed: 1054366339
seed: 1054234726
seed: 1053008870
seed: 1053099861
seed: 1053680948
seed: 1053493253
seed: 1053356990
seed: 1052848439
seed: 1052947643
seed: 1053605849
seed: 1052050210
seed: 1052434633
seed: 1052181589
seed: 1051846702
seed: 1051790770
seed: 1052233857
seed: 1052529687
seed: 1051351520
seed: 1051581726
seed: 1051132040
seed: 1050848201
seed: 1050741069
seed: 1051258056
seed: 1051357219
seed: 1051112939
seed: 1050458410
seed: 1049836630
seed: 1050599882
seed: 1050215741
seed: 1050405109
seed: 1050561656
seed: 1050006003
seed: 1050432849
seed: 1049041073
seed: 1049353809
seed: 1049166268
seed: 1049011432
seed: 1048775259
seed: 1048898979
seed: 1049522429
seed: 1049359445
seed: 1048099313
seed: 1047608665
seed: 1047765133
seed: 1048511997
seed: 1047914845
seed: 1048202410
seed: 1048040009
seed: 1047549368
seed: 1046550794
seed: 1046519003
seed: 1047462534
seed: 1047176665
seed: 1047284039
seed: 1046802099
seed: 1046639124
seed: 1045558644
seed: 1046002463
seed: 1046167184
seed: 1045799432
seed: 1046267190
seed: 1045687000
seed: 1046367778
seed: 1046024576
seed: 1044928240
seed: 1045371433
seed: 1044684142
seed: 1045234434
seed: 1044817444
seed: 1044924796
seed: 1044983011
seed: 1044804330
seed: 1043592758
seed: 1043626393
seed: 1044201275
seed: 1044095637
seed: 1043908101
seed: 1043458950
seed: 1043484387
seed: 1044320927
seed: 1042650557
seed: 1043143449
seed: 1042587180
seed: 1043317058
seed: 1042458369
seed: 1042303581
seed: 1043279317
seed: 1041920901
seed: 1042151109
seed: 1041529390
seed: 1041431879
seed: 1041343205
seed: 1041811166
seed: 1041967666
seed: 1041649617
seed: 1041044281
seed: 1040422482
seed: 1041175574
seed: 1040752465
seed: 1040827048
seed: 1041196573
seed: 1040468926
seed: 1041051391
seed: 1073132066
seed: 1073477561
seed: 1073249028
seed: 1073151579
seed: 1072938074
seed: 1073006566
seed: 1073556356
seed: 1073450665
seed: 1072229534
seed: 1071749037
seed: 1071766431
seed: 1071683901
seed: 1072159879
seed: 1072523218
seed: 1071924627
seed: 1071589516
seed: 1070773209
seed: 1070610210
seed: 1071150210
seed: 1071314990
seed: 1071473479
seed: 1070907707
seed: 1070802020
seed: 1069649850
seed: 1070132491
seed: 1070305371
seed: 1070062544
seed: 1070423858
seed: 1069931692
seed: 1070555258
seed: 1070107626
seed: 1069099465
seed: 1069452438
seed: 1068773388
seed: 1069315516
seed: 1068955991
seed: 1069251599
seed: 1069123496
seed: 1068574006
seed: 1067682008
seed: 1067723893
seed: 1068339666
seed: 1067832649
seed: 1068193818
seed: 1067965913
seed: 1067540798
seed: 1066435747
seed: 1066821690
seed: 1067093614
seed: 1066676581
seed: 1067398177
seed: 1066596751
seed: 1066499551
seed: 1067417779
seed: 1066083871
seed: 1066240469
seed: 1065626757
seed: 1065537599
seed: 1065866659
seed: 1065965718
seed: 1066048553
seed: 1065837019
seed: 1065125211
seed: 1064462464
seed: 1065258591
seed: 1064841636
seed: 1064908094
seed: 1065334995
seed: 1064533756
seed: 1065189778
seed: 1063675175
seed: 1064012504
seed: 1063792197
seed: 1063702976
seed: 1063376690
seed: 1063475913
seed: 1064214140
seed: 1062478169
seed: 1063028438
seed: 1062627723
seed: 1062325573
seed: 1062220456
seed: 1062680121
seed: 1063106826
seed: 1062567768
seed: 1062175298
seed: 1061316061
seed: 1061210478
seed: 1061695181
seed: 1061868282
seed: 1061983665
seed: 1061509899
seed: 1061330587
seed: 1060119098
seed: 1060669313
seed: 1060793129
seed: 1060621831
seed: 1060991385
seed: 1060452147
seed: 1061141162
seed: 1060650569
seed: 1059685348
seed: 1060005734
seed: 1059375646
seed: 1059858543
seed: 1059509223
seed: 1059886835
seed: 1059723894
seed: 1058971606
seed: 1058022249
seed: 1058260637
seed: 1058956535
seed: 1058394063
seed: 1058763397
seed: 1058484259
seed: 1058126779
seed: 1056980822
seed: 1057440294
seed: 1057644632
seed: 1057278744
seed: 1057975947
seed: 1057147919
seed: 1057003487
seed: 1057888919
seed: 955947024
seed: 956048274
seed: 955631240
seed: 955427351
seed: 955762771
seed: 955872250
seed: 955971221
seed: 955757709
seed: 955005008
seed: 954549031
seed: 955146568
seed: 954778676
seed: 954822530
seed: 955126621
seed: 954241241
seed: 953291854
seed: 953507682
seed: 953949316
seed: 953925710
seed: 954116914
seed: 953272509
seed: 953379889
seed: 954136567
seed: 952466184
seed: 952908037
seed: 952548528
seed: 952213739
seed: 952157892
seed: 952592905
seed: 952765880
seed: 952406928
seed: 951982037
seed: 951278363
seed: 951115615
seed: 951704755
seed: 951754981
seed: 951845934
seed: 951413256
seed: 951193166
seed: 950497786
seed: 950548356
seed: 950713146
seed: 950517508
seed: 950797125
seed: 950362436
seed: 950928608
seed: 949446675
seed: 949620242
seed: 949572161
seed: 949016063
seed: 949214181
seed: 949313294
seed: 949748552
seed: 949724918
seed: 948831466
seed: 948004900
seed: 948161621
seed: 948875857
seed: 948286834
seed: 948713692
seed: 948403724
seed: 948044264
seed: 946955596
seed: 947308595
seed: 947629502
seed: 947180012
seed: 947787080
seed: 947084023
seed: 946871902
seed: 947495270
seed: 946472693
seed: 946825832
seed: 946195732
seed: 945975550
seed: 946320958
seed: 946354664
seed: 946519375
seed: 946209500
seed: 945776014
seed: 944949562
seed: 945663831
seed: 945083085
seed: 945427861
seed: 945395879
seed: 944774810
seed: 943956600
seed: 944096688
seed: 944597806
seed: 944492213
seed: 944665199
seed: 943830990
seed: 943733405
seed: 944684643
seed: 943326150
seed: 943548224
seed: 943114780
seed: 942697970
seed: 942723884
seed: 943068869
seed: 943430052
seed: 942940147
seed: 942514823
seed: 941868757
seed: 942631817
seed: 942264156
seed: 942305832
seed: 942470645
seed: 941898745
seed: 941801148
seed: 941048324
seed: 941582224
seed: 941279930
seed: 941125356
seed: 940624972
seed: 940709847
seed: 941464199
seed: 940006930
seed: 940286834
seed: 940165022
seed: 939534993
seed: 939773780
seed: 939947001
seed: 940373546
seed: 939799584
seed: 972996421
seed: 972112785
seed: 972170972
seed: 972997820
seed: 972320734
seed: 972919407
seed: 972427320
seed: 972266306
seed: 971071389
seed: 971611225
seed: 971751462
seed: 971254595
seed: 971935678
seed: 971140125
seed: 971044674
seed: 971602908
seed: 970635378
seed: 970931437
seed: 970336003
seed: 970114480
seed: 970221666
seed: 970953594
seed: 970545092
seed: 969512009
seed: 969889975
seed: 969073637
seed: 969785408
seed: 969155822
seed: 969576199
seed: 969305590
seed: 968945697
seed: 968063871
seed: 968228777
seed: 968703053
seed: 968499342
seed: 968854325
seed: 967862532
seed: 967937095
seed: 968839395
seed: 967546206
seed: 967662058
seed: 967236671
seed: 966821746
seed: 966796758
seed: 967215521
seed: 967519460
seed: 967111003
seed: 966620578
seed: 965998839
seed: 966737154
seed: 966140327
seed: 966362322
seed: 966471445
seed: 966233592
seed: 965562568
seed: 965008229
seed: 965695971
seed: 965402003
seed: 965247172
seed: 964699811
seed: 964856278
seed: 965553257
seed: 963916011
seed: 964392194
seed: 964295059
seed: 963673116
seed: 963781248
seed: 964134164
seed: 964503952
seed: 964005419
seed: 963596929
seed: 962647330
seed: 962697229
seed: 963567223
seed: 962888352
seed: 963503489
seed: 963021514
seed: 962801334
seed: 961556900
seed: 962164250
seed: 962328941
seed: 961838586
seed: 962519058
seed: 961906351
seed: 961751347
seed: 960908336
seed: 961106252
seed: 961074579
seed: 960993488
seed: 960683686
seed: 960790804
seed: 961537447
seed: 961169609
seed: 960048464
seed: 959459586
seed: 959624595
seed: 960363039
seed: 959741662
seed: 960160056
seed: 959940213
seed: 959523530
seed: 958549499
seed: 958894102
seed: 959239850
seed: 958765522
seed: 959389065
seed: 958431764
seed: 958523050
seed: 959334877
seed: 958082630
seed: 958149123
seed: 957789537
seed: 957561261
seed: 957382229
seed: 958325446
seed: 957891892
seed: 957033390
seed: 957238798
seed: 956666208
seed: 957142804
seed: 956799608
seed: 956899032
seed: 956842326
seed: 956819450
seed: 988957244
seed: 989130411
seed: 989606760
seed: 989509525
seed: 989412077
seed: 988838020
seed: 988996594
seed: 989611938
seed: 988146424
seed: 988434303
seed: 988254999
seed: 987830167
seed: 987862252
seed: 988225521
seed: 988562045
seed: 988143628
seed: 987645064
seed: 986771449
seed: 986804810
seed: 987672769
seed: 987446074
seed: 987611042
seed: 987167765
seed: 986464491
seed: 985918277
seed: 986597860
seed: 986295388
seed: 986386587
seed: 986635241
seed: 985995702
seed: 986471453
seed: 985048886
seed: 985286139
seed: 985196786
seed: 985101147
seed: 984789476
seed: 984953924
seed: 985643220
seed: 985375541
seed: 984105260
seed: 983688274
seed: 983763128
seed: 984591706
seed: 983896180
seed: 984274053
seed: 984029456
seed: 983587926
seed: 982687898
seed: 982977475
seed: 983361642
seed: 982846652
seed: 983561990
seed: 982726072
seed: 982628590
seed: 981574472
seed: 982008156
seed: 982246794
seed: 981796880
seed: 982307653
seed: 981668347
seed: 982439007
seed: 982015842
seed: 980966663
seed: 981377139
seed: 980747517
seed: 981265074
seed: 980880871
seed: 981070233
seed: 980972744
seed: 980924760
seed: 979615117
seed: 979697685
seed: 980281013
seed: 980093420
seed: 979954784
seed: 979440149
seed: 979556033
seed: 980179264
seed: 978656366
seed: 979018294
seed: 978781513
seed: 978430352
seed: 978390620
seed: 978842346
seed: 979138013
seed: 978696819
seed: 978173666
seed: 977732049
seed: 977446018
seed: 977341149
seed: 977857946
seed: 977948734
seed: 977720887
seed: 977033944
seed: 976428424
seed: 977183739
seed: 976815794
seed: 976988465
seed: 977161691
seed: 976613934
seed: 977041128
seed: 975632861
seed: 975945333
seed: 975765797
seed: 975611330
seed: 975374963
seed: 975498499
seed: 976114107
seed: 975902198
seed: 974674490
seed: 974200088
seed: 974283191
seed: 975111738
seed: 974498469
seed: 974802283
seed: 974648228
seed: 974157436
seed: 973273353
seed: 973110717
seed: 974062116
seed: 973776588
seed: 973982054
seed: 973402111
seed: 973230765
seed: 1005655445
seed: 1006131714
seed: 1006313204
seed: 1006002570
seed: 1006421071
seed: 1005824575
seed: 1006522048
seed: 1006186911
seed: 1005090756
seed: 1005517562
seed: 1004830053
seed: 1005388689
seed: 1004971607
seed: 1005308167
seed: 1005137299
seed: 1004950045
seed: 1003689225
seed: 1003788688
seed: 1004346925
seed: 1004167933
seed: 1004062160
seed: 1003596721
seed: 1003638364
seed: 1004483312
seed: 1002812838
seed: 1003158080
seed: 1002732818
seed: 1003471271
seed: 1002612226
seed: 1002556114
seed: 1003433331
seed: 1002066454
seed: 1002247824
seed: 1001691524
seed: 1001577479
seed: 1001808542
seed: 1001964911
seed: 1002137995
seed: 1001803284
seed: 1001206500
seed: 1000584631
seed: 1001323030
seed: 1000898299
seed: 1000980941
seed: 1001350235
seed: 1000590010
seed: 1001205114
seed: 999723503
seed: 1000019580
seed: 999856407
seed: 999742905
seed: 999449100
seed: 999605935
seed: 1000172254
seed: 1000050035
seed: 999240193
seed: 998356687
seed: 998390175
seed: 998277111
seed: 998752901
seed: 999122277
seed: 998624227
seed: 998190726
seed: 997364077
seed: 997217323
seed: 997759672
seed: 997907722
seed: 998055992
seed: 997508639
seed: 997419347
seed: 996248616
seed: 996749912
seed: 996914467
seed: 996555196
seed: 997014540
seed: 996524614
seed: 997156124
seed: 996706706
seed: 995700716
seed: 996053570
seed: 995382533
seed: 995924808
seed: 995548685
seed: 995828448
seed: 995722570
seed: 995191359
seed: 994283161
seed: 994341178
seed: 994949050
seed: 994720345
seed: 994786969
seed: 994558744
seed: 994142086
seed: 993036885
seed: 993422639
seed: 993694613
seed: 993285750
seed: 994040541
seed: 993189711
seed: 993075775
seed: 994018970
seed: 992699523
seed: 992841560
seed: 992244233
seed: 992147191
seed: 992361313
seed: 992559020
seed: 992641608
seed: 992438076
seed: 991726491
seed: 991063617
seed: 991857887
seed: 991451134
seed: 991550045
seed: 991927567
seed: 991110139
seed: 991790680
seed: 990259463
seed: 990613487
seed: 990409290
seed: 990311739
seed: 990001948
seed: 990068649
seed: 990806543
seed: 888415945
seed: 888965954
seed: 888565288
seed: 888263298
seed: 888164575
seed: 888658777
seed: 889036331
seed: 888495264
seed: 888112943
seed: 887237565
seed: 887148199
seed: 887647429
seed: 887814052
seed: 887978510
seed: 887437375
seed: 887274744
seed: 886056876
seed: 886605269
seed: 886728932
seed: 886559496
seed: 886872007
seed: 886428694
seed: 887068801
seed: 886629281
seed: 885620741
seed: 885925085
seed: 885313355
seed: 885812733
seed: 885452819
seed: 885750537
seed: 885784443
seed: 884915691
seed: 883957788
seed: 884163808
seed: 884893958
seed: 884329943
seed: 884773092
seed: 884462880
seed: 884054423
seed: 882908259
seed: 883377976
seed: 883565892
seed: 883214365
seed: 883928293
seed: 883093862
seed: 882996248
seed: 883554378
seed: 882556755
seed: 882647293
seed: 882197570
seed: 882026993
seed: 882364326
seed: 882413761
seed: 882512912
seed: 882351080
seed: 881598335
seed: 881147987
seed: 881731074
seed: 881380285
seed: 881437930
seed: 881734096
seed: 881031005
seed: 880016147
seed: 880114774
seed: 880550501
seed: 880494575
seed: 880715990
seed: 879873681
seed: 879793119
seed: 880678830
seed: 879057135
seed: 879500804
seed: 879182667
seed: 878830743
seed: 878758473
seed: 879210418
seed: 879375106
seed: 879064786
seed: 878574222
seed: 877886976
seed: 877716298
seed: 878266104
seed: 878357095
seed: 878448569
seed: 878013792
seed: 877795035
seed: 877091381
seed: 877140368
seed: 877223215
seed: 877127338
seed: 877398988
seed: 876980716
seed: 877530469
seed: 877180595
seed: 876344449
seed: 876181970
seed: 875625840
seed: 875774180
seed: 875996167
seed: 876349789
seed: 876335756
seed: 875434166
seed: 874599826
seed: 874764587
seed: 875519197
seed: 874897425
seed: 875300345
seed: 875014943
seed: 874646644
seed: 873509193
seed: 874116235
seed: 874215916
seed: 873790746
seed: 874382957
seed: 873637328
seed: 873466142
seed: 874107481
seed: 873075179
seed: 873420048
seed: 872799840
seed: 873291243
seed: 872931695
seed: 872942332
seed: 873131997
seed: 872811943
seed: 905754252
seed: 905099960
seed: 905804231
seed: 905248031
seed: 905578134
seed: 905356385
seed: 904923541
seed: 904113462
seed: 904222313
seed: 904746037
seed: 904649068
seed: 904790657
seed: 903995488
seed: 903874024
seed: 904849776
seed: 903482502
seed: 903655898
seed: 903263621
seed: 902838577
seed: 902888606
seed: 903217644
seed: 903603574
seed: 903088260
seed: 902671370
seed: 901992844
seed: 902780698
seed: 902420563
seed: 902438280
seed: 902603035
seed: 902038656
seed: 901966287
seed: 901205332
seed: 901296358
seed: 901428410
seed: 901265911
seed: 900792247
seed: 900858637
seed: 901637190
seed: 900155779
seed: 900443980
seed: 900288637
seed: 899683780
seed: 899931004
seed: 900078737
seed: 900505647
seed: 899942326
seed: 899607335
seed: 898714753
seed: 898888125
seed: 899594187
seed: 898906345
seed: 899529838
seed: 899023835
seed: 898885414
seed: 897665184
seed: 898215437
seed: 898323269
seed: 897848438
seed: 898537943
seed: 897720198
seed: 897622245
seed: 898188378
seed: 897248222
seed: 897535770
seed: 896921713
seed: 896710284
seed: 896809476
seed: 897564488
seed: 897237199
seed: 896132733
seed: 896486377
seed: 895676231
seed: 896357084
seed: 895751699
seed: 896179046
seed: 895883570
seed: 895525468
seed: 894650291
seed: 894839597
seed: 895307517
seed: 895218207
seed: 895449046
seed: 894448937
seed: 894549626
seed: 895402929
seed: 894165251
seed: 894257848
seed: 893840915
seed: 893621110
seed: 893391186
seed: 893819581
seed: 894164500
seed: 893689331
seed: 893206822
seed: 892480118
seed: 893340103
seed: 892988691
seed: 892958309
seed: 892926973
seed: 892844444
seed: 891470575
seed: 891561520
seed: 892290550
seed: 892004610
seed: 891916949
seed: 891294204
seed: 891458947
seed: 892198647
seed: 890528431
seed: 890978387
seed: 890643823
seed: 890277604
seed: 890498146
seed: 890728469
seed: 891090246
seed: 890616024
seed: 890191339
seed: 889200952
seed: 889293491
seed: 890169346
seed: 889949608
seed: 890099455
seed: 889623708
seed: 889444857
seed: 921722303
seed: 922305318
seed: 922363005
seed: 921995757
seed: 922561887
seed: 922054840
seed: 922547659
seed: 921073967
seed: 921255114
seed: 921182301
seed: 921142693
seed: 920840984
seed: 921014087
seed: 921686046
seed: 921327098
seed: 920247137
seed: 919624867
seed: 919765060
seed: 920528894
seed: 919898967
seed: 920333540
seed: 920089209
seed: 919664469
seed: 918714593
seed: 919076231
seed: 919348212
seed: 918914182
seed: 919545970
seed: 918785989
seed: 918671540
seed: 919491668
seed: 918281108
seed: 918314920
seed: 917930136
seed: 917726324
seed: 917539811
seed: 918105896
seed: 918040603
seed: 917042795
seed: 917404612
seed: 916848482
seed: 917250750
seed: 916948571
seed: 917056510
seed: 917032828
seed: 916968157
seed: 915560060
seed: 915708716
seed: 916216168
seed: 916095568
seed: 916023233
seed: 915440905
seed: 915615480
seed: 916206182
seed: 914733028
seed: 915043703
seed: 914882081
seed: 914449172
seed: 914456898
seed: 914827909
seed: 915197440
seed: 914746776
seed: 914248019
seed: 913349214
seed: 913383419
seed: 914267483
seed: 914056940
seed: 914213764
seed: 913648116
seed: 913067385
seed: 912504385
seed: 913208722
seed: 912914928
seed: 913007295
seed: 913229700
seed: 912598401
seed: 913099067
seed: 911643361
seed: 911888492
seed: 911775227
seed: 911679109
seed: 911383713
seed: 911565205
seed: 912246054
seed: 911896086
seed: 910707770
seed: 910274847
seed: 910375613
seed: 911210572
seed: 910523851
seed: 910868862
seed: 910632824
seed: 910215169
seed: 909290987
seed: 909579941
seed: 909939950
seed: 909449322
seed: 910155085
seed: 909336795
seed: 909231203
seed: 910060019
seed: 908611386
seed: 908832947
seed: 908408213
seed: 908900675
seed: 908295331
seed: 909033537
seed: 908617101
seed: 907594532
seed: 907979979
seed: 907350136
seed: 907843335
seed: 907483296
seed: 907664780
seed: 907583774
seed: 907527343
seed: 906127426
seed: 906300919
seed: 906867678
seed: 906704035
seed: 906541178
seed: 906067857
seed: 906150772
seed: 906781940
seed: 938805699
seed: 939175737
seed: 938938517
seed: 938497093
seed: 938548111
seed: 938991466
seed: 939302927
seed: 938854397
seed: 938371951
seed: 937888816
seed: 937586807
seed: 937506788
seed: 937999180
seed: 938196001
seed: 937869937
seed: 937191296
seed: 936577870
seed: 937340448
seed: 936973234
seed: 936925029
seed: 937351364
seed: 936762966
seed: 937206566
seed: 935789784
seed: 936012412
seed: 935923702
seed: 935752475
seed: 935540398
seed: 935639745
seed: 936230791
seed: 936050870
seed: 934831830
seed: 934349738
seed: 934440112
seed: 935269026
seed: 934565460
seed: 934992845
seed: 934795580
seed: 934322900
seed: 933299776
seed: 933735278
seed: 934219306
seed: 933917301
seed: 934148032
seed: 933541223
seed: 933478106
seed: 932250527
seed: 932733244
seed: 932907719
seed: 932605851
seed: 933023916
seed: 932468429
seed: 933157779
seed: 932781858
seed: 931701429
seed: 932120082
seed: 931507191
seed: 931989775
seed: 931558131
seed: 931919451
seed: 931756904
seed: 931249845
seed: 930284129
seed: 930392002
seed: 930940178
seed: 930770588
seed: 930665071
seed: 930107835
seed: 930272583
seed: 931077817
seed: 929423987
seed: 929890754
seed: 929539395
seed: 930074164
seed: 929197138
seed: 929165670
seed: 930052809
seed: 928757789
seed: 928857377
seed: 928294577
seed: 928139903
seed: 928409987
seed: 928566640
seed: 928716335
seed: 928437681
seed: 927799796
seed: 927195780
seed: 927924262
seed: 927573410
seed: 927582493
seed: 927937273
seed: 927199272
seed: 927822921
seed: 926349631
seed: 926629728
seed: 926457918
seed: 926303335
seed: 926051226
seed: 926207818
seed: 926748705
seed: 926651787
seed: 925834236
seed: 924949513
seed: 924991826
seed: 925869865
seed: 925354074
seed: 925707485
seed: 925233801
seed: 924808969
seed: 923990958
seed: 923827214
seed: 924361563
seed: 924469009
seed: 924657778
seed: 924110393
seed: 923997015
seed: 922851290
seed: 923343424
seed: 923508425
seed: 923157286
seed: 923591776
seed: 923126493
seed: 923742031
seed: 923316996
seed: 821653961
seed: 822016713
seed: 821329747
seed: 821869870
seed: 821446221
seed: 821766893
seed: 821661441
seed: 821128630
seed: 820221643
seed: 820271974
seed: 820877781
seed: 820665764
seed: 820569814
seed: 820495743
seed: 820062637
seed: 818983550
seed: 819345242
seed: 819656134
seed: 819232318
seed: 819978886
seed: 819085667
seed: 819013053
seed: 819957283
seed: 818638070
seed: 818778383
seed: 818174590
seed: 818077432
seed: 818306281
seed: 818471170
seed: 818580076
seed: 818358473
seed: 817663137
seed: 816984525
seed: 817820771
seed: 817395845
seed: 817495507
seed: 817792624
seed: 817046658
seed: 817727795
seed: 816239195
seed: 816549947
seed: 816338203
seed: 816241100
seed: 815946843
seed: 816111799
seed: 816743887
seed: 815132191
seed: 815566051
seed: 815149365
seed: 814824058
seed: 814774421
seed: 815267196
seed: 815433318
seed: 815080543
seed: 814713022
seed: 813837762
seed: 813782631
seed: 814240817
seed: 814405862
seed: 814587142
seed: 814015376
seed: 813860068
seed: 813164927
seed: 813207527
seed: 813314167
seed: 813118626
seed: 813480441
seed: 813038601
seed: 813597017
seed: 813229322
seed: 812223400
seed: 812526610
seed: 811815102
seed: 812406653
seed: 812046413
seed: 812358689
seed: 812130656
seed: 811501532
seed: 810674264
seed: 810765543
seed: 811479902
seed: 810891181
seed: 811382979
seed: 811073211
seed: 810713884
seed: 809560022
seed: 809977909
seed: 810168007
seed: 809849825
seed: 810521706
seed: 809687788
seed: 809606950
seed: 810034050
seed: 809141781
seed: 809495346
seed: 808800219
seed: 808644715
seed: 808924912
seed: 809024369
seed: 809123806
seed: 808878693
seed: 808249061
seed: 807750459
seed: 808331747
seed: 808145511
seed: 808031978
seed: 808327984
seed: 807639504
seed: 808198719
seed: 806700907
seed: 807265749
seed: 807095852
seed: 807334435
seed: 806432898
seed: 806401510
seed: 807288346
seed: 805683844
seed: 806150634
seed: 805784128
seed: 805432843
seed: 805391539
seed: 805802264
seed: 805968478
seed: 805673007
seed: 838606199
seed: 838025522
seed: 838854619
seed: 838420546
seed: 838528192
seed: 838627600
seed: 838121374
seed: 837957874
seed: 837270871
seed: 837346250
seed: 837370909
seed: 837282134
seed: 836980498
seed: 837128305
seed: 837686461
seed: 837343600
seed: 836247506
seed: 836321311
seed: 835757353
seed: 835931091
seed: 836168764
seed: 836530539
seed: 836024312
seed: 835598348
seed: 834780289
seed: 834904348
seed: 835667932
seed: 835053571
seed: 835456346
seed: 835163040
seed: 834802937
seed: 833673584
seed: 834150204
seed: 834355318
seed: 833922259
seed: 834537778
seed: 833810340
seed: 833646835
seed: 834270475
seed: 833240019
seed: 833600539
seed: 832938139
seed: 833439361
seed: 833088256
seed: 833097628
seed: 833278192
seed: 832968348
seed: 832363307
seed: 831872074
seed: 832389831
seed: 831825723
seed: 832179090
seed: 831975030
seed: 831550127
seed: 830732033
seed: 830830690
seed: 831372824
seed: 831234688
seed: 831391602
seed: 830596395
seed: 830475853
seed: 831443588
seed: 830083343
seed: 830264787
seed: 829906503
seed: 829424349
seed: 829464859
seed: 829818311
seed: 830189181
seed: 829688955
seed: 829288648
seed: 828601698
seed: 829406068
seed: 829012996
seed: 829030652
seed: 829203868
seed: 828639239
seed: 828566768
seed: 827806083
seed: 827906020
seed: 827938862
seed: 827858168
seed: 827368343
seed: 827458654
seed: 828221716
seed: 826756454
seed: 827061213
seed: 826897479
seed: 826341685
seed: 826523544
terminals started...
driver is exiting normally
