output_base: ../report-unmodified/
Started on:   Do 20. Feb 02:02:56 CET 2014
Expected end: Do 20. Feb 02:03:56 CET 2014
RUNNING TEST: ./scripts/run_mysql.sh 		--connections 4 		--time 60 		--warehouses 300 		--output-base ../report-unmodified/
Waiting for 2 sec before profiling
************************************************************************
*                     DBT2 test for MySQL  started                     *
*                                                                      *
*            Results can be found in output/110 directory               *
************************************************************************
*                                                                      *
*  Test consists of 4 stages:                                          *
*                                                                      *
*  1. Start of client to create pool of databases connections          *
*  2. Start of driver to emulate terminals and transactions generation *
*  3. Test                                                             *
*  4. Processing of results                                            *
*                                                                      *
************************************************************************

DATABASE NAME:                dbt2
DATABASE USER:                root
CLIENT PORT:                  30000
DATABASE HOST:                127.0.0.1
DATABASE PORT:                3306
DATABASE CONNECTIONS:         4
TERMINAL THREADS:             3000
SCALE FACTOR(WAREHOUSES):     300
FIRST WAREHOUSE:              1
LAST WAREHOUSE:               300
SPREAD                        1
TERMINALS PER WAREHOUSE:      10
DURATION OF TEST(in sec):     60
SLEEPY in (msec)              300
ZERO DELAYS MODE:             


Stage 1. Starting up client...
STARTING CLIENT CONNECTIONS:   /home/htmsql/develop/mysql/dbt2-0.37.50.3/src/client  -u root -l 3306 -p 30000 -h 127.0.0.1 -d dbt2 -c 4 -s 300 -o ../report-unmodified//110_20140220_0202-c_4-w_300/client -f
Delay for each thread - 300 msec. Will sleep for 2 sec to start 4 database connections
PROFILING PERF: perf stat -T -p 14389 sleep 55 &>../report-unmodified//110_20140220_0202-c_4-w_300//perf.txt
Number of threads = 3000
WARMUPTIME = 904
Sleepytime = 984

Stage 2. Starting up driver...
Delay for each thread - 300 msec. Will sleep for 904 sec to start 3000 terminal threads

Stage 3. Starting of the test. Duration of the test 60 sec
STARTING DRIVER COMMAND:   /home/htmsql/develop/mysql/dbt2-0.37.50.3/src/driver -d 127.0.0.1 -l 60 -wmin 1 -wmax 300 -spread 1 -w 300 -sleep 300 -tpw 10 -outdir ../report-unmodified//110_20140220_0202-c_4-w_300/driver -p 30000 -warmup 0 -cooldown 20 -intermediate_timer_resolution 0 
Shutdown clients. Send TERM signal to 21187.
Waiting for driver (pid 21203)
./scripts/run_mysql.sh: line 623: 21187 Killed                  nohup $CLIENT_COMMAND > $OUTPUT_DIR/client.out 2>&1

Stage 4. Processing of results...
                         Response Time (s)
 Transaction      %    Average :    90th %        Total        Rollbacks      %
------------  -----  ---------------------  -----------  ---------------  -----
    Delivery   3.56      0.002 :     0.002          303                0   0.00
   New Order  42.50      0.007 :     0.011         3616             3490  96.52
Order Status   3.84      0.002 :     0.002          327                0   0.00
     Payment  38.86      0.002 :     0.002         3306                0   0.00
 Stock Level   3.74      0.001 :     0.001          318                0   0.00

128.14 new-order transactions per minute (NOTPM)
1.0 minute duration
0 total unknown errors
3490.00 rollback transactions
4 second(s) ramping up

Test completed.
ANALYZING RESULTS: python dbttools/bin/dbt2-generate-report 	--dbms mysql 	--i ../report-unmodified//110_20140220_0202-c_4-w_300/
Fehler in matrix(unlist(value, recursive = FALSE, use.names = FALSE), nrow = nr,  : 
  negative Matrix-Ausdehnung
Traceback (most recent call last):
  File "./dbttools/bin/dbt2-plot-transaction-rate", line 89, in <module>
    isubset = r.subset(isubset, isubset.rx('V1').ro < iend)
  File "/usr/local/lib/python2.7/dist-packages/rpy2/robjects/vectors.py", line 169, in __lt__
    res = globalenv_ri.get("<")(self._parent, conversion.py2ri(x))
rpy2.rinterface.RRuntimeError: Fehler in matrix(unlist(value, recursive = FALSE, use.names = FALSE), nrow = nr,  : 
  negative Matrix-Ausdehnung

Output flag not set - setting output=input
Generating mpstat, iostat, and vmstat charts for driver systems...
Moving on to database system stats...
Generating transaction distribution charts...
Generating mpstat charts...
Generating iostat charts...
Generating vmstat charts...
Generating transaction rate charts...
Generating database statistics charts...
