1392865798,p,0.004592,-1976342784
1392865798,p,0.004821,-1976613120
1392865799,s,0.004219,-1977424128
1392865800,d,0.008950,-1962346752
1392865800,p,0.004525,-1977288960
1392865801,p,0.004875,-1977694464
1392865801,p,0.004876,-1977829632
1392865801,START
1392865802,p,0.004473,-1978099968
1392865802,p,0.003575,-1975937280
1392865802,o,0.006074,-1978775808
1392865802,p,0.004981,-1978370304
1392865803,p,0.001835,-1978910976
1392865804,s,0.003751,-1963563264
1392865804,d,0.012703,-1976072448
1392865805,p,0.004509,-1963833600
1392865807,n,0.035267,-1962211584
1392865807,o,0.005536,-1976072448
1392865808,n,0.005093,-1962481920
1392865808,n,0.012475,-1962617088
1392865808,n,0.023347,-1962752256
1392865809,n,0.012435,-1963022592
1392865810,n,0.010761,-1963292928
1392865811,n,0.011003,-1963698432
1392865811,p,0.004074,-1978910976
1392865811,n,0.023658,-1975802112
1392865812,p,0.003238,-1977288960
1392865813,s,0.003765,-1976613120
1392865813,n,0.009580,-1976477952
1392865813,n,0.007574,-1963428096
1392865814,n,0.009339,-1976748288
1392865814,n,0.028259,-1976883456
1392865814,n,0.009731,-1977018624
1392865814,n,0.009481,-1977153792
1392865815,n,0.025185,-1976207616
1392865815,n,0.008268,-1963968768
1392865815,n,0.021344,-1977559296
1392865816,d,0.012249,-1963022592
1392865816,n,0.006253,-1977964800
1392865816,n,0.022947,-1962887424
1392865816,p,0.004950,-1977288960
1392865817,n,0.014233,-1978235136
1392865817,s,0.005713,-1978910976
1392865817,n,0.016657,-1978505472
1392865817,p,0.001872,-1976072448
1392865818,n,0.016275,-1978640640
1392865818,p,0.001953,-1975802112
1392865818,p,0.004387,-1963698432
1392865819,n,0.025784,-1979046144
1392865819,n,0.008425,-1977424128
1392865819,n,0.007814,-1979181312
1392865819,p,0.003829,-1977694464
1392865819,p,0.007001,-1963022592
1392865821,p,0.003956,-1962481920
1392865822,p,0.004104,-1977018624
1392865822,p,0.003892,-1976883456
1392865823,n,0.014301,-1962346752
1392865823,o,0.001934,-1977153792
1392865824,n,0.024498,-1963563264
1392865824,p,0.003308,-1978099968
1392865825,p,0.003940,-1979181312
1392865825,n,0.014109,-1978775808
1392865825,p,0.004646,-1976748288
1392865825,o,0.005235,-1977153792
1392865826,p,0.004070,-1975937280
1392865827,p,0.002746,-1975802112
1392865827,d,0.011903,-1977964800
1392865827,p,0.004197,-1977424128
1392865829,p,0.003233,-1962346752
1392865829,p,0.003489,-1976883456
1392865830,p,0.004008,-1977964800
1392865831,n,0.014078,-1976613120
1392865831,n,0.013241,-1962752256
1392865832,p,0.004969,-1963157760
1392865832,p,0.004229,-1978640640
1392865833,p,0.002251,-1976883456
1392865834,s,0.003668,-1962752256
1392865836,n,0.005831,-1963833600
1392865836,n,0.007890,-1963292928
1392865836,n,0.008185,-1977559296
1392865837,s,0.003744,-1976883456
1392865837,n,0.018964,-1962617088
1392865838,p,0.003988,-1978640640
1392865839,n,0.009281,-1978235136
1392865839,p,0.004861,-1977153792
1392865839,n,0.009829,-1976207616
1392865840,n,0.012452,-1978370304
1392865842,n,0.026408,-1977694464
1392865842,n,0.011736,-1978910976
1392865843,p,0.003938,-1975937280
1392865844,n,0.009069,-1963022592
1392865845,n,0.025786,-1977018624
1392865845,o,0.005466,-1962617088
1392865846,s,0.003522,-1962887424
1392865846,p,0.004521,-1976072448
1392865846,d,0.014407,-1977153792
1392865847,p,0.004169,-1978910976
1392865847,p,0.003863,-1963157760
1392865847,n,0.009327,-1975802112
1392865847,p,0.001821,-1977424128
1392865848,n,0.010589,-1963968768
1392865848,n,0.018027,-1977288960
1392865848,n,0.011906,-1963563264
1392865849,p,0.004243,-1962887424
1392865849,n,0.009925,-1979181312
1392865849,p,0.001661,-1976748288
1392865850,n,0.015958,-1977829632
1392865850,n,0.014004,-1963698432
1392865851,n,0.014438,-1979046144
1392865851,p,0.003916,-1963022592
1392865853,n,0.033017,-1977964800
1392865853,p,0.004547,-1978235136
1392865854,n,0.013274,-1978775808
1392865854,n,0.010867,-1962346752
1392865854,o,0.005643,-1963292928
1392865854,p,0.004248,-1963698432
1392865855,n,0.011748,-1976613120
1392865856,n,0.004970,-1962211584
1392865856,n,0.012342,-1977559296
1392865857,n,0.008234,-1976883456
1392865858,n,0.014180,-1962752256
1392865858,p,0.005132,-1979046144
1392865859,p,0.004224,-1977964800
1392865859,n,0.016279,-1962481920
1392865859,p,0.003767,-1962346752
1392865859,p,0.004142,-1977153792
1392865860,p,0.004298,-1976477952
1392865860,n,0.004261,-1978099968
1392865861,n,0.011619,-1978505472
1392865861,p,0.004206,-1962211584
1392865863,p,0.003967,-1962887424
1392865863,p,0.002814,-1977964800
1392865864,n,0.014502,-1962617088
1392865864,n,0.016069,-1978370304
1392865864,p,0.001953,-1962346752
1392865865,p,0.001559,-1976883456
1392865866,n,0.012997,-1976072448
1392865867,n,0.008276,-1977424128
1392865867,p,0.003951,-1978505472
1392865868,n,0.010727,-1979181312
1392865868,p,0.001460,-1963968768
1392865868,p,0.003078,-1975802112
1392865868,n,0.013113,-1963157760
1392865869,p,0.004076,-1962346752
1392865870,n,0.014005,-1978640640
1392865872,n,0.026102,-1977829632
1392865872,n,0.009922,-1978910976
1392865872,p,0.005280,-1978370304
1392865873,n,0.004611,-1977694464
1392865873,p,0.003957,-1962752256
1392865874,n,0.013276,-1963292928
1392865874,p,0.004283,-1978640640
1392865874,p,0.004564,-1963968768
1392865875,n,0.013132,-1976207616
1392865875,n,0.008928,-1963698432
1392865875,n,0.012842,-1978775808
1392865875,p,0.001894,-1962481920
1392865875,n,0.006899,-1975937280
1392865876,p,0.004004,-1977018624
1392865877,p,0.003273,-1977153792
1392865877,p,0.003221,-1977694464
1392865877,s,0.003616,-1978505472
1392865878,n,0.010347,-1976613120
1392865878,p,0.001290,-1963968768
1392865878,d,0.005684,-1979181312
1392865878,n,0.009990,-1963563264
1392865879,n,0.011232,-1976748288
1392865879,p,0.004973,-1963428096
1392865879,p,0.003802,-1977424128
1392865880,n,0.013879,-1963022592
1392865880,d,0.012206,-1978505472
1392865880,n,0.014496,-1976477952
1392865881,p,0.003959,-1978640640
1392865882,p,0.004179,-1978235136
1392865884,o,0.003660,-1976207616
1392865884,p,0.004304,-1976477952
1392865885,n,0.011826,-1962211584
1392865886,o,0.005169,-1963968768
1392865886,n,0.013949,-1976883456
1392865887,o,0.005405,-1978099968
1392865887,p,0.004191,-1977018624
1392865888,n,0.012633,-1962617088
1392865888,p,0.004072,-1978910976
1392865888,n,0.007589,-1963157760
1392865888,s,0.001731,-1977424128
1392865889,p,0.004223,-1963698432
1392865890,n,0.008737,-1979046144
1392865890,d,0.005903,-1979181312
1392865891,n,0.010420,-1977288960
1392865892,p,0.004342,-1978505472
1392865893,n,0.013461,-1977559296
1392865894,n,0.009809,-1962481920
1392865895,n,0.009336,-1962887424
1392865896,n,0.007980,-1978370304
1392865896,p,0.004269,-1976072448
1392865897,n,0.012795,-1962346752
1392865897,n,0.011153,-1976342784
1392865897,p,0.004419,-1977559296
1392865898,n,0.014055,-1977153792
1392865898,o,0.005609,-1978775808
1392865898,p,0.001618,-1978235136
1392865899,n,0.014355,-1977964800
1392865900,n,0.011823,-1963563264
1392865902,n,0.014126,-1962752256
1392865902,p,0.004288,-1975937280
1392865902,n,0.015865,-1975802112
1392865903,n,0.010585,-1963428096
1392865904,n,0.012545,-1976207616
1392865904,n,0.012199,-1978640640
1392865904,n,0.011109,-1963022592
1392865905,p,0.002355,-1978370304
1392865905,n,0.012072,-1977829632
1392865905,n,0.009841,-1962211584
1392865906,p,0.003809,-1976613120
1392865906,p,0.004046,-1975802112
1392865907,n,0.009663,-1978099968
1392865907,d,0.013320,-1963428096
1392865907,n,0.013895,-1976748288
1392865908,p,0.001683,-1975937280
1392865908,n,0.010058,-1976883456
1392865908,p,0.004970,-1977964800
1392865909,n,0.013653,-1963698432
1392865909,n,0.004846,-1977288960
1392865909,p,0.004505,-1963292928
1392865910,n,0.011135,-1979181312
1392865911,n,0.010089,-1963968768
1392865911,p,0.003178,-1962346752
1392865911,d,0.008439,-1975802112
1392865911,p,0.004001,-1978099968
1392865912,n,0.013430,-1979046144
1392865912,p,0.001554,-1963292928
1392865913,n,0.012197,-1977424128
1392865913,p,0.004227,-1978370304
1392865913,n,0.013933,-1978910976
1392865914,p,0.004044,-1978099968
1392865915,o,0.005484,-1976072448
1392865915,p,0.003957,-1976748288
1392865915,p,0.004187,-1962211584
1392865915,p,0.002672,-1978775808
1392865915,n,0.015598,-1977694464
1392865916,p,0.004029,-1977018624
1392865916,p,0.004276,-1975937280
1392865917,o,0.005525,-1975802112
1392865917,n,0.009666,-1978235136
1392865918,n,0.009100,-1962481920
1392865919,p,0.004064,-1977559296
1392865920,n,0.005096,-1962617088
1392865920,p,0.004321,-1978640640
1392865920,n,0.013484,-1976477952
1392865921,p,0.004395,-1963022592
1392865923,p,0.004003,-1976748288
1392865923,n,0.008122,-1963157760
1392865924,p,0.004429,-1977424128
1392865926,p,0.001675,-1978235136
1392865926,n,0.005549,-1963563264
1392865926,p,0.004424,-1963968768
1392865926,p,0.003850,-1978775808
1392865928,n,0.015820,-1962887424
1392865929,p,0.004003,-1976072448
1392865929,p,0.003665,-1978235136
1392865931,n,0.011182,-1962752256
1392865931,n,0.008790,-1963428096
1392865932,s,0.004066,-1963833600
1392865932,n,0.012007,-1977153792
1392865932,p,0.004003,-1978775808
1392865934,p,0.003999,-1977829632
1392865935,s,0.003391,-1963157760
1392865935,s,0.003762,-1978505472
1392865936,n,0.011426,-1975937280
1392865937,p,0.004344,-1962752256
1392865937,n,0.012938,-1963292928
1392865937,n,0.016027,-1977694464
1392865938,p,0.004319,-1978505472
1392865938,d,0.009765,-1963157760
1392865939,n,0.014264,-1977018624
1392865940,n,0.010183,-1975802112
1392865941,n,0.015075,-1978910976
1392865941,p,0.004354,-1976207616
1392865943,N,0.012723,-1962617088
1392865943,n,0.007022,-1962211584
1392865943,d,0.003471,-1977694464
1392865944,n,0.018861,-1978640640
1392865945,n,0.010520,-1977964800
1392865945,n,0.009445,-1976883456
1392865945,p,0.004333,-1975937280
1392865945,d,0.012216,-1963833600
1392865946,p,0.004432,-1962617088
1392865946,p,0.004446,-1977694464
1392865947,n,0.008376,-1962481920
1392865947,p,0.004796,-1976748288
1392865948,d,0.007595,-1976883456
1392865948,p,0.003876,-1976207616
1392865949,n,0.011091,-1978099968
1392865949,p,0.001647,-1962752256
1392865950,n,0.007688,-1977424128
1392865950,p,0.004386,-1962481920
1392865951,n,0.009887,-1963428096
1392865951,n,0.016987,-1963968768
1392865951,n,0.012675,-1979181312
1392865951,n,0.013966,-1976072448
1392865951,p,0.003532,-1963022592
1392865952,p,0.004763,-1963833600
1392865953,p,0.004231,-1962617088
1392865954,p,0.004230,-1976883456
1392865954,n,0.011156,-1978235136
1392865956,p,0.001799,-1963563264
1392865957,s,0.003724,-1962752256
1392865957,p,0.004033,-1977964800
1392865957,p,0.004301,-1976613120
1392865957,n,0.009490,-1976477952
1392865957,p,0.003951,-1976072448
1392865957,p,0.003979,-1976748288
1392865958,p,0.003961,-1979046144
1392865959,p,0.004283,-1962211584
1392865959,n,0.013184,-1977018624
1392865959,p,0.004306,-1978910976
1392865959,n,0.015814,-1978370304
1392865960,d,0.003354,-1963968768
1392865960,n,0.012067,-1977288960
1392865961,n,0.016333,-1962887424
1392865962,p,0.004372,-1976342784
1392865963,n,0.010053,-1963292928
1392865963,p,0.004856,-1977964800
1392865963,n,0.012077,-1977153792
1392865963,n,0.013155,-1963157760
1392865963,o,0.005439,-1977559296
1392865964,n,0.015533,-1978505472
1392865966,p,0.004311,-1978235136
1392865966,d,0.007510,-1977964800
1392865966,p,0.001588,-1977018624
1392865967,n,0.013730,-1978640640
1392865968,p,0.003819,-1976883456
1392865969,p,0.002759,-1963157760
1392865970,d,0.010173,-1976477952
1392865970,n,0.012297,-1975802112
1392865971,p,0.003797,-1977424128
1392865971,p,0.003869,-1978640640
1392865971,p,0.015165,-1977018624
1392865972,p,0.004063,-1976613120
1392865972,d,0.009516,-1976883456
1392865973,n,0.007459,-1963428096
1392865973,p,0.004135,-1978505472
1392865973,p,0.004199,-1976207616
1392865976,p,0.001594,-1978370304
1392865977,n,0.010739,-1975937280
1392865977,n,0.010594,-1978099968
1392865998,TERMINATED,-1976613120
1392865999,TERMINATED,-1963292928
1392865999,TERMINATED,-1962481920
1392865999,TERMINATED,-1977829632
1392865999,TERMINATED,-1976748288
1392866000,TERMINATED,-1977694464
1392866000,TERMINATED,-1978775808
1392866000,TERMINATED,-1963157760
1392866000,TERMINATED,-1963968768
1392866000,TERMINATED,-1978370304
1392866001,TERMINATED,-1975802112
1392866002,TERMINATED,-1977288960
1392866003,TERMINATED,-1963833600
1392866003,TERMINATED,-1978505472
1392866003,TERMINATED,-1963698432
1392866004,TERMINATED,-1976207616
1392866005,TERMINATED,-1977018624
1392866005,TERMINATED,-1978099968
1392866006,TERMINATED,-1978235136
1392866006,TERMINATED,-1963563264
1392866007,TERMINATED,-1977559296
1392866007,TERMINATED,-1962346752
1392866007,TERMINATED,-1976477952
1392866009,TERMINATED,-1975937280
1392866010,TERMINATED,-1963428096
1392866010,TERMINATED,-1977424128
1392866011,TERMINATED,-1977153792
1392866012,TERMINATED,-1962211584
1392866012,TERMINATED,-1962752256
1392866013,TERMINATED,-1977964800
1392866013,TERMINATED,-1963022592
1392866015,TERMINATED,-1962887424
1392866015,TERMINATED,-1962617088
1392866015,TERMINATED,-1976342784
1392866018,TERMINATED,-1976883456
1392866018,TERMINATED,-1976072448
1392866022,TERMINATED,-1978910976
1392866023,TERMINATED,-1978640640
1392866033,TERMINATED,-1979046144
1392866048,TERMINATED,-1979181312
