output_base: ../report-alpha/
Started on:   Mi 19. Feb 05:46:13 CET 2014
Expected end: Mi 19. Feb 05:49:13 CET 2014
RUNNING TEST: ./scripts/run_mysql.sh 		--connections 500 		--time 180 		--warehouses 1 		--output-base ../report-alpha/
Waiting for 225 seconds to profile
************************************************************************
*                     DBT2 test for MySQL  started                     *
*                                                                      *
*            Results can be found in output/105 directory               *
************************************************************************
*                                                                      *
*  Test consists of 4 stages:                                          *
*                                                                      *
*  1. Start of client to create pool of databases connections          *
*  2. Start of driver to emulate terminals and transactions generation *
*  3. Test                                                             *
*  4. Processing of results                                            *
*                                                                      *
************************************************************************

DATABASE NAME:                dbt2
DATABASE USER:                root
CLIENT PORT:                  30000
DATABASE HOST:                127.0.0.1
DATABASE PORT:                3306
DATABASE CONNECTIONS:         500
TERMINAL THREADS:             10
SCALE FACTOR(WAREHOUSES):     1
FIRST WAREHOUSE:              1
LAST WAREHOUSE:               1
SPREAD                        1
TERMINALS PER WAREHOUSE:      10
DURATION OF TEST(in sec):     180
SLEEPY in (msec)              300
ZERO DELAYS MODE:             


Stage 1. Starting up client...
STARTING CLIENT CONNECTIONS:   /home/htmsql/develop/mysql/dbt2-0.37.50.3/src/client  -u root -l 3306 -p 30000 -h 127.0.0.1 -d dbt2 -c 500 -s 300 -o ../report-alpha//105_20140219_0546-c_500-w_1-run/client -f
Delay for each thread - 300 msec. Will sleep for 151 sec to start 500 database connections
Number of threads = 10
WARMUPTIME = 7
Sleepytime = 207

Stage 2. Starting up driver...
Delay for each thread - 300 msec. Will sleep for 7 sec to start 10 terminal threads

Stage 3. Starting of the test. Duration of the test 180 sec
STARTING DRIVER COMMAND:   /home/htmsql/develop/mysql/dbt2-0.37.50.3/src/driver -d 127.0.0.1 -l 180 -wmin 1 -wmax 1 -spread 1 -w 1 -sleep 300 -tpw 10 -outdir ../report-alpha//105_20140219_0546-c_500-w_1-run/driver -p 30000 -warmup 0 -cooldown 20 -intermediate_timer_resolution 0 
PROFILING PERF: perf stat -T -p 25595 sleep 175 &>../report-alpha//105_20140219_0546-c_500-w_1-run//perf.txt
Shutdown clients. Send TERM signal to 14833.
Waiting for driver (pid 15839)
./scripts/run_mysql.sh: line 623: 14833 Killed                  nohup $CLIENT_COMMAND > $OUTPUT_DIR/client.out 2>&1

Stage 4. Processing of results...
Use of uninitialized value in addition (+) at /home/htmsql/develop/mysql/dbt2-0.37.50.3/scripts/mix_analyzer.pl line 309.
Use of uninitialized value in addition (+) at /home/htmsql/develop/mysql/dbt2-0.37.50.3/scripts/mix_analyzer.pl line 327.
Use of uninitialized value in addition (+) at /home/htmsql/develop/mysql/dbt2-0.37.50.3/scripts/mix_analyzer.pl line 345.
                         Response Time (s)
 Transaction      %    Average :    90th %        Total        Rollbacks      %
------------  -----  ---------------------  -----------  ---------------  -----
    Delivery   3.06      0.008 :     0.006            3                0   0.00
   New Order  35.71      0.010 :     0.013           35                0   0.00
Order Status   5.10      0.005 :     0.002            5                0   0.00
     Payment  51.02      0.004 :     0.004           50                0   0.00
 Stock Level   4.08      0.003 :     0.002            4                0   0.00

12.00 new-order transactions per minute (NOTPM)
2.9 minute duration
0 total unknown errors
0.00 rollback transactions
0 second(s) ramping up

Test completed.
ANALYZING RESULTS: python dbttools/bin/dbt2-generate-report 	--dbms mysql 	--i ../report-alpha//105_20140219_0546-c_500-w_1-run/
Output flag not set - setting output=input
Generating mpstat, iostat, and vmstat charts for driver systems...
Moving on to database system stats...
Generating transaction distribution charts...
Generating mpstat charts...
Generating iostat charts...
Generating vmstat charts...
Generating transaction rate charts...
Generating database statistics charts...
output_base: ../report-alpha/
Started on:   Do 20. Feb 01:10:51 CET 2014
Expected end: Do 20. Feb 01:11:51 CET 2014
RUNNING TEST: ./scripts/run_mysql.sh 		--connections 100 		--time 60 		--warehouses 300 		--output-base ../report-alpha/
Waiting for 31 sec before profiling
************************************************************************
*                     DBT2 test for MySQL  started                     *
*                                                                      *
*            Results can be found in output/108 directory               *
************************************************************************
*                                                                      *
*  Test consists of 4 stages:                                          *
*                                                                      *
*  1. Start of client to create pool of databases connections          *
*  2. Start of driver to emulate terminals and transactions generation *
*  3. Test                                                             *
*  4. Processing of results                                            *
*                                                                      *
************************************************************************

DATABASE NAME:                dbt2
DATABASE USER:                root
CLIENT PORT:                  30000
DATABASE HOST:                127.0.0.1
DATABASE PORT:                3306
DATABASE CONNECTIONS:         100
TERMINAL THREADS:             3000
SCALE FACTOR(WAREHOUSES):     300
FIRST WAREHOUSE:              1
LAST WAREHOUSE:               300
SPREAD                        1
TERMINALS PER WAREHOUSE:      10
DURATION OF TEST(in sec):     60
SLEEPY in (msec)              300
ZERO DELAYS MODE:             


Stage 1. Starting up client...
STARTING CLIENT CONNECTIONS:   /home/htmsql/develop/mysql/dbt2-0.37.50.3/src/client  -u root -l 3306 -p 30000 -h 127.0.0.1 -d dbt2 -c 100 -s 300 -o ../report-alpha//108_20140220_0110-c_100-w_300/client -f
Delay for each thread - 300 msec. Will sleep for 31 sec to start 100 database connections
PROFILING PERF: perf stat -T -p 7648 sleep 55 &>../report-alpha//108_20140220_0110-c_100-w_300//perf.txt
Number of threads = 3000
WARMUPTIME = 904
Sleepytime = 984

Stage 2. Starting up driver...
Delay for each thread - 300 msec. Will sleep for 904 sec to start 3000 terminal threads

Stage 3. Starting of the test. Duration of the test 60 sec
STARTING DRIVER COMMAND:   /home/htmsql/develop/mysql/dbt2-0.37.50.3/src/driver -d 127.0.0.1 -l 60 -wmin 1 -wmax 300 -spread 1 -w 300 -sleep 300 -tpw 10 -outdir ../report-alpha//108_20140220_0110-c_100-w_300/driver -p 30000 -warmup 0 -cooldown 20 -intermediate_timer_resolution 0 
Shutdown clients. Send TERM signal to 8139.
Waiting for driver (pid 8353)
./scripts/run_mysql.sh: line 623:  8139 Killed                  nohup $CLIENT_COMMAND > $OUTPUT_DIR/client.out 2>&1

Stage 4. Processing of results...
                         Response Time (s)
 Transaction      %    Average :    90th %        Total        Rollbacks      %
------------  -----  ---------------------  -----------  ---------------  -----
    Delivery   3.81      0.002 :     0.002          328                0   0.00
   New Order  42.10      0.008 :     0.010         3622             3508  96.85
Order Status   3.99      0.002 :     0.002          343                0   0.00
     Payment  40.70      0.002 :     0.002         3502                0   0.00
 Stock Level   3.61      0.001 :     0.001          311                0   0.00

115.93 new-order transactions per minute (NOTPM)
1.0 minute duration
0 total unknown errors
3508.00 rollback transactions
3 second(s) ramping up

Test completed.
./run_and_analyze.sh: line 143: syntax error near unexpected token `)'
./run_and_analyze.sh: line 143: `ror)'
output_base: ../report-alpha/
Started on:   Do 20. Feb 02:22:46 CET 2014
Expected end: Do 20. Feb 02:23:46 CET 2014
RUNNING TEST: ./scripts/run_mysql.sh 		--connections 4 		--time 60 		--warehouses 300 		--output-base ../report-alpha/
Waiting for 2 sec before profiling
************************************************************************
*                     DBT2 test for MySQL  started                     *
*                                                                      *
*            Results can be found in output/111 directory               *
************************************************************************
*                                                                      *
*  Test consists of 4 stages:                                          *
*                                                                      *
*  1. Start of client to create pool of databases connections          *
*  2. Start of driver to emulate terminals and transactions generation *
*  3. Test                                                             *
*  4. Processing of results                                            *
*                                                                      *
************************************************************************

DATABASE NAME:                dbt2
DATABASE USER:                root
CLIENT PORT:                  30000
DATABASE HOST:                127.0.0.1
DATABASE PORT:                3306
DATABASE CONNECTIONS:         4
TERMINAL THREADS:             3000
SCALE FACTOR(WAREHOUSES):     300
FIRST WAREHOUSE:              1
LAST WAREHOUSE:               300
SPREAD                        1
TERMINALS PER WAREHOUSE:      10
DURATION OF TEST(in sec):     60
SLEEPY in (msec)              300
ZERO DELAYS MODE:             


Stage 1. Starting up client...
STARTING CLIENT CONNECTIONS:   /home/htmsql/develop/mysql/dbt2-0.37.50.3/src/client  -u root -l 3306 -p 30000 -h 127.0.0.1 -d dbt2 -c 4 -s 300 -o ../report-alpha//111_20140220_0222-c_4-w_300/client -f
Delay for each thread - 300 msec. Will sleep for 2 sec to start 4 database connections
PROFILING PERF: perf stat -T -p 27380 sleep 55 &>../report-alpha//111_20140220_0222-c_4-w_300//perf.txt
Number of threads = 3000
WARMUPTIME = 904
Sleepytime = 984

Stage 2. Starting up driver...
Delay for each thread - 300 msec. Will sleep for 904 sec to start 3000 terminal threads

Stage 3. Starting of the test. Duration of the test 60 sec
STARTING DRIVER COMMAND:   /home/htmsql/develop/mysql/dbt2-0.37.50.3/src/driver -d 127.0.0.1 -l 60 -wmin 1 -wmax 300 -spread 1 -w 300 -sleep 300 -tpw 10 -outdir ../report-alpha//111_20140220_0222-c_4-w_300/driver -p 30000 -warmup 0 -cooldown 20 -intermediate_timer_resolution 0 
Shutdown clients. Send TERM signal to 27502.
Waiting for driver (pid 27521)
./scripts/run_mysql.sh: line 623: 27502 Killed                  nohup $CLIENT_COMMAND > $OUTPUT_DIR/client.out 2>&1

Stage 4. Processing of results...
                         Response Time (s)
 Transaction      %    Average :    90th %        Total        Rollbacks      %
------------  -----  ---------------------  -----------  ---------------  -----
    Delivery   3.55      0.002 :     0.002          301                0   0.00
   New Order  42.68      0.007 :     0.010         3622             3495  96.49
Order Status   3.55      0.002 :     0.002          301                0   0.00
     Payment  40.29      0.002 :     0.002         3419                0   0.00
 Stock Level   3.79      0.001 :     0.001          322                0   0.00

129.15 new-order transactions per minute (NOTPM)
1.0 minute duration
0 total unknown errors
3495.00 rollback transactions
3 second(s) ramping up

Test completed.
ANALYZING RESULTS: python dbttools/bin/dbt2-generate-report 	--dbms mysql 	--i ../report-alpha//111_20140220_0222-c_4-w_300/
Fehler in matrix(unlist(value, recursive = FALSE, use.names = FALSE), nrow = nr,  : 
  negative Matrix-Ausdehnung
Traceback (most recent call last):
  File "./dbttools/bin/dbt2-plot-transaction-rate", line 89, in <module>
    isubset = r.subset(isubset, isubset.rx('V1').ro < iend)
  File "/usr/local/lib/python2.7/dist-packages/rpy2/robjects/vectors.py", line 169, in __lt__
    res = globalenv_ri.get("<")(self._parent, conversion.py2ri(x))
rpy2.rinterface.RRuntimeError: Fehler in matrix(unlist(value, recursive = FALSE, use.names = FALSE), nrow = nr,  : 
  negative Matrix-Ausdehnung

Output flag not set - setting output=input
Generating mpstat, iostat, and vmstat charts for driver systems...
Moving on to database system stats...
Generating transaction distribution charts...
Generating mpstat charts...
Generating iostat charts...
Generating vmstat charts...
Generating transaction rate charts...
Generating database statistics charts...
