connecting to client at 'localhost'
connecting to client port at '30000'

database table cardinalities:
warehouses = 75
districts = 10
customers = 3000
items = 100000
orders = 3000
stock = 100000
new-orders = 900

transaction mix:
new-order mix 0.09
payment mix 0.08
order-status mix 0.38
delivery mix 0.04
stock-level mix 0.38
credit-check mix 0.04

transaction thresholds:
new-order threshold 0.09
payment threshold 0.17
order-status threshold 0.54
delivery threshold 0.58
stock-level threshold 0.96
credit-check threshold 1.00

delivery keying time 2 s
new_order keying time 18 s
order-status keying time 2 s
payment keying time 3 s
stock-level keying time 2 s
credit-check keying time 2 s

delivery thinking time 5000 ms
new_order thinking time 12000 ms
order-status thinking time 10000 ms
payment thinking time 12000 ms
stock-level thinking time 5000 ms
credit-check thinking time 5000 ms

w_id range 1 to 75

10 terminals per warehouse

60 second steady state duration

driver is starting to ramp up at time 1393378464
driver will ramp up in  740 seconds
will stop test at time 1393379264
seed for 11081:84af9700 : 3618373554
seed for 11081:84ad8700 : 3618234531
seed for 11081:84ab7700 : 3618574786
seed for 11081:84a96700 : 3618439921
seed for 11081:84a75700 : 3617796608
seed for 11081:84a54700 : 3617661734
seed for 11081:84a33700 : 3618067633
seed for 11081:84a12700 : 3617932793
seed for 11081:849f1700 : 3617289499
seed for 11081:849d0700 : 3617154603
seed for 11081:849af700 : 3617494873
seed for 11081:8498e700 : 3617364114
seed for 11081:8496d700 : 3616713142
seed for 11081:8494c700 : 3616586404
seed for 11081:7fdf2700 : 752573430
seed for 11081:7fdd1700 : 752446219
seed for 11081:7fdb0700 : 752843829
seed for 11081:7fd8f700 : 752651669
seed for 11081:7fd6e700 : 752000694
seed for 11081:7fd4d700 : 751873976
seed for 11081:7fd2c700 : 752271165
seed for 11081:7fd0b700 : 752140451
seed for 11081:7fcea700 : 751489444
seed for 11081:7fcc9700 : 751362788
seed for 11081:7fca8700 : 751760353
seed for 11081:7fc87700 : 751567620
seed for 11081:7fc66700 : 750916696
seed for 11081:7fc45700 : 750790094
seed for 11081:7fc24700 : 751187688
seed for 11081:7fc03700 : 751060522
seed for 11081:7fbe2700 : 750409552
seed for 11081:7fbc1700 : 750278829
seed for 11081:7fba0700 : 750668233
seed for 11081:7fb7f700 : 749976200
seed for 11081:7fb5e700 : 749840976
seed for 11081:7fb3d700 : 750230296
seed for 11081:7fb1c700 : 750095611
seed for 11081:7fafb700 : 749469161
seed for 11081:7fada700 : 749334211
seed for 11081:7fab9700 : 749723583
seed for 11081:7fa98700 : 749584532
seed for 11081:7fa77700 : 748892282
seed for 11081:7fa56700 : 748757345
seed for 11081:7fa35700 : 749146698
seed for 11081:7fa14700 : 749011753
seed for 11081:7f9f3700 : 748385317
seed for 11081:7f9d2700 : 748250582
seed for 11081:7f9b1700 : 748639901
seed for 11081:7f990700 : 748504774
seed for 11081:7f96f700 : 747812817
seed for 11081:7f94e700 : 747677539
seed for 11081:7f92d700 : 748062828
seed for 11081:7f90c700 : 747936066
seed for 11081:7f8eb700 : 747301442
seed for 11081:7f8ca700 : 747174694
seed for 11081:7f8a9700 : 747556088
seed for 11081:7f888700 : 747429304
seed for 11081:7f867700 : 746729143
seed for 11081:7f846700 : 746602082
seed for 11081:7f825700 : 746983284
seed for 11081:7f804700 : 746852396
seed for 11081:7f7e3700 : 746217952
seed for 11081:7f7c2700 : 746091187
seed for 11081:7f7a1700 : 746472026
seed for 11081:7f780700 : 746345289
seed for 11081:7f75f700 : 745645260
seed for 11081:7f73e700 : 746042754
seed for 11081:7f71d700 : 745899310
seed for 11081:7f6fc700 : 745248404
seed for 11081:7f6db700 : 745137771
seed for 11081:7f6ba700 : 745535271
seed for 11081:7f699700 : 745391942
seed for 11081:7f678700 : 744728648
seed for 11081:7f657700 : 744577334
seed for 11081:7f636700 : 744967230
seed for 11081:7f615700 : 744848359
seed for 11081:7f5f4700 : 744188761
seed for 11081:7f5d3700 : 744037464
seed for 11081:7f5b2700 : 744426768
seed for 11081:7f591700 : 744308479
seed for 11081:7f570700 : 743649249
seed for 11081:7f54f700 : 743493822
seed for 11081:7f52e700 : 743882872
seed for 11081:7f50d700 : 743764271
seed for 11081:7f4ec700 : 743105208
seed for 11081:7f4cb700 : 742953489
seed for 11081:7f4aa700 : 743342909
seed for 11081:7f489700 : 743224468
seed for 11081:7f468700 : 742564989
seed for 11081:7f447700 : 742413581
seed for 11081:7f426700 : 742802967
seed for 11081:7f405700 : 742684660
seed for 11081:7f3e4700 : 742029445
seed for 11081:7f3c3700 : 741869684
seed for 11081:7f3a2700 : 742267191
seed for 11081:7f381700 : 742140665
seed for 11081:7f360700 : 741489627
seed for 11081:7f33f700 : 741853715
seed for 11081:7f31e700 : 741727577
100 / 750 threads started...
seed for 11081:7f2fd700 : 741073192
seed for 11081:7f2dc700 : 740948999
seed for 11081:7f2bb700 : 741314430
seed for 11081:7f29a700 : 741187514
seed for 11081:7f279700 : 740535978
seed for 11081:7f258700 : 740405756
seed for 11081:7f237700 : 740769925
seed for 11081:7f216700 : 740643645
seed for 11081:7f1f5700 : 739992458
seed for 11081:7f1d4700 : 739865178
seed for 11081:7f1b3700 : 740230465
seed for 11081:7f192700 : 740103617
seed for 11081:7f171700 : 739452325
seed for 11081:7f150700 : 739325065
seed for 11081:7f12f700 : 739690317
seed for 11081:7f10e700 : 739563080
seed for 11081:7f0ed700 : 738911988
seed for 11081:7f0cc700 : 738773449
seed for 11081:7f0ab700 : 739162144
seed for 11081:7f08a700 : 739027730
seed for 11081:7f069700 : 738368088
seed for 11081:7f048700 : 738232981
seed for 11081:7f027700 : 738622954
seed for 11081:7f006700 : 738487494
seed for 11081:7efe5700 : 771383253
seed for 11081:7efc4700 : 771247668
seed for 11081:7efa3700 : 771633419
seed for 11081:7ef82700 : 771498419
seed for 11081:7ef61700 : 770838664
seed for 11081:7ef40700 : 770704141
seed for 11081:7ef1f700 : 771093026
seed for 11081:7eefe700 : 770433739
seed for 11081:7eedd700 : 770299148
seed for 11081:7eebc700 : 770688049
seed for 11081:7ee9b700 : 770553038
seed for 11081:7ee7a700 : 769894189
seed for 11081:7ee59700 : 769758842
seed for 11081:7ee38700 : 770152826
seed for 11081:7ee17700 : 770009193
seed for 11081:7edf6700 : 769358690
seed for 11081:7edd5700 : 769215471
seed for 11081:7edb4700 : 769612301
seed for 11081:7ed93700 : 769469700
seed for 11081:7ed72700 : 768818618
seed for 11081:7ed51700 : 768674998
seed for 11081:7ed30700 : 769072909
seed for 11081:7ed0f700 : 768929697
seed for 11081:7ecee700 : 768278184
seed for 11081:7eccd700 : 768131526
seed for 11081:7ecac700 : 768528598
seed for 11081:7ec8b700 : 768385976
seed for 11081:7ec6a700 : 767734329
seed for 11081:7ec49700 : 767591734
seed for 11081:7ec28700 : 767989139
seed for 11081:7ec07700 : 767845558
seed for 11081:7ebe6700 : 767194926
seed for 11081:7ebc5700 : 767051301
seed for 11081:7eba4700 : 767448759
seed for 11081:7eb83700 : 767351227
seed for 11081:7eb62700 : 766691511
seed for 11081:7eb41700 : 766573354
seed for 11081:7eb20700 : 766962672
seed for 11081:7eaff700 : 766188219
seed for 11081:7eade700 : 766053633
seed for 11081:7eabd700 : 766458893
seed for 11081:7ea9c700 : 766323918
seed for 11081:7ea7b700 : 765681613
seed for 11081:7ea5a700 : 765546147
seed for 11081:7ea39700 : 765948314
seed for 11081:7ea18700 : 765812859
seed for 11081:7e9f7700 : 765170504
seed for 11081:7e9d6700 : 765035024
seed for 11081:7e9b5700 : 765440709
seed for 11081:7e994700 : 765306295
seed for 11081:7e973700 : 764662909
seed for 11081:7e952700 : 764528423
seed for 11081:7e931700 : 764934097
seed for 11081:7e910700 : 764798686
seed for 11081:7e8ef700 : 764021007
seed for 11081:7e8ce700 : 763893769
seed for 11081:7e8ad700 : 764291296
seed for 11081:7e88c700 : 764165048
seed for 11081:7e86b700 : 763513477
seed for 11081:7e84a700 : 763387226
seed for 11081:7e829700 : 763784584
seed for 11081:7e808700 : 763657355
seed for 11081:7e7e7700 : 763003195
seed for 11081:7e7c6700 : 762875904
seed for 11081:7e7a5700 : 763273993
seed for 11081:7e784700 : 763147205
seed for 11081:7e763700 : 762495602
seed for 11081:7e742700 : 762369327
seed for 11081:7e721700 : 762766337
seed for 11081:7e700700 : 762640191
seed for 11081:7e6df700 : 761857990
seed for 11081:7e6be700 : 762255024
seed for 11081:7e69d700 : 762124632
seed for 11081:7e67c700 : 761464870
seed for 11081:7e65b700 : 761362561
seed for 11081:7e63a700 : 761752371
200 / 750 threads started...
seed for 11081:7e619700 : 761616945
seed for 11081:7e5f8700 : 760957686
seed for 11081:7e5d7700 : 760856044
seed for 11081:7e5b6700 : 761244783
seed for 11081:7e595700 : 761109725
seed for 11081:7e574700 : 760450972
seed for 11081:7e553700 : 760348351
seed for 11081:7e532700 : 760733976
seed for 11081:7e511700 : 760598941
seed for 11081:7e4f0700 : 759939258
seed for 11081:7e4cf700 : 759706418
seed for 11081:7e4ae700 : 760095712
seed for 11081:7e48d700 : 759960215
seed for 11081:7e46c700 : 759301564
seed for 11081:7e44b700 : 759198800
seed for 11081:7e42a700 : 759588635
seed for 11081:7e409700 : 759453199
seed for 11081:7e3e8700 : 758798627
seed for 11081:7e3c7700 : 758688144
seed for 11081:7e3a6700 : 759085222
seed for 11081:7e385700 : 758942533
seed for 11081:7e364700 : 758290983
seed for 11081:7e343700 : 758180578
seed for 11081:7e322700 : 758578680
seed for 11081:7e301700 : 758434988
seed for 11081:7e2e0700 : 757784415
seed for 11081:7e2bf700 : 758066922
seed for 11081:7e29e700 : 757936604
seed for 11081:7e27d700 : 757268611
seed for 11081:7e25c700 : 757141570
seed for 11081:7e23b700 : 757556135
seed for 11081:7e21a700 : 757428891
seed for 11081:7e1f9700 : 756761147
seed for 11081:7e1d8700 : 756634818
seed for 11081:7e1b7700 : 757048333
seed for 11081:7e196700 : 756922352
seed for 11081:7e175700 : 756254447
seed for 11081:7e154700 : 756148701
seed for 11081:7e133700 : 756521255
seed for 11081:7e112700 : 756385802
seed for 11081:7e0f1700 : 755743651
seed for 11081:7e0d0700 : 755608242
seed for 11081:7e0af700 : 755916269
seed for 11081:7e08e700 : 755780879
seed for 11081:7e06d700 : 755137713
seed for 11081:7e04c700 : 755002426
seed for 11081:7e02b700 : 755375975
seed for 11081:7e00a700 : 755240583
seed for 11081:7dfe9700 : 788148673
seed for 11081:7dfc8700 : 788013410
seed for 11081:7dfa7700 : 788451512
seed for 11081:7df86700 : 788316271
seed for 11081:7df65700 : 787674082
seed for 11081:7df44700 : 787538724
seed for 11081:7df23700 : 787911201
seed for 11081:7df02700 : 787776864
seed for 11081:7dee1700 : 787133676
seed for 11081:7dec0700 : 786999264
seed for 11081:7de9f700 : 787306354
seed for 11081:7de7e700 : 786646689
seed for 11081:7de5d700 : 786524632
seed for 11081:7de3c700 : 786921712
seed for 11081:7de1b700 : 786762728
seed for 11081:7ddfa700 : 786111259
seed for 11081:7ddd9700 : 785985423
seed for 11081:7ddb8700 : 786382278
seed for 11081:7dd97700 : 786287956
seed for 11081:7dd76700 : 785636468
seed for 11081:7dd55700 : 785510266
seed for 11081:7dd34700 : 785907468
seed for 11081:7dd13700 : 785747458
seed for 11081:7dcf2700 : 785093085
seed for 11081:7dcd1700 : 784965862
seed for 11081:7dcb0700 : 785363023
seed for 11081:7dc8f700 : 785138522
seed for 11081:7dc6e700 : 784487090
seed for 11081:7dc4d700 : 784360949
seed for 11081:7dc2c700 : 784758023
seed for 11081:7dc0b700 : 784598051
seed for 11081:7dbea700 : 783947560
seed for 11081:7dbc9700 : 783820360
seed for 11081:7dba8700 : 784217609
seed for 11081:7db87700 : 784136483
seed for 11081:7db66700 : 783476815
seed for 11081:7db45700 : 783342577
seed for 11081:7db24700 : 783731444
seed for 11081:7db03700 : 783596866
seed for 11081:7dae2700 : 782937208
seed for 11081:7dac1700 : 782802924
seed for 11081:7daa0700 : 783191878
seed for 11081:7da7f700 : 782466815
seed for 11081:7da5e700 : 782328304
seed for 11081:7da3d700 : 782717141
seed for 11081:7da1c700 : 782581854
seed for 11081:7d9fb700 : 781923316
seed for 11081:7d9da700 : 781787872
seed for 11081:7d9b9700 : 782176806
seed for 11081:7d998700 : 782042421
seed for 11081:7d977700 : 781448437
seed for 11081:7d956700 : 781313108
300 / 750 threads started...
seed for 11081:7d935700 : 781702992
seed for 11081:7d914700 : 781567545
seed for 11081:7d8f3700 : 780904775
seed for 11081:7d8d2700 : 780777606
seed for 11081:7d8b1700 : 781159308
seed for 11081:7d890700 : 781032317
seed for 11081:7d86f700 : 780298816
seed for 11081:7d84e700 : 780172758
seed for 11081:7d82d700 : 780553595
seed for 11081:7d80c700 : 780426264
seed for 11081:7d7eb700 : 779759371
seed for 11081:7d7ca700 : 779632143
seed for 11081:7d7a9700 : 780009981
seed for 11081:7d788700 : 779882628
seed for 11081:7d767700 : 779280476
seed for 11081:7d746700 : 779154427
seed for 11081:7d725700 : 779534866
seed for 11081:7d704700 : 779408810
seed for 11081:7d6e3700 : 778741089
seed for 11081:7d6c2700 : 778613885
seed for 11081:7d6a1700 : 778995665
seed for 11081:7d680700 : 778868595
seed for 11081:7d65f700 : 778135252
seed for 11081:7d63e700 : 778340848
seed for 11081:7d61d700 : 778483902
seed for 11081:7d5fc700 : 777562332
seed for 11081:7d5db700 : 777706483
seed for 11081:7d5ba700 : 777833239
seed for 11081:7d599700 : 777976424
seed for 11081:7d578700 : 777055680
seed for 11081:7d557700 : 777133197
seed for 11081:7d536700 : 777260093
seed for 11081:7d515700 : 777404391
seed for 11081:7d4f4700 : 776482493
seed for 11081:7d4d3700 : 776625784
seed for 11081:7d4b2700 : 776749368
seed for 11081:7d491700 : 776892656
seed for 11081:7d470700 : 775970925
seed for 11081:7d44f700 : 776180525
seed for 11081:7d42e700 : 776307255
seed for 11081:7d40d700 : 776450652
seed for 11081:7d3ec700 : 775529822
seed for 11081:7d3cb700 : 775672870
seed for 11081:7d3aa700 : 775799903
seed for 11081:7d389700 : 775943942
seed for 11081:7d368700 : 775022241
seed for 11081:7d347700 : 775099956
seed for 11081:7d326700 : 775231806
seed for 11081:7d305700 : 775366846
seed for 11081:7d2e4700 : 774453326
seed for 11081:7d2c3700 : 774589414
seed for 11081:7d2a2700 : 774724309
seed for 11081:7d281700 : 774859378
seed for 11081:7d260700 : 773947015
seed for 11081:7d23f700 : 774147967
seed for 11081:7d21e700 : 774283191
seed for 11081:7d1fd700 : 773369159
seed for 11081:7d1dc700 : 773504410
seed for 11081:7d1bb700 : 773636733
seed for 11081:7d19a700 : 773772139
seed for 11081:7d179700 : 772858811
seed for 11081:7d158700 : 772993228
seed for 11081:7d137700 : 773063140
seed for 11081:7d116700 : 773199414
seed for 11081:7d0f5700 : 772286241
seed for 11081:7d0d4700 : 772420609
seed for 11081:7d0b3700 : 772556154
seed for 11081:7d092700 : 772691375
seed for 11081:7d071700 : 771775014
seed for 11081:7d050700 : 771902209
seed for 11081:7d02f700 : 772126820
seed for 11081:7d00e700 : 772253896
seed for 11081:7cfed700 : 804886907
seed for 11081:7cfcc700 : 805015111
seed for 11081:7cfab700 : 805174924
seed for 11081:7cf8a700 : 805302150
seed for 11081:7cf69700 : 804380584
seed for 11081:7cf48700 : 804506879
seed for 11081:7cf27700 : 804601293
seed for 11081:7cf06700 : 804726054
seed for 11081:7cee5700 : 803803905
seed for 11081:7cec4700 : 803931124
seed for 11081:7cea3700 : 804090067
seed for 11081:7ce82700 : 804217109
seed for 11081:7ce61700 : 803296865
seed for 11081:7ce40700 : 803423896
seed for 11081:7ce1f700 : 803649434
seed for 11081:7cdfe700 : 802727079
seed for 11081:7cddd700 : 802854257
seed for 11081:7cdbc700 : 802986565
seed for 11081:7cd9b700 : 803138256
seed for 11081:7cd7a700 : 802225100
seed for 11081:7cd59700 : 802343141
seed for 11081:7cd38700 : 802478375
seed for 11081:7cd17700 : 802565710
seed for 11081:7ccf6700 : 801652550
seed for 11081:7ccd5700 : 801770599
seed for 11081:7ccb4700 : 801905887
seed for 11081:7cc93700 : 802057594
seed for 11081:7cc72700 : 801144294
400 / 750 threads started...
seed for 11081:7cc51700 : 801260047
seed for 11081:7cc30700 : 801395484
seed for 11081:7cc0f700 : 801612736
seed for 11081:7cbee700 : 800698381
seed for 11081:7cbcd700 : 800817527
seed for 11081:7cbac700 : 800952753
seed for 11081:7cb8b700 : 801105412
seed for 11081:7cb6a700 : 800192273
seed for 11081:7cb49700 : 800310358
seed for 11081:7cb28700 : 800445806
seed for 11081:7cb07700 : 800545403
seed for 11081:7cae6700 : 799623858
seed for 11081:7cac5700 : 799767519
seed for 11081:7caa4700 : 799893529
seed for 11081:7ca83700 : 800004277
seed for 11081:7ca62700 : 799083007
seed for 11081:7ca41700 : 799226280
seed for 11081:7ca20700 : 799354434
seed for 11081:7c9ff700 : 798547774
seed for 11081:7c9de700 : 798673940
seed for 11081:7c9bd700 : 798817440
seed for 11081:7c99c700 : 798944660
seed for 11081:7c97b700 : 798003826
seed for 11081:7c95a700 : 798130964
seed for 11081:7c939700 : 798274530
seed for 11081:7c918700 : 798400745
seed for 11081:7c8f7700 : 797462999
seed for 11081:7c8d6700 : 797591077
seed for 11081:7c8b5700 : 797734641
seed for 11081:7c894700 : 797861700
seed for 11081:7c873700 : 796922918
seed for 11081:7c852700 : 797050075
seed for 11081:7c831700 : 797193612
seed for 11081:7c810700 : 797325969
seed for 11081:7c7ef700 : 796511084
seed for 11081:7c7ce700 : 796646354
seed for 11081:7c7ad700 : 796780590
seed for 11081:7c78c700 : 796916014
seed for 11081:7c76b700 : 795971088
seed for 11081:7c74a700 : 796106389
seed for 11081:7c729700 : 796241686
seed for 11081:7c708700 : 796376992
seed for 11081:7c6e7700 : 795430000
seed for 11081:7c6c6700 : 795565322
seed for 11081:7c6a5700 : 795700588
seed for 11081:7c684700 : 795832870
seed for 11081:7c663700 : 794886929
seed for 11081:7c642700 : 795022308
seed for 11081:7c621700 : 795156742
seed for 11081:7c600700 : 795292142
seed for 11081:7c5df700 : 794478170
seed for 11081:7c5be700 : 794613548
seed for 11081:7c59d700 : 794748814
seed for 11081:7c57c700 : 793834668
seed for 11081:7c55b700 : 793937322
seed for 11081:7c53a700 : 794077837
seed for 11081:7c519700 : 794205118
seed for 11081:7c4f8700 : 793282652
seed for 11081:7c4d7700 : 793409865
seed for 11081:7c4b6700 : 793538055
seed for 11081:7c495700 : 793665283
seed for 11081:7c474700 : 792743880
seed for 11081:7c453700 : 792870131
seed for 11081:7c432700 : 792997266
seed for 11081:7c411700 : 793121362
seed for 11081:7c3f0700 : 792199974
seed for 11081:7c3cf700 : 792457263
seed for 11081:7c3ae700 : 792584295
seed for 11081:7c38d700 : 792711513
seed for 11081:7c36c700 : 791790050
seed for 11081:7c34b700 : 791918304
seed for 11081:7c32a700 : 792045379
seed for 11081:7c309700 : 792171702
seed for 11081:7c2e8700 : 791250339
seed for 11081:7c2c7700 : 791374516
seed for 11081:7c2a6700 : 791509851
seed for 11081:7c285700 : 791627808
seed for 11081:7c264700 : 790714594
seed for 11081:7c243700 : 790833511
seed for 11081:7c222700 : 790969902
seed for 11081:7c201700 : 791088945
seed for 11081:7c1e0700 : 790175635
seed for 11081:7c1bf700 : 790424819
seed for 11081:7c19e700 : 790559806
seed for 11081:7c17d700 : 789628907
seed for 11081:7c15c700 : 789762676
seed for 11081:7c13b700 : 789881393
seed for 11081:7c11a700 : 790016207
seed for 11081:7c0f9700 : 789086380
seed for 11081:7c0d8700 : 789221797
seed for 11081:7c0b7700 : 789341941
seed for 11081:7c096700 : 789477354
seed for 11081:7c075700 : 788547356
seed for 11081:7c054700 : 788681833
seed for 11081:7c033700 : 788800933
seed for 11081:7fff700 : 1425545948
seed for 11081:7fde700 : 1425672824
seed for 11081:7fbd700 : 1425816435
seed for 11081:7f9c700 : 1425942699
seed for 11081:7f7b700 : 1425037711
500 / 750 threads started...
seed for 11081:7f5a700 : 1425166053
seed for 11081:7f39700 : 1425309679
seed for 11081:7f18700 : 1425435857
seed for 11081:7ef7700 : 1424530445
seed for 11081:7ed6700 : 1424657728
seed for 11081:7eb5700 : 1424798301
seed for 11081:7e94700 : 1424925238
seed for 11081:7e73700 : 1424020227
seed for 11081:7e52700 : 1424146662
seed for 11081:7e31700 : 1424290241
seed for 11081:7e10700 : 1424417085
seed for 11081:7def700 : 1423513202
seed for 11081:7dce700 : 1423640392
seed for 11081:7dad700 : 1423783017
seed for 11081:7d8c700 : 1423910398
seed for 11081:7d6b700 : 1423002360
seed for 11081:7d4a700 : 1423137772
seed for 11081:7d29700 : 1423272735
seed for 11081:7d08700 : 1423407200
seed for 11081:7ce7700 : 1422494189
seed for 11081:7cc6700 : 1422630626
seed for 11081:7ca5700 : 1422765634
seed for 11081:7c84700 : 1422901129
seed for 11081:7c63700 : 1421987637
seed for 11081:7c42700 : 1422122075
seed for 11081:7c21700 : 1422257502
seed for 11081:7c00700 : 1422392591
seed for 11081:7bdf700 : 1421476445
seed for 11081:7bbe700 : 1421611918
seed for 11081:7b9d700 : 1421746344
seed for 11081:7b7c700 : 1420833274
seed for 11081:7b5b700 : 1420968210
seed for 11081:7b3a700 : 1421104804
seed for 11081:7b19700 : 1421240214
seed for 11081:7af8700 : 1420326084
seed for 11081:7ad7700 : 1420461512
seed for 11081:7ab6700 : 1420602096
seed for 11081:7a95700 : 1420729343
seed for 11081:7a74700 : 1419807494
seed for 11081:7a53700 : 1419966485
seed for 11081:7a32700 : 1420093810
seed for 11081:7a11700 : 1420222114
seed for 11081:79f0700 : 1419300844
seed for 11081:79cf700 : 1419460371
seed for 11081:79ae700 : 1419586618
seed for 11081:798d700 : 1419713827
seed for 11081:796c700 : 1418789624
seed for 11081:794b700 : 1418949611
seed for 11081:792a700 : 1419076430
seed for 11081:7909700 : 1419202636
seed for 11081:78e8700 : 1418281429
seed for 11081:78c7700 : 1418442431
seed for 11081:78a6700 : 1418569637
seed for 11081:7885700 : 1418695827
seed for 11081:7864700 : 1417774313
seed for 11081:7843700 : 1417934314
seed for 11081:7822700 : 1418066619
seed for 11081:7801700 : 1418185270
seed for 11081:77e0700 : 1417272254
seed for 11081:77bf700 : 1417422982
seed for 11081:779e700 : 1417558268
seed for 11081:777d700 : 1416628502
seed for 11081:775c700 : 1416765174
seed for 11081:773b700 : 1416916879
seed for 11081:771a700 : 1417052019
seed for 11081:76f9700 : 1416121425
seed for 11081:76d8700 : 1416256855
seed for 11081:76b7700 : 1416405515
seed for 11081:7696700 : 1416541060
seed for 11081:7675700 : 1415610524
seed for 11081:7654700 : 1415745618
seed for 11081:7633700 : 1415897505
seed for 11081:7612700 : 1416033980
seed for 11081:75f1700 : 1415104117
seed for 11081:75d0700 : 1415239484
seed for 11081:75af700 : 1415390406
seed for 11081:758e700 : 1415525471
seed for 11081:756d700 : 1414595951
seed for 11081:754c700 : 1414752818
seed for 11081:752b700 : 1414863866
seed for 11081:750a700 : 1414990662
seed for 11081:74e9700 : 1414084721
seed for 11081:74c8700 : 1414211873
seed for 11081:74a7700 : 1414389431
seed for 11081:7486700 : 1414516319
seed for 11081:7465700 : 1413611373
seed for 11081:7444700 : 1413737494
seed for 11081:7423700 : 1413848327
seed for 11081:7402700 : 1413972659
seed for 11081:73e1700 : 1413067694
seed for 11081:73c0700 : 1413194528
seed for 11081:739f700 : 1413369888
seed for 11081:737e700 : 1412448736
seed for 11081:735d700 : 1412591943
seed for 11081:733c700 : 1412720133
seed for 11081:731b700 : 1412831133
seed for 11081:72fa700 : 1411909414
seed for 11081:72d9700 : 1412051988
seed for 11081:72b8700 : 1412179252
seed for 11081:7297700 : 1412352707
600 / 750 threads started...
seed for 11081:7276700 : 1411439574
seed for 11081:7255700 : 1411573787
seed for 11081:7234700 : 1411709243
seed for 11081:7213700 : 1411813070
seed for 11081:71f2700 : 1410899891
seed for 11081:71d1700 : 1411034299
seed for 11081:71b0700 : 1411169282
seed for 11081:718f700 : 1411337690
seed for 11081:716e700 : 1410421421
seed for 11081:714d700 : 1410556916
seed for 11081:712c700 : 1410691714
seed for 11081:710b700 : 1410793761
seed for 11081:70ea700 : 1409880107
seed for 11081:70c9700 : 1410017044
seed for 11081:70a8700 : 1410151956
seed for 11081:7087700 : 1410320052
seed for 11081:7066700 : 1409406395
seed for 11081:7045700 : 1409541137
seed for 11081:7024700 : 1409665816
seed for 11081:7003700 : 1409792518
seed for 11081:6fe2700 : 1442425211
seed for 11081:6fc1700 : 1442552313
seed for 11081:6fa0700 : 1442678915
seed for 11081:6f7f700 : 1441824728
seed for 11081:6f5e700 : 1441951461
seed for 11081:6f3d700 : 1442078007
seed for 11081:6f1c700 : 1442204734
seed for 11081:6efb700 : 1441280785
seed for 11081:6eda700 : 1441407585
seed for 11081:6eb9700 : 1441534326
seed for 11081:6e98700 : 1441660993
seed for 11081:6e77700 : 1440805019
seed for 11081:6e56700 : 1440933857
seed for 11081:6e35700 : 1441060604
seed for 11081:6e14700 : 1441187275
seed for 11081:6df3700 : 1440265649
seed for 11081:6dd2700 : 1440392443
seed for 11081:6db1700 : 1440516966
seed for 11081:6d90700 : 1440652169
seed for 11081:6d6f700 : 1439787699
seed for 11081:6d4e700 : 1439922445
seed for 11081:6d2d700 : 1440041007
seed for 11081:6d0c700 : 1440177998
seed for 11081:6ceb700 : 1439248265
seed for 11081:6cca700 : 1439383242
seed for 11081:6ca9700 : 1439501976
seed for 11081:6c88700 : 1439636934
seed for 11081:6c67700 : 1438772462
seed for 11081:6c46700 : 1438905176
seed for 11081:6c25700 : 1439024104
seed for 11081:6c04700 : 1439158854
seed for 11081:6be3700 : 1438229120
seed for 11081:6bc2700 : 1438364089
seed for 11081:6ba1700 : 1438482633
seed for 11081:6b80700 : 1438619634
seed for 11081:6b5f700 : 1437754994
seed for 11081:6b3e700 : 1437890296
seed for 11081:6b1d700 : 1438008807
seed for 11081:6afc700 : 1437095341
seed for 11081:6adb700 : 1437213947
seed for 11081:6aba700 : 1437349004
seed for 11081:6a99700 : 1437596559
seed for 11081:6a78700 : 1436674774
seed for 11081:6a57700 : 1436752254
seed for 11081:6a36700 : 1436879296
seed for 11081:6a15700 : 1437022423
seed for 11081:69f4700 : 1436100758
seed for 11081:69d3700 : 1436246009
seed for 11081:69b2700 : 1436372494
seed for 11081:6991700 : 1436515824
seed for 11081:6970700 : 1435593771
seed for 11081:694f700 : 1435669319
seed for 11081:692e700 : 1435796361
seed for 11081:690d700 : 1435939538
seed for 11081:68ec700 : 1435017522
seed for 11081:68cb700 : 1435160621
seed for 11081:68aa700 : 1435287743
seed for 11081:6889700 : 1435432888
seed for 11081:6868700 : 1434510881
seed for 11081:6847700 : 1434588918
seed for 11081:6826700 : 1434715621
seed for 11081:6805700 : 1434858743
seed for 11081:67e4700 : 1433942979
seed for 11081:67c3700 : 1434077846
seed for 11081:67a2700 : 1434212693
seed for 11081:6781700 : 1434348014
seed for 11081:6760700 : 1433434340
seed for 11081:673f700 : 1433767825
seed for 11081:671e700 : 1433903094
seed for 11081:66fd700 : 1432989252
seed for 11081:66dc700 : 1433124552
seed for 11081:66bb700 : 1433259268
seed for 11081:669a700 : 1433394570
seed for 11081:6679700 : 1432480904
seed for 11081:6658700 : 1432616134
seed for 11081:6637700 : 1432683333
seed for 11081:6616700 : 1432818685
seed for 11081:65f5700 : 1431905004
seed for 11081:65d4700 : 1432039822
seed for 11081:65b3700 : 1432174755
700 / 750 threads started...
seed for 11081:6592700 : 1432311735
seed for 11081:6571700 : 1431397953
seed for 11081:6550700 : 1431532820
seed for 11081:652f700 : 1431602668
seed for 11081:650e700 : 1431737412
seed for 11081:64ed700 : 1430824165
seed for 11081:64cc700 : 1430948693
seed for 11081:64ab700 : 1431108592
seed for 11081:648a700 : 1431235199
seed for 11081:6469700 : 1430313278
seed for 11081:6448700 : 1430440430
seed for 11081:6427700 : 1430534224
seed for 11081:6406700 : 1430662941
seed for 11081:63e5700 : 1429741443
seed for 11081:63c4700 : 1429868155
seed for 11081:63a3700 : 1430027555
seed for 11081:6382700 : 1430154291
seed for 11081:6361700 : 1429232783
seed for 11081:6340700 : 1429357409
seed for 11081:631f700 : 1429713465
seed for 11081:62fe700 : 1428791612
seed for 11081:62dd700 : 1428918739
seed for 11081:62bc700 : 1429045397
seed for 11081:629b700 : 1429206869
seed for 11081:627a700 : 1428285437
seed for 11081:6259700 : 1428412069
seed for 11081:6238700 : 1428538687
seed for 11081:6217700 : 1428632984
seed for 11081:61f6700 : 1427711052
seed for 11081:61d5700 : 1427835663
seed for 11081:61b4700 : 1427970610
seed for 11081:6193700 : 1428121913
seed for 11081:6172700 : 1427208671
seed for 11081:6151700 : 1427327132
seed for 11081:6130700 : 1427464000
seed for 11081:610f700 : 1427549720
seed for 11081:60ee700 : 1426636449
seed for 11081:60cd700 : 1426754908
seed for 11081:60ac700 : 1426889805
seed for 11081:608b700 : 1427039114
seed for 11081:606a700 : 1426125561
seed for 11081:6049700 : 1426244140
seed for 11081:6028700 : 1426379110
seed for 11081:6007700 : 1426464914
seed for 11081:5fe6700 : 1459107798
seed for 11081:5fc5700 : 1459226384
seed for 11081:5fa4700 : 1459361457
seed for 11081:5f83700 : 1459512953
seed for 11081:5f62700 : 1458599169
seed for 11081:5f41700 : 1458717872
seed for 11081:5f20700 : 1458842572
