Thu Feb 20 01:27:47 2014
Microseconds : 118354
tid:898557696 client_interface.c:33
socket closed on _receive
Thu Feb 20 01:27:47 2014
Microseconds : 120429
tid:-1266489600 client_interface.c:33
socket closed on _receive
Thu Feb 20 01:27:47 2014
Microseconds : 121949
tid:-1335290112 client_interface.c:30
cannot receive interaction data
Thu Feb 20 01:27:47 2014
Microseconds : 123210
tid:-1396386048 client_interface.c:30
cannot receive interaction data
Thu Feb 20 01:27:47 2014
Microseconds : 123450
tid:-1407604992 client_interface.c:33
socket closed on _receive
Thu Feb 20 01:27:47 2014
Microseconds : 126638
tid:-1547774208 client_interface.c:30
cannot receive interaction data
Thu Feb 20 01:27:47 2014
Microseconds : 152959
tid:-1545206016 client_interface.c:33
socket closed on _receive
Thu Feb 20 01:27:47 2014
Microseconds : 157232
tid:-1465186560 client_interface.c:33
socket closed on _receive
Thu Feb 20 01:27:47 2014
Microseconds : 198773
tid:896259840 client_interface.c:33
socket closed on _receive
Thu Feb 20 01:27:47 2014
Microseconds : 228324
tid:-1229048064 client_interface.c:33
socket closed on _receive
Thu Feb 20 01:27:47 2014
Microseconds : 232126
tid:874632960 client_interface.c:33
socket closed on _receive
Thu Feb 20 01:27:47 2014
Microseconds : 239160
tid:-1283115264 client_interface.c:33
socket closed on _receive
Thu Feb 20 01:27:47 2014
Microseconds : 264822
tid:-1524795648 client_interface.c:33
socket closed on _receive
Thu Feb 20 01:27:47 2014
Microseconds : 282565
tid:-1411795200 client_interface.c:33
socket closed on _receive
Thu Feb 20 01:27:47 2014
Microseconds : 296373
tid:-1529796864 client_interface.c:33
socket closed on _receive
Thu Feb 20 01:27:47 2014
Microseconds : 315633
tid:-1338669312 client_interface.c:33
socket closed on _receive
Thu Feb 20 01:27:47 2014
Microseconds : 329280
tid:-1208637696 client_interface.c:33
socket closed on _receive
Thu Feb 20 01:27:47 2014
Microseconds : 329506
tid:-1460726016 client_interface.c:33
socket closed on _receive
Thu Feb 20 01:27:47 2014
Microseconds : 337699
tid:-1389897984 client_interface.c:33
socket closed on _receive
Thu Feb 20 01:27:47 2014
Microseconds : 351869
tid:-1486678272 client_interface.c:33
socket closed on _receive
Thu Feb 20 01:27:47 2014
Microseconds : 359864
tid:-1414633728 client_interface.c:33
socket closed on _receive
Thu Feb 20 01:27:47 2014
Microseconds : 367548
tid:-1397602560 client_interface.c:33
socket closed on _receive
Thu Feb 20 01:27:47 2014
Microseconds : 374568
tid:-1412065536 client_interface.c:33
socket closed on _receive
Thu Feb 20 01:27:47 2014
Microseconds : 376226
tid:-1457481984 client_interface.c:33
socket closed on _receive
Thu Feb 20 01:27:47 2014
Microseconds : 383450
tid:-1298929920 client_interface.c:33
socket closed on _receive
Thu Feb 20 01:27:47 2014
Microseconds : 396607
tid:-1505196288 client_interface.c:33
socket closed on _receive
Thu Feb 20 01:27:47 2014
Microseconds : 407609
tid:-1444100352 client_interface.c:33
socket closed on _receive
Thu Feb 20 01:27:47 2014
Microseconds : 419370
tid:-1444641024 client_interface.c:33
socket closed on _receive
Thu Feb 20 01:27:47 2014
Microseconds : 423902
tid:-1533176064 client_interface.c:33
socket closed on _receive
Thu Feb 20 01:27:47 2014
Microseconds : 436902
tid:-1428691200 client_interface.c:33
socket closed on _receive
Thu Feb 20 01:27:47 2014
Microseconds : 437351
tid:-1512900864 client_interface.c:33
socket closed on _receive
Thu Feb 20 01:27:47 2014
Microseconds : 463630
tid:-1459374336 client_interface.c:33
socket closed on _receive
Thu Feb 20 01:27:47 2014
Microseconds : 478674
tid:-1295550720 client_interface.c:33
socket closed on _receive
Thu Feb 20 01:27:47 2014
Microseconds : 485324
tid:-1392736512 client_interface.c:33
socket closed on _receive
Thu Feb 20 01:27:47 2014
Microseconds : 490679
tid:-1305688320 client_interface.c:33
socket closed on _receive
Thu Feb 20 01:27:47 2014
Microseconds : 497770
tid:-1472080128 client_interface.c:33
socket closed on _receive
Thu Feb 20 01:27:47 2014
Microseconds : 515803
tid:912480000 client_interface.c:33
socket closed on _receive
Thu Feb 20 01:27:47 2014
Microseconds : 517058
tid:-1454778624 client_interface.c:33
socket closed on _receive
Thu Feb 20 01:27:47 2014
Microseconds : 535742
tid:-1503979776 client_interface.c:33
socket closed on _receive
Thu Feb 20 01:27:47 2014
Microseconds : 541224
tid:-1344211200 client_interface.c:33
socket closed on _receive
Thu Feb 20 01:27:47 2014
Microseconds : 547860
tid:905721600 client_interface.c:33
socket closed on _receive
Thu Feb 20 01:27:47 2014
Microseconds : 551179
tid:-1531013376 client_interface.c:33
socket closed on _receive
Thu Feb 20 01:27:47 2014
Microseconds : 560629
tid:-1211205888 client_interface.c:33
socket closed on _receive
Thu Feb 20 01:27:47 2014
Microseconds : 576766
tid:-1490733312 client_interface.c:33
socket closed on _receive
Thu Feb 20 01:27:47 2014
Microseconds : 584923
tid:-1431394560 client_interface.c:33
socket closed on _receive
Thu Feb 20 01:27:47 2014
Microseconds : 588712
tid:915318528 client_interface.c:33
socket closed on _receive
Thu Feb 20 01:27:47 2014
Microseconds : 590421
tid:-1322989824 client_interface.c:33
socket closed on _receive
Thu Feb 20 01:27:47 2014
Microseconds : 658118
tid:-1302038784 client_interface.c:33
socket closed on _receive
Thu Feb 20 01:27:47 2014
Microseconds : 665398
tid:-1350834432 client_interface.c:33
socket closed on _receive
Thu Feb 20 01:27:47 2014
Microseconds : 669679
tid:-1413957888 client_interface.c:33
socket closed on _receive
Thu Feb 20 01:27:47 2014
Microseconds : 682550
tid:-1348131072 client_interface.c:33
socket closed on _receive
Thu Feb 20 01:27:47 2014
Microseconds : 710060
tid:-1391384832 client_interface.c:33
socket closed on _receive
Thu Feb 20 01:27:47 2014
Microseconds : 789016
tid:-1517496576 client_interface.c:33
socket closed on _receive
Thu Feb 20 01:27:47 2014
Microseconds : 818935
tid:-1401657600 client_interface.c:33
socket closed on _receive
Thu Feb 20 01:27:47 2014
Microseconds : 820803
tid:-1212422400 client_interface.c:33
socket closed on _receive
Thu Feb 20 01:27:47 2014
Microseconds : 900855
tid:-1410173184 client_interface.c:33
socket closed on _receive
Thu Feb 20 01:27:47 2014
Microseconds : 918354
tid:-1276897536 client_interface.c:33
socket closed on _receive
Thu Feb 20 01:27:47 2014
Microseconds : 970605
tid:-1532905728 client_interface.c:33
socket closed on _receive
Thu Feb 20 01:27:47 2014
Microseconds : 982697
tid:-1316636928 client_interface.c:33
socket closed on _receive
Thu Feb 20 01:27:47 2014
Microseconds : 3839
tid:-1321638144 client_interface.c:33
socket closed on _receive
Thu Feb 20 01:27:48 2014
Microseconds : 14356
tid:-1362053376 client_interface.c:33
socket closed on _receive
Thu Feb 20 01:27:48 2014
Microseconds : 27047
tid:883959552 client_interface.c:33
socket closed on _receive
Thu Feb 20 01:27:48 2014
Microseconds : 69283
tid:908289792 client_interface.c:33
socket closed on _receive
Thu Feb 20 01:27:48 2014
Microseconds : 101655
tid:-1371650304 client_interface.c:33
socket closed on _receive
Thu Feb 20 01:27:48 2014
Microseconds : 103698
tid:-1278384384 client_interface.c:33
socket closed on _receive
Thu Feb 20 01:27:48 2014
Microseconds : 132533
tid:-1489516800 client_interface.c:33
socket closed on _receive
Thu Feb 20 01:27:48 2014
Microseconds : 148280
tid:-1403549952 client_interface.c:33
socket closed on _receive
Thu Feb 20 01:27:48 2014
Microseconds : 148427
tid:-1424771328 client_interface.c:33
socket closed on _receive
Thu Feb 20 01:27:48 2014
Microseconds : 173251
tid:-1280952576 client_interface.c:33
socket closed on _receive
Thu Feb 20 01:27:48 2014
Microseconds : 209116
tid:-1254324480 client_interface.c:33
socket closed on _receive
Thu Feb 20 01:27:48 2014
Microseconds : 212163
tid:888420096 client_interface.c:33
socket closed on _receive
Thu Feb 20 01:27:48 2014
Microseconds : 242159
tid:-1398413568 client_interface.c:33
socket closed on _receive
Thu Feb 20 01:27:48 2014
Microseconds : 252759
tid:-1446263040 client_interface.c:33
socket closed on _receive
Thu Feb 20 01:27:48 2014
Microseconds : 282113
tid:-1387329792 client_interface.c:33
socket closed on _receive
Thu Feb 20 01:27:48 2014
Microseconds : 301396
tid:-1502628096 client_interface.c:33
socket closed on _receive
Thu Feb 20 01:27:48 2014
Microseconds : 301588
tid:-1292171520 client_interface.c:33
socket closed on _receive
Thu Feb 20 01:27:48 2014
Microseconds : 315365
tid:-1317177600 client_interface.c:33
socket closed on _receive
Thu Feb 20 01:27:48 2014
Microseconds : 331082
tid:-1348806912 client_interface.c:33
socket closed on _receive
Thu Feb 20 01:27:48 2014
Microseconds : 349505
tid:-1432881408 client_interface.c:33
socket closed on _receive
Thu Feb 20 01:27:48 2014
Microseconds : 353242
tid:-1495599360 client_interface.c:33
socket closed on _receive
Thu Feb 20 01:27:48 2014
Microseconds : 354809
tid:-1295956224 client_interface.c:33
socket closed on _receive
Thu Feb 20 01:27:48 2014
Microseconds : 361937
tid:-1442613504 client_interface.c:33
socket closed on _receive
Thu Feb 20 01:27:48 2014
Microseconds : 370970
tid:-1507629312 client_interface.c:33
socket closed on _receive
Thu Feb 20 01:27:48 2014
Microseconds : 375078
tid:-1285683456 client_interface.c:33
socket closed on _receive
Thu Feb 20 01:27:48 2014
Microseconds : 393366
tid:-1467619584 client_interface.c:33
socket closed on _receive
Thu Feb 20 01:27:48 2014
Microseconds : 403995
tid:-1380706560 client_interface.c:33
socket closed on _receive
Thu Feb 20 01:27:48 2014
Microseconds : 419349
tid:892339968 client_interface.c:33
socket closed on _receive
Thu Feb 20 01:27:48 2014
Microseconds : 424281
tid:-1343129856 client_interface.c:33
socket closed on _receive
Thu Feb 20 01:27:48 2014
Microseconds : 459156
tid:917346048 client_interface.c:33
socket closed on _receive
Thu Feb 20 01:27:48 2014
Microseconds : 461175
tid:-1409091840 client_interface.c:33
socket closed on _receive
Thu Feb 20 01:27:48 2014
Microseconds : 467300
tid:-1381923072 client_interface.c:33
socket closed on _receive
Thu Feb 20 01:27:48 2014
Microseconds : 474073
tid:-1316231424 client_interface.c:33
socket closed on _receive
Thu Feb 20 01:27:48 2014
Microseconds : 494189
tid:-1333803264 client_interface.c:33
socket closed on _receive
Thu Feb 20 01:27:48 2014
Microseconds : 498038
tid:-1243781376 client_interface.c:33
socket closed on _receive
Thu Feb 20 01:27:48 2014
Microseconds : 501334
tid:-1383004416 client_interface.c:33
socket closed on _receive
Thu Feb 20 01:27:48 2014
Microseconds : 503162
tid:900450048 client_interface.c:33
socket closed on _receive
Thu Feb 20 01:27:48 2014
Microseconds : 515742
tid:-1550342400 client_interface.c:33
socket closed on _receive
Thu Feb 20 01:27:48 2014
Microseconds : 545016
tid:-1475594496 client_interface.c:33
socket closed on _receive
Thu Feb 20 01:27:48 2014
Microseconds : 549826
tid:-1356105984 client_interface.c:33
socket closed on _receive
Thu Feb 20 01:27:48 2014
Microseconds : 556177
tid:903829248 client_interface.c:33
socket closed on _receive
Thu Feb 20 01:27:48 2014
Microseconds : 556833
tid:-1267300608 client_interface.c:33
socket closed on _receive
Thu Feb 20 01:27:48 2014
Microseconds : 572770
tid:-1223911680 client_interface.c:33
socket closed on _receive
Thu Feb 20 01:27:48 2014
Microseconds : 586459
tid:-1344751872 client_interface.c:33
socket closed on _receive
Thu Feb 20 01:27:48 2014
Microseconds : 603091
tid:-1392871680 client_interface.c:33
socket closed on _receive
Thu Feb 20 01:27:48 2014
Microseconds : 615968
tid:-1428556032 client_interface.c:33
socket closed on _receive
Thu Feb 20 01:27:48 2014
Microseconds : 645317
tid:-1381382400 client_interface.c:33
socket closed on _receive
Thu Feb 20 01:27:48 2014
Microseconds : 646849
tid:-1299200256 client_interface.c:33
socket closed on _receive
Thu Feb 20 01:27:48 2014
Microseconds : 689049
tid:-1295685888 client_interface.c:33
socket closed on _receive
Thu Feb 20 01:27:48 2014
Microseconds : 699063
tid:-1396926720 client_interface.c:33
socket closed on _receive
Thu Feb 20 01:27:48 2014
Microseconds : 699315
tid:-1367189760 client_interface.c:33
socket closed on _receive
Thu Feb 20 01:27:48 2014
Microseconds : 702019
tid:-1398008064 client_interface.c:33
socket closed on _receive
Thu Feb 20 01:27:48 2014
Microseconds : 703129
tid:-1351915776 client_interface.c:33
socket closed on _receive
Thu Feb 20 01:27:48 2014
Microseconds : 722017
tid:-1417877760 client_interface.c:33
socket closed on _receive
Thu Feb 20 01:27:48 2014
Microseconds : 728060
tid:893421312 client_interface.c:33
socket closed on _receive
Thu Feb 20 01:27:48 2014
Microseconds : 735733
tid:-1493166336 client_interface.c:33
socket closed on _receive
Thu Feb 20 01:27:48 2014
Microseconds : 742804
tid:-1326774528 client_interface.c:33
socket closed on _receive
Thu Feb 20 01:27:48 2014
Microseconds : 745938
tid:-1423554816 client_interface.c:33
socket closed on _receive
Thu Feb 20 01:27:48 2014
Microseconds : 749802
tid:-1398548736 client_interface.c:33
socket closed on _receive
Thu Feb 20 01:27:48 2014
Microseconds : 758990
tid:-1223506176 client_interface.c:33
socket closed on _receive
Thu Feb 20 01:27:48 2014
Microseconds : 760762
tid:-1373137152 client_interface.c:33
socket closed on _receive
Thu Feb 20 01:27:48 2014
Microseconds : 766353
tid:878417664 client_interface.c:33
socket closed on _receive
Thu Feb 20 01:27:48 2014
Microseconds : 769345
tid:-1337587968 client_interface.c:33
socket closed on _receive
Thu Feb 20 01:27:48 2014
Microseconds : 772408
tid:-1477486848 client_interface.c:33
socket closed on _receive
Thu Feb 20 01:27:48 2014
Microseconds : 777101
tid:890177280 client_interface.c:33
socket closed on _receive
Thu Feb 20 01:27:48 2014
Microseconds : 780246
tid:-1415715072 client_interface.c:33
socket closed on _receive
Thu Feb 20 01:27:48 2014
Microseconds : 780748
tid:874227456 client_interface.c:33
socket closed on _receive
Thu Feb 20 01:27:48 2014
Microseconds : 800133
tid:-1306228992 client_interface.c:33
socket closed on _receive
Thu Feb 20 01:27:48 2014
Microseconds : 820730
tid:-1333532928 client_interface.c:33
socket closed on _receive
Thu Feb 20 01:27:48 2014
Microseconds : 829049
tid:-1389762816 client_interface.c:33
socket closed on _receive
Thu Feb 20 01:27:48 2014
Microseconds : 840838
tid:-1476675840 client_interface.c:33
socket closed on _receive
Thu Feb 20 01:27:48 2014
Microseconds : 857794
tid:-1269192960 client_interface.c:33
socket closed on _receive
Thu Feb 20 01:27:48 2014
Microseconds : 890573
tid:-1447074048 client_interface.c:33
socket closed on _receive
Thu Feb 20 01:27:48 2014
Microseconds : 891402
tid:-1247971584 client_interface.c:33
socket closed on _receive
Thu Feb 20 01:27:48 2014
Microseconds : 927735
tid:889231104 client_interface.c:33
socket closed on _receive
Thu Feb 20 01:27:48 2014
Microseconds : 959565
tid:-1281628416 client_interface.c:33
socket closed on _receive
Thu Feb 20 01:27:48 2014
Microseconds : 973826
tid:-1288657152 client_interface.c:33
socket closed on _receive
Thu Feb 20 01:27:48 2014
Microseconds : 975253
tid:-1499654400 client_interface.c:33
socket closed on _receive
Thu Feb 20 01:27:48 2014
Microseconds : 978047
tid:-1213368576 client_interface.c:33
socket closed on _receive
Thu Feb 20 01:27:49 2014
Microseconds : 15168
tid:881932032 client_interface.c:33
socket closed on _receive
Thu Feb 20 01:27:49 2014
Microseconds : 20988
tid:-1488165120 client_interface.c:33
socket closed on _receive
Thu Feb 20 01:27:49 2014
Microseconds : 26390
tid:-1218775296 client_interface.c:33
socket closed on _receive
Thu Feb 20 01:27:49 2014
Microseconds : 33172
tid:-1385437440 client_interface.c:33
socket closed on _receive
Thu Feb 20 01:27:49 2014
Microseconds : 62232
tid:-1358944512 client_interface.c:33
socket closed on _receive
Thu Feb 20 01:27:49 2014
Microseconds : 66250
tid:-1341913344 client_interface.c:33
socket closed on _receive
Thu Feb 20 01:27:49 2014
Microseconds : 68433
tid:-1465862400 client_interface.c:33
socket closed on _receive
Thu Feb 20 01:27:49 2014
Microseconds : 81655
tid:-1208097024 client_interface.c:33
socket closed on _receive
Thu Feb 20 01:27:49 2014
Microseconds : 88795
tid:-1507088640 client_interface.c:33
socket closed on _receive
Thu Feb 20 01:27:49 2014
Microseconds : 96251
tid:921941760 client_interface.c:33
socket closed on _receive
Thu Feb 20 01:27:49 2014
Microseconds : 140674
tid:-1503709440 client_interface.c:33
socket closed on _receive
Thu Feb 20 01:27:49 2014
Microseconds : 173405
tid:-1270003968 client_interface.c:33
socket closed on _receive
Thu Feb 20 01:27:49 2014
Microseconds : 182471
tid:-1454643456 client_interface.c:33
socket closed on _receive
Thu Feb 20 01:27:49 2014
Microseconds : 198978
tid:-1415850240 client_interface.c:33
socket closed on _receive
Thu Feb 20 01:27:49 2014
Microseconds : 201274
tid:-1434233088 client_interface.c:33
socket closed on _receive
Thu Feb 20 01:27:49 2014
Microseconds : 208386
tid:-1437882624 client_interface.c:33
socket closed on _receive
Thu Feb 20 01:27:49 2014
Microseconds : 212973
tid:-1371515136 client_interface.c:33
socket closed on _receive
Thu Feb 20 01:27:49 2014
Microseconds : 232926
tid:-1411660032 client_interface.c:33
socket closed on _receive
Thu Feb 20 01:27:49 2014
Microseconds : 237215
tid:-1538582784 client_interface.c:33
socket closed on _receive
Thu Feb 20 01:27:49 2014
Microseconds : 253372
tid:-1255135488 client_interface.c:33
socket closed on _receive
Thu Feb 20 01:27:49 2014
Microseconds : 263135
tid:-1213774080 client_interface.c:33
socket closed on _receive
Thu Feb 20 01:27:49 2014
Microseconds : 273621
tid:891258624 client_interface.c:33
socket closed on _receive
Thu Feb 20 01:27:49 2014
Microseconds : 274486
tid:-1361783040 client_interface.c:33
socket closed on _receive
Thu Feb 20 01:27:49 2014
Microseconds : 303194
tid:-1296226560 client_interface.c:33
socket closed on _receive
Thu Feb 20 01:27:49 2014
Microseconds : 304004
tid:-1543854336 client_interface.c:33
socket closed on _receive
Thu Feb 20 01:27:49 2014
Microseconds : 308920
tid:-1550883072 client_interface.c:33
socket closed on _receive
Thu Feb 20 01:27:49 2014
Microseconds : 311423
tid:-1413822720 client_interface.c:33
socket closed on _receive
Thu Feb 20 01:27:49 2014
Microseconds : 313650
tid:-1541421312 client_interface.c:33
socket closed on _receive
Thu Feb 20 01:27:49 2014
Microseconds : 313905
tid:-1370839296 client_interface.c:33
socket closed on _receive
Thu Feb 20 01:27:49 2014
Microseconds : 324612
tid:-1214179584 client_interface.c:33
socket closed on _receive
Thu Feb 20 01:27:49 2014
Microseconds : 333765
tid:-1314068736 client_interface.c:33
socket closed on _receive
Thu Feb 20 01:27:49 2014
Microseconds : 362965
tid:-1285277952 client_interface.c:33
socket closed on _receive
Thu Feb 20 01:27:49 2014
Microseconds : 364006
tid:894502656 client_interface.c:33
socket closed on _receive
Thu Feb 20 01:27:49 2014
Microseconds : 412717
tid:-1278789888 client_interface.c:33
socket closed on _receive
Thu Feb 20 01:27:49 2014
Microseconds : 450610
tid:-1437071616 client_interface.c:33
socket closed on _receive
Thu Feb 20 01:27:49 2014
Microseconds : 451373
tid:-1210665216 client_interface.c:33
socket closed on _receive
Thu Feb 20 01:27:49 2014
Microseconds : 467461
tid:-1307851008 client_interface.c:33
socket closed on _receive
Thu Feb 20 01:27:49 2014
Microseconds : 496355
tid:-1257703680 client_interface.c:33
socket closed on _receive
Thu Feb 20 01:27:49 2014
Microseconds : 497867
tid:-1258649856 client_interface.c:33
socket closed on _receive
Thu Feb 20 01:27:49 2014
Microseconds : 529662
tid:-1460861184 client_interface.c:33
socket closed on _receive
Thu Feb 20 01:27:49 2014
Microseconds : 563696
tid:-1544665344 client_interface.c:33
socket closed on _receive
Thu Feb 20 01:27:49 2014
Microseconds : 581607
tid:-1476000000 client_interface.c:33
socket closed on _receive
Thu Feb 20 01:27:49 2014
Microseconds : 591114
tid:-1418283264 client_interface.c:33
socket closed on _receive
Thu Feb 20 01:27:49 2014
Microseconds : 607050
tid:-1248241920 client_interface.c:33
socket closed on _receive
Thu Feb 20 01:27:49 2014
Microseconds : 617237
tid:-1361242368 client_interface.c:33
socket closed on _receive
Thu Feb 20 01:27:49 2014
Microseconds : 641191
tid:-1327585536 client_interface.c:33
socket closed on _receive
Thu Feb 20 01:27:49 2014
Microseconds : 645914
tid:-1290279168 client_interface.c:33
socket closed on _receive
Thu Feb 20 01:27:49 2014
Microseconds : 674336
tid:-1443289344 client_interface.c:33
socket closed on _receive
Thu Feb 20 01:27:49 2014
Microseconds : 685702
tid:-1251485952 client_interface.c:33
socket closed on _receive
Thu Feb 20 01:27:49 2014
Microseconds : 685980
tid:-1306364160 client_interface.c:33
socket closed on _receive
Thu Feb 20 01:27:49 2014
Microseconds : 690640
tid:-1454508288 client_interface.c:33
socket closed on _receive
Thu Feb 20 01:27:49 2014
Microseconds : 724870
tid:926672640 client_interface.c:33
socket closed on _receive
Thu Feb 20 01:27:49 2014
Microseconds : 754314
tid:916805376 client_interface.c:33
socket closed on _receive
Thu Feb 20 01:27:49 2014
Microseconds : 761368
tid:881391360 client_interface.c:33
socket closed on _receive
Thu Feb 20 01:27:49 2014
Microseconds : 776951
tid:-1494518016 client_interface.c:33
socket closed on _receive
Thu Feb 20 01:27:49 2014
Microseconds : 783081
tid:-1460996352 client_interface.c:33
socket closed on _receive
Thu Feb 20 01:27:49 2014
Microseconds : 795735
tid:-1447885056 client_interface.c:33
socket closed on _receive
Thu Feb 20 01:27:49 2014
Microseconds : 796744
tid:-1463429376 client_interface.c:33
socket closed on _receive
Thu Feb 20 01:27:49 2014
Microseconds : 821476
tid:942290688 client_interface.c:33
socket closed on _receive
Thu Feb 20 01:27:49 2014
Microseconds : 824007
tid:-1311500544 client_interface.c:33
socket closed on _receive
Thu Feb 20 01:27:49 2014
Microseconds : 827724
tid:-1365027072 client_interface.c:33
socket closed on _receive
Thu Feb 20 01:27:49 2014
Microseconds : 833603
tid:-1460185344 client_interface.c:33
socket closed on _receive
Thu Feb 20 01:27:49 2014
Microseconds : 833897
tid:873281280 client_interface.c:33
socket closed on _receive
Thu Feb 20 01:27:49 2014
Microseconds : 879048
tid:-1234995456 client_interface.c:33
socket closed on _receive
Thu Feb 20 01:27:49 2014
Microseconds : 888285
tid:-1378138368 client_interface.c:33
socket closed on _receive
Thu Feb 20 01:27:49 2014
Microseconds : 893369
tid:-1260542208 client_interface.c:33
socket closed on _receive
Thu Feb 20 01:27:49 2014
Microseconds : 903030
tid:-1466267904 client_interface.c:33
socket closed on _receive
Thu Feb 20 01:27:49 2014
Microseconds : 923100
tid:-1357863168 client_interface.c:33
socket closed on _receive
Thu Feb 20 01:27:49 2014
Microseconds : 943644
tid:-1214044416 client_interface.c:33
socket closed on _receive
Thu Feb 20 01:27:49 2014
Microseconds : 990201
tid:-1395034368 client_interface.c:33
socket closed on _receive
Thu Feb 20 01:27:49 2014
Microseconds : 994838
tid:-1520875776 client_interface.c:33
socket closed on _receive
Thu Feb 20 01:27:49 2014
Microseconds : 4023
tid:-1357998336 client_interface.c:33
socket closed on _receive
Thu Feb 20 01:27:50 2014
Microseconds : 27165
tid:-1434773760 client_interface.c:33
socket closed on _receive
Thu Feb 20 01:27:50 2014
Microseconds : 42258
tid:-1439910144 client_interface.c:33
socket closed on _receive
Thu Feb 20 01:27:50 2014
Microseconds : 48050
tid:-1525876992 client_interface.c:33
socket closed on _receive
Thu Feb 20 01:27:50 2014
Microseconds : 49753
tid:-1416796416 client_interface.c:33
socket closed on _receive
Thu Feb 20 01:27:50 2014
Microseconds : 78640
tid:-1229994240 client_interface.c:33
socket closed on _receive
Thu Feb 20 01:27:50 2014
Microseconds : 122765
tid:-1297848576 client_interface.c:33
socket closed on _receive
Thu Feb 20 01:27:50 2014
Microseconds : 140411
tid:-1273788672 client_interface.c:33
socket closed on _receive
Thu Feb 20 01:27:50 2014
Microseconds : 162686
tid:-1328937216 client_interface.c:33
socket closed on _receive
Thu Feb 20 01:27:50 2014
Microseconds : 182946
tid:887609088 client_interface.c:33
socket closed on _receive
Thu Feb 20 01:27:50 2014
Microseconds : 183624
tid:-1263651072 client_interface.c:33
socket closed on _receive
Thu Feb 20 01:27:50 2014
Microseconds : 199458
tid:-1346238720 client_interface.c:33
socket closed on _receive
Thu Feb 20 01:27:50 2014
Microseconds : 212544
tid:-1218369792 client_interface.c:33
socket closed on _receive
Thu Feb 20 01:27:50 2014
Microseconds : 214977
tid:-1323124992 client_interface.c:33
socket closed on _receive
Thu Feb 20 01:27:50 2014
Microseconds : 218201
tid:894097152 client_interface.c:33
socket closed on _receive
Thu Feb 20 01:27:50 2014
Microseconds : 222820
tid:-1546828032 client_interface.c:33
socket closed on _receive
Thu Feb 20 01:27:50 2014
Microseconds : 242730
tid:-1290955008 client_interface.c:33
socket closed on _receive
Thu Feb 20 01:27:50 2014
Microseconds : 291722
tid:913020672 client_interface.c:33
socket closed on _receive
Thu Feb 20 01:27:50 2014
Microseconds : 329180
tid:-1484921088 client_interface.c:33
socket closed on _receive
Thu Feb 20 01:27:50 2014
Microseconds : 330218
tid:-1416931584 client_interface.c:33
socket closed on _receive
Thu Feb 20 01:27:50 2014
Microseconds : 333554
tid:-1398278400 client_interface.c:33
socket closed on _receive
Thu Feb 20 01:27:50 2014
Microseconds : 338066
tid:-1226479872 client_interface.c:33
socket closed on _receive
Thu Feb 20 01:27:50 2014
Microseconds : 341871
tid:-1429907712 client_interface.c:33
socket closed on _receive
Thu Feb 20 01:27:50 2014
Microseconds : 361302
tid:-1468700928 client_interface.c:33
socket closed on _receive
Thu Feb 20 01:27:50 2014
Microseconds : 389395
tid:-1454102784 client_interface.c:33
socket closed on _receive
Thu Feb 20 01:27:50 2014
Microseconds : 390125
tid:-1298794752 client_interface.c:33
socket closed on _receive
Thu Feb 20 01:27:50 2014
Microseconds : 412763
tid:918832896 client_interface.c:33
socket closed on _receive
Thu Feb 20 01:27:50 2014
Microseconds : 416371
tid:-1429367040 client_interface.c:33
socket closed on _receive
Thu Feb 20 01:27:50 2014
Microseconds : 430627
tid:919643904 client_interface.c:33
socket closed on _receive
Thu Feb 20 01:27:50 2014
Microseconds : 432006
tid:-1544530176 client_interface.c:33
socket closed on _receive
Thu Feb 20 01:27:50 2014
Microseconds : 451921
tid:941750016 client_interface.c:33
socket closed on _receive
Thu Feb 20 01:27:50 2014
Microseconds : 495415
tid:-1354889472 client_interface.c:33
socket closed on _receive
Thu Feb 20 01:27:50 2014
Microseconds : 498388
tid:910857984 client_interface.c:33
socket closed on _receive
Thu Feb 20 01:27:50 2014
Microseconds : 556518
tid:884500224 client_interface.c:33
socket closed on _receive
Thu Feb 20 01:27:50 2014
Microseconds : 576556
tid:-1487624448 client_interface.c:33
socket closed on _receive
Thu Feb 20 01:27:50 2014
Microseconds : 598879
tid:-1448155392 client_interface.c:33
socket closed on _receive
Thu Feb 20 01:27:50 2014
Microseconds : 599775
tid:-1417066752 client_interface.c:33
socket closed on _receive
Thu Feb 20 01:27:50 2014
Microseconds : 646985
tid:-1329207552 client_interface.c:33
socket closed on _receive
Thu Feb 20 01:27:50 2014
Microseconds : 655534
tid:923428608 client_interface.c:33
socket closed on _receive
Thu Feb 20 01:27:50 2014
Microseconds : 657086
tid:-1412876544 client_interface.c:33
socket closed on _receive
Thu Feb 20 01:27:50 2014
Microseconds : 664279
tid:-1420581120 client_interface.c:33
socket closed on _receive
Thu Feb 20 01:27:50 2014
Microseconds : 670139
tid:887338752 client_interface.c:33
socket closed on _receive
Thu Feb 20 01:27:50 2014
Microseconds : 702164
tid:-1457346816 client_interface.c:33
socket closed on _receive
Thu Feb 20 01:27:50 2014
Microseconds : 709359
tid:-1338939648 client_interface.c:33
socket closed on _receive
Thu Feb 20 01:27:50 2014
Microseconds : 712655
tid:927348480 client_interface.c:33
socket closed on _receive
Thu Feb 20 01:27:50 2014
Microseconds : 719537
tid:-1229859072 client_interface.c:33
socket closed on _receive
Thu Feb 20 01:27:50 2014
Microseconds : 721363
tid:-1337858304 client_interface.c:33
socket closed on _receive
Thu Feb 20 01:27:50 2014
Microseconds : 744345
tid:-1209043200 client_interface.c:33
socket closed on _receive
Thu Feb 20 01:27:50 2014
Microseconds : 749296
tid:-1274059008 client_interface.c:33
socket closed on _receive
Thu Feb 20 01:27:50 2014
Microseconds : 781443
tid:880445184 client_interface.c:33
socket closed on _receive
Thu Feb 20 01:27:50 2014
Microseconds : 790020
tid:-1432205568 client_interface.c:33
socket closed on _receive
Thu Feb 20 01:27:50 2014
Microseconds : 792691
tid:928835328 client_interface.c:33
socket closed on _receive
Thu Feb 20 01:27:50 2014
Microseconds : 807797
tid:-1276356864 client_interface.c:33
socket closed on _receive
Thu Feb 20 01:27:50 2014
Microseconds : 813127
tid:-1477351680 client_interface.c:33
socket closed on _receive
Thu Feb 20 01:27:50 2014
Microseconds : 832218
tid:-1466403072 client_interface.c:33
socket closed on _receive
Thu Feb 20 01:27:50 2014
Microseconds : 845490
tid:-1214314752 client_interface.c:33
socket closed on _receive
Thu Feb 20 01:27:50 2014
Microseconds : 850353
tid:894772992 client_interface.c:33
socket closed on _receive
Thu Feb 20 01:27:50 2014
Microseconds : 900987
tid:-1355294976 client_interface.c:33
socket closed on _receive
Thu Feb 20 01:27:50 2014
Microseconds : 912834
tid:-1269868800 client_interface.c:33
socket closed on _receive
Thu Feb 20 01:27:50 2014
Microseconds : 930149
tid:-1330964736 client_interface.c:33
socket closed on _receive
Thu Feb 20 01:27:50 2014
Microseconds : 942629
tid:-1260001536 client_interface.c:33
socket closed on _receive
Thu Feb 20 01:27:50 2014
Microseconds : 946914
tid:-1302444288 client_interface.c:33
socket closed on _receive
Thu Feb 20 01:27:50 2014
Microseconds : 973310
tid:-1291360512 client_interface.c:33
socket closed on _receive
Thu Feb 20 01:27:51 2014
Microseconds : 18962
tid:-1491138816 client_interface.c:33
socket closed on _receive
Thu Feb 20 01:27:51 2014
Microseconds : 62251
tid:886527744 client_interface.c:33
socket closed on _receive
Thu Feb 20 01:27:51 2014
Microseconds : 69136
tid:-1249999104 client_interface.c:33
socket closed on _receive
Thu Feb 20 01:27:51 2014
Microseconds : 84797
tid:893826816 client_interface.c:33
socket closed on _receive
Thu Feb 20 01:27:51 2014
Microseconds : 91055
tid:-1445992704 client_interface.c:33
socket closed on _receive
Thu Feb 20 01:27:51 2014
Microseconds : 113701
tid:904910592 client_interface.c:33
socket closed on _receive
Thu Feb 20 01:27:51 2014
Microseconds : 147174
tid:895448832 client_interface.c:33
socket closed on _receive
Thu Feb 20 01:27:51 2014
Microseconds : 168002
tid:874092288 client_interface.c:33
socket closed on _receive
Thu Feb 20 01:27:51 2014
Microseconds : 218007
tid:-1468430592 client_interface.c:33
socket closed on _receive
Thu Feb 20 01:27:51 2014
Microseconds : 226779
tid:879228672 client_interface.c:33
socket closed on _receive
Thu Feb 20 01:27:51 2014
Microseconds : 227894
tid:-1502492928 client_interface.c:33
socket closed on _receive
Thu Feb 20 01:27:51 2014
Microseconds : 281043
tid:887203584 client_interface.c:33
socket closed on _receive
Thu Feb 20 01:27:51 2014
Microseconds : 284808
tid:-1432340736 client_interface.c:33
socket closed on _receive
Thu Feb 20 01:27:51 2014
Microseconds : 286322
tid:-1251080448 client_interface.c:33
socket closed on _receive
Thu Feb 20 01:27:51 2014
Microseconds : 289186
tid:-1521821952 client_interface.c:33
socket closed on _receive
Thu Feb 20 01:27:51 2014
Microseconds : 324559
tid:-1323530496 client_interface.c:33
socket closed on _receive
Thu Feb 20 01:27:51 2014
Microseconds : 326216
tid:-1458698496 client_interface.c:33
socket closed on _receive
Thu Feb 20 01:27:51 2014
Microseconds : 347601
tid:-1268111616 client_interface.c:33
socket closed on _receive
Thu Feb 20 01:27:51 2014
Microseconds : 360513
tid:-1528445184 client_interface.c:33
socket closed on _receive
Thu Feb 20 01:27:51 2014
Microseconds : 374209
tid:-1523308800 client_interface.c:33
socket closed on _receive
Thu Feb 20 01:27:51 2014
Microseconds : 377284
tid:-1239320832 client_interface.c:33
socket closed on _receive
Thu Feb 20 01:27:51 2014
Microseconds : 465445
tid:-1306499328 client_interface.c:33
socket closed on _receive
Thu Feb 20 01:27:51 2014
Microseconds : 474940
tid:-1263515904 client_interface.c:33
socket closed on _receive
Thu Feb 20 01:27:51 2014
Microseconds : 488642
tid:-1328261376 client_interface.c:33
socket closed on _receive
Thu Feb 20 01:27:51 2014
Microseconds : 491791
tid:-1345427712 client_interface.c:33
socket closed on _receive
Thu Feb 20 01:27:51 2014
Microseconds : 516887
tid:-1553180928 client_interface.c:33
socket closed on _receive
Thu Feb 20 01:27:51 2014
Microseconds : 544120
tid:-1256081664 client_interface.c:33
socket closed on _receive
Thu Feb 20 01:27:51 2014
Microseconds : 544431
tid:-1450993920 client_interface.c:33
socket closed on _receive
Thu Feb 20 01:27:51 2014
Microseconds : 547980
tid:-1379219712 client_interface.c:33
socket closed on _receive
Thu Feb 20 01:27:51 2014
Microseconds : 563119
tid:-1468565760 client_interface.c:33
socket closed on _receive
Thu Feb 20 01:27:51 2014
Microseconds : 563120
tid:-1386789120 client_interface.c:33
socket closed on _receive
Thu Feb 20 01:27:51 2014
Microseconds : 588784
tid:-1481812224 client_interface.c:33
socket closed on _receive
Thu Feb 20 01:27:51 2014
Microseconds : 589786
tid:-1501276416 client_interface.c:33
socket closed on _receive
Thu Feb 20 01:27:51 2014
Microseconds : 593955
tid:903964416 client_interface.c:33
socket closed on _receive
Thu Feb 20 01:27:51 2014
Microseconds : 595931
tid:-1473431808 client_interface.c:33
socket closed on _receive
Thu Feb 20 01:27:51 2014
Microseconds : 644337
tid:-1430448384 client_interface.c:33
socket closed on _receive
Thu Feb 20 01:27:51 2014
Microseconds : 664527
tid:-1410308352 client_interface.c:33
socket closed on _receive
Thu Feb 20 01:27:51 2014
Microseconds : 699021
tid:-1361107200 client_interface.c:33
socket closed on _receive
Thu Feb 20 01:27:51 2014
Microseconds : 706986
tid:-1365702912 client_interface.c:33
socket closed on _receive
Thu Feb 20 01:27:51 2014
Microseconds : 709084
tid:-1228372224 client_interface.c:33
socket closed on _receive
Thu Feb 20 01:27:51 2014
Microseconds : 729999
tid:-1284872448 client_interface.c:33
socket closed on _receive
Thu Feb 20 01:27:51 2014
Microseconds : 734027
tid:-1210259712 client_interface.c:33
socket closed on _receive
Thu Feb 20 01:27:51 2014
Microseconds : 744601
tid:897341184 client_interface.c:33
socket closed on _receive
Thu Feb 20 01:27:51 2014
Microseconds : 745605
tid:-1299470592 client_interface.c:33
socket closed on _receive
Thu Feb 20 01:27:51 2014
Microseconds : 767548
tid:-1452615936 client_interface.c:33
socket closed on _receive
Thu Feb 20 01:27:51 2014
Microseconds : 789207
tid:-1351510272 client_interface.c:33
socket closed on _receive
Thu Feb 20 01:27:51 2014
Microseconds : 813170
tid:889095936 client_interface.c:33
socket closed on _receive
Thu Feb 20 01:27:51 2014
Microseconds : 821619
tid:897611520 client_interface.c:33
socket closed on _receive
Thu Feb 20 01:27:51 2014
Microseconds : 841829
tid:922212096 client_interface.c:33
socket closed on _receive
Thu Feb 20 01:27:51 2014
Microseconds : 866527
tid:918292224 client_interface.c:33
socket closed on _receive
Thu Feb 20 01:27:51 2014
Microseconds : 888437
tid:-1276627200 client_interface.c:33
socket closed on _receive
Thu Feb 20 01:27:51 2014
Microseconds : 908949
tid:-1261893888 client_interface.c:33
socket closed on _receive
Thu Feb 20 01:27:51 2014
Microseconds : 914392
tid:-1320016128 client_interface.c:33
socket closed on _receive
Thu Feb 20 01:27:51 2014
Microseconds : 929058
tid:895178496 client_interface.c:33
socket closed on _receive
Thu Feb 20 01:27:51 2014
Microseconds : 946441
tid:-1451399424 client_interface.c:33
socket closed on _receive
Thu Feb 20 01:27:51 2014
Microseconds : 951152
tid:-1264867584 client_interface.c:33
socket closed on _receive
Thu Feb 20 01:27:51 2014
Microseconds : 957433
tid:-1426934016 client_interface.c:33
socket closed on _receive
Thu Feb 20 01:27:51 2014
Microseconds : 992552
tid:-1340291328 client_interface.c:33
socket closed on _receive
Thu Feb 20 01:27:51 2014
Microseconds : 994718
tid:-1514658048 client_interface.c:33
socket closed on _receive
Thu Feb 20 01:27:51 2014
Microseconds : 995339
tid:-1368000768 client_interface.c:33
socket closed on _receive
Thu Feb 20 01:27:52 2014
Microseconds : 9667
tid:918968064 client_interface.c:33
socket closed on _receive
Thu Feb 20 01:27:52 2014
Microseconds : 40159
tid:-1366649088 client_interface.c:33
socket closed on _receive
Thu Feb 20 01:27:52 2014
Microseconds : 45267
tid:-1500870912 client_interface.c:33
socket closed on _receive
Thu Feb 20 01:27:52 2014
Microseconds : 50044
tid:-1302579456 client_interface.c:33
socket closed on _receive
Thu Feb 20 01:27:52 2014
Microseconds : 63157
tid:-1450318080 client_interface.c:33
socket closed on _receive
Thu Feb 20 01:27:52 2014
Microseconds : 73230
tid:-1367865600 client_interface.c:33
socket closed on _receive
Thu Feb 20 01:27:52 2014
Microseconds : 79155
tid:-1439234304 client_interface.c:33
socket closed on _receive
Thu Feb 20 01:27:52 2014
Microseconds : 88265
tid:874362624 client_interface.c:33
socket closed on _receive
Thu Feb 20 01:27:52 2014
Microseconds : 114673
tid:-1420310784 client_interface.c:33
socket closed on _receive
Thu Feb 20 01:27:52 2014
Microseconds : 130431
tid:-1473161472 client_interface.c:33
socket closed on _receive
Thu Feb 20 01:27:52 2014
Microseconds : 167464
tid:-1545746688 client_interface.c:33
socket closed on _receive
Thu Feb 20 01:27:52 2014
Microseconds : 181322
tid:-1270409472 client_interface.c:33
socket closed on _receive
Thu Feb 20 01:27:52 2014
Microseconds : 187719
tid:-1540204800 client_interface.c:33
socket closed on _receive
Thu Feb 20 01:27:52 2014
Microseconds : 189220
tid:915588864 client_interface.c:33
socket closed on _receive
Thu Feb 20 01:27:52 2014
Microseconds : 195763
tid:-1286899968 client_interface.c:33
socket closed on _receive
Thu Feb 20 01:27:52 2014
Microseconds : 199245
tid:-1371244800 client_interface.c:33
socket closed on _receive
Thu Feb 20 01:27:52 2014
Microseconds : 226067
tid:-1550207232 client_interface.c:33
socket closed on _receive
Thu Feb 20 01:27:52 2014
Microseconds : 254075
tid:-1545341184 client_interface.c:33
socket closed on _receive
Thu Feb 20 01:27:52 2014
Microseconds : 255824
tid:-1248512256 client_interface.c:33
socket closed on _receive
Thu Feb 20 01:27:52 2014
Microseconds : 331331
tid:-1408821504 client_interface.c:33
socket closed on _receive
Thu Feb 20 01:27:52 2014
Microseconds : 332776
tid:-1486272768 client_interface.c:33
socket closed on _receive
Thu Feb 20 01:27:52 2014
Microseconds : 363718
tid:-1261353216 client_interface.c:33
socket closed on _receive
Thu Feb 20 01:27:52 2014
Microseconds : 373737
tid:-1424230656 client_interface.c:33
socket closed on _receive
Thu Feb 20 01:27:52 2014
Microseconds : 377283
tid:915724032 client_interface.c:33
socket closed on _receive
Thu Feb 20 01:27:52 2014
Microseconds : 391799
tid:-1216882944 client_interface.c:33
socket closed on _receive
Thu Feb 20 01:27:52 2014
Microseconds : 413206
tid:-1328666880 client_interface.c:33
socket closed on _receive
Thu Feb 20 01:27:52 2014
Microseconds : 469095
tid:-1277032704 client_interface.c:33
socket closed on _receive
Thu Feb 20 01:27:52 2014
Microseconds : 473371
tid:-1513711872 client_interface.c:33
socket closed on _receive
Thu Feb 20 01:27:52 2014
Microseconds : 475198
tid:-1358809344 client_interface.c:33
socket closed on _receive
Thu Feb 20 01:27:52 2014
Microseconds : 489277
tid:-1251350784 client_interface.c:33
socket closed on _receive
Thu Feb 20 01:27:52 2014
Microseconds : 491734
tid:-1227966720 client_interface.c:33
socket closed on _receive
Thu Feb 20 01:27:52 2014
Microseconds : 496441
tid:-1285548288 client_interface.c:33
socket closed on _receive
Thu Feb 20 01:27:52 2014
Microseconds : 514557
tid:-1430989056 client_interface.c:33
socket closed on _receive
Thu Feb 20 01:27:52 2014
Microseconds : 516366
tid:-1387464960 client_interface.c:33
socket closed on _receive
Thu Feb 20 01:27:52 2014
Microseconds : 521058
tid:-1266354432 client_interface.c:33
socket closed on _receive
Thu Feb 20 01:27:52 2014
Microseconds : 559359
tid:-1426393344 client_interface.c:33
socket closed on _receive
Thu Feb 20 01:27:52 2014
Microseconds : 585761
tid:-1284061440 client_interface.c:33
socket closed on _receive
Thu Feb 20 01:27:52 2014
Microseconds : 600325
tid:-1349077248 client_interface.c:33
socket closed on _receive
Thu Feb 20 01:27:52 2014
Microseconds : 610323
tid:-1542097152 client_interface.c:33
socket closed on _receive
Thu Feb 20 01:27:52 2014
Microseconds : 622918
tid:-1306769664 client_interface.c:33
socket closed on _receive
Thu Feb 20 01:27:52 2014
Microseconds : 635488
tid:-1220937984 client_interface.c:33
socket closed on _receive
Thu Feb 20 01:27:52 2014
Microseconds : 646856
tid:-1423014144 client_interface.c:33
socket closed on _receive
Thu Feb 20 01:27:52 2014
Microseconds : 691298
tid:-1334479104 client_interface.c:33
socket closed on _receive
Thu Feb 20 01:27:52 2014
Microseconds : 724362
tid:-1486407936 client_interface.c:33
socket closed on _receive
Thu Feb 20 01:27:52 2014
Microseconds : 742280
tid:-1370028288 client_interface.c:33
socket closed on _receive
Thu Feb 20 01:27:52 2014
Microseconds : 760403
tid:-1357322496 client_interface.c:33
socket closed on _receive
Thu Feb 20 01:27:52 2014
Microseconds : 791969
tid:-1530878208 client_interface.c:33
socket closed on _receive
Thu Feb 20 01:27:52 2014
Microseconds : 816535
tid:919238400 client_interface.c:33
socket closed on _receive
Thu Feb 20 01:27:52 2014
Microseconds : 820269
tid:-1272166656 client_interface.c:33
socket closed on _receive
Thu Feb 20 01:27:52 2014
Microseconds : 840121
tid:-1516415232 client_interface.c:33
socket closed on _receive
Thu Feb 20 01:27:52 2014
Microseconds : 843870
tid:-1551423744 client_interface.c:33
socket closed on _receive
Thu Feb 20 01:27:52 2014
Microseconds : 862469
tid:905856768 client_interface.c:33
socket closed on _receive
Thu Feb 20 01:27:52 2014
Microseconds : 867460
tid:-1516144896 client_interface.c:33
socket closed on _receive
Thu Feb 20 01:27:52 2014
Microseconds : 868247
tid:-1272977664 client_interface.c:33
socket closed on _receive
Thu Feb 20 01:27:52 2014
Microseconds : 875405
tid:-1352321280 client_interface.c:33
socket closed on _receive
Thu Feb 20 01:27:52 2014
Microseconds : 894183
tid:-1449101568 client_interface.c:33
socket closed on _receive
Thu Feb 20 01:27:52 2014
Microseconds : 905230
tid:-1365162240 client_interface.c:33
socket closed on _receive
Thu Feb 20 01:27:52 2014
Microseconds : 944239
tid:-1539799296 client_interface.c:33
socket closed on _receive
Thu Feb 20 01:27:52 2014
Microseconds : 967328
tid:-1300551936 client_interface.c:33
socket closed on _receive
Thu Feb 20 01:27:52 2014
Microseconds : 992607
tid:908965632 client_interface.c:33
socket closed on _receive
Thu Feb 20 01:27:53 2014
Microseconds : 12128
tid:-1508034816 client_interface.c:33
socket closed on _receive
Thu Feb 20 01:27:53 2014
Microseconds : 20475
tid:-1400170752 client_interface.c:33
socket closed on _receive
Thu Feb 20 01:27:53 2014
Microseconds : 22170
tid:-1264462080 client_interface.c:33
socket closed on _receive
Thu Feb 20 01:27:53 2014
Microseconds : 60869
tid:-1485867264 client_interface.c:33
socket closed on _receive
Thu Feb 20 01:27:53 2014
Microseconds : 63813
tid:-1334884608 client_interface.c:33
socket closed on _receive
Thu Feb 20 01:27:53 2014
Microseconds : 69388
tid:-1543313664 client_interface.c:33
socket closed on _receive
Thu Feb 20 01:27:53 2014
Microseconds : 97878
tid:-1410984192 client_interface.c:33
socket closed on _receive
Thu Feb 20 01:27:53 2014
Microseconds : 112832
tid:911804160 client_interface.c:33
socket closed on _receive
Thu Feb 20 01:27:53 2014
Microseconds : 125254
tid:-1423825152 client_interface.c:33
socket closed on _receive
Thu Feb 20 01:27:53 2014
Microseconds : 133482
tid:-1246619904 client_interface.c:33
socket closed on _receive
Thu Feb 20 01:27:53 2014
Microseconds : 137226
tid:-1477622016 client_interface.c:33
socket closed on _receive
Thu Feb 20 01:27:53 2014
Microseconds : 156281
tid:-1242429696 client_interface.c:33
socket closed on _receive
Thu Feb 20 01:27:53 2014
Microseconds : 180735
tid:-1506412800 client_interface.c:33
socket closed on _receive
Thu Feb 20 01:27:53 2014
Microseconds : 202789
tid:-1290819840 client_interface.c:33
socket closed on _receive
Thu Feb 20 01:27:53 2014
Microseconds : 233992
tid:-1340156160 client_interface.c:33
socket closed on _receive
Thu Feb 20 01:27:53 2014
Microseconds : 242809
tid:-1312852224 client_interface.c:33
socket closed on _receive
Thu Feb 20 01:27:53 2014
Microseconds : 255157
tid:-1312987392 client_interface.c:33
socket closed on _receive
Thu Feb 20 01:27:53 2014
Microseconds : 257395
tid:-1370163456 client_interface.c:33
socket closed on _receive
Thu Feb 20 01:27:53 2014
Microseconds : 263786
tid:878282496 client_interface.c:33
socket closed on _receive
Thu Feb 20 01:27:53 2014
Microseconds : 265814
tid:-1252837632 client_interface.c:33
socket closed on _receive
Thu Feb 20 01:27:53 2014
Microseconds : 285313
tid:-1511954688 client_interface.c:33
socket closed on _receive
Thu Feb 20 01:27:53 2014
Microseconds : 311827
tid:-1298524416 client_interface.c:33
socket closed on _receive
Thu Feb 20 01:27:53 2014
Microseconds : 325017
tid:-1437477120 client_interface.c:33
socket closed on _receive
Thu Feb 20 01:27:53 2014
Microseconds : 364026
tid:-1363405056 client_interface.c:33
socket closed on _receive
Thu Feb 20 01:27:53 2014
Microseconds : 389733
tid:-1266219264 client_interface.c:33
socket closed on _receive
Thu Feb 20 01:27:53 2014
Microseconds : 400609
tid:-1385167104 client_interface.c:33
socket closed on _receive
Thu Feb 20 01:27:53 2014
Microseconds : 412284
tid:-1454913792 client_interface.c:33
socket closed on _receive
Thu Feb 20 01:27:53 2014
Microseconds : 413643
tid:-1472620800 client_interface.c:33
socket closed on _receive
Thu Feb 20 01:27:53 2014
Microseconds : 420705
tid:-1355565312 client_interface.c:33
socket closed on _receive
Thu Feb 20 01:27:53 2014
Microseconds : 444658
tid:-1252702464 client_interface.c:33
socket closed on _receive
Thu Feb 20 01:27:53 2014
Microseconds : 448029
tid:-1499924736 client_interface.c:33
socket closed on _receive
Thu Feb 20 01:27:53 2014
Microseconds : 456957
tid:-1286224128 client_interface.c:33
socket closed on _receive
Thu Feb 20 01:27:53 2014
Microseconds : 476973
tid:-1483974912 client_interface.c:33
socket closed on _receive
Thu Feb 20 01:27:53 2014
Microseconds : 500748
tid:-1546963200 client_interface.c:33
socket closed on _receive
Thu Feb 20 01:27:53 2014
Microseconds : 501718
tid:-1292712192 client_interface.c:33
socket closed on _receive
Thu Feb 20 01:27:53 2014
Microseconds : 511518
tid:-1531689216 client_interface.c:33
socket closed on _receive
Thu Feb 20 01:27:53 2014
Microseconds : 565379
tid:-1238239488 client_interface.c:33
socket closed on _receive
Thu Feb 20 01:27:53 2014
Microseconds : 580631
tid:900179712 client_interface.c:33
socket closed on _receive
Thu Feb 20 01:27:53 2014
Microseconds : 588364
tid:-1226615040 client_interface.c:33
socket closed on _receive
Thu Feb 20 01:27:53 2014
Microseconds : 598530
tid:-1269733632 client_interface.c:33
socket closed on _receive
Thu Feb 20 01:27:53 2014
Microseconds : 609627
tid:-1299876096 client_interface.c:33
socket closed on _receive
Thu Feb 20 01:27:53 2014
Microseconds : 618603
tid:-1481406720 client_interface.c:33
socket closed on _receive
Thu Feb 20 01:27:53 2014
Microseconds : 623665
tid:898692864 client_interface.c:33
socket closed on _receive
Thu Feb 20 01:27:53 2014
Microseconds : 637761
tid:-1547368704 client_interface.c:33
socket closed on _receive
Thu Feb 20 01:27:53 2014
Microseconds : 640366
tid:-1362999552 client_interface.c:33
socket closed on _receive
Thu Feb 20 01:27:53 2014
Microseconds : 649076
tid:-1356511488 client_interface.c:33
socket closed on _receive
Thu Feb 20 01:27:53 2014
Microseconds : 654634
tid:-1358539008 client_interface.c:33
socket closed on _receive
Thu Feb 20 01:27:53 2014
Microseconds : 664599
tid:-1398819072 client_interface.c:33
socket closed on _receive
Thu Feb 20 01:27:53 2014
Microseconds : 667645
tid:-1418418432 client_interface.c:33
socket closed on _receive
Thu Feb 20 01:27:53 2014
Microseconds : 673462
tid:-1347455232 client_interface.c:33
socket closed on _receive
Thu Feb 20 01:27:53 2014
Microseconds : 676052
tid:-1325558016 client_interface.c:33
socket closed on _receive
Thu Feb 20 01:27:53 2014
Microseconds : 714221
tid:-1406523648 client_interface.c:33
socket closed on _receive
Thu Feb 20 01:27:53 2014
Microseconds : 743016
tid:909371136 client_interface.c:33
socket closed on _receive
Thu Feb 20 01:27:53 2014
Microseconds : 763960
tid:-1310824704 client_interface.c:33
socket closed on _receive
Thu Feb 20 01:27:53 2014
Microseconds : 793444
tid:-1343535360 client_interface.c:33
socket closed on _receive
Thu Feb 20 01:27:53 2014
Microseconds : 799384
tid:-1269328128 client_interface.c:33
socket closed on _receive
Thu Feb 20 01:27:53 2014
Microseconds : 799384
tid:-1281358080 client_interface.c:33
socket closed on _receive
Thu Feb 20 01:27:53 2014
Microseconds : 809849
tid:-1471404288 client_interface.c:33
socket closed on _receive
Thu Feb 20 01:27:53 2014
Microseconds : 826687
tid:-1458022656 client_interface.c:33
socket closed on _receive
Thu Feb 20 01:27:53 2014
Microseconds : 829000
tid:-1370298624 client_interface.c:33
socket closed on _receive
Thu Feb 20 01:27:53 2014
Microseconds : 833213
tid:-1437341952 client_interface.c:33
socket closed on _receive
Thu Feb 20 01:27:53 2014
Microseconds : 838465
tid:-1402738944 client_interface.c:33
socket closed on _receive
Thu Feb 20 01:27:53 2014
Microseconds : 843841
tid:-1267976448 client_interface.c:33
socket closed on _receive
Thu Feb 20 01:27:53 2014
Microseconds : 863973
tid:920725248 client_interface.c:33
socket closed on _receive
Thu Feb 20 01:27:53 2014
Microseconds : 898518
tid:-1447749888 client_interface.c:33
socket closed on _receive
Thu Feb 20 01:27:53 2014
Microseconds : 916989
tid:-1535338752 client_interface.c:33
socket closed on _receive
Thu Feb 20 01:27:53 2014
Microseconds : 925928
tid:-1396250880 client_interface.c:33
socket closed on _receive
Thu Feb 20 01:27:53 2014
Microseconds : 928574
tid:941479680 client_interface.c:33
socket closed on _receive
Thu Feb 20 01:27:53 2014
Microseconds : 928807
tid:-1489246464 client_interface.c:33
socket closed on _receive
Thu Feb 20 01:27:53 2014
Microseconds : 934732
tid:-1524390144 client_interface.c:33
socket closed on _receive
Thu Feb 20 01:27:53 2014
Microseconds : 937829
tid:-1435584768 client_interface.c:33
socket closed on _receive
Thu Feb 20 01:27:53 2014
Microseconds : 976493
tid:892745472 client_interface.c:33
socket closed on _receive
Thu Feb 20 01:27:53 2014
Microseconds : 978215
tid:-1287981312 client_interface.c:33
socket closed on _receive
Thu Feb 20 01:27:53 2014
Microseconds : 979829
tid:879769344 client_interface.c:33
socket closed on _receive
Thu Feb 20 01:27:53 2014
Microseconds : 987063
tid:-1534527744 client_interface.c:33
socket closed on _receive
Thu Feb 20 01:27:53 2014
Microseconds : 992847
tid:-1277573376 client_interface.c:33
socket closed on _receive
Thu Feb 20 01:27:53 2014
Microseconds : 3430
tid:-1234454784 client_interface.c:33
socket closed on _receive
Thu Feb 20 01:27:54 2014
Microseconds : 19492
tid:-1413146880 client_interface.c:33
socket closed on _receive
Thu Feb 20 01:27:54 2014
Microseconds : 40202
tid:894232320 client_interface.c:33
socket closed on _receive
Thu Feb 20 01:27:54 2014
Microseconds : 42841
tid:-1394493696 client_interface.c:33
socket closed on _receive
Thu Feb 20 01:27:54 2014
Microseconds : 69054
tid:-1216207104 client_interface.c:33
socket closed on _receive
Thu Feb 20 01:27:54 2014
Microseconds : 116645
tid:-1371379968 client_interface.c:33
socket closed on _receive
Thu Feb 20 01:27:54 2014
Microseconds : 116896
tid:921536256 client_interface.c:33
socket closed on _receive
Thu Feb 20 01:27:54 2014
Microseconds : 132367
tid:-1373948160 client_interface.c:33
socket closed on _receive
Thu Feb 20 01:27:54 2014
Microseconds : 137281
tid:-1475729664 client_interface.c:33
socket closed on _receive
Thu Feb 20 01:27:54 2014
Microseconds : 142141
tid:-1362458880 client_interface.c:33
socket closed on _receive
Thu Feb 20 01:27:54 2014
Microseconds : 195669
tid:-1514252544 client_interface.c:33
socket closed on _receive
Thu Feb 20 01:27:54 2014
Microseconds : 206476
tid:-1436801280 client_interface.c:33
socket closed on _receive
Thu Feb 20 01:27:54 2014
Microseconds : 215009
tid:-1217153280 client_interface.c:33
socket closed on _receive
Thu Feb 20 01:27:54 2014
Microseconds : 215347
tid:925456128 client_interface.c:33
socket closed on _receive
Thu Feb 20 01:27:54 2014
Microseconds : 216201
tid:-1463970048 client_interface.c:33
socket closed on _receive
Thu Feb 20 01:27:54 2014
Microseconds : 274855
tid:-1328802048 client_interface.c:33
socket closed on _receive
Thu Feb 20 01:27:54 2014
Microseconds : 277827
tid:-1383680256 client_interface.c:33
socket closed on _receive
Thu Feb 20 01:27:54 2014
Microseconds : 297789
tid:878958336 client_interface.c:33
socket closed on _receive
Thu Feb 20 01:27:54 2014
Microseconds : 360532
tid:-1321097472 client_interface.c:33
socket closed on _receive
Thu Feb 20 01:27:54 2014
Microseconds : 366659
tid:912074496 client_interface.c:33
socket closed on _receive
Thu Feb 20 01:27:54 2014
Microseconds : 371157
tid:-1524660480 client_interface.c:33
socket closed on _receive
Thu Feb 20 01:27:54 2014
Microseconds : 395311
tid:875849472 client_interface.c:33
socket closed on _receive
Thu Feb 20 01:27:54 2014
Microseconds : 404467
tid:-1485191424 client_interface.c:33
socket closed on _receive
Thu Feb 20 01:27:54 2014
Microseconds : 435614
tid:-1443830016 client_interface.c:33
socket closed on _receive
Thu Feb 20 01:27:54 2014
Microseconds : 452113
tid:-1528580352 client_interface.c:33
socket closed on _receive
Thu Feb 20 01:27:54 2014
Microseconds : 463078
tid:-1255000320 client_interface.c:33
socket closed on _receive
Thu Feb 20 01:27:54 2014
Microseconds : 481478
tid:-1262975232 client_interface.c:33
socket closed on _receive
Thu Feb 20 01:27:54 2014
Microseconds : 485858
tid:876254976 client_interface.c:33
socket closed on _receive
Thu Feb 20 01:27:54 2014
Microseconds : 492962
tid:-1462077696 client_interface.c:33
socket closed on _receive
Thu Feb 20 01:27:54 2014
Microseconds : 495229
tid:-1332857088 client_interface.c:33
socket closed on _receive
Thu Feb 20 01:27:54 2014
Microseconds : 532265
tid:-1240267008 client_interface.c:33
socket closed on _receive
Thu Feb 20 01:27:54 2014
Microseconds : 539500
tid:-1275005184 client_interface.c:33
socket closed on _receive
Thu Feb 20 01:27:54 2014
Microseconds : 542993
tid:-1330829568 client_interface.c:33
socket closed on _receive
Thu Feb 20 01:27:54 2014
Microseconds : 546616
tid:-1236076800 client_interface.c:33
socket closed on _receive
Thu Feb 20 01:27:54 2014
Microseconds : 554826
tid:-1537501440 client_interface.c:33
socket closed on _receive
Thu Feb 20 01:27:54 2014
Microseconds : 568869
tid:-1508710656 client_interface.c:33
socket closed on _receive
Thu Feb 20 01:27:54 2014
Microseconds : 573038
tid:875714304 client_interface.c:33
socket closed on _receive
Thu Feb 20 01:27:54 2014
Microseconds : 579334
tid:-1339480320 client_interface.c:33
socket closed on _receive
Thu Feb 20 01:27:54 2014
Microseconds : 585837
tid:-1315285248 client_interface.c:33
socket closed on _receive
Thu Feb 20 01:27:54 2014
Microseconds : 607838
tid:-1319880960 client_interface.c:33
socket closed on _receive
Thu Feb 20 01:27:54 2014
Microseconds : 609865
tid:-1518037248 client_interface.c:33
socket closed on _receive
Thu Feb 20 01:27:54 2014
Microseconds : 626750
tid:-1240537344 client_interface.c:33
socket closed on _receive
Thu Feb 20 01:27:54 2014
Microseconds : 630546
tid:-1333397760 client_interface.c:33
socket closed on _receive
Thu Feb 20 01:27:54 2014
Microseconds : 651745
tid:-1373001984 client_interface.c:33
socket closed on _receive
Thu Feb 20 01:27:54 2014
Microseconds : 662175
tid:920590080 client_interface.c:33
socket closed on _receive
Thu Feb 20 01:27:54 2014
Microseconds : 666991
tid:-1479649536 client_interface.c:33
socket closed on _receive
Thu Feb 20 01:27:54 2014
Microseconds : 670246
tid:-1419499776 client_interface.c:33
socket closed on _receive
Thu Feb 20 01:27:54 2014
Microseconds : 672024
tid:-1303525632 client_interface.c:33
socket closed on _receive
Thu Feb 20 01:27:54 2014
Microseconds : 692045
tid:-1530202368 client_interface.c:33
socket closed on _receive
Thu Feb 20 01:27:54 2014
Microseconds : 705442
tid:-1402603776 client_interface.c:33
socket closed on _receive
Thu Feb 20 01:27:54 2014
Microseconds : 719906
tid:-1319069952 client_interface.c:33
socket closed on _receive
Thu Feb 20 01:27:54 2014
Microseconds : 735257
tid:-1461266688 client_interface.c:33
socket closed on _receive
Thu Feb 20 01:27:54 2014
Microseconds : 780911
tid:-1270274304 client_interface.c:33
socket closed on _receive
Thu Feb 20 01:27:54 2014
Microseconds : 781018
tid:-1244592384 client_interface.c:33
socket closed on _receive
Thu Feb 20 01:27:54 2014
Microseconds : 789802
tid:-1360701696 client_interface.c:33
socket closed on _receive
Thu Feb 20 01:27:54 2014
Microseconds : 803702
tid:-1301903616 client_interface.c:33
socket closed on _receive
Thu Feb 20 01:27:54 2014
Microseconds : 804494
tid:-1304066304 client_interface.c:33
socket closed on _receive
Thu Feb 20 01:27:54 2014
Microseconds : 808981
tid:-1474918656 client_interface.c:33
socket closed on _receive
Thu Feb 20 01:27:54 2014
Microseconds : 828989
tid:908154624 client_interface.c:33
socket closed on _receive
Thu Feb 20 01:27:54 2014
Microseconds : 861331
tid:924104448 client_interface.c:33
socket closed on _receive
Thu Feb 20 01:27:54 2014
Microseconds : 862568
tid:-1405712640 client_interface.c:33
socket closed on _receive
Thu Feb 20 01:27:54 2014
Microseconds : 879050
tid:-1442748672 client_interface.c:33
socket closed on _receive
Thu Feb 20 01:27:54 2014
Microseconds : 894798
tid:-1345698048 client_interface.c:33
socket closed on _receive
Thu Feb 20 01:27:54 2014
Microseconds : 906669
tid:-1434368256 client_interface.c:33
socket closed on _receive
Thu Feb 20 01:27:54 2014
Microseconds : 936101
tid:912209664 client_interface.c:33
socket closed on _receive
Thu Feb 20 01:27:54 2014
Microseconds : 948575
tid:-1233914112 client_interface.c:33
socket closed on _receive
Thu Feb 20 01:27:54 2014
Microseconds : 962607
tid:-1447209216 client_interface.c:33
socket closed on _receive
Thu Feb 20 01:27:54 2014
Microseconds : 986151
tid:917616384 client_interface.c:33
socket closed on _receive
Thu Feb 20 01:27:54 2014
Microseconds : 996811
tid:-1404901632 client_interface.c:33
socket closed on _receive
Thu Feb 20 01:27:55 2014
Microseconds : 15653
tid:-1317447936 client_interface.c:33
socket closed on _receive
Thu Feb 20 01:27:55 2014
Microseconds : 31701
tid:-1290008832 client_interface.c:33
socket closed on _receive
Thu Feb 20 01:27:55 2014
Microseconds : 33391
tid:-1534122240 client_interface.c:33
socket closed on _receive
Thu Feb 20 01:27:55 2014
Microseconds : 71882
tid:-1427069184 client_interface.c:33
socket closed on _receive
Thu Feb 20 01:27:55 2014
Microseconds : 87324
tid:-1423960320 client_interface.c:33
socket closed on _receive
Thu Feb 20 01:27:55 2014
Microseconds : 95954
tid:-1509116160 client_interface.c:33
socket closed on _receive
Thu Feb 20 01:27:55 2014
Microseconds : 119011
tid:-1322178816 client_interface.c:33
socket closed on _receive
Thu Feb 20 01:27:55 2014
Microseconds : 128778
tid:-1275816192 client_interface.c:33
socket closed on _receive
Thu Feb 20 01:27:55 2014
Microseconds : 132927
tid:-1425312000 client_interface.c:33
socket closed on _receive
Thu Feb 20 01:27:55 2014
Microseconds : 133443
tid:-1323395328 client_interface.c:33
socket closed on _receive
Thu Feb 20 01:27:55 2014
Microseconds : 142445
tid:-1215801600 client_interface.c:33
socket closed on _receive
Thu Feb 20 01:27:55 2014
Microseconds : 146993
tid:919779072 client_interface.c:33
socket closed on _receive
Thu Feb 20 01:27:55 2014
Microseconds : 149273
tid:-1237428480 client_interface.c:33
socket closed on _receive
Thu Feb 20 01:27:55 2014
Microseconds : 149936
tid:-1416390912 client_interface.c:33
socket closed on _receive
Thu Feb 20 01:27:55 2014
Microseconds : 151777
tid:-1286764800 client_interface.c:33
socket closed on _receive
Thu Feb 20 01:27:55 2014
Microseconds : 161223
tid:-1504655616 client_interface.c:33
socket closed on _receive
Thu Feb 20 01:27:55 2014
Microseconds : 171150
tid:-1519524096 client_interface.c:33
socket closed on _receive
Thu Feb 20 01:27:55 2014
Microseconds : 191181
tid:-1510738176 client_interface.c:33
socket closed on _receive
Thu Feb 20 01:27:55 2014
Microseconds : 195091
tid:-1449371904 client_interface.c:33
socket closed on _receive
Thu Feb 20 01:27:55 2014
Microseconds : 214584
tid:907884288 client_interface.c:33
socket closed on _receive
Thu Feb 20 01:27:55 2014
Microseconds : 227433
tid:897206016 client_interface.c:33
socket closed on _receive
Thu Feb 20 01:27:55 2014
Microseconds : 245856
tid:-1305958656 client_interface.c:33
socket closed on _receive
Thu Feb 20 01:27:55 2014
Microseconds : 275320
tid:-1307986176 client_interface.c:33
socket closed on _receive
Thu Feb 20 01:27:55 2014
Microseconds : 306066
tid:-1208908032 client_interface.c:33
socket closed on _receive
Thu Feb 20 01:27:55 2014
Microseconds : 332469
tid:-1518172416 client_interface.c:33
socket closed on _receive
Thu Feb 20 01:27:55 2014
Microseconds : 333191
tid:880174848 client_interface.c:33
socket closed on _receive
Thu Feb 20 01:27:55 2014
Microseconds : 339720
tid:878147328 client_interface.c:33
socket closed on _receive
Thu Feb 20 01:27:55 2014
Microseconds : 353888
tid:-1409362176 client_interface.c:33
socket closed on _receive
Thu Feb 20 01:27:55 2014
Microseconds : 360208
tid:913561344 client_interface.c:33
socket closed on _receive
Thu Feb 20 01:27:55 2014
Microseconds : 394676
tid:-1307175168 client_interface.c:33
socket closed on _receive
Thu Feb 20 01:27:55 2014
Microseconds : 396005
tid:-1329342720 client_interface.c:33
socket closed on _receive
Thu Feb 20 01:27:55 2014
Microseconds : 431138
tid:-1215531264 client_interface.c:33
socket closed on _receive
Thu Feb 20 01:27:55 2014
Microseconds : 433028
tid:-1324476672 client_interface.c:33
socket closed on _receive
Thu Feb 20 01:27:55 2014
Microseconds : 450936
tid:-1438017792 client_interface.c:33
socket closed on _receive
Thu Feb 20 01:27:55 2014
Microseconds : 459202
tid:-1370433792 client_interface.c:33
socket closed on _receive
Thu Feb 20 01:27:55 2014
Microseconds : 460662
tid:-1221748992 client_interface.c:33
socket closed on _receive
Thu Feb 20 01:27:55 2014
Microseconds : 463146
tid:-1339209984 client_interface.c:33
socket closed on _receive
Thu Feb 20 01:27:55 2014
Microseconds : 551679
tid:-1344887040 client_interface.c:33
socket closed on _receive
Thu Feb 20 01:27:55 2014
Microseconds : 593227
tid:-1449507072 client_interface.c:33
socket closed on _receive
Thu Feb 20 01:27:55 2014
Microseconds : 594729
tid:902207232 client_interface.c:33
socket closed on _receive
Thu Feb 20 01:27:55 2014
Microseconds : 617652
tid:-1451669760 client_interface.c:33
socket closed on _receive
Thu Feb 20 01:27:55 2014
Microseconds : 643913
tid:-1385302272 client_interface.c:33
socket closed on _receive
Thu Feb 20 01:27:55 2014
Microseconds : 657661
tid:-1441667328 client_interface.c:33
socket closed on _receive
Thu Feb 20 01:27:55 2014
Microseconds : 668566
tid:905316096 client_interface.c:33
socket closed on _receive
Thu Feb 20 01:27:55 2014
Microseconds : 671137
tid:-1383950592 client_interface.c:33
socket closed on _receive
Thu Feb 20 01:27:55 2014
Microseconds : 742270
tid:-1217829120 client_interface.c:33
socket closed on _receive
Thu Feb 20 01:27:55 2014
Microseconds : 762492
tid:-1485461760 client_interface.c:33
socket closed on _receive
Thu Feb 20 01:27:55 2014
Microseconds : 763175
tid:-1513982208 client_interface.c:33
socket closed on _receive
Thu Feb 20 01:27:55 2014
Microseconds : 798638
tid:-1431800064 client_interface.c:33
socket closed on _receive
Thu Feb 20 01:27:55 2014
Microseconds : 810895
tid:922076928 client_interface.c:33
socket closed on _receive
Thu Feb 20 01:27:55 2014
Microseconds : 827183
tid:-1390033152 client_interface.c:33
socket closed on _receive
Thu Feb 20 01:27:55 2014
Microseconds : 850879
tid:875984640 client_interface.c:33
socket closed on _receive
Thu Feb 20 01:27:55 2014
Microseconds : 864042
tid:-1542232320 client_interface.c:33
socket closed on _receive
Thu Feb 20 01:27:55 2014
Microseconds : 894850
tid:-1435179264 client_interface.c:33
socket closed on _receive
Thu Feb 20 01:27:55 2014
Microseconds : 895601
tid:892880640 client_interface.c:33
socket closed on _receive
Thu Feb 20 01:27:55 2014
Microseconds : 898035
tid:-1253378304 client_interface.c:33
socket closed on _receive
Thu Feb 20 01:27:55 2014
Microseconds : 916607
tid:895313664 client_interface.c:33
socket closed on _receive
Thu Feb 20 01:27:55 2014
Microseconds : 941453
tid:-1378543872 client_interface.c:33
socket closed on _receive
Thu Feb 20 01:27:55 2014
Microseconds : 945721
tid:-1425987840 client_interface.c:33
socket closed on _receive
Thu Feb 20 01:27:55 2014
Microseconds : 973526
tid:-1388546304 client_interface.c:33
socket closed on _receive
Thu Feb 20 01:27:55 2014
Microseconds : 981790
tid:-1289603328 client_interface.c:33
socket closed on _receive
Thu Feb 20 01:27:55 2014
Microseconds : 984962
tid:925726464 client_interface.c:33
socket closed on _receive
Thu Feb 20 01:27:55 2014
Microseconds : 985682
tid:-1342589184 client_interface.c:33
socket closed on _receive
Thu Feb 20 01:27:55 2014
Microseconds : 4581
tid:-1483028736 client_interface.c:33
socket closed on _receive
Thu Feb 20 01:27:56 2014
Microseconds : 12659
tid:-1422338304 client_interface.c:33
socket closed on _receive
Thu Feb 20 01:27:56 2014
Microseconds : 15267
tid:891123456 client_interface.c:33
socket closed on _receive
Thu Feb 20 01:27:56 2014
Microseconds : 23041
tid:-1462483200 client_interface.c:33
socket closed on _receive
Thu Feb 20 01:27:56 2014
Microseconds : 24751
tid:-1496140032 client_interface.c:33
socket closed on _receive
Thu Feb 20 01:27:56 2014
Microseconds : 76113
tid:-1353672960 client_interface.c:33
socket closed on _receive
Thu Feb 20 01:27:56 2014
Microseconds : 77316
tid:942425856 client_interface.c:33
socket closed on _receive
Thu Feb 20 01:27:56 2014
Microseconds : 85841
tid:-1219045632 client_interface.c:33
socket closed on _receive
Thu Feb 20 01:27:56 2014
Microseconds : 97544
tid:-1220532480 client_interface.c:33
socket closed on _receive
Thu Feb 20 01:27:56 2014
Microseconds : 123308
tid:-1254865152 client_interface.c:33
socket closed on _receive
Thu Feb 20 01:27:56 2014
Microseconds : 136324
tid:-1498302720 client_interface.c:33
socket closed on _receive
Thu Feb 20 01:27:56 2014
Microseconds : 140952
tid:-1242159360 client_interface.c:33
socket closed on _receive
Thu Feb 20 01:27:56 2014
Microseconds : 150077
tid:-1540745472 client_interface.c:33
socket closed on _receive
Thu Feb 20 01:27:56 2014
Microseconds : 150665
tid:-1468971264 client_interface.c:33
socket closed on _receive
Thu Feb 20 01:27:56 2014
Microseconds : 166595
tid:-1368406272 client_interface.c:33
socket closed on _receive
Thu Feb 20 01:27:56 2014
Microseconds : 197962
tid:-1491679488 client_interface.c:33
socket closed on _receive
Thu Feb 20 01:27:56 2014
Microseconds : 200365
tid:-1431124224 client_interface.c:33
socket closed on _receive
Thu Feb 20 01:27:56 2014
Microseconds : 232527
tid:-1493301504 client_interface.c:33
socket closed on _receive
Thu Feb 20 01:27:56 2014
Microseconds : 234595
tid:-1271896320 client_interface.c:33
socket closed on _receive
Thu Feb 20 01:27:56 2014
Microseconds : 347760
tid:-1225533696 client_interface.c:33
socket closed on _receive
Thu Feb 20 01:27:56 2014
Microseconds : 370273
tid:-1435990272 client_interface.c:33
socket closed on _receive
Thu Feb 20 01:27:56 2014
Microseconds : 386003
tid:-1400035584 client_interface.c:33
socket closed on _receive
Thu Feb 20 01:27:56 2014
Microseconds : 430922
tid:-1464781056 client_interface.c:33
socket closed on _receive
Thu Feb 20 01:27:56 2014
Microseconds : 437638
tid:-1316772096 client_interface.c:33
socket closed on _receive
Thu Feb 20 01:27:56 2014
Microseconds : 457291
tid:-1238374656 client_interface.c:33
socket closed on _receive
Thu Feb 20 01:27:56 2014
Microseconds : 464144
tid:-1364891904 client_interface.c:33
socket closed on _receive
Thu Feb 20 01:27:56 2014
Microseconds : 469326
tid:-1383815424 client_interface.c:33
socket closed on _receive
Thu Feb 20 01:27:56 2014
Microseconds : 522993
tid:877876992 client_interface.c:33
socket closed on _receive
Thu Feb 20 01:27:56 2014
Microseconds : 554279
tid:-1463564544 client_interface.c:33
socket closed on _receive
Thu Feb 20 01:27:56 2014
Microseconds : 556205
tid:-1527363840 client_interface.c:33
socket closed on _receive
Thu Feb 20 01:27:56 2014
Microseconds : 569251
tid:-1434908928 client_interface.c:33
socket closed on _receive
Thu Feb 20 01:27:56 2014
Microseconds : 569671
tid:-1533446400 client_interface.c:33
socket closed on _receive
Thu Feb 20 01:27:56 2014
Microseconds : 579026
tid:-1528850688 client_interface.c:33
socket closed on _receive
Thu Feb 20 01:27:56 2014
Microseconds : 579274
tid:-1538177280 client_interface.c:33
socket closed on _receive
Thu Feb 20 01:27:56 2014
Microseconds : 588543
tid:-1418148096 client_interface.c:33
socket closed on _receive
Thu Feb 20 01:27:56 2014
Microseconds : 606490
tid:-1402468608 client_interface.c:33
socket closed on _receive
Thu Feb 20 01:27:56 2014
Microseconds : 636039
tid:-1422203136 client_interface.c:33
socket closed on _receive
Thu Feb 20 01:27:56 2014
Microseconds : 641448
tid:-1255540992 client_interface.c:33
socket closed on _receive
Thu Feb 20 01:27:56 2014
Microseconds : 685159
tid:929511168 client_interface.c:33
socket closed on _receive
Thu Feb 20 01:27:56 2014
Microseconds : 698516
tid:-1289468160 client_interface.c:33
socket closed on _receive
Thu Feb 20 01:27:56 2014
Microseconds : 725264
tid:-1433692416 client_interface.c:33
socket closed on _receive
Thu Feb 20 01:27:56 2014
Microseconds : 725478
tid:-1354483968 client_interface.c:33
socket closed on _receive
Thu Feb 20 01:27:56 2014
Microseconds : 725534
tid:915859200 client_interface.c:33
socket closed on _receive
Thu Feb 20 01:27:56 2014
Microseconds : 738230
tid:-1412606208 client_interface.c:33
socket closed on _receive
Thu Feb 20 01:27:56 2014
Microseconds : 740192
tid:-1446668544 client_interface.c:33
socket closed on _receive
Thu Feb 20 01:27:56 2014
Microseconds : 776695
tid:888284928 client_interface.c:33
socket closed on _receive
Thu Feb 20 01:27:56 2014
Microseconds : 783325
tid:899503872 client_interface.c:33
socket closed on _receive
Thu Feb 20 01:27:56 2014
Microseconds : 798087
tid:-1497762048 client_interface.c:33
socket closed on _receive
Thu Feb 20 01:27:56 2014
Microseconds : 800670
tid:886662912 client_interface.c:33
socket closed on _receive
Thu Feb 20 01:27:56 2014
Microseconds : 822391
tid:-1452345600 client_interface.c:33
socket closed on _receive
Thu Feb 20 01:27:56 2014
Microseconds : 823450
tid:-1522903296 client_interface.c:33
socket closed on _receive
Thu Feb 20 01:27:56 2014
Microseconds : 850737
tid:-1319340288 client_interface.c:33
socket closed on _receive
Thu Feb 20 01:27:56 2014
Microseconds : 853841
tid:-1496680704 client_interface.c:33
socket closed on _receive
Thu Feb 20 01:27:56 2014
Microseconds : 911645
tid:-1315420416 client_interface.c:33
socket closed on _receive
Thu Feb 20 01:27:56 2014
Microseconds : 911645
tid:-1499384064 client_interface.c:33
socket closed on _receive
Thu Feb 20 01:27:56 2014
Microseconds : 932117
tid:-1236482304 client_interface.c:33
socket closed on _receive
Thu Feb 20 01:27:56 2014
Microseconds : 941443
tid:-1229453568 client_interface.c:33
socket closed on _receive
Thu Feb 20 01:27:56 2014
Microseconds : 983306
tid:-1494788352 client_interface.c:33
socket closed on _receive
Thu Feb 20 01:27:57 2014
Microseconds : 4076
tid:915453696 client_interface.c:33
socket closed on _receive
