Wed Feb 26 02:24:00 2014
tid:570464000 /home/htmsql/develop/mysql/dbt2++/dbt2/src/db.c:186
Cannot execute_credit_check since the code does not exist
Wed Feb 26 02:24:04 2014
tid:573273856 /home/htmsql/develop/mysql/dbt2++/dbt2/src/db.c:186
Cannot execute_credit_check since the code does not exist
Wed Feb 26 02:24:11 2014
tid:564041472 /home/htmsql/develop/mysql/dbt2++/dbt2/src/db.c:186
Cannot execute_credit_check since the code does not exist
Wed Feb 26 02:24:11 2014
tid:564041472 /home/htmsql/develop/mysql/dbt2++/dbt2/src/mysql/dbc_common.c:97
ROLLBACK INITIATED

Wed Feb 26 02:24:11 2014
tid:573273856 /home/htmsql/develop/mysql/dbt2++/dbt2/src/db.c:186
Cannot execute_credit_check since the code does not exist
Wed Feb 26 02:24:16 2014
tid:561633024 /home/htmsql/develop/mysql/dbt2++/dbt2/src/db.c:186
Cannot execute_credit_check since the code does not exist
Wed Feb 26 02:24:16 2014
tid:561633024 /home/htmsql/develop/mysql/dbt2++/dbt2/src/mysql/dbc_common.c:97
ROLLBACK INITIATED

Wed Feb 26 02:24:16 2014
tid:571668224 /home/htmsql/develop/mysql/dbt2++/dbt2/src/mysql/dbc_new_order.c:108
NEW_ORDER ROLLBACK RC 1

Wed Feb 26 02:24:16 2014
tid:571668224 /home/htmsql/develop/mysql/dbt2++/dbt2/src/mysql/dbc_common.c:97
ROLLBACK INITIATED

Wed Feb 26 02:24:21 2014
tid:572872448 /home/htmsql/develop/mysql/dbt2++/dbt2/src/db.c:186
Cannot execute_credit_check since the code does not exist
Wed Feb 26 02:24:28 2014
tid:564041472 /home/htmsql/develop/mysql/dbt2++/dbt2/src/db.c:186
Cannot execute_credit_check since the code does not exist
Wed Feb 26 02:24:52 2014
tid:615220992 /home/htmsql/develop/mysql/dbt2++/dbt2/src/db.c:186
Cannot execute_credit_check since the code does not exist
Wed Feb 26 02:24:55 2014
tid:614954752 /home/htmsql/develop/mysql/dbt2++/dbt2/src/db.c:186
Cannot execute_credit_check since the code does not exist
Wed Feb 26 02:25:02 2014
tid:564844288 /home/htmsql/develop/mysql/dbt2++/dbt2/src/db.c:186
Cannot execute_credit_check since the code does not exist
Wed Feb 26 02:25:03 2014
tid:557090560 /home/htmsql/develop/mysql/dbt2++/dbt2/src/db.c:186
Cannot execute_credit_check since the code does not exist
Wed Feb 26 02:25:07 2014
tid:562034432 /home/htmsql/develop/mysql/dbt2++/dbt2/src/db.c:186
Cannot execute_credit_check since the code does not exist
