connecting to client at 'localhost'
connecting to client port at '30000'

database table cardinalities:
warehouses = 4
districts = 10
customers = 3000
items = 100000
orders = 3000
stock = 100000
new-orders = 900

transaction mix:
new-order mix 0.09
payment mix 0.08
order-status mix 0.38
delivery mix 0.04
stock-level mix 0.38
credit-check mix 0.04

transaction thresholds:
new-order threshold 0.09
payment threshold 0.17
order-status threshold 0.54
delivery threshold 0.58
stock-level threshold 0.96
credit-check threshold 1.00

delivery keying time 2 s
new_order keying time 18 s
order-status keying time 2 s
payment keying time 3 s
stock-level keying time 2 s
credit-check keying time 2 s

delivery thinking time 5000 ms
new_order thinking time 12000 ms
order-status thinking time 10000 ms
payment thinking time 12000 ms
stock-level thinking time 5000 ms
credit-check thinking time 5000 ms

w_id range 1 to 4

10 terminals per warehouse

150 second steady state duration

driver is starting to ramp up at time 1393459915
driver will ramp up in  30 seconds
will stop test at time 1393460095
seed for 22070:4c8c5700 : 528570602
connect: Connection refused
Can't connect to client socket
connect_to_client() failed, thread exiting...
seed for 22070:4c8a4700 : 528959624
connect: Connection refused
Can't connect to client socket
connect_to_client() failed, thread exiting...
seed for 22070:4c883700 : 528826348
connect: Connection refused
Can't connect to client socket
connect_to_client() failed, thread exiting...
seed for 22070:4c862700 : 529215168
connect: Connection refused
Can't connect to client socket
connect_to_client() failed, thread exiting...
seed for 22070:4c841700 : 529079776
connect: Connection refused
Can't connect to client socket
connect_to_client() failed, thread exiting...
seed for 22070:4c820700 : 529468699
connect: Connection refused
Can't connect to client socket
connect_to_client() failed, thread exiting...
seed for 22070:4c7ff700 : 527629369
connect: Connection refused
Can't connect to client socket
connect_to_client() failed, thread exiting...
seed for 22070:4c7de700 : 527487791
connect: Connection refused
Can't connect to client socket
connect_to_client() failed, thread exiting...
seed for 22070:4c7bd700 : 527884875
connect: Connection refused
Can't connect to client socket
connect_to_client() failed, thread exiting...
seed for 22070:4c79c700 : 527757795
connect: Connection refused
Can't connect to client socket
connect_to_client() failed, thread exiting...
seed for 22070:4c77b700 : 528122209
connect: Connection refused
Can't connect to client socket
connect_to_client() failed, thread exiting...
seed for 22070:4c75a700 : 527995123
connect: Connection refused
Can't connect to client socket
connect_to_client() failed, thread exiting...
seed for 22070:4c739700 : 528392307
connect: Connection refused
Can't connect to client socket
connect_to_client() failed, thread exiting...
seed for 22070:4c718700 : 528267259
connect: Connection refused
Can't connect to client socket
connect_to_client() failed, thread exiting...
seed for 22070:4b9b8700 : 412530505
connect: Connection refused
Can't connect to client socket
connect_to_client() failed, thread exiting...
seed for 22070:4b997700 : 412370674
connect: Connection refused
Can't connect to client socket
connect_to_client() failed, thread exiting...
seed for 22070:4b976700 : 412767847
connect: Connection refused
Can't connect to client socket
connect_to_client() failed, thread exiting...
seed for 22070:4b955700 : 412640762
connect: Connection refused
Can't connect to client socket
connect_to_client() failed, thread exiting...
seed for 22070:4b934700 : 413037894
connect: Connection refused
Can't connect to client socket
connect_to_client() failed, thread exiting...
seed for 22070:4b913700 : 412878045
connect: Connection refused
Can't connect to client socket
connect_to_client() failed, thread exiting...
seed for 22070:4b8f2700 : 411179916
connect: Connection refused
Can't connect to client socket
connect_to_client() failed, thread exiting...
seed for 22070:4b8d1700 : 411053044
connect: Connection refused
Can't connect to client socket
connect_to_client() failed, thread exiting...
seed for 22070:4b8b0700 : 411450210
connect: Connection refused
Can't connect to client socket
connect_to_client() failed, thread exiting...
seed for 22070:4b88f700 : 411421408
connect: Connection refused
Can't connect to client socket
connect_to_client() failed, thread exiting...
seed for 22070:4b86e700 : 411818577
connect: Connection refused
Can't connect to client socket
connect_to_client() failed, thread exiting...
seed for 22070:4b84d700 : 411691480
connect: Connection refused
Can't connect to client socket
connect_to_client() failed, thread exiting...
seed for 22070:4b82c700 : 412088661
connect: Connection refused
Can't connect to client socket
connect_to_client() failed, thread exiting...
seed for 22070:4b80b700 : 411928772
connect: Connection refused
Can't connect to client socket
connect_to_client() failed, thread exiting...
seed for 22070:4b7ea700 : 410228828
connect: Connection refused
Can't connect to client socket
connect_to_client() failed, thread exiting...
seed for 22070:4b7c9700 : 410103772
connect: Connection refused
Can't connect to client socket
connect_to_client() failed, thread exiting...
seed for 22070:4b7a8700 : 410501025
connect: Connection refused
Can't connect to client socket
connect_to_client() failed, thread exiting...
seed for 22070:4b787700 : 410341155
connect: Connection refused
Can't connect to client socket
connect_to_client() failed, thread exiting...
seed for 22070:4b766700 : 410738346
connect: Connection refused
Can't connect to client socket
connect_to_client() failed, thread exiting...
seed for 22070:4b745700 : 410611232
connect: Connection refused
Can't connect to client socket
connect_to_client() failed, thread exiting...
seed for 22070:4b724700 : 411008337
connect: Connection refused
Can't connect to client socket
connect_to_client() failed, thread exiting...
seed for 22070:4b703700 : 410848547
connect: Connection refused
Can't connect to client socket
connect_to_client() failed, thread exiting...
seed for 22070:4b6e2700 : 409148506
connect: Connection refused
Can't connect to client socket
connect_to_client() failed, thread exiting...
seed for 22070:4b6c1700 : 409023466
connect: Connection refused
Can't connect to client socket
connect_to_client() failed, thread exiting...
seed for 22070:4b6a0700 : 409412470
connect: Connection refused
Can't connect to client socket
connect_to_client() failed, thread exiting...
seed for 22070:4b67f700 : 409654005
connect: Connection refused
Can't connect to client socket
connect_to_client() failed, thread exiting...
terminals started...
driver is exiting normally
