Started on:   Mo 24. Feb 07:54:41 CET 2014
Expected end: Mo 24. Feb 07:55:41 CET 2014
STOPPING DATABASE: [alpha]/install/bin/mysqladmin --no-defaults -u root shutdown
./util.sh: line 37: [alpha]/install/bin/mysqladmin: No such file or directory
Error status -> exit
Started on:   Mo 24. Feb 07:55:12 CET 2014
Expected end: Mo 24. Feb 07:56:12 CET 2014
STOPPING DATABASE: /home/htmsql/develop/mysql/mysql-5.6.10-alpha/install/bin/mysqladmin --no-defaults -u root shutdown
/home/htmsql/develop/mysql/mysql-5.6.10-alpha/install/bin/mysqladmin: connect to server at 'localhost' failed
error: 'Can't connect to local MySQL server through socket '/tmp/mysql.sock' (2)'
Check that mysqld is running and that the socket: '/tmp/mysql.sock' exists!
Error status -> exit
Started on:   Mo 24. Feb 07:56:51 CET 2014
Expected end: Mo 24. Feb 07:57:51 CET 2014
STOPPING DATABASE: /home/htmsql/develop/mysql/mysql-5.6.10-alpha/install/bin/mysqladmin --no-defaults -u root shutdown
/home/htmsql/develop/mysql/mysql-5.6.10-alpha/install/bin/mysqladmin: connect to server at 'localhost' failed
error: 'Can't connect to local MySQL server through socket '/tmp/mysql.sock' (2)'
Check that mysqld is running and that the socket: '/tmp/mysql.sock' exists!
cp: cannot stat ‘/home/htmsql/develop/mysql/mysql-5.6.10-alpha/install/data.backup/*’: No such file or directory
cp: cannot stat ‘/home/htmsql/develop/mysql/mysql-5.6.10-alpha/my.cnf.backup’: No such file or directory
output: /home/htmsql/develop/mysql/report-alpha/141-20140224_0756-c_4-w_4
RUNNING TEST: ./dbt2-run-workload 		-a mysql 		-c 4 		-d 60 		-w 4 		-o /home/htmsql/develop/mysql/report-alpha/141-20140224_0756-c_4-w_4
STARTING DATABASE: /home/htmsql/develop/mysql/mysql-5.6.10-alpha/install/bin/mysqld --no-defaults 		--max_connections=1000 		--performance_schema=OFF 		--table_open_cache_instances=32 		--query_cache_type=0 		--query_cache_size=0 		--innodb_buffer_pool_size=21474836480 		--innodb_log_file_size=268435456 		--innodb_log_buffer_size=16777216 		--innodb_flush_method=fsync 		--innodb_flush_log_at_trx_commit=2
Sleeping for 30 sec before profiling
ERROR: DBT2DATADIR must be set
cleaning up results...
2014-02-24 07:56:51 0 [Warning] TIMESTAMP with implicit DEFAULT value is deprecated. Please use --explicit_defaults_for_timestamp server option (see documentation for more details).
2014-02-24 07:56:51 0 [Warning] Changed limits: max_open_files: 4096  max_connections: 1000  table_cache: 1543
2014-02-24 07:56:51 10042 [Warning] Can't create test file /home/htmsql/develop/mysql/mysql-5.6.10-alpha/install/data/deskkemper05.lower-test
2014-02-24 07:56:51 10042 [Warning] Can't create test file /home/htmsql/develop/mysql/mysql-5.6.10-alpha/install/data/deskkemper05.lower-test
/home/htmsql/develop/mysql/mysql-5.6.10-alpha/install/bin/mysqld: Can't change dir to '/home/htmsql/develop/mysql/mysql-5.6.10-alpha/install/data/' (Errcode: 2 - No such file or directory)
2014-02-24 07:56:51 10042 [ERROR] Aborting

2014-02-24 07:56:51 10042 [Note] Binlog end
2014-02-24 07:56:51 10042 [Note] /home/htmsql/develop/mysql/mysql-5.6.10-alpha/install/bin/mysqld: Shutdown complete

Run was interrupted by Control-C.
./dbt2-run-workload: no process found
perf: no process found
ANALYZING RESULTS: python ../../dbttools/bin/dbt2-generate-report 	--dbms mysql 	--i /home/htmsql/develop/mysql/report-alpha/141-20140224_0756-c_4-w_4
Output flag not set - setting output=input
Generating mpstat, iostat, and vmstat charts for driver systems...
Traceback (most recent call last):
  File "../../dbttools/bin/dbt2-generate-report", line 84, in <module>
    for dir in listdir('%s/driver' % indir):
OSError: [Errno 2] No such file or directory: '/home/htmsql/develop/mysql/report-alpha/141-20140224_0756-c_4-w_4/driver'
mv: cannot move ‘/home/htmsql/develop/mysql/report-alpha/stdout.log’ to ‘/home/htmsql/develop/mysql/report-alpha/141-20140224_0756-c_4-w_4/stdout.log’: No such file or directory
PROFILING PERF: perf stat 		-T -p  		sleep 120 		&>/home/htmsql/develop/mysql/report-alpha/141-20140224_0756-c_4-w_4/perf.txt
./util.sh: line 38: /home/htmsql/develop/mysql/report-alpha/141-20140224_0756-c_4-w_4/perf.txt: No such file or directory
Started on:   Di 25. Feb 03:30:12 CET 2014
Expected end: Di 25. Feb 03:31:12 CET 2014
STOPPING DATABASE: /home/htmsql/develop/mysql/mysql-5.6.10-alpha/install/bin/mysqladmin --no-defaults -u root shutdown
Q to quit, any other key to execute >> 
Quitting
Started on:   Di 25. Feb 03:32:49 CET 2014
Expected end: Di 25. Feb 03:33:49 CET 2014
STOPPING DATABASE: /home/htmsql/develop/mysql/mysql-5.6.10-alpha/install/bin/mysqladmin --no-defaults -u root shutdown
q to quit, any other key to execute >> 
/home/htmsql/develop/mysql/mysql-5.6.10-alpha/install/bin/mysqladmin: connect to server at 'localhost' failed
error: 'Can't connect to local MySQL server through socket '/tmp/mysql.sock' (2)'
Check that mysqld is running and that the socket: '/tmp/mysql.sock' exists!
cp: cannot stat ‘/home/htmsql/develop/mysql/mysql-5.6.10-alpha/install/data.backup/*’: No such file or directory
cp: cannot stat ‘/home/htmsql/develop/mysql/mysql-5.6.10-alpha/my.cnf.backup’: No such file or directory
output: /home/htmsql/develop/mysql/report-alpha/144-20140225_0332-c_4-w_4
STARTING DATABASE: /home/htmsql/develop/mysql/mysql-5.6.10-alpha/install/bin/mysqld --no-defaults 		--max_connections=1000 		--performance_schema=OFF 		--table_open_cache_instances=32 		--query_cache_type=0 		--query_cache_size=0 		--innodb_buffer_pool_size=21474836480 		--innodb_log_file_size=268435456 		--innodb_log_buffer_size=16777216 		--innodb_flush_method=fsync 		--innodb_flush_log_at_trx_commit=2
q to quit, any other key to execute >> 
RUNNING TEST: ./dbt2-run-workload 		-a mysql 		-c 4 		-d 60 		-w 4 		-o /home/htmsql/develop/mysql/report-alpha/144-20140225_0332-c_4-w_4
q to quit, any other key to execute >> 
2014-02-25 03:32:51 0 [Warning] TIMESTAMP with implicit DEFAULT value is deprecated. Please use --explicit_defaults_for_timestamp server option (see documentation for more details).
2014-02-25 03:32:51 0 [Warning] Changed limits: max_open_files: 4096  max_connections: 1000  table_cache: 1543
2014-02-25 03:32:51 14998 [Warning] Can't create test file /home/htmsql/develop/mysql/mysql-5.6.10-alpha/install/data/deskkemper05.lower-test
2014-02-25 03:32:51 14998 [Warning] Can't create test file /home/htmsql/develop/mysql/mysql-5.6.10-alpha/install/data/deskkemper05.lower-test
/home/htmsql/develop/mysql/mysql-5.6.10-alpha/install/bin/mysqld: Can't change dir to '/home/htmsql/develop/mysql/mysql-5.6.10-alpha/install/data/' (Errcode: 2 - No such file or directory)
2014-02-25 03:32:51 14998 [ERROR] Aborting

2014-02-25 03:32:51 14998 [Note] Binlog end
2014-02-25 03:32:51 14998 [Note] /home/htmsql/develop/mysql/mysql-5.6.10-alpha/install/bin/mysqld: Shutdown complete

Sleeping for 30 sec before profiling
ERROR: DBT2DATADIR must be set
cleaning up results...
PROFILING PERF: perf stat 		-T -p  		sleep 120 		&>/home/htmsql/develop/mysql/report-alpha/144-20140225_0332-c_4-w_4/perf.txt
q to quit, any other key to execute >> 
./util.sh: line 48: /home/htmsql/develop/mysql/report-alpha/144-20140225_0332-c_4-w_4/perf.txt: No such file or directory
ANALYZING RESULTS: python ../../dbttools/bin/dbt2-generate-report 	--dbms mysql 	--i /home/htmsql/develop/mysql/report-alpha/144-20140225_0332-c_4-w_4
q to quit, any other key to execute >> 
Quitting
Started on:   Di 25. Feb 03:37:30 CET 2014
Expected end: Di 25. Feb 03:38:30 CET 2014
Restoring backed up mysql data
Stop MySQL, then press entercp: cannot stat ‘/home/htmsql/develop/mysql/mysql-5.6.10-alpha/install/data.backup/*’: No such file or directory
cp: cannot stat ‘/home/htmsql/develop/mysql/mysql-5.6.10-alpha/my.cnf.backup’: No such file or directory
Start MySQL, then press enterRun was interrupted by Control-C.
./dbt2-run-workload: no process found
perf: no process found
Run was interrupted by Control-C.
./dbt2-run-workload: no process found
perf: no process found
Run was interrupted by Control-C.
./dbt2-run-workload: no process found
perf: no process found
Run was interrupted by Control-C.
./dbt2-run-workload: no process found
perf: no process found
Run was interrupted by Control-C.
./dbt2-run-workload: no process found
perf: no process found
Run was interrupted by Control-C.
./dbt2-run-workload: no process found
perf: no process found
Run was interrupted by Control-C.
./dbt2-run-workload: no process found
perf: no process found
Run was interrupted by Control-C.
./dbt2-run-workload: no process found
perf: no process found
Run was interrupted by Control-C.
./dbt2-run-workload: no process found
perf: no process found
Run was interrupted by Control-C.
./dbt2-run-workload: no process found
perf: no process found
Run was interrupted by Control-C.
./dbt2-run-workload: no process found
perf: no process found
Run was interrupted by Control-C.
./dbt2-run-workload: no process found
perf: no process found
Started on:   Di 25. Feb 03:39:08 CET 2014
Expected end: Di 25. Feb 03:40:08 CET 2014
LOADING TABLES: ./dbt2-mysql-build-db 			-d dbt2 			-w 75 			-g 			-s /tmp/mysql.sock 			-f /tmp/dbt2_data
q to quit, any other key to execute >> 
STARTING DATABASE: /home/htmsql/develop/mysql/mysql-5.6.10-alpha/install/bin/mysqld --no-defaults 		--max_connections=1000 		--performance_schema=OFF 		--table_open_cache_instances=32 		--query_cache_type=0 		--query_cache_size=0 		--innodb_buffer_pool_size=21474836480 		--innodb_log_file_size=268435456 		--innodb_log_buffer_size=16777216 		--innodb_flush_method=fsync 		--innodb_flush_log_at_trx_commit=2
q to quit, any other key to execute >> 
2014-02-25 03:39:08 0 [Warning] TIMESTAMP with implicit DEFAULT value is deprecated. Please use --explicit_defaults_for_timestamp server option (see documentation for more details).
2014-02-25 03:39:08 0 [Warning] Changed limits: max_open_files: 4096  max_connections: 1000  table_cache: 1543
2014-02-25 03:39:08 15373 [Note] Plugin 'FEDERATED' is disabled.
2014-02-25 03:39:08 15373 [Note] InnoDB: The InnoDB memory heap is disabled
2014-02-25 03:39:08 15373 [Note] InnoDB: Mutexes and rw_locks use GCC atomic builtins
2014-02-25 03:39:08 15373 [Note] InnoDB: Compressed tables use zlib 1.2.3
2014-02-25 03:39:08 15373 [Note] InnoDB: CPU does not support crc32 instructions
2014-02-25 03:39:08 15373 [Note] InnoDB: Initializing buffer pool, size = 20.0G
2014-02-25 03:39:09 15373 [Note] InnoDB: Completed initialization of buffer pool
2014-02-25 03:39:09 15373 [Note] InnoDB: Highest supported file format is Barracuda.
2014-02-25 03:39:09 15373 [Warning] InnoDB: Resizing redo log from 2*3072 to 2*16384 pages, LSN=1625997
2014-02-25 03:39:09 15373 [Warning] InnoDB: Starting to delete and rewrite log files.
2014-02-25 03:39:09 15373 [Note] InnoDB: Setting log file ./ib_logfile101 size to 256 MB
InnoDB: Progress in MB: 100 200
2014-02-25 03:39:10 15373 [Note] InnoDB: Setting log file ./ib_logfile1 size to 256 MB
InnoDB: Progress in MB: 100 200
2014-02-25 03:39:10 15373 [Note] InnoDB: Renaming log file ./ib_logfile101 to ./ib_logfile0
2014-02-25 03:39:10 15373 [Warning] InnoDB: New log files created, LSN=1625997
2014-02-25 03:39:10 15373 [Note] InnoDB: 128 rollback segment(s) are active.
2014-02-25 03:39:10 15373 [Note] InnoDB: Waiting for purge to start
2014-02-25 03:39:10 15373 [Note] InnoDB: 1.2.10 started; log sequence number 1625997
2014-02-25 03:39:10 15373 [Note] Server hostname (bind-address): '*'; port: 3306
2014-02-25 03:39:10 15373 [Note] IPv6 is available.
2014-02-25 03:39:10 15373 [Note]   - '::' resolves to '::';
2014-02-25 03:39:10 15373 [Note] Server socket created on IP: '::'.
2014-02-25 03:39:10 15373 [Note] Event Scheduler: Loaded 0 events
2014-02-25 03:39:10 15373 [Note] /home/htmsql/develop/mysql/mysql-5.6.10-alpha/install/bin/mysqld: ready for connections.
Version: '5.6.10'  socket: '/tmp/mysql.sock'  port: 3306  Source distribution
Run was interrupted by Control-C.
./dbt2-run-workload: no process found
perf: no process found
Run was interrupted by Control-C.
./dbt2-run-workload: no process found
perf: no process found
Run was interrupted by Control-C.
./dbt2-run-workload: no process found
perf: no process found
Run was interrupted by Control-C.
./dbt2-run-workload: no process found
perf: no process found
Run was interrupted by Control-C.
./dbt2-run-workload: no process found
perf: no process found
Run was interrupted by Control-C.
./dbt2-run-workload: no process found
perf: no process found
Run was interrupted by Control-C.
./dbt2-run-workload: no process found
perf: no process found
Run was interrupted by Control-C.
./dbt2-run-workload: no process found
perf: no process found
Run was interrupted by Control-C.
./dbt2-run-workload: no process found
perf: no process found
Run was interrupted by Control-C.
./dbt2-run-workload: no process found
perf: no process found
Run was interrupted by Control-C.
./dbt2-run-workload: no process found
perf: no process found
Run was interrupted by Control-C.
Run was interrupted by Control-C.
./dbt2-run-workload: no process found
perf: no process found
Run was interrupted by Control-C.
./dbt2-run-workload: no process found
perf: no process found
Run was interrupted by Control-C.
Run was interrupted by Control-C.
./dbt2-run-workload: no process found
perf: no process found
Run was interrupted by Control-C.
./dbt2-run-workload: no process found
perf: no process found
Run was interrupted by Control-C.
./dbt2-run-workload: no process found
perf: no process found
Run was interrupted by Control-C.
./dbt2-run-workload: no process found
perf: no process found
Run was interrupted by Control-C.
./dbt2-run-workload: no process found
perf: no process found
Run was interrupted by Control-C.
./dbt2-run-workload: no process found
perf: no process found
Run was interrupted by Control-C.
./dbt2-run-workload: no process found
perf: no process found
Run was interrupted by Control-C.
./dbt2-run-workload: no process found
perf: no process found
Run was interrupted by Control-C.
./dbt2-run-workload: no process found
perf: no process found
Run was interrupted by Control-C.
./dbt2-run-workload: no process found
perf: no process found
Run was interrupted by Control-C.
./dbt2-run-workload: no process found
perf: no process found
Run was interrupted by Control-C.
./dbt2-run-workload: no process found
perf: no process found
Run was interrupted by Control-C.
./dbt2-run-workload: no process found
perf: no process found
Run was interrupted by Control-C.
./dbt2-run-workload: no process found
perf: no process found
Run was interrupted by Control-C.
./dbt2-run-workload: no process found
perf: no process found
Run was interrupted by Control-C.
./dbt2-run-workload: no process found
perf: no process found
Run was interrupted by Control-C.
./dbt2-run-workload: no process found
perf: no process found
Run was interrupted by Control-C.
./dbt2-run-workload: no process found
perf: no process found
2014-02-25 03:40:14 15373 [Note] /home/htmsql/develop/mysql/mysql-5.6.10-alpha/install/bin/mysqld: Normal shutdown

2014-02-25 03:40:14 15373 [Note] Giving 0 client threads a chance to die gracefully
2014-02-25 03:40:14 15373 [Note] Event Scheduler: Purging the queue. 0 events
2014-02-25 03:40:14 15373 [Note] Shutting down slave threads
2014-02-25 03:40:14 15373 [Note] Forcefully disconnecting 0 remaining clients
2014-02-25 03:40:14 15373 [Note] Binlog end
2014-02-25 03:40:14 15373 [Note] Shutting down plugin 'partition'
2014-02-25 03:40:14 15373 [Note] Shutting down plugin 'PERFORMANCE_SCHEMA'
2014-02-25 03:40:14 15373 [Note] Shutting down plugin 'ARCHIVE'
2014-02-25 03:40:14 15373 [Note] Shutting down plugin 'BLACKHOLE'
2014-02-25 03:40:14 15373 [Note] Shutting down plugin 'INNODB_SYS_DATAFILES'
2014-02-25 03:40:14 15373 [Note] Shutting down plugin 'INNODB_SYS_TABLESPACES'
2014-02-25 03:40:14 15373 [Note] Shutting down plugin 'INNODB_SYS_FOREIGN_COLS'
2014-02-25 03:40:14 15373 [Note] Shutting down plugin 'INNODB_SYS_FOREIGN'
2014-02-25 03:40:14 15373 [Note] Shutting down plugin 'INNODB_SYS_FIELDS'
2014-02-25 03:40:14 15373 [Note] Shutting down plugin 'INNODB_SYS_COLUMNS'
2014-02-25 03:40:14 15373 [Note] Shutting down plugin 'INNODB_SYS_INDEXES'
2014-02-25 03:40:14 15373 [Note] Shutting down plugin 'INNODB_SYS_TABLESTATS'
2014-02-25 03:40:14 15373 [Note] Shutting down plugin 'INNODB_SYS_TABLES'
2014-02-25 03:40:14 15373 [Note] Shutting down plugin 'INNODB_FT_INDEX_TABLE'
2014-02-25 03:40:14 15373 [Note] Shutting down plugin 'INNODB_FT_INDEX_CACHE'
2014-02-25 03:40:14 15373 [Note] Shutting down plugin 'INNODB_FT_CONFIG'
2014-02-25 03:40:14 15373 [Note] Shutting down plugin 'INNODB_FT_BEING_DELETED'
2014-02-25 03:40:14 15373 [Note] Shutting down plugin 'INNODB_FT_DELETED'
2014-02-25 03:40:14 15373 [Note] Shutting down plugin 'INNODB_FT_INSERTED'
2014-02-25 03:40:14 15373 [Note] Shutting down plugin 'INNODB_FT_DEFAULT_STOPWORD'
2014-02-25 03:40:14 15373 [Note] Shutting down plugin 'INNODB_METRICS'
2014-02-25 03:40:14 15373 [Note] Shutting down plugin 'INNODB_BUFFER_POOL_STATS'
2014-02-25 03:40:14 15373 [Note] Shutting down plugin 'INNODB_BUFFER_PAGE_LRU'
2014-02-25 03:40:14 15373 [Note] Shutting down plugin 'INNODB_BUFFER_PAGE'
2014-02-25 03:40:14 15373 [Note] Shutting down plugin 'INNODB_CMP_PER_INDEX_RESET'
2014-02-25 03:40:14 15373 [Note] Shutting down plugin 'INNODB_CMP_PER_INDEX'
2014-02-25 03:40:14 15373 [Note] Shutting down plugin 'INNODB_CMPMEM_RESET'
2014-02-25 03:40:14 15373 [Note] Shutting down plugin 'INNODB_CMPMEM'
2014-02-25 03:40:14 15373 [Note] Shutting down plugin 'INNODB_CMP_RESET'
2014-02-25 03:40:14 15373 [Note] Shutting down plugin 'INNODB_CMP'
2014-02-25 03:40:14 15373 [Note] Shutting down plugin 'INNODB_LOCK_WAITS'
2014-02-25 03:40:14 15373 [Note] Shutting down plugin 'INNODB_LOCKS'
2014-02-25 03:40:14 15373 [Note] Shutting down plugin 'INNODB_TRX'
2014-02-25 03:40:14 15373 [Note] Shutting down plugin 'InnoDB'
2014-02-25 03:40:14 15373 [Note] InnoDB: FTS optimize thread exiting.
2014-02-25 03:40:14 15373 [Note] InnoDB: Starting shutdown...
2014-02-25 03:40:15 15373 [Note] InnoDB: Shutdown completed; log sequence number 1626134
2014-02-25 03:40:15 15373 [Note] Shutting down plugin 'MRG_MYISAM'
2014-02-25 03:40:15 15373 [Note] Shutting down plugin 'CSV'
2014-02-25 03:40:15 15373 [Note] Shutting down plugin 'MyISAM'
2014-02-25 03:40:15 15373 [Note] Shutting down plugin 'MEMORY'
2014-02-25 03:40:15 15373 [Note] Shutting down plugin 'sha256_password'
2014-02-25 03:40:15 15373 [Note] Shutting down plugin 'mysql_old_password'
2014-02-25 03:40:15 15373 [Note] Shutting down plugin 'mysql_native_password'
2014-02-25 03:40:15 15373 [Note] Shutting down plugin 'binlog'
2014-02-25 03:40:15 15373 [Note] /home/htmsql/develop/mysql/mysql-5.6.10-alpha/install/bin/mysqld: Shutdown complete

Run was interrupted by Control-C.
./dbt2-run-workload: no process found
perf: no process found
Run was interrupted by Control-C.
./dbt2-run-workload: no process found
perf: no process found
Run was interrupted by Control-C.
./dbt2-run-workload: no process found
perf: no process found
Run was interrupted by Control-C.
./dbt2-run-workload: no process found
perf: no process found
Run was interrupted by Control-C.
./dbt2-run-workload: no process found
perf: no process found
Run was interrupted by Control-C.
./dbt2-run-workload: no process found
perf: no process found
Run was interrupted by Control-C.
./dbt2-run-workload: no process found
perf: no process found
Run was interrupted by Control-C.
./dbt2-run-workload: no process found
perf: no process found
Run was interrupted by Control-C.
./dbt2-run-workload: no process found
perf: no process found
Run was interrupted by Control-C.
./dbt2-run-workload: no process found
perf: no process found
Started on:   Di 25. Feb 03:43:28 CET 2014
Expected end: Di 25. Feb 03:44:28 CET 2014
Start MySQL, then press enterLOADING TABLES: ./dbt2-mysql-build-db 			-d dbt2 			-w 75 			-g 			-s /tmp/mysql.sock 			-f /tmp/dbt2_data
q to quit, any other key to execute >> 
warehouses = 75
districts = 10
customers = 3000
items = 100000
orders = 3000
stock = 100000
new_orders = 900

Output directory of data files: /tmp/dbt2_data

Generating data files for 75 warehouse(s)...
Generating item table data...
Finished item table data...
Generating warehouse table data...
Finished warehouse table data...
Generating stock table data...
Finished stock table data...
Generating district table data...
Finished district table data...
Generating customer table data...
Finished customer table data...
Generating history table data...
Finished history table data...
Generating order and order-line table data...
Finished order and order-line table data...
Generating new-order table data...
Finished new-order table data...

Loading of DBT2 dataset located in /tmp/dbt2_data to database dbt2.

DB_ENGINE:      INNODB
DB_SCHEME:      OPTIMIZED
DB_HOST:        localhost
DB_USER:        root
DB_SOCKET:      /tmp/mysql.sock
DEFAULTS_FILE:  

Creating table STOCK
Creating table ITEM
Creating table ORDER_LINE
Creating table ORDERS
Creating table NEW_ORDER
Creating table HISTORY
Creating table CUSTOMER
Creating table DISTRICT
Creating table WAREHOUSE

Loading table customer
Loading table district
Loading table history
Loading table item
Loading table new_order
Loading table order_line
Loading table orders
Loading table stock
Loading table warehouse
LOADING STORED PROCEDURES: ./dbt2-mysql-load-stored-procs 			-d dbt2 			-s /tmp/mysql.sock 			-f ../storedproc/mysql
q to quit, any other key to execute >> 

Loading of DBT2 SPs located in ../storedproc/mysql to database dbt2.

Load SP: delivery
Load SP: new_order
Load SP: new_order_2
Load SP: order_status
Load SP: payment
Load SP: stock_level
Stop MySQL, then press enterBacking up data to /home/htmsql/develop/mysql/mysql-5.6.10-alpha/install/data.backup
cp: writing ‘/home/htmsql/develop/mysql/mysql-5.6.10-alpha/install/data.backup/dbt2/order_line.ibd’: No space left on device
cp: failed to extend ‘/home/htmsql/develop/mysql/mysql-5.6.10-alpha/install/data.backup/dbt2/order_line.ibd’: No space left on device
cp: writing ‘/home/htmsql/develop/mysql/mysql-5.6.10-alpha/install/data.backup/dbt2/order_line.frm’: No space left on device
cp: failed to extend ‘/home/htmsql/develop/mysql/mysql-5.6.10-alpha/install/data.backup/dbt2/order_line.frm’: No space left on device
cp: writing ‘/home/htmsql/develop/mysql/mysql-5.6.10-alpha/install/data.backup/dbt2/item.ibd’: No space left on device
cp: failed to extend ‘/home/htmsql/develop/mysql/mysql-5.6.10-alpha/install/data.backup/dbt2/item.ibd’: No space left on device
cp: writing ‘/home/htmsql/develop/mysql/mysql-5.6.10-alpha/install/data.backup/dbt2/history.frm’: No space left on device
cp: failed to extend ‘/home/htmsql/develop/mysql/mysql-5.6.10-alpha/install/data.backup/dbt2/history.frm’: No space left on device
cp: writing ‘/home/htmsql/develop/mysql/mysql-5.6.10-alpha/install/data.backup/dbt2/customer.frm’: No space left on device
cp: failed to extend ‘/home/htmsql/develop/mysql/mysql-5.6.10-alpha/install/data.backup/dbt2/customer.frm’: No space left on device
cp: writing ‘/home/htmsql/develop/mysql/mysql-5.6.10-alpha/install/data.backup/dbt2/new_order.ibd’: No space left on device
cp: failed to extend ‘/home/htmsql/develop/mysql/mysql-5.6.10-alpha/install/data.backup/dbt2/new_order.ibd’: No space left on device
cp: writing ‘/home/htmsql/develop/mysql/mysql-5.6.10-alpha/install/data.backup/dbt2/stock.ibd’: No space left on device
cp: failed to extend ‘/home/htmsql/develop/mysql/mysql-5.6.10-alpha/install/data.backup/dbt2/stock.ibd’: No space left on device
cp: writing ‘/home/htmsql/develop/mysql/mysql-5.6.10-alpha/install/data.backup/dbt2/db.opt’: No space left on device
cp: failed to extend ‘/home/htmsql/develop/mysql/mysql-5.6.10-alpha/install/data.backup/dbt2/db.opt’: No space left on device
cp: writing ‘/home/htmsql/develop/mysql/mysql-5.6.10-alpha/install/data.backup/dbt2/stock.frm’: No space left on device
cp: failed to extend ‘/home/htmsql/develop/mysql/mysql-5.6.10-alpha/install/data.backup/dbt2/stock.frm’: No space left on device
cp: writing ‘/home/htmsql/develop/mysql/mysql-5.6.10-alpha/install/data.backup/dbt2/warehouse.ibd’: No space left on device
cp: failed to extend ‘/home/htmsql/develop/mysql/mysql-5.6.10-alpha/install/data.backup/dbt2/warehouse.ibd’: No space left on device
cp: writing ‘/home/htmsql/develop/mysql/mysql-5.6.10-alpha/install/data.backup/dbt2/district.Started on:   Di 25. Feb 04:12:09 CET 2014
Expected end: Di 25. Feb 04:13:09 CET 2014
Start MySQL, then press enterLOADING TABLES: ./dbt2-mysql-build-db 			-d dbt2 			-w 75 			-g 			-s /tmp/mysql.sock 			-f /tmp/dbt2_data
>> q to quit, any other key to execute
warehouses = 75
districts = 10
customers = 3000
items = 100000
orders = 3000
stock = 100000
new_orders = 900

Output directory of data files: /tmp/dbt2_data

Generating data files for 75 warehouse(s)...
Generating item table data...
Finished item table data...
Generating warehouse table data...
Finished warehouse table data...
Generating stock table data...
Finished stock table data...
Generating district table data...
Finished district table data...
Generating customer table data...
Finished customer table data...
Generating history table data...
Finished history table data...
Generating order and order-line table data...
Finished order and order-line table data...
Generating new-order table data...
Finished new-order table data...

Loading of DBT2 dataset located in /tmp/dbt2_data to database dbt2.

DB_ENGINE:      INNODB
DB_SCHEME:      OPTIMIZED
DB_HOST:        localhost
DB_USER:        root
DB_SOCKET:      /tmp/mysql.sock
DEFAULTS_FILE:  

Creating table STOCK
Creating table ITEM
Creating table ORDER_LINE
Creating table ORDERS
Creating table NEW_ORDER
Creating table HISTORY
Creating table CUSTOMER
Creating table DISTRICT
Creating table WAREHOUSE

Loading table customer
Loading table district
Loading table history
Loading table item
Loading table new_order
Loading table order_line
Loading table orders
Loading table stock
Loading table warehouse
LOADING STORED PROCEDURES: ./dbt2-mysql-load-stored-procs 			-d dbt2 			-s /tmp/mysql.sock 			-f ../storedproc/mysql
>> q to quit, any other key to execute

Loading of DBT2 SPs located in ../storedproc/mysql to database dbt2.

Load SP: delivery
Load SP: new_order
Load SP: new_order_2
Load SP: order_status
Load SP: payment
Load SP: stock_level
Stop MySQL, then press enterBacking up data to /home/htmsql/develop/mysql/mysql-5.6.10-alpha/install/data.backup
cp: cannot stat ‘/home/htmsql/develop/mysql/mysql-5.6.10-alpha/my.cnf’: No such file or directory
Backup written
Start MySQL, then press enter./run_and_analyze.sh: line 192: =perf stat 		-T -p  		sleep  		&>/home/htmsql/develop/mysql/report-alpha/148-20140225_0412-c_4-w_4/perf.txt: No such file or directory
Invalid function parameter: need at least 1 (command)
Started on:   Di 25. Feb 04:24:42 CET 2014
Expected end: Di 25. Feb 04:25:42 CET 2014
./run_and_analyze.sh: line 139: [: missing `]'
Start MySQL, then press enterRun was interrupted by Control-C.
./dbt2-run-workload: no process found
perf: no process found
Started on:   Di 25. Feb 04:25:50 CET 2014
Expected end: Di 25. Feb 04:26:50 CET 2014
Restoring backed up mysql data
Stop MySQL, then press entercp: cannot stat ‘/home/htmsql/develop/mysql/mysql-5.6.10-alpha/install/data.backup/*’: No such file or directory
Start MySQL, then press enterStarted on:   Di 25. Feb 04:27:13 CET 2014
Expected end: Di 25. Feb 04:28:13 CET 2014
Restoring backed up mysql data
Stop MySQL, then press entermv: cannot stat ‘/home/htmsql/develop/mysql/mysql-5.6.10-alpha/install/data’: No such file or directory
cp: writing ‘/home/htmsql/develop/mysql/mysql-5.6.10-alpha/install/data/dbt2/stock.ibd’: No space left on device
cp: failed to extend ‘/home/htmsql/develop/mysql/mysql-5.6.10-alpha/install/data/dbt2/stock.ibd’: No space left on device
cp: writing ‘/home/htmsql/develop/mysql/mysql-5.6.10-alpha/install/data/dbt2/db.opt’: No space left on device
cp: failed to extend ‘/home/htmsql/develop/mysql/mysql-5.6.10-alpha/install/data/dbt2/db.opt’: No space left on device
cp: writing ‘/home/htmsql/develop/mysql/mysql-5.6.10-alpha/install/data/dbt2/stock.frm’: No space left on device
cp: failed to extend ‘/home/htmsql/develop/mysql/mysql-5.6.10-alpha/install/data/dbt2/stock.frm’: No space left on device
cp: writing ‘/home/htmsql/develop/mysql/mysql-5.6.10-alpha/install/data/dbt2/warehouse.ibd’: No space left on dStarted on:   Di 25. Feb 04:28:35 CET 2014
Expected end: Di 25. Feb 04:29:35 CET 2014
Restoring backed up mysql data
Stop MySQL, then press enterStart MySQL, then press enteroutput: /home/htmsql/develop/mysql/report-alpha/152-20140225_0428-c_4-w_4
RUNNING TEST: ./dbt2-run-workload 		-a mysql 		-c 4 		-d 60 		-w 4 		-o /home/htmsql/develop/mysql/report-alpha/152-20140225_0428-c_4-w_4
>> q to quit, any other key to execute
Sleeping for 30 sec before profiling
ERROR: DBT2DATADIR must be set
cleaning up results...
Started on:   Di 25. Feb 04:30:11 CET 2014
Expected end: Di 25. Feb 04:31:11 CET 2014
Restoring backed up mysql data
Stop MySQL, then press entercp: writing ‘/home/htmsql/develop/mysql/mysql-5.6.10-alpha/install/data/ib_logfile1’: No space left on device
cp: failed to extend ‘/home/htmsql/develop/mysql/mysql-5.6.10-alpha/install/data/ib_logfile1’: No space left on device
cp: cannot create directory ‘/home/htmsql/develop/mysql/mysql-5.6.10-alpha/install/data/dbt2’: No space left on device
cp: writing ‘/home/htmsql/develop/mysql/mysql-5.6.10-alpha/install/data/deskkemper05.err’: No space left on device
cp: failed to extend ‘/home/htmsql/develop/mysql/mysql-5.6.10-alpha/install/data/deskkemper05.err’: No space left on device
cp: cannot create directory ‘/home/htmsql/develop/mysql/mysql-5.6.10-alpha/install/data/test’: No space left on device
cp: writing ‘/home/htmsql/develop/mysql/mysql-5.6.10-alpha/install/data/auto.cnf’: No space left on device
cp: failed to extend ‘/home/htmsql/develop/mysql/mysql-5.6.10-alpha/install/data/auto.cnf’: No space left on device
cp: writing ‘/home/htmsql/develop/mysql/mysql-5.6.10-alpha/install/data/ibdata1’: No space left on device
cp: failed to extend ‘/home/htmsql/develop/mysql/mysql-5.6.10-alpha/install/data/ibdata1’: No space left on device
cp: writing ‘/home/htmsql/develop/mysql/mysql-5.6.10-alpha/install/data/ib_logfile0’: No space left on device
cp: failed to extend ‘/home/htmsql/develop/mysql/mysql-5.6.10-alpha/install/data/ib_logfile0’: No space left on device
cp: cannot create directory ‘/home/htmsql/develop/mysql/mysql-5.6.10-alpha/install/data/performance_schema’: No space left on device
cp: cannot create directory ‘/home/htmsql/develop/mysql/mysql-5.6.10-alpha/install/data/mysql’: No space left on device
cp: writing ‘/home/htmsql/develop/mysql/mysql-5.6.10-alpha/install/my.cnf’: No space left on device
cp: failed to extend ‘/home/htmsql/develop/mysql/mysql-5.6.10-alpha/install/my.cnf’: No space left on device
Start MySQL, then press enterStarted on:   Di 25. Feb 04:31:15 CET 2014
Expected end: Di 25. Feb 04:32:15 CET 2014
Restoring backed up mysql data
Stop MySQL, then press enterStart MySQL, then press enteroutput: /home/htmsql/develop/mysql/report-alpha/154-20140225_0431-c_4-w_4
RUNNING TEST: ./dbt2-run-workload 		-a mysql 		-c 4 		-d 60 		-w 4 		-o /home/htmsql/develop/mysql/report-alpha/154-20140225_0431-c_4-w_4
>> q to quit, any other key to execute
Sleeping for 30 sec before profiling
MySQL pid file '/home/htmsql/develop/mysql/mysql-5.6.10-alpha/deskkemper05.pid' does not exist.
MySQL was not stopped, if it was running.
DBT-2 test for mysql started...

DATABASE SYSTEM: localhost
DATABASE NAME: dbt2
DATABASE SOCKET: /tmp/mysql.sock
DATABASE PORT: 3306
DATABASE CONNECTIONS: 4
TERMINAL THREADS: 40
TERMINALS PER WAREHOUSE: 10
WAREHOUSES PER THREAD/CLIENT PAIR: 4
SCALE FACTOR (WAREHOUSES): 4
DURATION OF TEST (in sec): 60
1 client stared every 1000 millisecond(s)

waiting for server
Stage 1. Starting up client...
./dbt2-client -t /tmp/mysql.sock -l 3306 -d dbt2 -u root -h localhost -f -c 4 -s 1000 -p 30000 -o /home/htmsql/develop/mysql/report-alpha/154-20140225_0431-c_4-w_4/client/deskkemper05.1
Sleeping 5 seconds
collecting database statistics...
./dbt2-run-workload: line 650: ./vacuumdb: No such file or directory

Stage 2. Starting up driver...
1000 threads started per millisecond
estimated rampup time: Sleeping 50 seconds
PROFILING PERF: perf stat 		-T -p 17358 		sleep 120 		&>/home/htmsql/develop/mysql/report-alpha/154-20140225_0431-c_4-w_4/perf.txt
>> q to quit, any other key to execute
estimated rampup time has elapsed
estimated steady state time: Sleeping 60 seconds

Stage 3. Processing of results...
Killing client...
./dbt2-run-workload: line 680: 17469 Terminated              ./dbt2-driver ${DRIVER_COMMAND_ARGS} > ${DRIVER_OUTPUT_DIR}/`hostname`/driver-${SEG}.out 2>&1
./dbt2-run-workload: line 605: 17429 Terminated              ./dbt2-client ${CLIENT_COMMAND_ARGS} -p ${PORT} -o ${CDIR} > ${CLIENT_OUTPUT_DIR}/`hostname`/client-${SEG}.out 2>&1
MySQL pid file '/home/htmsql/develop/mysql/mysql-5.6.10-alpha/deskkemper05.pid' does not exist.
MySQL was not stopped, if it was running.
Test completed.
Results are in: /home/htmsql/develop/mysql/report-alpha/154-20140225_0431-c_4-w_4

                         Response Time (s)
 Transaction      %    Average :    90th %        Total        Rollbacks      %     Ser. Retries      %
------------  -----  ---------------------  -----------  ---------------  -----  ---------------  -----
    Delivery   3.70      0.068 :     0.086            7                0   0.00                0   0.00
   New Order  13.76      0.013 :     0.024           26                0   0.00                0   0.00
Order Status  32.80      0.003 :     0.005           62                0   0.00                0   0.00
     Payment   6.88      0.003 :     0.004           13                0   0.00                0   0.00
 Stock Level  40.21      0.005 :     0.013           76                0   0.00                0   0.00
Credit Check   2.65      0.001 :     0.001            5                0   0.00                0   0.00
------------  -----  ---------------------  -----------  ---------------  -----

23.28 new-order transactions per minute (NOTPM)
169.25 total transactions per minute (TTPM)
1.1 minute duration
0 total unknown errors
0.6 second(s) ramping up
------------  -----  ---------------------  -----------  ---------------  -----  ---------------  -----
ANALYZING RESULTS: python ../../dbttools/bin/dbt2-generate-report 	--dbms mysql 	--i /home/htmsql/develop/mysql/report-alpha/154-20140225_0431-c_4-w_4
>> q to quit, any other key to execute
Output flag not set - setting output=input
Generating mpstat, iostat, and vmstat charts for driver systems...
Moving on to database system stats...
Generating transaction distribution charts...
Generating mpstat charts...
Generating iostat charts...
Generating vmstat charts...
Generating transaction rate charts...
Generating database statistics charts...
