This file contains any messages produced by compilers while
running configure, to aid debugging if configure makes a mistake.

It was created by dbt2 configure 0.37.50, which was
generated by GNU Autoconf 2.68.  Invocation command line was

  $ ./configure --with-mysql=/home/htmsql/develop/mysql/mysql-5.6.10-alpha/install

## --------- ##
## Platform. ##
## --------- ##

hostname = deskkemper05
uname -m = x86_64
uname -r = 3.11.0-custom+
uname -s = Linux
uname -v = #1 SMP Sat Nov 2 08:34:53 CET 2013

/usr/bin/uname -p = unknown
/bin/uname -X     = unknown

/bin/arch              = unknown
/usr/bin/arch -k       = unknown
/usr/convex/getsysinfo = unknown
/usr/bin/hostinfo      = unknown
/bin/machine           = unknown
/usr/bin/oslevel       = unknown
/bin/universe          = unknown

PATH: /usr/local/sbin
PATH: /usr/local/bin
PATH: /usr/sbin
PATH: /usr/bin
PATH: /sbin
PATH: /bin
PATH: /usr/games
PATH: /usr/local/games


## ----------- ##
## Core tests. ##
## ----------- ##

configure:2266: checking for a BSD-compatible install
configure:2334: result: /usr/bin/install -c
configure:2345: checking whether build environment is sane
configure:2395: result: yes
configure:2536: checking for a thread-safe mkdir -p
configure:2575: result: /bin/mkdir -p
configure:2588: checking for gawk
configure:2604: found /usr/bin/gawk
configure:2615: result: gawk
configure:2626: checking whether make sets $(MAKE)
configure:2648: result: yes
configure:2739: checking build system type
configure:2753: result: x86_64-unknown-linux-gnu
configure:2809: checking for gawk
configure:2836: result: gawk
configure:2895: checking for gcc
configure:2911: found /usr/bin/gcc
configure:2922: result: gcc
configure:3151: checking for C compiler version
configure:3160: gcc --version >&5
gcc (Ubuntu/Linaro 4.8.1-10ubuntu8) 4.8.1
Copyright (C) 2013 Free Software Foundation, Inc.
This is free software; see the source for copying conditions.  There is NO
warranty; not even for MERCHANTABILITY or FITNESS FOR A PARTICULAR PURPOSE.

configure:3171: $? = 0
configure:3160: gcc -v >&5
Using built-in specs.
COLLECT_GCC=gcc
COLLECT_LTO_WRAPPER=/usr/lib/gcc/x86_64-linux-gnu/4.8/lto-wrapper
Target: x86_64-linux-gnu
Configured with: ../src/configure -v --with-pkgversion='Ubuntu/Linaro 4.8.1-10ubuntu8' --with-bugurl=file:///usr/share/doc/gcc-4.8/README.Bugs --enable-languages=c,c++,java,go,d,fortran,objc,obj-c++ --prefix=/usr --program-suffix=-4.8 --enable-shared --enable-linker-build-id --libexecdir=/usr/lib --without-included-gettext --enable-threads=posix --with-gxx-include-dir=/usr/include/c++/4.8 --libdir=/usr/lib --enable-nls --with-sysroot=/ --enable-clocale=gnu --enable-libstdcxx-debug --enable-libstdcxx-time=yes --enable-gnu-unique-object --enable-plugin --with-system-zlib --disable-browser-plugin --enable-java-awt=gtk --enable-gtk-cairo --with-java-home=/usr/lib/jvm/java-1.5.0-gcj-4.8-amd64/jre --enable-java-home --with-jvm-root-dir=/usr/lib/jvm/java-1.5.0-gcj-4.8-amd64 --with-jvm-jar-dir=/usr/lib/jvm-exports/java-1.5.0-gcj-4.8-amd64 --with-arch-directory=amd64 --with-ecj-jar=/usr/share/java/eclipse-ecj.jar --enable-objc-gc --enable-multiarch --disable-werror --with-arch-32=i686 --with-abi=m64 --with-multilib-list=m32,m64,mx32 --with-tune=generic --enable-checking=release --build=x86_64-linux-gnu --host=x86_64-linux-gnu --target=x86_64-linux-gnu
Thread model: posix
gcc version 4.8.1 (Ubuntu/Linaro 4.8.1-10ubuntu8) 
configure:3171: $? = 0
configure:3160: gcc -V >&5
gcc: error: unrecognized command line option '-V'
gcc: fatal error: no input files
compilation terminated.
configure:3171: $? = 4
configure:3160: gcc -qversion >&5
gcc: error: unrecognized command line option '-qversion'
gcc: fatal error: no input files
compilation terminated.
configure:3171: $? = 4
configure:3191: checking whether the C compiler works
configure:3213: gcc    conftest.c  >&5
configure:3217: $? = 0
configure:3265: result: yes
configure:3268: checking for C compiler default output file name
configure:3270: result: a.out
configure:3276: checking for suffix of executables
configure:3283: gcc -o conftest    conftest.c  >&5
configure:3287: $? = 0
configure:3309: result: 
configure:3331: checking whether we are cross compiling
configure:3339: gcc -o conftest    conftest.c  >&5
configure:3343: $? = 0
configure:3350: ./conftest
configure:3354: $? = 0
configure:3369: result: no
configure:3374: checking for suffix of object files
configure:3396: gcc -c   conftest.c >&5
configure:3400: $? = 0
configure:3421: result: o
configure:3425: checking whether we are using the GNU C compiler
configure:3444: gcc -c   conftest.c >&5
configure:3444: $? = 0
configure:3453: result: yes
configure:3462: checking whether gcc accepts -g
configure:3482: gcc -c -g  conftest.c >&5
configure:3482: $? = 0
configure:3523: result: yes
configure:3540: checking for gcc option to accept ISO C89
configure:3604: gcc  -c -g -O2  conftest.c >&5
configure:3604: $? = 0
configure:3617: result: none needed
configure:3648: checking for style of include used by make
configure:3676: result: GNU
configure:3701: checking dependency style of gcc
configure:3811: result: none
configure:3884: checking for g++
configure:3900: found /usr/bin/g++
configure:3911: result: g++
configure:3938: checking for C++ compiler version
configure:3947: g++ --version >&5
g++ (Ubuntu/Linaro 4.8.1-10ubuntu8) 4.8.1
Copyright (C) 2013 Free Software Foundation, Inc.
This is free software; see the source for copying conditions.  There is NO
warranty; not even for MERCHANTABILITY or FITNESS FOR A PARTICULAR PURPOSE.

configure:3958: $? = 0
configure:3947: g++ -v >&5
Using built-in specs.
COLLECT_GCC=g++
COLLECT_LTO_WRAPPER=/usr/lib/gcc/x86_64-linux-gnu/4.8/lto-wrapper
Target: x86_64-linux-gnu
Configured with: ../src/configure -v --with-pkgversion='Ubuntu/Linaro 4.8.1-10ubuntu8' --with-bugurl=file:///usr/share/doc/gcc-4.8/README.Bugs --enable-languages=c,c++,java,go,d,fortran,objc,obj-c++ --prefix=/usr --program-suffix=-4.8 --enable-shared --enable-linker-build-id --libexecdir=/usr/lib --without-included-gettext --enable-threads=posix --with-gxx-include-dir=/usr/include/c++/4.8 --libdir=/usr/lib --enable-nls --with-sysroot=/ --enable-clocale=gnu --enable-libstdcxx-debug --enable-libstdcxx-time=yes --enable-gnu-unique-object --enable-plugin --with-system-zlib --disable-browser-plugin --enable-java-awt=gtk --enable-gtk-cairo --with-java-home=/usr/lib/jvm/java-1.5.0-gcj-4.8-amd64/jre --enable-java-home --with-jvm-root-dir=/usr/lib/jvm/java-1.5.0-gcj-4.8-amd64 --with-jvm-jar-dir=/usr/lib/jvm-exports/java-1.5.0-gcj-4.8-amd64 --with-arch-directory=amd64 --with-ecj-jar=/usr/share/java/eclipse-ecj.jar --enable-objc-gc --enable-multiarch --disable-werror --with-arch-32=i686 --with-abi=m64 --with-multilib-list=m32,m64,mx32 --with-tune=generic --enable-checking=release --build=x86_64-linux-gnu --host=x86_64-linux-gnu --target=x86_64-linux-gnu
Thread model: posix
gcc version 4.8.1 (Ubuntu/Linaro 4.8.1-10ubuntu8) 
configure:3958: $? = 0
configure:3947: g++ -V >&5
g++: error: unrecognized command line option '-V'
g++: fatal error: no input files
compilation terminated.
configure:3958: $? = 4
configure:3947: g++ -qversion >&5
g++: error: unrecognized command line option '-qversion'
g++: fatal error: no input files
compilation terminated.
configure:3958: $? = 4
configure:3962: checking whether we are using the GNU C++ compiler
configure:3981: g++ -c   conftest.cpp >&5
configure:3981: $? = 0
configure:3990: result: yes
configure:3999: checking whether g++ accepts -g
configure:4019: g++ -c -g  conftest.cpp >&5
configure:4019: $? = 0
configure:4060: result: yes
configure:4085: checking dependency style of g++
configure:4195: result: none
configure:4215: checking for grep
configure:4234: found /bin/grep
configure:4246: result: /bin/grep
configure:4266: checking for vmstat
configure:4285: found /usr/bin/vmstat
configure:4297: result: /usr/bin/vmstat
configure:4318: checking for iostat
configure:4352: result: no
configure:4362: WARNING: *** iostat not found some scripts may not be usable
configure:4370: checking for gnuplot
configure:4404: result: no
configure:4414: WARNING: *** gnuplot not found some scripts may not be usable
configure:4422: checking for sar
configure:4456: result: no
configure:4422: checking for bsdsar
configure:4456: result: no
configure:4466: WARNING: *** sar or bsdsar not found some scripts may not be usable
configure:4474: checking for sysctl
configure:4493: found /sbin/sysctl
configure:4505: result: /sbin/sysctl
configure:4528: checking how to run the C preprocessor
configure:4559: gcc -E  conftest.c
configure:4559: $? = 0
configure:4573: gcc -E  conftest.c
conftest.c:13:28: fatal error: ac_nonexistent.h: No such file or directory
 #include <ac_nonexistent.h>
                            ^
compilation terminated.
configure:4573: $? = 1
configure: failed program was:
| /* confdefs.h */
| #define PACKAGE_NAME "dbt2"
| #define PACKAGE_TARNAME "dbt2"
| #define PACKAGE_VERSION "0.37.50"
| #define PACKAGE_STRING "dbt2 0.37.50"
| #define PACKAGE_BUGREPORT "osdldbt-general@lists.sourceforge.net"
| #define PACKAGE_URL ""
| #define PACKAGE "dbt2"
| #define VERSION "0.37.50"
| #define LINUX 1
| #define BROKEN_SEMAPHORES 1
| /* end confdefs.h.  */
| #include <ac_nonexistent.h>
configure:4598: result: gcc -E
configure:4618: gcc -E  conftest.c
configure:4618: $? = 0
configure:4632: gcc -E  conftest.c
conftest.c:13:28: fatal error: ac_nonexistent.h: No such file or directory
 #include <ac_nonexistent.h>
                            ^
compilation terminated.
configure:4632: $? = 1
configure: failed program was:
| /* confdefs.h */
| #define PACKAGE_NAME "dbt2"
| #define PACKAGE_TARNAME "dbt2"
| #define PACKAGE_VERSION "0.37.50"
| #define PACKAGE_STRING "dbt2 0.37.50"
| #define PACKAGE_BUGREPORT "osdldbt-general@lists.sourceforge.net"
| #define PACKAGE_URL ""
| #define PACKAGE "dbt2"
| #define VERSION "0.37.50"
| #define LINUX 1
| #define BROKEN_SEMAPHORES 1
| /* end confdefs.h.  */
| #include <ac_nonexistent.h>
configure:4661: checking for grep that handles long lines and -e
configure:4719: result: /bin/grep
configure:4724: checking for egrep
configure:4786: result: /bin/grep
configure:4791: checking for ANSI C header files
configure:4811: gcc -c -g -O2  conftest.c >&5
configure:4811: $? = 0
configure:4884: gcc -o conftest -g -O2   conftest.c  >&5
configure:4884: $? = 0
configure:4884: ./conftest
configure:4884: $? = 0
configure:4895: result: yes
configure:4908: checking for sys/types.h
configure:4908: gcc -c -g -O2  conftest.c >&5
configure:4908: $? = 0
configure:4908: result: yes
configure:4908: checking for sys/stat.h
configure:4908: gcc -c -g -O2  conftest.c >&5
configure:4908: $? = 0
configure:4908: result: yes
configure:4908: checking for stdlib.h
configure:4908: gcc -c -g -O2  conftest.c >&5
configure:4908: $? = 0
configure:4908: result: yes
configure:4908: checking for string.h
configure:4908: gcc -c -g -O2  conftest.c >&5
configure:4908: $? = 0
configure:4908: result: yes
configure:4908: checking for memory.h
configure:4908: gcc -c -g -O2  conftest.c >&5
configure:4908: $? = 0
configure:4908: result: yes
configure:4908: checking for strings.h
configure:4908: gcc -c -g -O2  conftest.c >&5
configure:4908: $? = 0
configure:4908: result: yes
configure:4908: checking for inttypes.h
configure:4908: gcc -c -g -O2  conftest.c >&5
configure:4908: $? = 0
configure:4908: result: yes
configure:4908: checking for stdint.h
configure:4908: gcc -c -g -O2  conftest.c >&5
configure:4908: $? = 0
configure:4908: result: yes
configure:4908: checking for unistd.h
configure:4908: gcc -c -g -O2  conftest.c >&5
configure:4908: $? = 0
configure:4908: result: yes
configure:4920: checking semaphore.h usability
configure:4920: gcc -c -g -O2  conftest.c >&5
configure:4920: $? = 0
configure:4920: result: yes
configure:4920: checking semaphore.h presence
configure:4920: gcc -E  conftest.c
configure:4920: $? = 0
configure:4920: result: yes
configure:4920: checking for semaphore.h
configure:4920: result: yes
configure:4930: checking pthread.h usability
configure:4930: gcc -c -g -O2  conftest.c >&5
configure:4930: $? = 0
configure:4930: result: yes
configure:4930: checking pthread.h presence
configure:4930: gcc -E  conftest.c
configure:4930: $? = 0
configure:4930: result: yes
configure:4930: checking for pthread.h
configure:4930: result: yes
configure:4940: checking for pthread_create in -lpthread
configure:4965: gcc -o conftest -g -O2   conftest.c -lpthread   >&5
configure:4965: $? = 0
configure:4974: result: yes
configure:4986: checking for sem_init in -lposix4
configure:5011: gcc -o conftest -g -O2   conftest.c -lposix4  -lpthread  >&5
/usr/bin/ld: cannot find -lposix4
collect2: error: ld returned 1 exit status
configure:5011: $? = 1
configure: failed program was:
| /* confdefs.h */
| #define PACKAGE_NAME "dbt2"
| #define PACKAGE_TARNAME "dbt2"
| #define PACKAGE_VERSION "0.37.50"
| #define PACKAGE_STRING "dbt2 0.37.50"
| #define PACKAGE_BUGREPORT "osdldbt-general@lists.sourceforge.net"
| #define PACKAGE_URL ""
| #define PACKAGE "dbt2"
| #define VERSION "0.37.50"
| #define LINUX 1
| #define BROKEN_SEMAPHORES 1
| #define STDC_HEADERS 1
| #define HAVE_SYS_TYPES_H 1
| #define HAVE_SYS_STAT_H 1
| #define HAVE_STDLIB_H 1
| #define HAVE_STRING_H 1
| #define HAVE_MEMORY_H 1
| #define HAVE_STRINGS_H 1
| #define HAVE_INTTYPES_H 1
| #define HAVE_STDINT_H 1
| #define HAVE_UNISTD_H 1
| #define HAVE_LIBPTHREAD 1
| /* end confdefs.h.  */
| 
| /* Override any GCC internal prototype to avoid an error.
|    Use char because int might match the return type of a GCC
|    builtin and then its argument prototype would still apply.  */
| #ifdef __cplusplus
| extern "C"
| #endif
| char sem_init ();
| int
| main ()
| {
| return sem_init ();
|   ;
|   return 0;
| }
configure:5020: result: no
configure:5179: checking for main in -lm
configure:5198: gcc -o conftest -g -O2   conftest.c -lm  -lpthread  >&5
configure:5198: $? = 0
configure:5207: result: yes
configure:5219: checking for library containing socket
configure:5250: gcc -o conftest -g -O2   conftest.c -lm -lpthread  >&5
configure:5250: $? = 0
configure:5267: result: none required
configure:5277: checking for library containing gethostbyname
configure:5308: gcc -o conftest -g -O2   conftest.c -lm -lpthread  >&5
configure:5308: $? = 0
configure:5325: result: none required
configure:5353: checking getopt.h usability
configure:5353: gcc -c -Wall -g -O2  conftest.c >&5
configure:5353: $? = 0
configure:5353: result: yes
configure:5353: checking getopt.h presence
configure:5353: gcc -E  conftest.c
configure:5353: $? = 0
configure:5353: result: yes
configure:5353: checking for getopt.h
configure:5353: result: yes
configure:5361: checking for library containing getopt_long
configure:5392: gcc -o conftest -Wall -g -O2   conftest.c -lm -lpthread  >&5
configure:5392: $? = 0
configure:5409: result: none required
configure:5986: checking Version of MySQL headers
configure:5992: result: 50610
configure:6002: checking MySQL C flags(mysql_config)
configure:6004: result: -I/home/htmsql/develop/mysql/mysql-5.6.10-alpha/install/include  -g -fabi-version=2 -fno-omit-frame-pointer -fno-strict-aliasing
configure:6007: checking MySQL linker flags(mysql_config)
configure:6009: result: -L/home/htmsql/develop/mysql/mysql-5.6.10-alpha/install/lib -lmysqlclient_r -lpthread -lm -ldl
configure:6061: checking for ANSI C header files
configure:6165: result: yes
configure:6174: checking for an ANSI C-conforming const
configure:6239: gcc -c -Wall -g -O2 -I/home/htmsql/develop/mysql/mysql-5.6.10-alpha/install/include  -g -fabi-version=2 -fno-omit-frame-pointer -fno-strict-aliasing  conftest.c >&5
conftest.c: In function 'main':
conftest.c:57:7: warning: 't' is used uninitialized in this function [-Wuninitialized]
     *t++ = 0;
       ^
conftest.c:79:13: warning: 'cs[0]' is used uninitialized in this function [-Wuninitialized]
   return !cs[0] && !zero.x;
             ^
configure:6239: $? = 0
configure:6246: result: yes
configure:6254: checking whether time.h and sys/time.h may both be included
configure:6274: gcc -c -Wall -g -O2 -I/home/htmsql/develop/mysql/mysql-5.6.10-alpha/install/include  -g -fabi-version=2 -fno-omit-frame-pointer -fno-strict-aliasing  conftest.c >&5
configure:6274: $? = 0
configure:6281: result: yes
configure:6289: checking whether struct tm is in sys/time.h or time.h
configure:6309: gcc -c -Wall -g -O2 -I/home/htmsql/develop/mysql/mysql-5.6.10-alpha/install/include  -g -fabi-version=2 -fno-omit-frame-pointer -fno-strict-aliasing  conftest.c >&5
configure:6309: $? = 0
configure:6316: result: time.h
configure:6327: checking for vprintf
configure:6327: gcc -o conftest -Wall -g -O2 -I/home/htmsql/develop/mysql/mysql-5.6.10-alpha/install/include  -g -fabi-version=2 -fno-omit-frame-pointer -fno-strict-aliasing   conftest.c -lm -lpthread  -L/home/htmsql/develop/mysql/mysql-5.6.10-alpha/install/lib -lmysqlclient_r -lpthread -lm -ldl >&5
conftest.c:52:6: warning: conflicting types for built-in function 'vprintf' [enabled by default]
 char vprintf ();
      ^
configure:6327: $? = 0
configure:6327: result: yes
configure:6333: checking for _doprnt
configure:6333: gcc -o conftest -Wall -g -O2 -I/home/htmsql/develop/mysql/mysql-5.6.10-alpha/install/include  -g -fabi-version=2 -fno-omit-frame-pointer -fno-strict-aliasing   conftest.c -lm -lpthread  -L/home/htmsql/develop/mysql/mysql-5.6.10-alpha/install/lib -lmysqlclient_r -lpthread -lm -ldl >&5
/tmp/ccxq6Kjp.o: In function `main':
/home/htmsql/develop/mysql/dbt2-0.37.50.3/conftest.c:64: undefined reference to `_doprnt'
collect2: error: ld returned 1 exit status
configure:6333: $? = 1
configure: failed program was:
| /* confdefs.h */
| #define PACKAGE_NAME "dbt2"
| #define PACKAGE_TARNAME "dbt2"
| #define PACKAGE_VERSION "0.37.50"
| #define PACKAGE_STRING "dbt2 0.37.50"
| #define PACKAGE_BUGREPORT "osdldbt-general@lists.sourceforge.net"
| #define PACKAGE_URL ""
| #define PACKAGE "dbt2"
| #define VERSION "0.37.50"
| #define LINUX 1
| #define BROKEN_SEMAPHORES 1
| #define STDC_HEADERS 1
| #define HAVE_SYS_TYPES_H 1
| #define HAVE_SYS_STAT_H 1
| #define HAVE_STDLIB_H 1
| #define HAVE_STRING_H 1
| #define HAVE_MEMORY_H 1
| #define HAVE_STRINGS_H 1
| #define HAVE_INTTYPES_H 1
| #define HAVE_STDINT_H 1
| #define HAVE_UNISTD_H 1
| #define HAVE_LIBPTHREAD 1
| #define HAVE_LIBM 1
| #define MYSQL_SP 1
| #define LIBMYSQL 1
| #define STDC_HEADERS 1
| #define TIME_WITH_SYS_TIME 1
| #define HAVE_VPRINTF 1
| /* end confdefs.h.  */
| /* Define _doprnt to an innocuous variant, in case <limits.h> declares _doprnt.
|    For example, HP-UX 11i <limits.h> declares gettimeofday.  */
| #define _doprnt innocuous__doprnt
| 
| /* System header to define __stub macros and hopefully few prototypes,
|     which can conflict with char _doprnt (); below.
|     Prefer <limits.h> to <assert.h> if __STDC__ is defined, since
|     <limits.h> exists even on freestanding compilers.  */
| 
| #ifdef __STDC__
| # include <limits.h>
| #else
| # include <assert.h>
| #endif
| 
| #undef _doprnt
| 
| /* Override any GCC internal prototype to avoid an error.
|    Use char because int might match the return type of a GCC
|    builtin and then its argument prototype would still apply.  */
| #ifdef __cplusplus
| extern "C"
| #endif
| char _doprnt ();
| /* The GNU C library defines this for functions which it implements
|     to always fail with ENOSYS.  Some functions are actually named
|     something starting with __ and the normal name is an alias.  */
| #if defined __stub__doprnt || defined __stub____doprnt
| choke me
| #endif
| 
| int
| main ()
| {
| return _doprnt ();
|   ;
|   return 0;
| }
configure:6333: result: no
configure:6347: checking for gettimeofday
configure:6347: gcc -o conftest -Wall -g -O2 -I/home/htmsql/develop/mysql/mysql-5.6.10-alpha/install/include  -g -fabi-version=2 -fno-omit-frame-pointer -fno-strict-aliasing   conftest.c -lm -lpthread  -L/home/htmsql/develop/mysql/mysql-5.6.10-alpha/install/lib -lmysqlclient_r -lpthread -lm -ldl >&5
configure:6347: $? = 0
configure:6347: result: yes
configure:6347: checking for socket
configure:6347: gcc -o conftest -Wall -g -O2 -I/home/htmsql/develop/mysql/mysql-5.6.10-alpha/install/include  -g -fabi-version=2 -fno-omit-frame-pointer -fno-strict-aliasing   conftest.c -lm -lpthread  -L/home/htmsql/develop/mysql/mysql-5.6.10-alpha/install/lib -lmysqlclient_r -lpthread -lm -ldl >&5
configure:6347: $? = 0
configure:6347: result: yes
configure:6364: checking for special C compiler options needed for large files
configure:6409: result: no
configure:6415: checking for _FILE_OFFSET_BITS value needed for large files
configure:6440: gcc -c -Wall -g -O2 -I/home/htmsql/develop/mysql/mysql-5.6.10-alpha/install/include  -g -fabi-version=2 -fno-omit-frame-pointer -fno-strict-aliasing  conftest.c >&5
configure:6440: $? = 0
configure:6472: result: no
configure:6715: creating ./config.status

## ---------------------- ##
## Running config.status. ##
## ---------------------- ##

This file was extended by dbt2 config.status 0.37.50, which was
generated by GNU Autoconf 2.68.  Invocation command line was

  CONFIG_FILES    = 
  CONFIG_HEADERS  = 
  CONFIG_LINKS    = 
  CONFIG_COMMANDS = 
  $ ./config.status 

on deskkemper05

config.status:901: creating scripts/Linux/get_os_info.sh
config.status:901: creating scripts/run_mysql.sh
config.status:901: creating Makefile
config.status:901: creating src/Makefile
config.status:901: creating storedproc/Makefile
config.status:901: creating scripts/sysstats.sh
config.status:901: creating scripts/transform_sar.sh
config.status:901: creating scripts/run_workload.sh
config.status:901: creating config.h
config.status:1130: executing depfiles commands

## ---------------- ##
## Cache variables. ##
## ---------------- ##

ac_cv_build=x86_64-unknown-linux-gnu
ac_cv_c_compiler_gnu=yes
ac_cv_c_const=yes
ac_cv_cxx_compiler_gnu=yes
ac_cv_env_CCC_set=
ac_cv_env_CCC_value=
ac_cv_env_CC_set=
ac_cv_env_CC_value=
ac_cv_env_CFLAGS_set=
ac_cv_env_CFLAGS_value=
ac_cv_env_CPPFLAGS_set=
ac_cv_env_CPPFLAGS_value=
ac_cv_env_CPP_set=
ac_cv_env_CPP_value=
ac_cv_env_CXXFLAGS_set=
ac_cv_env_CXXFLAGS_value=
ac_cv_env_CXX_set=
ac_cv_env_CXX_value=
ac_cv_env_LDFLAGS_set=
ac_cv_env_LDFLAGS_value=
ac_cv_env_LIBS_set=
ac_cv_env_LIBS_value=
ac_cv_env_build_alias_set=
ac_cv_env_build_alias_value=
ac_cv_env_host_alias_set=
ac_cv_env_host_alias_value=
ac_cv_env_target_alias_set=
ac_cv_env_target_alias_value=
ac_cv_func__doprnt=no
ac_cv_func_gettimeofday=yes
ac_cv_func_socket=yes
ac_cv_func_vprintf=yes
ac_cv_header_getopt_h=yes
ac_cv_header_inttypes_h=yes
ac_cv_header_memory_h=yes
ac_cv_header_pthread_h=yes
ac_cv_header_semaphore_h=yes
ac_cv_header_stdc=yes
ac_cv_header_stdint_h=yes
ac_cv_header_stdlib_h=yes
ac_cv_header_string_h=yes
ac_cv_header_strings_h=yes
ac_cv_header_sys_stat_h=yes
ac_cv_header_sys_types_h=yes
ac_cv_header_time=yes
ac_cv_header_unistd_h=yes
ac_cv_lib_m_main=yes
ac_cv_lib_posix4_sem_init=no
ac_cv_lib_pthread_pthread_create=yes
ac_cv_mysql_root=/home/htmsql/develop/mysql/mysql-5.6.10-alpha/install
ac_cv_objext=o
ac_cv_path_EGREP=/bin/grep
ac_cv_path_GREP=/bin/grep
ac_cv_path_SYSCTL=/sbin/sysctl
ac_cv_path_VMSTAT=/usr/bin/vmstat
ac_cv_path_install='/usr/bin/install -c'
ac_cv_path_mkdir=/bin/mkdir
ac_cv_prog_AWK=gawk
ac_cv_prog_CPP='gcc -E'
ac_cv_prog_ac_ct_CC=gcc
ac_cv_prog_ac_ct_CXX=g++
ac_cv_prog_cc_c89=
ac_cv_prog_cc_g=yes
ac_cv_prog_cxx_g=yes
ac_cv_prog_make_make_set=yes
ac_cv_search_gethostbyname='none required'
ac_cv_search_getopt_long='none required'
ac_cv_search_socket='none required'
ac_cv_struct_tm=time.h
ac_cv_sys_file_offset_bits=no
ac_cv_sys_largefile_CC=no
ac_cv_use_mysql=/home/htmsql/develop/mysql/mysql-5.6.10-alpha/install
am_cv_CC_dependencies_compiler_type=none
am_cv_CXX_dependencies_compiler_type=none

## ----------------- ##
## Output variables. ##
## ----------------- ##

ACLOCAL='${SHELL} /home/htmsql/develop/mysql/dbt2-0.37.50.3/missing --run aclocal-1.11'
AMDEPBACKSLASH='\'
AMDEP_FALSE='#'
AMDEP_TRUE=''
AMTAR='${SHELL} /home/htmsql/develop/mysql/dbt2-0.37.50.3/missing --run tar'
AUTOCONF='${SHELL} /home/htmsql/develop/mysql/dbt2-0.37.50.3/missing --run autoconf'
AUTOHEADER='${SHELL} /home/htmsql/develop/mysql/dbt2-0.37.50.3/missing --run autoheader'
AUTOMAKE='${SHELL} /home/htmsql/develop/mysql/dbt2-0.37.50.3/missing --run automake-1.11'
AWK='gawk'
CC='gcc'
CCDEPMODE='depmode=none'
CFLAGS='-Wall -g -O2 -I/home/htmsql/develop/mysql/mysql-5.6.10-alpha/install/include  -g -fabi-version=2 -fno-omit-frame-pointer -fno-strict-aliasing'
CPP='gcc -E'
CPPFLAGS=''
CXX='g++'
CXXDEPMODE='depmode=none'
CXXFLAGS='-g -O2'
CYGPATH_W='echo'
DBC_CORE='mysql'
DBC_FUNCTIONS='mysql'
DEFS='-DHAVE_CONFIG_H'
DEPDIR='.deps'
ECHO_C=''
ECHO_N='-n'
ECHO_T=''
EGREP='/bin/grep'
EXEEXT=''
GNUPLOT=''
GREP='/bin/grep'
INSTALL_DATA='${INSTALL} -m 644'
INSTALL_PROGRAM='${INSTALL}'
INSTALL_SCRIPT='${INSTALL}'
INSTALL_STRIP_PROGRAM='$(install_sh) -c -s'
IOSTAT=''
LDFLAGS=''
LIBOBJS=''
LIBS='-lm -lpthread  -L/home/htmsql/develop/mysql/mysql-5.6.10-alpha/install/lib -lmysqlclient_r -lpthread -lm -ldl'
LTLIBOBJS=''
MAKEINFO='${SHELL} /home/htmsql/develop/mysql/dbt2-0.37.50.3/missing --run makeinfo'
MKDIR_P='/bin/mkdir -p'
MYSQL_DIR='/home/htmsql/develop/mysql/mysql-5.6.10-alpha/install'
NONSP_FALSE=''
NONSP_TRUE='#'
OBJEXT='o'
PACKAGE='dbt2'
PACKAGE_BUGREPORT='osdldbt-general@lists.sourceforge.net'
PACKAGE_NAME='dbt2'
PACKAGE_STRING='dbt2 0.37.50'
PACKAGE_TARNAME='dbt2'
PACKAGE_URL=''
PACKAGE_VERSION='0.37.50'
PATH_SEPARATOR=':'
SAR=''
SET_MAKE=''
SHELL='/bin/bash'
SP_DIR=''
STRIP=''
SYSCTL='/sbin/sysctl'
VERSION='0.37.50'
VMSTAT='/usr/bin/vmstat'
ac_ct_CC='gcc'
ac_ct_CXX='g++'
am__EXEEXT_FALSE=''
am__EXEEXT_TRUE='#'
am__fastdepCC_FALSE=''
am__fastdepCC_TRUE='#'
am__fastdepCXX_FALSE=''
am__fastdepCXX_TRUE='#'
am__include='include'
am__isrc=''
am__leading_dot='.'
am__quote=''
am__tar='${AMTAR} chof - "$$tardir"'
am__untar='${AMTAR} xf -'
bindir='${exec_prefix}/bin'
build='x86_64-unknown-linux-gnu'
build_alias=''
build_cpu='x86_64'
build_os='linux-gnu'
build_vendor='unknown'
database_to_use='mysql'
datadir='${datarootdir}'
datarootdir='${prefix}/share'
docdir='${datarootdir}/doc/${PACKAGE_TARNAME}'
dvidir='${docdir}'
exec_prefix='${prefix}'
host_alias=''
htmldir='${docdir}'
includedir='${prefix}/include'
infodir='${datarootdir}/info'
install_sh='${SHELL} /home/htmsql/develop/mysql/dbt2-0.37.50.3/install-sh'
libdir='${exec_prefix}/lib'
libexecdir='${exec_prefix}/libexec'
localedir='${datarootdir}/locale'
localstatedir='${prefix}/var'
mandir='${datarootdir}/man'
mkdir_p='/bin/mkdir -p'
mysqlconfig='/home/htmsql/develop/mysql/mysql-5.6.10-alpha/install/bin/mysql_config'
oldincludedir='/usr/include'
pdfdir='${docdir}'
prefix='/usr/local'
program_transform_name='s,x,x,'
psdir='${docdir}'
sbindir='${exec_prefix}/sbin'
sharedstatedir='${prefix}/com'
sysconfdir='${prefix}/etc'
target_alias=''

## ----------- ##
## confdefs.h. ##
## ----------- ##

/* confdefs.h */
#define PACKAGE_NAME "dbt2"
#define PACKAGE_TARNAME "dbt2"
#define PACKAGE_VERSION "0.37.50"
#define PACKAGE_STRING "dbt2 0.37.50"
#define PACKAGE_BUGREPORT "osdldbt-general@lists.sourceforge.net"
#define PACKAGE_URL ""
#define PACKAGE "dbt2"
#define VERSION "0.37.50"
#define LINUX 1
#define BROKEN_SEMAPHORES 1
#define STDC_HEADERS 1
#define HAVE_SYS_TYPES_H 1
#define HAVE_SYS_STAT_H 1
#define HAVE_STDLIB_H 1
#define HAVE_STRING_H 1
#define HAVE_MEMORY_H 1
#define HAVE_STRINGS_H 1
#define HAVE_INTTYPES_H 1
#define HAVE_STDINT_H 1
#define HAVE_UNISTD_H 1
#define HAVE_LIBPTHREAD 1
#define HAVE_LIBM 1
#define MYSQL_SP 1
#define LIBMYSQL 1
#define STDC_HEADERS 1
#define TIME_WITH_SYS_TIME 1
#define HAVE_VPRINTF 1
#define HAVE_GETTIMEOFDAY 1
#define HAVE_SOCKET 1

configure: exit 0
