connecting to client at 'localhost'
connecting to client port at '30000'

database table cardinalities:
warehouses = 4
districts = 10
customers = 3000
items = 100000
orders = 3000
stock = 100000
new-orders = 900

transaction mix:
new-order mix 0.09
payment mix 0.08
order-status mix 0.38
delivery mix 0.04
stock-level mix 0.38
credit-check mix 0.04

transaction thresholds:
new-order threshold 0.09
payment threshold 0.17
order-status threshold 0.54
delivery threshold 0.58
stock-level threshold 0.96
credit-check threshold 1.00

delivery keying time 2 s
new_order keying time 18 s
order-status keying time 2 s
payment keying time 3 s
stock-level keying time 2 s
credit-check keying time 2 s

delivery thinking time 5000 ms
new_order thinking time 12000 ms
order-status thinking time 10000 ms
payment thinking time 12000 ms
stock-level thinking time 5000 ms
credit-check thinking time 5000 ms

w_id range 1 to 4

10 terminals per warehouse

60 second steady state duration

driver is starting to ramp up at time 1393377817
driver will ramp up in  30 seconds
will stop test at time 1393377907
seed for 9399:57d21700 : 80891860
seed for 9399:57d00700 : 80764630
seed for 9399:57cdf700 : 80597496
seed for 9399:57cbe700 : 80461978
seed for 9399:57c9d700 : 80343973
seed for 9399:57c7c700 : 80208710
seed for 9399:57c5b700 : 80056860
seed for 9399:57c3a700 : 79922438
seed for 9399:57c19700 : 79803647
seed for 9399:57bf8700 : 79668270
seed for 9399:57bd7700 : 79517486
seed for 9399:57bb6700 : 79382029
seed for 9399:57b95700 : 79264165
seed for 9399:57b74700 : 79128737
seed for 9399:5702a700 : 67274852
seed for 9399:57009700 : 67156637
seed for 9399:56fe8700 : 100575814
seed for 9399:56fc7700 : 100425046
seed for 9399:56fa6700 : 100289585
seed for 9399:56f85700 : 100171748
seed for 9399:56f64700 : 100036335
seed for 9399:56f43700 : 99877321
seed for 9399:56f22700 : 99750066
seed for 9399:56f01700 : 99623005
seed for 9399:56ee0700 : 99496772
seed for 9399:56ebf700 : 99336867
seed for 9399:56e9e700 : 99209832
seed for 9399:56e7d700 : 99083570
seed for 9399:56e5c700 : 98956535
seed for 9399:56e3b700 : 98797518
seed for 9399:56e1a700 : 98670268
seed for 9399:56df9700 : 98544041
seed for 9399:56dd8700 : 98416979
seed for 9399:56db7700 : 98256971
seed for 9399:56d96700 : 98130723
seed for 9399:56d75700 : 98003476
seed for 9399:56d54700 : 97877263
seed for 9399:56d33700 : 97717475
seed for 9399:56d12700 : 97590392
seed for 9399:56cf1700 : 97464091
