Mon Feb 24 05:41:08 2014
tid:192399104 /home/htmsql/develop/mysql/dbt2++/dbt2/src/db.c:186
Cannot execute_credit_check since the code does not exist
Mon Feb 24 05:41:10 2014
tid:304531200 /home/htmsql/develop/mysql/dbt2++/dbt2/src/db.c:186
Cannot execute_credit_check since the code does not exist
Mon Feb 24 05:41:19 2014
tid:270313216 /home/htmsql/develop/mysql/dbt2++/dbt2/src/db.c:186
Cannot execute_credit_check since the code does not exist
Mon Feb 24 05:41:29 2014
tid:303200000 /home/htmsql/develop/mysql/dbt2++/dbt2/src/db.c:186
Cannot execute_credit_check since the code does not exist
Mon Feb 24 05:41:35 2014
tid:192399104 /home/htmsql/develop/mysql/dbt2++/dbt2/src/db.c:186
Cannot execute_credit_check since the code does not exist
Mon Feb 24 05:41:38 2014
tid:303732480 /home/htmsql/develop/mysql/dbt2++/dbt2/src/db.c:186
Cannot execute_credit_check since the code does not exist
Mon Feb 24 05:41:47 2014
tid:302933760 /home/htmsql/develop/mysql/dbt2++/dbt2/src/db.c:186
Cannot execute_credit_check since the code does not exist
Mon Feb 24 05:41:48 2014
tid:270579456 /home/htmsql/develop/mysql/dbt2++/dbt2/src/db.c:186
Cannot execute_credit_check since the code does not exist
Mon Feb 24 05:41:51 2014
tid:269780736 /home/htmsql/develop/mysql/dbt2++/dbt2/src/db.c:186
Cannot execute_credit_check since the code does not exist
Mon Feb 24 05:41:54 2014
tid:268715776 /home/htmsql/develop/mysql/dbt2++/dbt2/src/db.c:186
Cannot execute_credit_check since the code does not exist
Mon Feb 24 05:41:59 2014
tid:303998720 /home/htmsql/develop/mysql/dbt2++/dbt2/src/db.c:186
Cannot execute_credit_check since the code does not exist
Mon Feb 24 05:42:01 2014
tid:270313216 /home/htmsql/develop/mysql/dbt2++/dbt2/src/db.c:186
Cannot execute_credit_check since the code does not exist
Mon Feb 24 05:42:15 2014
tid:304264960 /home/htmsql/develop/mysql/dbt2++/dbt2/src/db.c:186
Cannot execute_credit_check since the code does not exist
Mon Feb 24 05:42:15 2014
tid:303732480 /home/htmsql/develop/mysql/dbt2++/dbt2/src/db.c:186
Cannot execute_credit_check since the code does not exist
Mon Feb 24 05:42:23 2014
tid:192132864 /home/htmsql/develop/mysql/dbt2++/dbt2/src/db.c:186
Cannot execute_credit_check since the code does not exist
Mon Feb 24 05:42:24 2014
tid:302933760 /home/htmsql/develop/mysql/dbt2++/dbt2/src/db.c:186
Cannot execute_credit_check since the code does not exist
Mon Feb 24 05:42:27 2014
tid:269780736 /home/htmsql/develop/mysql/dbt2++/dbt2/src/db.c:186
Cannot execute_credit_check since the code does not exist
Mon Feb 24 05:42:29 2014
tid:192665344 /home/htmsql/develop/mysql/dbt2++/dbt2/src/mysql/dbc_new_order.c:108
NEW_ORDER ROLLBACK RC 1

Mon Feb 24 05:42:29 2014
tid:192665344 /home/htmsql/develop/mysql/dbt2++/dbt2/src/mysql/dbc_common.c:97
ROLLBACK INITIATED

Mon Feb 24 05:42:30 2014
tid:192132864 /home/htmsql/develop/mysql/dbt2++/dbt2/src/db.c:186
Cannot execute_credit_check since the code does not exist
Mon Feb 24 05:42:32 2014
tid:270579456 /home/htmsql/develop/mysql/dbt2++/dbt2/src/db.c:186
Cannot execute_credit_check since the code does not exist
Mon Feb 24 05:42:33 2014
tid:192132864 /home/htmsql/develop/mysql/dbt2++/dbt2/src/db.c:186
Cannot execute_credit_check since the code does not exist
Mon Feb 24 05:42:36 2014
tid:268982016 /home/htmsql/develop/mysql/dbt2++/dbt2/src/db.c:186
Cannot execute_credit_check since the code does not exist
Mon Feb 24 05:42:40 2014
tid:304531200 /home/htmsql/develop/mysql/dbt2++/dbt2/src/db.c:186
Cannot execute_credit_check since the code does not exist
Mon Feb 24 05:42:43 2014
tid:302933760 /home/htmsql/develop/mysql/dbt2++/dbt2/src/db.c:186
Cannot execute_credit_check since the code does not exist
Mon Feb 24 05:42:43 2014
tid:192399104 /home/htmsql/develop/mysql/dbt2++/dbt2/src/db.c:186
Cannot execute_credit_check since the code does not exist
Mon Feb 24 05:42:43 2014
tid:303732480 /home/htmsql/develop/mysql/dbt2++/dbt2/src/mysql/dbc_new_order.c:108
NEW_ORDER ROLLBACK RC 1

Mon Feb 24 05:42:43 2014
tid:303732480 /home/htmsql/develop/mysql/dbt2++/dbt2/src/mysql/dbc_common.c:97
ROLLBACK INITIATED

Mon Feb 24 05:42:44 2014
tid:192399104 /home/htmsql/develop/mysql/dbt2++/dbt2/src/db.c:186
Cannot execute_credit_check since the code does not exist
Mon Feb 24 05:42:44 2014
tid:303998720 /home/htmsql/develop/mysql/dbt2++/dbt2/src/db.c:186
Cannot execute_credit_check since the code does not exist
Mon Feb 24 05:42:45 2014
tid:268982016 /home/htmsql/develop/mysql/dbt2++/dbt2/src/db.c:186
Cannot execute_credit_check since the code does not exist
Mon Feb 24 05:42:48 2014
tid:303200000 /home/htmsql/develop/mysql/dbt2++/dbt2/src/db.c:186
Cannot execute_credit_check since the code does not exist
Mon Feb 24 05:42:51 2014
tid:304264960 /home/htmsql/develop/mysql/dbt2++/dbt2/src/db.c:186
Cannot execute_credit_check since the code does not exist
Mon Feb 24 05:42:53 2014
tid:270313216 /home/htmsql/develop/mysql/dbt2++/dbt2/src/db.c:186
Cannot execute_credit_check since the code does not exist
Mon Feb 24 05:42:55 2014
tid:191866624 /home/htmsql/develop/mysql/dbt2++/dbt2/src/db.c:186
Cannot execute_credit_check since the code does not exist
Mon Feb 24 05:43:00 2014
tid:304264960 /home/htmsql/develop/mysql/dbt2++/dbt2/src/db.c:186
Cannot execute_credit_check since the code does not exist
Mon Feb 24 05:43:00 2014
tid:268982016 /home/htmsql/develop/mysql/dbt2++/dbt2/src/db.c:186
Cannot execute_credit_check since the code does not exist
Mon Feb 24 05:43:01 2014
tid:269248256 /home/htmsql/develop/mysql/dbt2++/dbt2/src/db.c:186
Cannot execute_credit_check since the code does not exist
Mon Feb 24 05:43:07 2014
tid:270046976 /home/htmsql/develop/mysql/dbt2++/dbt2/src/db.c:186
Cannot execute_credit_check since the code does not exist
Mon Feb 24 05:43:08 2014
tid:192931584 /home/htmsql/develop/mysql/dbt2++/dbt2/src/db.c:186
Cannot execute_credit_check since the code does not exist
Mon Feb 24 05:43:15 2014
tid:304531200 /home/htmsql/develop/mysql/dbt2++/dbt2/src/db.c:186
Cannot execute_credit_check since the code does not exist
Mon Feb 24 05:43:17 2014
tid:268982016 /home/htmsql/develop/mysql/dbt2++/dbt2/src/db.c:186
Cannot execute_credit_check since the code does not exist
Mon Feb 24 05:43:17 2014
tid:269514496 /home/htmsql/develop/mysql/dbt2++/dbt2/src/db.c:186
Cannot execute_credit_check since the code does not exist
Mon Feb 24 05:43:21 2014
tid:270046976 /home/htmsql/develop/mysql/dbt2++/dbt2/src/db.c:186
Cannot execute_credit_check since the code does not exist
Mon Feb 24 05:43:21 2014
tid:268982016 /home/htmsql/develop/mysql/dbt2++/dbt2/src/db.c:186
Cannot execute_credit_check since the code does not exist
Mon Feb 24 05:43:21 2014
tid:269248256 /home/htmsql/develop/mysql/dbt2++/dbt2/src/db.c:186
Cannot execute_credit_check since the code does not exist
Mon Feb 24 05:43:22 2014
tid:192931584 /home/htmsql/develop/mysql/dbt2++/dbt2/src/db.c:186
Cannot execute_credit_check since the code does not exist
Mon Feb 24 05:43:24 2014
tid:270046976 /home/htmsql/develop/mysql/dbt2++/dbt2/src/db.c:186
Cannot execute_credit_check since the code does not exist
Mon Feb 24 05:43:25 2014
tid:270313216 /home/htmsql/develop/mysql/dbt2++/dbt2/src/db.c:186
Cannot execute_credit_check since the code does not exist
Mon Feb 24 05:43:25 2014
tid:192931584 /home/htmsql/develop/mysql/dbt2++/dbt2/src/db.c:186
Cannot execute_credit_check since the code does not exist
Mon Feb 24 05:43:25 2014
tid:303732480 /home/htmsql/develop/mysql/dbt2++/dbt2/src/db.c:186
Cannot execute_credit_check since the code does not exist
Mon Feb 24 05:43:26 2014
tid:268982016 /home/htmsql/develop/mysql/dbt2++/dbt2/src/db.c:186
Cannot execute_credit_check since the code does not exist
Mon Feb 24 05:43:27 2014
tid:269248256 /home/htmsql/develop/mysql/dbt2++/dbt2/src/db.c:186
Cannot execute_credit_check since the code does not exist
Mon Feb 24 05:43:27 2014
tid:192132864 /home/htmsql/develop/mysql/dbt2++/dbt2/src/db.c:186
Cannot execute_credit_check since the code does not exist
Mon Feb 24 05:43:27 2014
tid:270046976 /home/htmsql/develop/mysql/dbt2++/dbt2/src/db.c:186
Cannot execute_credit_check since the code does not exist
Mon Feb 24 05:43:27 2014
tid:191866624 /home/htmsql/develop/mysql/dbt2++/dbt2/src/db.c:186
Cannot execute_credit_check since the code does not exist
Mon Feb 24 05:43:28 2014
tid:303466240 /home/htmsql/develop/mysql/dbt2++/dbt2/src/db.c:186
Cannot execute_credit_check since the code does not exist
Mon Feb 24 05:43:28 2014
tid:303200000 /home/htmsql/develop/mysql/dbt2++/dbt2/src/db.c:186
Cannot execute_credit_check since the code does not exist
Mon Feb 24 05:43:31 2014
tid:268982016 /home/htmsql/develop/mysql/dbt2++/dbt2/src/db.c:186
Cannot execute_credit_check since the code does not exist
Mon Feb 24 05:43:32 2014
tid:192931584 /home/htmsql/develop/mysql/dbt2++/dbt2/src/mysql/dbc_new_order.c:108
NEW_ORDER ROLLBACK RC 1

Mon Feb 24 05:43:32 2014
tid:192931584 /home/htmsql/develop/mysql/dbt2++/dbt2/src/mysql/dbc_common.c:97
ROLLBACK INITIATED

Mon Feb 24 05:43:34 2014
tid:269780736 /home/htmsql/develop/mysql/dbt2++/dbt2/src/db.c:186
Cannot execute_credit_check since the code does not exist
Mon Feb 24 05:43:37 2014
tid:270579456 /home/htmsql/develop/mysql/dbt2++/dbt2/src/db.c:186
Cannot execute_credit_check since the code does not exist
Mon Feb 24 05:43:41 2014
tid:269248256 /home/htmsql/develop/mysql/dbt2++/dbt2/src/db.c:186
Cannot execute_credit_check since the code does not exist
Mon Feb 24 05:43:42 2014
tid:192132864 /home/htmsql/develop/mysql/dbt2++/dbt2/src/db.c:186
Cannot execute_credit_check since the code does not exist
Mon Feb 24 05:43:43 2014
tid:304531200 /home/htmsql/develop/mysql/dbt2++/dbt2/src/db.c:186
Cannot execute_credit_check since the code does not exist
Mon Feb 24 05:43:43 2014
tid:270579456 /home/htmsql/develop/mysql/dbt2++/dbt2/src/db.c:186
Cannot execute_credit_check since the code does not exist
Mon Feb 24 05:43:45 2014
tid:269514496 /home/htmsql/develop/mysql/dbt2++/dbt2/src/db.c:186
Cannot execute_credit_check since the code does not exist
Mon Feb 24 05:43:46 2014
tid:191866624 /home/htmsql/develop/mysql/dbt2++/dbt2/src/mysql/dbc_new_order.c:108
NEW_ORDER ROLLBACK RC 1

Mon Feb 24 05:43:46 2014
tid:191866624 /home/htmsql/develop/mysql/dbt2++/dbt2/src/mysql/dbc_common.c:97
ROLLBACK INITIATED

Mon Feb 24 05:43:46 2014
tid:270046976 /home/htmsql/develop/mysql/dbt2++/dbt2/src/mysql/dbc_new_order.c:108
NEW_ORDER ROLLBACK RC 1

Mon Feb 24 05:43:46 2014
tid:270046976 /home/htmsql/develop/mysql/dbt2++/dbt2/src/mysql/dbc_common.c:97
ROLLBACK INITIATED

Mon Feb 24 05:43:47 2014
tid:269248256 /home/htmsql/develop/mysql/dbt2++/dbt2/src/db.c:186
Cannot execute_credit_check since the code does not exist
Mon Feb 24 05:43:48 2014
tid:302933760 /home/htmsql/develop/mysql/dbt2++/dbt2/src/db.c:186
Cannot execute_credit_check since the code does not exist
Mon Feb 24 05:43:50 2014
tid:269248256 /home/htmsql/develop/mysql/dbt2++/dbt2/src/db.c:186
Cannot execute_credit_check since the code does not exist
Mon Feb 24 05:43:52 2014
tid:269780736 /home/htmsql/develop/mysql/dbt2++/dbt2/src/db.c:186
Cannot execute_credit_check since the code does not exist
Mon Feb 24 05:43:52 2014
tid:269248256 /home/htmsql/develop/mysql/dbt2++/dbt2/src/db.c:186
Cannot execute_credit_check since the code does not exist
Mon Feb 24 05:43:53 2014
tid:269514496 /home/htmsql/develop/mysql/dbt2++/dbt2/src/db.c:186
Cannot execute_credit_check since the code does not exist
Mon Feb 24 05:43:57 2014
tid:303200000 /home/htmsql/develop/mysql/dbt2++/dbt2/src/db.c:186
Cannot execute_credit_check since the code does not exist
Mon Feb 24 05:43:57 2014
tid:302933760 /home/htmsql/develop/mysql/dbt2++/dbt2/src/db.c:186
Cannot execute_credit_check since the code does not exist
Mon Feb 24 05:43:59 2014
tid:302933760 /home/htmsql/develop/mysql/dbt2++/dbt2/src/db.c:186
Cannot execute_credit_check since the code does not exist
Mon Feb 24 05:44:00 2014
tid:269780736 /home/htmsql/develop/mysql/dbt2++/dbt2/src/db.c:186
Cannot execute_credit_check since the code does not exist
Mon Feb 24 05:44:01 2014
tid:192399104 /home/htmsql/develop/mysql/dbt2++/dbt2/src/db.c:186
Cannot execute_credit_check since the code does not exist
Mon Feb 24 05:44:02 2014
tid:302933760 /home/htmsql/develop/mysql/dbt2++/dbt2/src/db.c:186
Cannot execute_credit_check since the code does not exist
Mon Feb 24 05:44:02 2014
tid:270046976 /home/htmsql/develop/mysql/dbt2++/dbt2/src/db.c:186
Cannot execute_credit_check since the code does not exist
Mon Feb 24 05:44:02 2014
tid:269514496 /home/htmsql/develop/mysql/dbt2++/dbt2/src/db.c:186
Cannot execute_credit_check since the code does not exist
Mon Feb 24 05:44:02 2014
tid:192399104 /home/htmsql/develop/mysql/dbt2++/dbt2/src/db.c:186
Cannot execute_credit_check since the code does not exist
Mon Feb 24 05:44:03 2014
tid:269248256 /home/htmsql/develop/mysql/dbt2++/dbt2/src/db.c:186
Cannot execute_credit_check since the code does not exist
Mon Feb 24 05:44:04 2014
tid:268715776 /home/htmsql/develop/mysql/dbt2++/dbt2/src/db.c:186
Cannot execute_credit_check since the code does not exist
Mon Feb 24 05:44:05 2014
tid:191866624 /home/htmsql/develop/mysql/dbt2++/dbt2/src/db.c:186
Cannot execute_credit_check since the code does not exist
Mon Feb 24 05:44:08 2014
tid:302933760 /home/htmsql/develop/mysql/dbt2++/dbt2/src/db.c:186
Cannot execute_credit_check since the code does not exist
Mon Feb 24 05:44:09 2014
tid:303998720 /home/htmsql/develop/mysql/dbt2++/dbt2/src/db.c:186
Cannot execute_credit_check since the code does not exist
Mon Feb 24 05:44:09 2014
tid:304264960 /home/htmsql/develop/mysql/dbt2++/dbt2/src/db.c:186
Cannot execute_credit_check since the code does not exist
Mon Feb 24 05:44:10 2014
tid:270313216 /home/htmsql/develop/mysql/dbt2++/dbt2/src/db.c:186
Cannot execute_credit_check since the code does not exist
Mon Feb 24 05:44:11 2014
tid:270579456 /home/htmsql/develop/mysql/dbt2++/dbt2/src/db.c:186
Cannot execute_credit_check since the code does not exist
Mon Feb 24 05:44:13 2014
tid:304264960 /home/htmsql/develop/mysql/dbt2++/dbt2/src/db.c:186
Cannot execute_credit_check since the code does not exist
Mon Feb 24 05:44:15 2014
tid:270579456 /home/htmsql/develop/mysql/dbt2++/dbt2/src/db.c:186
Cannot execute_credit_check since the code does not exist
Mon Feb 24 05:44:19 2014
tid:269514496 /home/htmsql/develop/mysql/dbt2++/dbt2/src/db.c:186
Cannot execute_credit_check since the code does not exist
Mon Feb 24 05:44:19 2014
tid:270313216 /home/htmsql/develop/mysql/dbt2++/dbt2/src/db.c:186
Cannot execute_credit_check since the code does not exist
Mon Feb 24 05:44:20 2014
tid:303200000 /home/htmsql/develop/mysql/dbt2++/dbt2/src/db.c:186
Cannot execute_credit_check since the code does not exist
Mon Feb 24 05:44:21 2014
tid:192132864 /home/htmsql/develop/mysql/dbt2++/dbt2/src/db.c:186
Cannot execute_credit_check since the code does not exist
Mon Feb 24 05:44:21 2014
tid:303998720 /home/htmsql/develop/mysql/dbt2++/dbt2/src/db.c:186
Cannot execute_credit_check since the code does not exist
Mon Feb 24 05:44:22 2014
tid:303466240 /home/htmsql/develop/mysql/dbt2++/dbt2/src/db.c:186
Cannot execute_credit_check since the code does not exist
Mon Feb 24 05:44:25 2014
tid:269514496 /home/htmsql/develop/mysql/dbt2++/dbt2/src/db.c:186
Cannot execute_credit_check since the code does not exist
Mon Feb 24 05:44:25 2014
tid:192931584 /home/htmsql/develop/mysql/dbt2++/dbt2/src/db.c:186
Cannot execute_credit_check since the code does not exist
Mon Feb 24 05:44:27 2014
tid:269248256 /home/htmsql/develop/mysql/dbt2++/dbt2/src/db.c:186
Cannot execute_credit_check since the code does not exist
Mon Feb 24 05:44:27 2014
tid:192931584 /home/htmsql/develop/mysql/dbt2++/dbt2/src/db.c:186
Cannot execute_credit_check since the code does not exist
Mon Feb 24 05:44:28 2014
tid:268715776 /home/htmsql/develop/mysql/dbt2++/dbt2/src/db.c:186
Cannot execute_credit_check since the code does not exist
Mon Feb 24 05:44:29 2014
tid:303466240 /home/htmsql/develop/mysql/dbt2++/dbt2/src/db.c:186
Cannot execute_credit_check since the code does not exist
Mon Feb 24 05:44:30 2014
tid:302933760 /home/htmsql/develop/mysql/dbt2++/dbt2/src/db.c:186
Cannot execute_credit_check since the code does not exist
Mon Feb 24 05:44:31 2014
tid:269248256 /home/htmsql/develop/mysql/dbt2++/dbt2/src/db.c:186
Cannot execute_credit_check since the code does not exist
Mon Feb 24 05:44:31 2014
tid:192399104 /home/htmsql/develop/mysql/dbt2++/dbt2/src/db.c:186
Cannot execute_credit_check since the code does not exist
Mon Feb 24 05:44:32 2014
tid:269780736 /home/htmsql/develop/mysql/dbt2++/dbt2/src/db.c:186
Cannot execute_credit_check since the code does not exist
Mon Feb 24 05:44:35 2014
tid:192931584 /home/htmsql/develop/mysql/dbt2++/dbt2/src/db.c:186
Cannot execute_credit_check since the code does not exist
Mon Feb 24 05:44:41 2014
tid:192931584 /home/htmsql/develop/mysql/dbt2++/dbt2/src/db.c:186
Cannot execute_credit_check since the code does not exist
Mon Feb 24 05:44:44 2014
tid:191866624 /home/htmsql/develop/mysql/dbt2++/dbt2/src/db.c:186
Cannot execute_credit_check since the code does not exist
Mon Feb 24 05:44:44 2014
tid:269514496 /home/htmsql/develop/mysql/dbt2++/dbt2/src/db.c:186
Cannot execute_credit_check since the code does not exist
Mon Feb 24 05:44:46 2014
tid:303200000 /home/htmsql/develop/mysql/dbt2++/dbt2/src/db.c:186
Cannot execute_credit_check since the code does not exist
Mon Feb 24 05:44:47 2014
tid:304531200 /home/htmsql/develop/mysql/dbt2++/dbt2/src/db.c:186
Cannot execute_credit_check since the code does not exist
Mon Feb 24 05:44:47 2014
tid:270313216 /home/htmsql/develop/mysql/dbt2++/dbt2/src/db.c:186
Cannot execute_credit_check since the code does not exist
Mon Feb 24 05:44:49 2014
tid:192132864 /home/htmsql/develop/mysql/dbt2++/dbt2/src/db.c:186
Cannot execute_credit_check since the code does not exist
Mon Feb 24 05:44:49 2014
tid:192665344 /home/htmsql/develop/mysql/dbt2++/dbt2/src/db.c:186
Cannot execute_credit_check since the code does not exist
Mon Feb 24 05:44:50 2014
tid:269514496 /home/htmsql/develop/mysql/dbt2++/dbt2/src/db.c:186
Cannot execute_credit_check since the code does not exist
Mon Feb 24 05:44:50 2014
tid:268715776 /home/htmsql/develop/mysql/dbt2++/dbt2/src/db.c:186
Cannot execute_credit_check since the code does not exist
Mon Feb 24 05:44:50 2014
tid:303466240 /home/htmsql/develop/mysql/dbt2++/dbt2/src/db.c:186
Cannot execute_credit_check since the code does not exist
Mon Feb 24 05:44:51 2014
tid:303998720 /home/htmsql/develop/mysql/dbt2++/dbt2/src/db.c:186
Cannot execute_credit_check since the code does not exist
Mon Feb 24 05:44:51 2014
tid:302933760 /home/htmsql/develop/mysql/dbt2++/dbt2/src/db.c:186
Cannot execute_credit_check since the code does not exist
Mon Feb 24 05:44:53 2014
tid:268982016 /home/htmsql/develop/mysql/dbt2++/dbt2/src/db.c:186
Cannot execute_credit_check since the code does not exist
Mon Feb 24 05:44:54 2014
tid:192665344 /home/htmsql/develop/mysql/dbt2++/dbt2/src/db.c:186
Cannot execute_credit_check since the code does not exist
Mon Feb 24 05:44:54 2014
tid:268982016 /home/htmsql/develop/mysql/dbt2++/dbt2/src/db.c:186
Cannot execute_credit_check since the code does not exist
Mon Feb 24 05:44:54 2014
tid:269780736 /home/htmsql/develop/mysql/dbt2++/dbt2/src/db.c:186
Cannot execute_credit_check since the code does not exist
Mon Feb 24 05:44:57 2014
tid:303466240 /home/htmsql/develop/mysql/dbt2++/dbt2/src/db.c:186
Cannot execute_credit_check since the code does not exist
Mon Feb 24 05:44:57 2014
tid:192399104 /home/htmsql/develop/mysql/dbt2++/dbt2/src/db.c:186
Cannot execute_credit_check since the code does not exist
Mon Feb 24 05:44:59 2014
tid:303200000 /home/htmsql/develop/mysql/dbt2++/dbt2/src/db.c:186
Cannot execute_credit_check since the code does not exist
Mon Feb 24 05:44:59 2014
tid:192399104 /home/htmsql/develop/mysql/dbt2++/dbt2/src/db.c:186
Cannot execute_credit_check since the code does not exist
Mon Feb 24 05:44:59 2014
tid:270579456 /home/htmsql/develop/mysql/dbt2++/dbt2/src/db.c:186
Cannot execute_credit_check since the code does not exist
Mon Feb 24 05:45:00 2014
tid:269780736 /home/htmsql/develop/mysql/dbt2++/dbt2/src/db.c:186
Cannot execute_credit_check since the code does not exist
Mon Feb 24 05:45:01 2014
tid:192931584 /home/htmsql/develop/mysql/dbt2++/dbt2/src/db.c:186
Cannot execute_credit_check since the code does not exist
Mon Feb 24 05:45:02 2014
tid:269514496 /home/htmsql/develop/mysql/dbt2++/dbt2/src/db.c:186
Cannot execute_credit_check since the code does not exist
Mon Feb 24 05:45:06 2014
tid:269780736 /home/htmsql/develop/mysql/dbt2++/dbt2/src/db.c:186
Cannot execute_credit_check since the code does not exist
Mon Feb 24 05:45:07 2014
tid:270313216 /home/htmsql/develop/mysql/dbt2++/dbt2/src/db.c:186
Cannot execute_credit_check since the code does not exist
Mon Feb 24 05:45:08 2014
tid:270046976 /home/htmsql/develop/mysql/dbt2++/dbt2/src/db.c:186
Cannot execute_credit_check since the code does not exist
Mon Feb 24 05:45:11 2014
tid:192931584 /home/htmsql/develop/mysql/dbt2++/dbt2/src/db.c:186
Cannot execute_credit_check since the code does not exist
Mon Feb 24 05:45:11 2014
tid:192132864 /home/htmsql/develop/mysql/dbt2++/dbt2/src/db.c:186
Cannot execute_credit_check since the code does not exist
Mon Feb 24 05:45:12 2014
tid:192931584 /home/htmsql/develop/mysql/dbt2++/dbt2/src/db.c:186
Cannot execute_credit_check since the code does not exist
Mon Feb 24 05:45:12 2014
tid:269248256 /home/htmsql/develop/mysql/dbt2++/dbt2/src/db.c:186
Cannot execute_credit_check since the code does not exist
Mon Feb 24 05:45:12 2014
tid:192931584 /home/htmsql/develop/mysql/dbt2++/dbt2/src/db.c:186
Cannot execute_credit_check since the code does not exist
Mon Feb 24 05:45:13 2014
tid:269514496 /home/htmsql/develop/mysql/dbt2++/dbt2/src/db.c:186
Cannot execute_credit_check since the code does not exist
Mon Feb 24 05:45:13 2014
tid:192665344 /home/htmsql/develop/mysql/dbt2++/dbt2/src/db.c:186
Cannot execute_credit_check since the code does not exist
Mon Feb 24 05:45:13 2014
tid:192399104 /home/htmsql/develop/mysql/dbt2++/dbt2/src/db.c:186
Cannot execute_credit_check since the code does not exist
Mon Feb 24 05:45:14 2014
tid:302933760 /home/htmsql/develop/mysql/dbt2++/dbt2/src/db.c:186
Cannot execute_credit_check since the code does not exist
Mon Feb 24 05:45:18 2014
tid:192665344 /home/htmsql/develop/mysql/dbt2++/dbt2/src/db.c:186
Cannot execute_credit_check since the code does not exist
Mon Feb 24 05:45:19 2014
tid:269780736 /home/htmsql/develop/mysql/dbt2++/dbt2/src/db.c:186
Cannot execute_credit_check since the code does not exist
Mon Feb 24 05:45:19 2014
tid:269248256 /home/htmsql/develop/mysql/dbt2++/dbt2/src/db.c:186
Cannot execute_credit_check since the code does not exist
Mon Feb 24 05:45:21 2014
tid:268982016 /home/htmsql/develop/mysql/dbt2++/dbt2/src/db.c:186
Cannot execute_credit_check since the code does not exist
Mon Feb 24 05:45:21 2014
tid:192132864 /home/htmsql/develop/mysql/dbt2++/dbt2/src/db.c:186
Cannot execute_credit_check since the code does not exist
Mon Feb 24 05:45:21 2014
tid:268715776 /home/htmsql/develop/mysql/dbt2++/dbt2/src/mysql/dbc_new_order.c:108
NEW_ORDER ROLLBACK RC 1

Mon Feb 24 05:45:21 2014
tid:268715776 /home/htmsql/develop/mysql/dbt2++/dbt2/src/mysql/dbc_common.c:97
ROLLBACK INITIATED

Mon Feb 24 05:45:21 2014
tid:191866624 /home/htmsql/develop/mysql/dbt2++/dbt2/src/db.c:186
Cannot execute_credit_check since the code does not exist
Mon Feb 24 05:45:24 2014
tid:304264960 /home/htmsql/develop/mysql/dbt2++/dbt2/src/db.c:186
Cannot execute_credit_check since the code does not exist
Mon Feb 24 05:45:24 2014
tid:191866624 /home/htmsql/develop/mysql/dbt2++/dbt2/src/db.c:186
Cannot execute_credit_check since the code does not exist
Mon Feb 24 05:45:24 2014
tid:191866624 /home/htmsql/develop/mysql/dbt2++/dbt2/src/db.c:186
Cannot execute_credit_check since the code does not exist
Mon Feb 24 05:45:24 2014
tid:303466240 /home/htmsql/develop/mysql/dbt2++/dbt2/src/db.c:186
Cannot execute_credit_check since the code does not exist
Mon Feb 24 05:45:26 2014
tid:192132864 /home/htmsql/develop/mysql/dbt2++/dbt2/src/db.c:186
Cannot execute_credit_check since the code does not exist
Mon Feb 24 05:45:29 2014
tid:269248256 /home/htmsql/develop/mysql/dbt2++/dbt2/src/db.c:186
Cannot execute_credit_check since the code does not exist
Mon Feb 24 05:45:32 2014
tid:304264960 /home/htmsql/develop/mysql/dbt2++/dbt2/src/db.c:186
Cannot execute_credit_check since the code does not exist
Mon Feb 24 05:45:32 2014
tid:304531200 /home/htmsql/develop/mysql/dbt2++/dbt2/src/db.c:186
Cannot execute_credit_check since the code does not exist
Mon Feb 24 05:45:34 2014
tid:303732480 /home/htmsql/develop/mysql/dbt2++/dbt2/src/db.c:186
Cannot execute_credit_check since the code does not exist
Mon Feb 24 05:45:36 2014
tid:270046976 /home/htmsql/develop/mysql/dbt2++/dbt2/src/db.c:186
Cannot execute_credit_check since the code does not exist
Mon Feb 24 05:45:36 2014
tid:269248256 /home/htmsql/develop/mysql/dbt2++/dbt2/src/db.c:186
Cannot execute_credit_check since the code does not exist
Mon Feb 24 05:45:37 2014
tid:192399104 /home/htmsql/develop/mysql/dbt2++/dbt2/src/db.c:186
Cannot execute_credit_check since the code does not exist
Mon Feb 24 05:45:37 2014
tid:192665344 /home/htmsql/develop/mysql/dbt2++/dbt2/src/db.c:186
Cannot execute_credit_check since the code does not exist
Mon Feb 24 05:45:38 2014
tid:303200000 /home/htmsql/develop/mysql/dbt2++/dbt2/src/db.c:186
Cannot execute_credit_check since the code does not exist
Mon Feb 24 05:45:39 2014
tid:269248256 /home/htmsql/develop/mysql/dbt2++/dbt2/src/db.c:186
Cannot execute_credit_check since the code does not exist
Mon Feb 24 05:45:42 2014
tid:191866624 /home/htmsql/develop/mysql/dbt2++/dbt2/src/db.c:186
Cannot execute_credit_check since the code does not exist
Mon Feb 24 05:45:43 2014
tid:269780736 /home/htmsql/develop/mysql/dbt2++/dbt2/src/db.c:186
Cannot execute_credit_check since the code does not exist
Mon Feb 24 05:45:43 2014
tid:269780736 /home/htmsql/develop/mysql/dbt2++/dbt2/src/db.c:186
Cannot execute_credit_check since the code does not exist
Mon Feb 24 05:45:44 2014
tid:270046976 /home/htmsql/develop/mysql/dbt2++/dbt2/src/db.c:186
Cannot execute_credit_check since the code does not exist
Mon Feb 24 05:45:45 2014
tid:304264960 /home/htmsql/develop/mysql/dbt2++/dbt2/src/db.c:186
Cannot execute_credit_check since the code does not exist
Mon Feb 24 05:45:46 2014
tid:268715776 /home/htmsql/develop/mysql/dbt2++/dbt2/src/db.c:186
Cannot execute_credit_check since the code does not exist
Mon Feb 24 05:45:49 2014
tid:270046976 /home/htmsql/develop/mysql/dbt2++/dbt2/src/db.c:186
Cannot execute_credit_check since the code does not exist
Mon Feb 24 05:45:49 2014
tid:304531200 /home/htmsql/develop/mysql/dbt2++/dbt2/src/db.c:186
Cannot execute_credit_check since the code does not exist
Mon Feb 24 05:45:49 2014
tid:269780736 /home/htmsql/develop/mysql/dbt2++/dbt2/src/mysql/dbc_new_order.c:108
NEW_ORDER ROLLBACK RC 1

Mon Feb 24 05:45:49 2014
tid:269780736 /home/htmsql/develop/mysql/dbt2++/dbt2/src/mysql/dbc_common.c:97
ROLLBACK INITIATED

Mon Feb 24 05:45:50 2014
tid:303200000 /home/htmsql/develop/mysql/dbt2++/dbt2/src/db.c:186
Cannot execute_credit_check since the code does not exist
Mon Feb 24 05:45:50 2014
tid:303200000 /home/htmsql/develop/mysql/dbt2++/dbt2/src/db.c:186
Cannot execute_credit_check since the code does not exist
Mon Feb 24 05:45:51 2014
tid:268982016 /home/htmsql/develop/mysql/dbt2++/dbt2/src/db.c:186
Cannot execute_credit_check since the code does not exist
Mon Feb 24 05:45:51 2014
tid:192399104 /home/htmsql/develop/mysql/dbt2++/dbt2/src/db.c:186
Cannot execute_credit_check since the code does not exist
Mon Feb 24 05:45:52 2014
tid:270313216 /home/htmsql/develop/mysql/dbt2++/dbt2/src/db.c:186
Cannot execute_credit_check since the code does not exist
Mon Feb 24 05:45:53 2014
tid:192399104 /home/htmsql/develop/mysql/dbt2++/dbt2/src/db.c:186
Cannot execute_credit_check since the code does not exist
Mon Feb 24 05:45:55 2014
tid:303200000 /home/htmsql/develop/mysql/dbt2++/dbt2/src/db.c:186
Cannot execute_credit_check since the code does not exist
Mon Feb 24 05:45:56 2014
tid:192665344 /home/htmsql/develop/mysql/dbt2++/dbt2/src/db.c:186
Cannot execute_credit_check since the code does not exist
Mon Feb 24 05:45:57 2014
tid:269514496 /home/htmsql/develop/mysql/dbt2++/dbt2/src/db.c:186
Cannot execute_credit_check since the code does not exist
Mon Feb 24 05:45:58 2014
tid:303998720 /home/htmsql/develop/mysql/dbt2++/dbt2/src/mysql/dbc_new_order.c:108
NEW_ORDER ROLLBACK RC 1

Mon Feb 24 05:45:58 2014
tid:303998720 /home/htmsql/develop/mysql/dbt2++/dbt2/src/mysql/dbc_common.c:97
ROLLBACK INITIATED

Mon Feb 24 05:45:58 2014
tid:268715776 /home/htmsql/develop/mysql/dbt2++/dbt2/src/db.c:186
Cannot execute_credit_check since the code does not exist
Mon Feb 24 05:46:03 2014
tid:192931584 /home/htmsql/develop/mysql/dbt2++/dbt2/src/db.c:186
Cannot execute_credit_check since the code does not exist
Mon Feb 24 05:46:05 2014
tid:192399104 /home/htmsql/develop/mysql/dbt2++/dbt2/src/db.c:186
Cannot execute_credit_check since the code does not exist
Mon Feb 24 05:46:07 2014
tid:303732480 /home/htmsql/develop/mysql/dbt2++/dbt2/src/db.c:186
Cannot execute_credit_check since the code does not exist
Mon Feb 24 05:46:07 2014
tid:304264960 /home/htmsql/develop/mysql/dbt2++/dbt2/src/db.c:186
Cannot execute_credit_check since the code does not exist
Mon Feb 24 05:46:08 2014
tid:268715776 /home/htmsql/develop/mysql/dbt2++/dbt2/src/db.c:186
Cannot execute_credit_check since the code does not exist
Mon Feb 24 05:46:09 2014
tid:268982016 /home/htmsql/develop/mysql/dbt2++/dbt2/src/db.c:186
Cannot execute_credit_check since the code does not exist
Mon Feb 24 05:46:10 2014
tid:268715776 /home/htmsql/develop/mysql/dbt2++/dbt2/src/db.c:186
Cannot execute_credit_check since the code does not exist
Mon Feb 24 05:46:11 2014
tid:303200000 /home/htmsql/develop/mysql/dbt2++/dbt2/src/db.c:186
Cannot execute_credit_check since the code does not exist
Mon Feb 24 05:46:12 2014
tid:192665344 /home/htmsql/develop/mysql/dbt2++/dbt2/src/db.c:186
Cannot execute_credit_check since the code does not exist
Mon Feb 24 05:46:12 2014
tid:268982016 /home/htmsql/develop/mysql/dbt2++/dbt2/src/db.c:186
Cannot execute_credit_check since the code does not exist
Mon Feb 24 05:46:13 2014
tid:192132864 /home/htmsql/develop/mysql/dbt2++/dbt2/src/db.c:186
Cannot execute_credit_check since the code does not exist
Mon Feb 24 05:46:13 2014
tid:303732480 /home/htmsql/develop/mysql/dbt2++/dbt2/src/db.c:186
Cannot execute_credit_check since the code does not exist
Mon Feb 24 05:46:15 2014
tid:192931584 /home/htmsql/develop/mysql/dbt2++/dbt2/src/db.c:186
Cannot execute_credit_check since the code does not exist
Mon Feb 24 05:46:15 2014
tid:303466240 /home/htmsql/develop/mysql/dbt2++/dbt2/src/db.c:186
Cannot execute_credit_check since the code does not exist
Mon Feb 24 05:46:15 2014
tid:270313216 /home/htmsql/develop/mysql/dbt2++/dbt2/src/db.c:186
Cannot execute_credit_check since the code does not exist
Mon Feb 24 05:46:15 2014
tid:192132864 /home/htmsql/develop/mysql/dbt2++/dbt2/src/db.c:186
Cannot execute_credit_check since the code does not exist
Mon Feb 24 05:46:16 2014
tid:270046976 /home/htmsql/develop/mysql/dbt2++/dbt2/src/db.c:186
Cannot execute_credit_check since the code does not exist
Mon Feb 24 05:46:16 2014
tid:303200000 /home/htmsql/develop/mysql/dbt2++/dbt2/src/db.c:186
Cannot execute_credit_check since the code does not exist
Mon Feb 24 05:46:17 2014
tid:304264960 /home/htmsql/develop/mysql/dbt2++/dbt2/src/db.c:186
Cannot execute_credit_check since the code does not exist
Mon Feb 24 05:46:21 2014
tid:191866624 /home/htmsql/develop/mysql/dbt2++/dbt2/src/db.c:186
Cannot execute_credit_check since the code does not exist
Mon Feb 24 05:46:22 2014
tid:269780736 /home/htmsql/develop/mysql/dbt2++/dbt2/src/db.c:186
Cannot execute_credit_check since the code does not exist
Mon Feb 24 05:46:22 2014
tid:192665344 /home/htmsql/develop/mysql/dbt2++/dbt2/src/db.c:186
Cannot execute_credit_check since the code does not exist
Mon Feb 24 05:46:22 2014
tid:303466240 /home/htmsql/develop/mysql/dbt2++/dbt2/src/db.c:186
Cannot execute_credit_check since the code does not exist
Mon Feb 24 05:46:23 2014
tid:303200000 /home/htmsql/develop/mysql/dbt2++/dbt2/src/db.c:186
Cannot execute_credit_check since the code does not exist
Mon Feb 24 05:46:23 2014
tid:269780736 /home/htmsql/develop/mysql/dbt2++/dbt2/src/db.c:186
Cannot execute_credit_check since the code does not exist
Mon Feb 24 05:46:23 2014
tid:268715776 /home/htmsql/develop/mysql/dbt2++/dbt2/src/db.c:186
Cannot execute_credit_check since the code does not exist
Mon Feb 24 05:46:25 2014
tid:269514496 /home/htmsql/develop/mysql/dbt2++/dbt2/src/db.c:186
Cannot execute_credit_check since the code does not exist
Mon Feb 24 05:46:26 2014
tid:270313216 /home/htmsql/develop/mysql/dbt2++/dbt2/src/db.c:186
Cannot execute_credit_check since the code does not exist
Mon Feb 24 05:46:27 2014
tid:269780736 /home/htmsql/develop/mysql/dbt2++/dbt2/src/db.c:186
Cannot execute_credit_check since the code does not exist
Mon Feb 24 05:46:29 2014
tid:269248256 /home/htmsql/develop/mysql/dbt2++/dbt2/src/db.c:186
Cannot execute_credit_check since the code does not exist
Mon Feb 24 05:46:31 2014
tid:302933760 /home/htmsql/develop/mysql/dbt2++/dbt2/src/db.c:186
Cannot execute_credit_check since the code does not exist
Mon Feb 24 05:46:31 2014
tid:270313216 /home/htmsql/develop/mysql/dbt2++/dbt2/src/mysql/dbc_new_order.c:108
NEW_ORDER ROLLBACK RC 1

Mon Feb 24 05:46:31 2014
tid:270313216 /home/htmsql/develop/mysql/dbt2++/dbt2/src/mysql/dbc_common.c:97
ROLLBACK INITIATED

Mon Feb 24 05:46:33 2014
tid:192665344 /home/htmsql/develop/mysql/dbt2++/dbt2/src/db.c:186
Cannot execute_credit_check since the code does not exist
Mon Feb 24 05:46:34 2014
tid:270313216 /home/htmsql/develop/mysql/dbt2++/dbt2/src/db.c:186
Cannot execute_credit_check since the code does not exist
Mon Feb 24 05:46:35 2014
tid:192665344 /home/htmsql/develop/mysql/dbt2++/dbt2/src/mysql/dbc_new_order.c:108
NEW_ORDER ROLLBACK RC 1

Mon Feb 24 05:46:35 2014
tid:192665344 /home/htmsql/develop/mysql/dbt2++/dbt2/src/mysql/dbc_common.c:97
ROLLBACK INITIATED

Mon Feb 24 05:46:36 2014
tid:302933760 /home/htmsql/develop/mysql/dbt2++/dbt2/src/db.c:186
Cannot execute_credit_check since the code does not exist
Mon Feb 24 05:46:37 2014
tid:270313216 /home/htmsql/develop/mysql/dbt2++/dbt2/src/db.c:186
Cannot execute_credit_check since the code does not exist
Mon Feb 24 05:46:38 2014
tid:304531200 /home/htmsql/develop/mysql/dbt2++/dbt2/src/db.c:186
Cannot execute_credit_check since the code does not exist
Mon Feb 24 05:46:39 2014
tid:303200000 /home/htmsql/develop/mysql/dbt2++/dbt2/src/db.c:186
Cannot execute_credit_check since the code does not exist
Mon Feb 24 05:46:41 2014
tid:270579456 /home/htmsql/develop/mysql/dbt2++/dbt2/src/db.c:186
Cannot execute_credit_check since the code does not exist
Mon Feb 24 05:46:42 2014
tid:302933760 /home/htmsql/develop/mysql/dbt2++/dbt2/src/db.c:186
Cannot execute_credit_check since the code does not exist
Mon Feb 24 05:46:43 2014
tid:269514496 /home/htmsql/develop/mysql/dbt2++/dbt2/src/db.c:186
Cannot execute_credit_check since the code does not exist
Mon Feb 24 05:46:43 2014
tid:268982016 /home/htmsql/develop/mysql/dbt2++/dbt2/src/db.c:186
Cannot execute_credit_check since the code does not exist
Mon Feb 24 05:46:44 2014
tid:270579456 /home/htmsql/develop/mysql/dbt2++/dbt2/src/db.c:186
Cannot execute_credit_check since the code does not exist
Mon Feb 24 05:46:44 2014
tid:303200000 /home/htmsql/develop/mysql/dbt2++/dbt2/src/db.c:186
Cannot execute_credit_check since the code does not exist
Mon Feb 24 05:46:44 2014
tid:269780736 /home/htmsql/develop/mysql/dbt2++/dbt2/src/db.c:186
Cannot execute_credit_check since the code does not exist
Mon Feb 24 05:46:46 2014
tid:270046976 /home/htmsql/develop/mysql/dbt2++/dbt2/src/db.c:186
Cannot execute_credit_check since the code does not exist
Mon Feb 24 05:46:46 2014
tid:192931584 /home/htmsql/develop/mysql/dbt2++/dbt2/src/db.c:186
Cannot execute_credit_check since the code does not exist
Mon Feb 24 05:46:47 2014
tid:304264960 /home/htmsql/develop/mysql/dbt2++/dbt2/src/db.c:186
Cannot execute_credit_check since the code does not exist
Mon Feb 24 05:46:47 2014
tid:302933760 /home/htmsql/develop/mysql/dbt2++/dbt2/src/db.c:186
Cannot execute_credit_check since the code does not exist
Mon Feb 24 05:46:48 2014
tid:269248256 /home/htmsql/develop/mysql/dbt2++/dbt2/src/db.c:186
Cannot execute_credit_check since the code does not exist
Mon Feb 24 05:46:49 2014
tid:270579456 /home/htmsql/develop/mysql/dbt2++/dbt2/src/db.c:186
Cannot execute_credit_check since the code does not exist
Mon Feb 24 05:46:52 2014
tid:269780736 /home/htmsql/develop/mysql/dbt2++/dbt2/src/db.c:186
Cannot execute_credit_check since the code does not exist
Mon Feb 24 05:46:52 2014
tid:191866624 /home/htmsql/develop/mysql/dbt2++/dbt2/src/db.c:186
Cannot execute_credit_check since the code does not exist
Mon Feb 24 05:46:53 2014
tid:192399104 /home/htmsql/develop/mysql/dbt2++/dbt2/src/db.c:186
Cannot execute_credit_check since the code does not exist
Mon Feb 24 05:46:53 2014
tid:303732480 /home/htmsql/develop/mysql/dbt2++/dbt2/src/db.c:186
Cannot execute_credit_check since the code does not exist
Mon Feb 24 05:46:53 2014
tid:304264960 /home/htmsql/develop/mysql/dbt2++/dbt2/src/db.c:186
Cannot execute_credit_check since the code does not exist
Mon Feb 24 05:46:54 2014
tid:192665344 /home/htmsql/develop/mysql/dbt2++/dbt2/src/db.c:186
Cannot execute_credit_check since the code does not exist
Mon Feb 24 05:46:55 2014
tid:192665344 /home/htmsql/develop/mysql/dbt2++/dbt2/src/db.c:186
Cannot execute_credit_check since the code does not exist
Mon Feb 24 05:46:55 2014
tid:303200000 /home/htmsql/develop/mysql/dbt2++/dbt2/src/db.c:186
Cannot execute_credit_check since the code does not exist
Mon Feb 24 05:46:57 2014
tid:302933760 /home/htmsql/develop/mysql/dbt2++/dbt2/src/db.c:186
Cannot execute_credit_check since the code does not exist
Mon Feb 24 05:46:57 2014
tid:270313216 /home/htmsql/develop/mysql/dbt2++/dbt2/src/db.c:186
Cannot execute_credit_check since the code does not exist
Mon Feb 24 05:46:59 2014
tid:191866624 /home/htmsql/develop/mysql/dbt2++/dbt2/src/db.c:186
Cannot execute_credit_check since the code does not exist
Mon Feb 24 05:46:59 2014
tid:268715776 /home/htmsql/develop/mysql/dbt2++/dbt2/src/db.c:186
Cannot execute_credit_check since the code does not exist
Mon Feb 24 05:47:01 2014
tid:304531200 /home/htmsql/develop/mysql/dbt2++/dbt2/src/db.c:186
Cannot execute_credit_check since the code does not exist
Mon Feb 24 05:47:03 2014
tid:303732480 /home/htmsql/develop/mysql/dbt2++/dbt2/src/db.c:186
Cannot execute_credit_check since the code does not exist
Mon Feb 24 05:47:05 2014
tid:192132864 /home/htmsql/develop/mysql/dbt2++/dbt2/src/db.c:186
Cannot execute_credit_check since the code does not exist
Mon Feb 24 05:47:05 2014
tid:304531200 /home/htmsql/develop/mysql/dbt2++/dbt2/src/db.c:186
Cannot execute_credit_check since the code does not exist
Mon Feb 24 05:47:06 2014
tid:269514496 /home/htmsql/develop/mysql/dbt2++/dbt2/src/db.c:186
Cannot execute_credit_check since the code does not exist
Mon Feb 24 05:47:06 2014
tid:303200000 /home/htmsql/develop/mysql/dbt2++/dbt2/src/db.c:186
Cannot execute_credit_check since the code does not exist
Mon Feb 24 05:47:07 2014
tid:269248256 /home/htmsql/develop/mysql/dbt2++/dbt2/src/mysql/dbc_new_order.c:108
NEW_ORDER ROLLBACK RC 1

Mon Feb 24 05:47:07 2014
tid:269248256 /home/htmsql/develop/mysql/dbt2++/dbt2/src/mysql/dbc_common.c:97
ROLLBACK INITIATED

Mon Feb 24 05:47:07 2014
tid:192665344 /home/htmsql/develop/mysql/dbt2++/dbt2/src/db.c:186
Cannot execute_credit_check since the code does not exist
Mon Feb 24 05:47:07 2014
tid:191866624 /home/htmsql/develop/mysql/dbt2++/dbt2/src/db.c:186
Cannot execute_credit_check since the code does not exist
Mon Feb 24 05:47:08 2014
tid:304531200 /home/htmsql/develop/mysql/dbt2++/dbt2/src/db.c:186
Cannot execute_credit_check since the code does not exist
Mon Feb 24 05:47:08 2014
tid:303998720 /home/htmsql/develop/mysql/dbt2++/dbt2/src/db.c:186
Cannot execute_credit_check since the code does not exist
Mon Feb 24 05:47:09 2014
tid:303732480 /home/htmsql/develop/mysql/dbt2++/dbt2/src/db.c:186
Cannot execute_credit_check since the code does not exist
Mon Feb 24 05:47:10 2014
tid:303200000 /home/htmsql/develop/mysql/dbt2++/dbt2/src/db.c:186
Cannot execute_credit_check since the code does not exist
Mon Feb 24 05:47:10 2014
tid:304264960 /home/htmsql/develop/mysql/dbt2++/dbt2/src/db.c:186
Cannot execute_credit_check since the code does not exist
Mon Feb 24 05:47:10 2014
tid:270046976 /home/htmsql/develop/mysql/dbt2++/dbt2/src/db.c:186
Cannot execute_credit_check since the code does not exist
Mon Feb 24 05:47:11 2014
tid:192399104 /home/htmsql/develop/mysql/dbt2++/dbt2/src/db.c:186
Cannot execute_credit_check since the code does not exist
Mon Feb 24 05:47:11 2014
tid:302933760 /home/htmsql/develop/mysql/dbt2++/dbt2/src/db.c:186
Cannot execute_credit_check since the code does not exist
Mon Feb 24 05:47:11 2014
tid:192931584 /home/htmsql/develop/mysql/dbt2++/dbt2/src/db.c:186
Cannot execute_credit_check since the code does not exist
Mon Feb 24 05:47:11 2014
tid:302933760 /home/htmsql/develop/mysql/dbt2++/dbt2/src/db.c:186
Cannot execute_credit_check since the code does not exist
Mon Feb 24 05:47:12 2014
tid:191866624 /home/htmsql/develop/mysql/dbt2++/dbt2/src/db.c:186
Cannot execute_credit_check since the code does not exist
Mon Feb 24 05:47:12 2014
tid:303732480 /home/htmsql/develop/mysql/dbt2++/dbt2/src/db.c:186
Cannot execute_credit_check since the code does not exist
Mon Feb 24 05:47:12 2014
tid:304264960 /home/htmsql/develop/mysql/dbt2++/dbt2/src/db.c:186
Cannot execute_credit_check since the code does not exist
Mon Feb 24 05:47:12 2014
tid:303466240 /home/htmsql/develop/mysql/dbt2++/dbt2/src/db.c:186
Cannot execute_credit_check since the code does not exist
Mon Feb 24 05:47:12 2014
tid:268715776 /home/htmsql/develop/mysql/dbt2++/dbt2/src/db.c:186
Cannot execute_credit_check since the code does not exist
Mon Feb 24 05:47:12 2014
tid:269514496 /home/htmsql/develop/mysql/dbt2++/dbt2/src/db.c:186
Cannot execute_credit_check since the code does not exist
Mon Feb 24 05:47:12 2014
tid:270046976 /home/htmsql/develop/mysql/dbt2++/dbt2/src/db.c:186
Cannot execute_credit_check since the code does not exist
Mon Feb 24 05:47:12 2014
tid:192931584 /home/htmsql/develop/mysql/dbt2++/dbt2/src/db.c:186
Cannot execute_credit_check since the code does not exist
Mon Feb 24 05:47:14 2014
tid:303200000 /home/htmsql/develop/mysql/dbt2++/dbt2/src/db.c:186
Cannot execute_credit_check since the code does not exist
Mon Feb 24 05:47:14 2014
tid:269514496 /home/htmsql/develop/mysql/dbt2++/dbt2/src/db.c:186
Cannot execute_credit_check since the code does not exist
Mon Feb 24 05:47:16 2014
tid:268715776 /home/htmsql/develop/mysql/dbt2++/dbt2/src/db.c:186
Cannot execute_credit_check since the code does not exist
Mon Feb 24 05:47:16 2014
tid:192399104 /home/htmsql/develop/mysql/dbt2++/dbt2/src/db.c:186
Cannot execute_credit_check since the code does not exist
Mon Feb 24 05:47:17 2014
tid:191866624 /home/htmsql/develop/mysql/dbt2++/dbt2/src/db.c:186
Cannot execute_credit_check since the code does not exist
Mon Feb 24 05:47:19 2014
tid:269780736 /home/htmsql/develop/mysql/dbt2++/dbt2/src/db.c:186
Cannot execute_credit_check since the code does not exist
Mon Feb 24 05:47:20 2014
tid:303466240 /home/htmsql/develop/mysql/dbt2++/dbt2/src/db.c:186
Cannot execute_credit_check since the code does not exist
Mon Feb 24 05:47:20 2014
tid:270313216 /home/htmsql/develop/mysql/dbt2++/dbt2/src/db.c:186
Cannot execute_credit_check since the code does not exist
Mon Feb 24 05:47:21 2014
tid:270579456 /home/htmsql/develop/mysql/dbt2++/dbt2/src/db.c:186
Cannot execute_credit_check since the code does not exist
Mon Feb 24 05:47:22 2014
tid:304264960 /home/htmsql/develop/mysql/dbt2++/dbt2/src/db.c:186
Cannot execute_credit_check since the code does not exist
Mon Feb 24 05:47:22 2014
tid:268715776 /home/htmsql/develop/mysql/dbt2++/dbt2/src/db.c:186
Cannot execute_credit_check since the code does not exist
Mon Feb 24 05:47:22 2014
tid:270046976 /home/htmsql/develop/mysql/dbt2++/dbt2/src/db.c:186
Cannot execute_credit_check since the code does not exist
Mon Feb 24 05:47:22 2014
tid:303466240 /home/htmsql/develop/mysql/dbt2++/dbt2/src/db.c:186
Cannot execute_credit_check since the code does not exist
Mon Feb 24 05:47:25 2014
tid:304531200 /home/htmsql/develop/mysql/dbt2++/dbt2/src/db.c:186
Cannot execute_credit_check since the code does not exist
Mon Feb 24 05:47:27 2014
tid:192399104 /home/htmsql/develop/mysql/dbt2++/dbt2/src/db.c:186
Cannot execute_credit_check since the code does not exist
Mon Feb 24 05:47:27 2014
tid:303998720 /home/htmsql/develop/mysql/dbt2++/dbt2/src/db.c:186
Cannot execute_credit_check since the code does not exist
Mon Feb 24 05:47:31 2014
tid:192399104 /home/htmsql/develop/mysql/dbt2++/dbt2/src/db.c:186
Cannot execute_credit_check since the code does not exist
Mon Feb 24 05:47:32 2014
tid:269248256 /home/htmsql/develop/mysql/dbt2++/dbt2/src/db.c:186
Cannot execute_credit_check since the code does not exist
Mon Feb 24 05:47:32 2014
tid:268715776 /home/htmsql/develop/mysql/dbt2++/dbt2/src/db.c:186
Cannot execute_credit_check since the code does not exist
Mon Feb 24 05:47:33 2014
tid:268982016 /home/htmsql/develop/mysql/dbt2++/dbt2/src/db.c:186
Cannot execute_credit_check since the code does not exist
Mon Feb 24 05:47:33 2014
tid:192931584 /home/htmsql/develop/mysql/dbt2++/dbt2/src/db.c:186
Cannot execute_credit_check since the code does not exist
Mon Feb 24 05:47:34 2014
tid:303466240 /home/htmsql/develop/mysql/dbt2++/dbt2/src/db.c:186
Cannot execute_credit_check since the code does not exist
Mon Feb 24 05:47:34 2014
tid:303200000 /home/htmsql/develop/mysql/dbt2++/dbt2/src/db.c:186
Cannot execute_credit_check since the code does not exist
Mon Feb 24 05:47:34 2014
tid:192132864 /home/htmsql/develop/mysql/dbt2++/dbt2/src/db.c:186
Cannot execute_credit_check since the code does not exist
Mon Feb 24 05:47:35 2014
tid:270046976 /home/htmsql/develop/mysql/dbt2++/dbt2/src/db.c:186
Cannot execute_credit_check since the code does not exist
Mon Feb 24 05:47:36 2014
tid:303998720 /home/htmsql/develop/mysql/dbt2++/dbt2/src/db.c:186
Cannot execute_credit_check since the code does not exist
Mon Feb 24 05:47:37 2014
tid:303998720 /home/htmsql/develop/mysql/dbt2++/dbt2/src/db.c:186
Cannot execute_credit_check since the code does not exist
Mon Feb 24 05:47:40 2014
tid:270313216 /home/htmsql/develop/mysql/dbt2++/dbt2/src/db.c:186
Cannot execute_credit_check since the code does not exist
Mon Feb 24 05:47:40 2014
tid:304264960 /home/htmsql/develop/mysql/dbt2++/dbt2/src/db.c:186
Cannot execute_credit_check since the code does not exist
Mon Feb 24 05:47:40 2014
tid:192665344 /home/htmsql/develop/mysql/dbt2++/dbt2/src/db.c:186
Cannot execute_credit_check since the code does not exist
Mon Feb 24 05:47:41 2014
tid:304531200 /home/htmsql/develop/mysql/dbt2++/dbt2/src/db.c:186
Cannot execute_credit_check since the code does not exist
Mon Feb 24 05:47:42 2014
tid:270313216 /home/htmsql/develop/mysql/dbt2++/dbt2/src/db.c:186
Cannot execute_credit_check since the code does not exist
Mon Feb 24 05:47:44 2014
tid:270313216 /home/htmsql/develop/mysql/dbt2++/dbt2/src/db.c:186
Cannot execute_credit_check since the code does not exist
Mon Feb 24 05:47:44 2014
tid:270579456 /home/htmsql/develop/mysql/dbt2++/dbt2/src/mysql/dbc_new_order.c:108
NEW_ORDER ROLLBACK RC 1

Mon Feb 24 05:47:44 2014
tid:270579456 /home/htmsql/develop/mysql/dbt2++/dbt2/src/mysql/dbc_common.c:97
ROLLBACK INITIATED

Mon Feb 24 05:47:46 2014
tid:269780736 /home/htmsql/develop/mysql/dbt2++/dbt2/src/db.c:186
Cannot execute_credit_check since the code does not exist
Mon Feb 24 05:47:47 2014
tid:269514496 /home/htmsql/develop/mysql/dbt2++/dbt2/src/db.c:186
Cannot execute_credit_check since the code does not exist
Mon Feb 24 05:47:49 2014
tid:304531200 /home/htmsql/develop/mysql/dbt2++/dbt2/src/db.c:186
Cannot execute_credit_check since the code does not exist
Mon Feb 24 05:47:50 2014
tid:270313216 /home/htmsql/develop/mysql/dbt2++/dbt2/src/db.c:186
Cannot execute_credit_check since the code does not exist
Mon Feb 24 05:47:54 2014
tid:270579456 /home/htmsql/develop/mysql/dbt2++/dbt2/src/db.c:186
Cannot execute_credit_check since the code does not exist
Mon Feb 24 05:47:54 2014
tid:269780736 /home/htmsql/develop/mysql/dbt2++/dbt2/src/db.c:186
Cannot execute_credit_check since the code does not exist
Mon Feb 24 05:47:54 2014
tid:270579456 /home/htmsql/develop/mysql/dbt2++/dbt2/src/db.c:186
Cannot execute_credit_check since the code does not exist
Mon Feb 24 05:47:54 2014
tid:191866624 /home/htmsql/develop/mysql/dbt2++/dbt2/src/db.c:186
Cannot execute_credit_check since the code does not exist
Mon Feb 24 05:47:56 2014
tid:268982016 /home/htmsql/develop/mysql/dbt2++/dbt2/src/db.c:186
Cannot execute_credit_check since the code does not exist
Mon Feb 24 05:47:57 2014
tid:269514496 /home/htmsql/develop/mysql/dbt2++/dbt2/src/db.c:186
Cannot execute_credit_check since the code does not exist
Mon Feb 24 05:47:57 2014
tid:270313216 /home/htmsql/develop/mysql/dbt2++/dbt2/src/db.c:186
Cannot execute_credit_check since the code does not exist
Mon Feb 24 05:47:57 2014
tid:191866624 /home/htmsql/develop/mysql/dbt2++/dbt2/src/db.c:186
Cannot execute_credit_check since the code does not exist
Mon Feb 24 05:47:57 2014
tid:304531200 /home/htmsql/develop/mysql/dbt2++/dbt2/src/db.c:186
Cannot execute_credit_check since the code does not exist
Mon Feb 24 05:47:57 2014
tid:270579456 /home/htmsql/develop/mysql/dbt2++/dbt2/src/db.c:186
Cannot execute_credit_check since the code does not exist
Mon Feb 24 05:47:58 2014
tid:268715776 /home/htmsql/develop/mysql/dbt2++/dbt2/src/db.c:186
Cannot execute_credit_check since the code does not exist
