Tue Feb 25 06:31:38 2014
tid:1072985856 /home/htmsql/develop/mysql/dbt2++/dbt2/src/db.c:186
Cannot execute_credit_check since the code does not exist
Tue Feb 25 06:31:38 2014
tid:1072985856 /home/htmsql/develop/mysql/dbt2++/dbt2/src/mysql/dbc_common.c:97
ROLLBACK INITIATED

Tue Feb 25 06:31:40 2014
tid:1072453376 /home/htmsql/develop/mysql/dbt2++/dbt2/src/db.c:186
Cannot execute_credit_check since the code does not exist
Tue Feb 25 06:31:40 2014
tid:1072453376 /home/htmsql/develop/mysql/dbt2++/dbt2/src/mysql/dbc_common.c:97
ROLLBACK INITIATED

Tue Feb 25 06:31:43 2014
tid:1072453376 /home/htmsql/develop/mysql/dbt2++/dbt2/src/db.c:186
Cannot execute_credit_check since the code does not exist
Tue Feb 25 06:31:43 2014
tid:1072453376 /home/htmsql/develop/mysql/dbt2++/dbt2/src/mysql/dbc_common.c:97
ROLLBACK INITIATED

Tue Feb 25 06:31:58 2014
tid:1072719616 /home/htmsql/develop/mysql/dbt2++/dbt2/src/db.c:186
Cannot execute_credit_check since the code does not exist
Tue Feb 25 06:32:02 2014
tid:1072985856 /home/htmsql/develop/mysql/dbt2++/dbt2/src/db.c:186
Cannot execute_credit_check since the code does not exist
Tue Feb 25 06:32:06 2014
tid:1072719616 /home/htmsql/develop/mysql/dbt2++/dbt2/src/db.c:186
Cannot execute_credit_check since the code does not exist
Tue Feb 25 06:32:09 2014
tid:1073252096 /home/htmsql/develop/mysql/dbt2++/dbt2/src/db.c:186
Cannot execute_credit_check since the code does not exist
Tue Feb 25 06:32:18 2014
tid:1073252096 /home/htmsql/develop/mysql/dbt2++/dbt2/src/db.c:186
Cannot execute_credit_check since the code does not exist
Tue Feb 25 06:32:34 2014
tid:1072453376 /home/htmsql/develop/mysql/dbt2++/dbt2/src/db.c:186
Cannot execute_credit_check since the code does not exist
Tue Feb 25 06:32:35 2014
tid:1072719616 /home/htmsql/develop/mysql/dbt2++/dbt2/src/db.c:186
Cannot execute_credit_check since the code does not exist
Tue Feb 25 06:32:37 2014
tid:1072985856 /home/htmsql/develop/mysql/dbt2++/dbt2/src/db.c:186
Cannot execute_credit_check since the code does not exist
Tue Feb 25 06:32:46 2014
tid:1072985856 /home/htmsql/develop/mysql/dbt2++/dbt2/src/db.c:186
Cannot execute_credit_check since the code does not exist
Tue Feb 25 06:32:58 2014
tid:1072719616 /home/htmsql/develop/mysql/dbt2++/dbt2/src/db.c:186
Cannot execute_credit_check since the code does not exist
Tue Feb 25 06:33:13 2014
tid:1072453376 /home/htmsql/develop/mysql/dbt2++/dbt2/src/db.c:186
Cannot execute_credit_check since the code does not exist
Tue Feb 25 06:33:18 2014
tid:1072719616 /home/htmsql/develop/mysql/dbt2++/dbt2/src/db.c:186
Cannot execute_credit_check since the code does not exist
Tue Feb 25 06:33:29 2014
tid:1072719616 /home/htmsql/develop/mysql/dbt2++/dbt2/src/db.c:186
Cannot execute_credit_check since the code does not exist
Tue Feb 25 06:33:33 2014
tid:1072985856 /home/htmsql/develop/mysql/dbt2++/dbt2/src/db.c:186
Cannot execute_credit_check since the code does not exist
Tue Feb 25 06:33:35 2014
tid:1072719616 /home/htmsql/develop/mysql/dbt2++/dbt2/src/db.c:186
Cannot execute_credit_check since the code does not exist
Tue Feb 25 06:34:24 2014
tid:1072985856 /home/htmsql/develop/mysql/dbt2++/dbt2/src/db.c:186
Cannot execute_credit_check since the code does not exist
Tue Feb 25 06:34:27 2014
tid:1072719616 /home/htmsql/develop/mysql/dbt2++/dbt2/src/db.c:186
Cannot execute_credit_check since the code does not exist
Tue Feb 25 06:34:28 2014
tid:1072453376 /home/htmsql/develop/mysql/dbt2++/dbt2/src/db.c:186
Cannot execute_credit_check since the code does not exist
Tue Feb 25 06:34:40 2014
tid:1072985856 /home/htmsql/develop/mysql/dbt2++/dbt2/src/db.c:186
Cannot execute_credit_check since the code does not exist
Tue Feb 25 06:34:40 2014
tid:1072719616 /home/htmsql/develop/mysql/dbt2++/dbt2/src/db.c:186
Cannot execute_credit_check since the code does not exist
Tue Feb 25 06:34:46 2014
tid:1072985856 /home/htmsql/develop/mysql/dbt2++/dbt2/src/db.c:186
Cannot execute_credit_check since the code does not exist
Tue Feb 25 06:35:05 2014
tid:1072719616 /home/htmsql/develop/mysql/dbt2++/dbt2/src/mysql/dbc_new_order.c:108
NEW_ORDER ROLLBACK RC 1

Tue Feb 25 06:35:05 2014
tid:1072719616 /home/htmsql/develop/mysql/dbt2++/dbt2/src/mysql/dbc_common.c:97
ROLLBACK INITIATED

Tue Feb 25 06:35:11 2014
tid:1072719616 /home/htmsql/develop/mysql/dbt2++/dbt2/src/db.c:186
Cannot execute_credit_check since the code does not exist
Tue Feb 25 06:35:11 2014
tid:1073252096 /home/htmsql/develop/mysql/dbt2++/dbt2/src/db.c:186
Cannot execute_credit_check since the code does not exist
Tue Feb 25 06:35:21 2014
tid:1072719616 /home/htmsql/develop/mysql/dbt2++/dbt2/src/db.c:186
Cannot execute_credit_check since the code does not exist
Tue Feb 25 06:35:27 2014
tid:1073252096 /home/htmsql/develop/mysql/dbt2++/dbt2/src/db.c:186
Cannot execute_credit_check since the code does not exist
Tue Feb 25 06:35:29 2014
tid:1072985856 /home/htmsql/develop/mysql/dbt2++/dbt2/src/db.c:186
Cannot execute_credit_check since the code does not exist
Tue Feb 25 06:35:36 2014
tid:1072985856 /home/htmsql/develop/mysql/dbt2++/dbt2/src/db.c:186
Cannot execute_credit_check since the code does not exist
Tue Feb 25 06:35:39 2014
tid:1073252096 /home/htmsql/develop/mysql/dbt2++/dbt2/src/db.c:186
Cannot execute_credit_check since the code does not exist
Tue Feb 25 06:35:40 2014
tid:1072453376 /home/htmsql/develop/mysql/dbt2++/dbt2/src/db.c:186
Cannot execute_credit_check since the code does not exist
Tue Feb 25 06:35:44 2014
tid:1072453376 /home/htmsql/develop/mysql/dbt2++/dbt2/src/db.c:186
Cannot execute_credit_check since the code does not exist
Tue Feb 25 06:35:53 2014
tid:1072985856 /home/htmsql/develop/mysql/dbt2++/dbt2/src/db.c:186
Cannot execute_credit_check since the code does not exist
Tue Feb 25 06:36:03 2014
tid:1072985856 /home/htmsql/develop/mysql/dbt2++/dbt2/src/db.c:186
Cannot execute_credit_check since the code does not exist
Tue Feb 25 06:36:17 2014
tid:1072719616 /home/htmsql/develop/mysql/dbt2++/dbt2/src/db.c:186
Cannot execute_credit_check since the code does not exist
Tue Feb 25 06:36:19 2014
tid:1072453376 /home/htmsql/develop/mysql/dbt2++/dbt2/src/db.c:186
Cannot execute_credit_check since the code does not exist
Tue Feb 25 06:36:40 2014
tid:1072985856 /home/htmsql/develop/mysql/dbt2++/dbt2/src/db.c:186
Cannot execute_credit_check since the code does not exist
Tue Feb 25 06:36:45 2014
tid:1073252096 /home/htmsql/develop/mysql/dbt2++/dbt2/src/db.c:186
Cannot execute_credit_check since the code does not exist
Tue Feb 25 06:36:58 2014
tid:1072719616 /home/htmsql/develop/mysql/dbt2++/dbt2/src/db.c:186
Cannot execute_credit_check since the code does not exist
Tue Feb 25 06:37:05 2014
tid:1072985856 /home/htmsql/develop/mysql/dbt2++/dbt2/src/db.c:186
Cannot execute_credit_check since the code does not exist
Tue Feb 25 06:37:09 2014
tid:1072719616 /home/htmsql/develop/mysql/dbt2++/dbt2/src/db.c:186
Cannot execute_credit_check since the code does not exist
Tue Feb 25 06:37:11 2014
tid:1072985856 /home/htmsql/develop/mysql/dbt2++/dbt2/src/db.c:186
Cannot execute_credit_check since the code does not exist
Tue Feb 25 06:37:21 2014
tid:1073252096 /home/htmsql/develop/mysql/dbt2++/dbt2/src/db.c:186
Cannot execute_credit_check since the code does not exist
Tue Feb 25 06:37:38 2014
tid:1072453376 /home/htmsql/develop/mysql/dbt2++/dbt2/src/db.c:186
Cannot execute_credit_check since the code does not exist
Tue Feb 25 06:37:38 2014
tid:1072719616 /home/htmsql/develop/mysql/dbt2++/dbt2/src/db.c:186
Cannot execute_credit_check since the code does not exist
Tue Feb 25 06:37:42 2014
tid:1072719616 /home/htmsql/develop/mysql/dbt2++/dbt2/src/db.c:186
Cannot execute_credit_check since the code does not exist
Tue Feb 25 06:37:42 2014
tid:1072453376 /home/htmsql/develop/mysql/dbt2++/dbt2/src/db.c:186
Cannot execute_credit_check since the code does not exist
Tue Feb 25 06:37:50 2014
tid:1072719616 /home/htmsql/develop/mysql/dbt2++/dbt2/src/db.c:186
Cannot execute_credit_check since the code does not exist
Tue Feb 25 06:38:23 2014
tid:1072985856 /home/htmsql/develop/mysql/dbt2++/dbt2/src/db.c:186
Cannot execute_credit_check since the code does not exist
Tue Feb 25 06:38:23 2014
tid:1073252096 /home/htmsql/develop/mysql/dbt2++/dbt2/src/db.c:186
Cannot execute_credit_check since the code does not exist
Tue Feb 25 06:38:24 2014
tid:1072719616 /home/htmsql/develop/mysql/dbt2++/dbt2/src/db.c:186
Cannot execute_credit_check since the code does not exist
Tue Feb 25 06:38:33 2014
tid:1073252096 /home/htmsql/develop/mysql/dbt2++/dbt2/src/db.c:186
Cannot execute_credit_check since the code does not exist
Tue Feb 25 06:38:44 2014
tid:1072719616 /home/htmsql/develop/mysql/dbt2++/dbt2/src/db.c:186
Cannot execute_credit_check since the code does not exist
Tue Feb 25 06:38:46 2014
tid:1072719616 /home/htmsql/develop/mysql/dbt2++/dbt2/src/db.c:186
Cannot execute_credit_check since the code does not exist
Tue Feb 25 06:38:47 2014
tid:1073252096 /home/htmsql/develop/mysql/dbt2++/dbt2/src/db.c:186
Cannot execute_credit_check since the code does not exist
Tue Feb 25 06:38:52 2014
tid:1072453376 /home/htmsql/develop/mysql/dbt2++/dbt2/src/db.c:186
Cannot execute_credit_check since the code does not exist
Tue Feb 25 06:39:05 2014
tid:1072985856 /home/htmsql/develop/mysql/dbt2++/dbt2/src/db.c:186
Cannot execute_credit_check since the code does not exist
Tue Feb 25 06:39:11 2014
tid:1072719616 /home/htmsql/develop/mysql/dbt2++/dbt2/src/db.c:186
Cannot execute_credit_check since the code does not exist
Tue Feb 25 06:39:12 2014
tid:1073252096 /home/htmsql/develop/mysql/dbt2++/dbt2/src/db.c:186
Cannot execute_credit_check since the code does not exist
Tue Feb 25 06:39:19 2014
tid:1073252096 /home/htmsql/develop/mysql/dbt2++/dbt2/src/db.c:186
Cannot execute_credit_check since the code does not exist
Tue Feb 25 06:39:20 2014
tid:1072453376 /home/htmsql/develop/mysql/dbt2++/dbt2/src/db.c:186
Cannot execute_credit_check since the code does not exist
Tue Feb 25 06:39:28 2014
tid:1072453376 /home/htmsql/develop/mysql/dbt2++/dbt2/src/db.c:186
Cannot execute_credit_check since the code does not exist
Tue Feb 25 06:39:34 2014
tid:1073252096 /home/htmsql/develop/mysql/dbt2++/dbt2/src/db.c:186
Cannot execute_credit_check since the code does not exist
Tue Feb 25 06:39:41 2014
tid:1073252096 /home/htmsql/develop/mysql/dbt2++/dbt2/src/db.c:186
Cannot execute_credit_check since the code does not exist
Tue Feb 25 06:39:42 2014
tid:1072453376 /home/htmsql/develop/mysql/dbt2++/dbt2/src/db.c:186
Cannot execute_credit_check since the code does not exist
Tue Feb 25 06:39:55 2014
tid:1072719616 /home/htmsql/develop/mysql/dbt2++/dbt2/src/db.c:186
Cannot execute_credit_check since the code does not exist
Tue Feb 25 06:39:55 2014
tid:1072985856 /home/htmsql/develop/mysql/dbt2++/dbt2/src/db.c:186
Cannot execute_credit_check since the code does not exist
Tue Feb 25 06:40:01 2014
tid:1073252096 /home/htmsql/develop/mysql/dbt2++/dbt2/src/db.c:186
Cannot execute_credit_check since the code does not exist
Tue Feb 25 06:40:04 2014
tid:1072453376 /home/htmsql/develop/mysql/dbt2++/dbt2/src/db.c:186
Cannot execute_credit_check since the code does not exist
Tue Feb 25 06:40:04 2014
tid:1073252096 /home/htmsql/develop/mysql/dbt2++/dbt2/src/db.c:186
Cannot execute_credit_check since the code does not exist
Tue Feb 25 06:40:15 2014
tid:1072453376 /home/htmsql/develop/mysql/dbt2++/dbt2/src/db.c:186
Cannot execute_credit_check since the code does not exist
Tue Feb 25 06:40:15 2014
tid:1073252096 /home/htmsql/develop/mysql/dbt2++/dbt2/src/db.c:186
Cannot execute_credit_check since the code does not exist
Tue Feb 25 06:40:17 2014
tid:1072719616 /home/htmsql/develop/mysql/dbt2++/dbt2/src/db.c:186
Cannot execute_credit_check since the code does not exist
Tue Feb 25 06:40:24 2014
tid:1073252096 /home/htmsql/develop/mysql/dbt2++/dbt2/src/db.c:186
Cannot execute_credit_check since the code does not exist
Tue Feb 25 06:40:31 2014
tid:1073252096 /home/htmsql/develop/mysql/dbt2++/dbt2/src/db.c:186
Cannot execute_credit_check since the code does not exist
Tue Feb 25 06:40:50 2014
tid:1072719616 /home/htmsql/develop/mysql/dbt2++/dbt2/src/db.c:186
Cannot execute_credit_check since the code does not exist
Tue Feb 25 06:40:51 2014
tid:1073252096 /home/htmsql/develop/mysql/dbt2++/dbt2/src/db.c:186
Cannot execute_credit_check since the code does not exist
Tue Feb 25 06:40:58 2014
tid:1073252096 /home/htmsql/develop/mysql/dbt2++/dbt2/src/db.c:186
Cannot execute_credit_check since the code does not exist
Tue Feb 25 06:41:00 2014
tid:1072453376 /home/htmsql/develop/mysql/dbt2++/dbt2/src/db.c:186
Cannot execute_credit_check since the code does not exist
Tue Feb 25 06:41:05 2014
tid:1072985856 /home/htmsql/develop/mysql/dbt2++/dbt2/src/db.c:186
Cannot execute_credit_check since the code does not exist
Tue Feb 25 06:41:19 2014
tid:1072453376 /home/htmsql/develop/mysql/dbt2++/dbt2/src/db.c:186
Cannot execute_credit_check since the code does not exist
Tue Feb 25 06:41:22 2014
tid:1073252096 /home/htmsql/develop/mysql/dbt2++/dbt2/src/db.c:186
Cannot execute_credit_check since the code does not exist
Tue Feb 25 06:41:23 2014
tid:1072985856 /home/htmsql/develop/mysql/dbt2++/dbt2/src/db.c:186
Cannot execute_credit_check since the code does not exist
Tue Feb 25 06:41:39 2014
tid:1072985856 /home/htmsql/develop/mysql/dbt2++/dbt2/src/db.c:186
Cannot execute_credit_check since the code does not exist
Tue Feb 25 06:41:39 2014
tid:1072453376 /home/htmsql/develop/mysql/dbt2++/dbt2/src/db.c:186
Cannot execute_credit_check since the code does not exist
