connecting to client at 'localhost'
connecting to client port at '30000'

database table cardinalities:
warehouses = 5
districts = 10
customers = 3000
items = 100000
orders = 3000
stock = 100000
new-orders = 900

transaction mix:
new-order mix 0.09
payment mix 0.08
order-status mix 0.38
delivery mix 0.04
stock-level mix 0.38
credit-check mix 0.04

transaction thresholds:
new-order threshold 0.09
payment threshold 0.17
order-status threshold 0.54
delivery threshold 0.58
stock-level threshold 0.96
credit-check threshold 1.00

delivery keying time 2 s
new_order keying time 18 s
order-status keying time 2 s
payment keying time 3 s
stock-level keying time 2 s
credit-check keying time 2 s

delivery thinking time 5000 ms
new_order thinking time 12000 ms
order-status thinking time 10000 ms
payment thinking time 12000 ms
stock-level thinking time 5000 ms
credit-check thinking time 5000 ms

w_id range 1 to 5

10 terminals per warehouse

60 second steady state duration

driver is starting to ramp up at time 1393198803
driver will ramp up in  40 seconds
will stop test at time 1393198903
seed for 21269:e0369700 : 3006790321
seed for 21269:e0348700 : 3006655409
seed for 21269:e0327700 : 3006470283
seed for 21269:e0306700 : 3006335002
seed for 21269:e02e5700 : 3006216514
seed for 21269:e02c4700 : 3006082667
seed for 21269:e02a3700 : 3005964216
seed for 21269:e0282700 : 3005828323
seed for 21269:e0261700 : 3005709357
seed for 21269:e0240700 : 3005574443
seed for 21269:e021f700 : 3005276784
seed for 21269:e01fe700 : 3005150079
seed for 21269:e01dd700 : 3005005917
seed for 21269:e01bc700 : 3004879322
seed for 21269:df672700 : 2355508959
seed for 21269:df651700 : 2355365433
seed for 21269:df630700 : 2355238709
seed for 21269:df60f700 : 2355225690
seed for 21269:df5ee700 : 2355098945
seed for 21269:df5cd700 : 2354956948
seed for 21269:df5ac700 : 2354830251
seed for 21269:df58b700 : 2354686147
seed for 21269:df56a700 : 2354559022
seed for 21269:df549700 : 2354415929
seed for 21269:df528700 : 2354290311
seed for 21269:df507700 : 2354147251
seed for 21269:df4e6700 : 2354019561
seed for 21269:df4c5700 : 2353876456
seed for 21269:df4a4700 : 2353749249
seed for 21269:df483700 : 2353607261
seed for 21269:df462700 : 2353472327
seed for 21269:df441700 : 2353336527
seed for 21269:df420700 : 2353201647
seed for 21269:df3ff700 : 2352936695
seed for 21269:df3de700 : 2352801355
seed for 21269:df3bd700 : 2352666439
seed for 21269:df39c700 : 2352530591
seed for 21269:df37b700 : 2352395705
seed for 21269:df35a700 : 2352261843
seed for 21269:df339700 : 2352126926
seed for 21269:df318700 : 2351991014
seed for 21269:df2f7700 : 2351855624
seed for 21269:df2d6700 : 2351720754
seed for 21269:df2b5700 : 2351587000
seed for 21269:df294700 : 2351452123
seed for 21269:df273700 : 2351316687
seed for 21269:df252700 : 2351181195
seed for 21269:df231700 : 2351045738
seed for 21269:df210700 : 2350920491
seed for 21269:df1ef700 : 2350891553
